<?xml version="1.0" encoding="utf-8"?>
<TestRun id="ea3bf98e-88c2-4eb1-916a-96d57136a45f" name="@sam-tools01 2024-12-13 11:52:29" xmlns="http://microsoft.com/schemas/VisualStudio/TeamTest/2010">
  <Times creation="2024-12-13T11:52:29.3658493+05:30" queuing="2024-12-13T11:52:29.3658494+05:30" start="2024-12-13T11:52:27.1606932+05:30" finish="2024-12-13T11:52:29.5409336+05:30" />
  <TestSettings name="default" id="2b49bebe-3a5b-4ed3-b07d-05dae39f9c47">
    <Deployment runDeploymentRoot="_sam-tools01_2024-12-13_11_52_29" />
  </TestSettings>
  <Results>
    <UnitTestResult executionId="dcea8725-8ce7-4ba1-b244-4e1513f33fbd" testId="eebfc884-f230-421a-a8c3-58bd4d70329d" testName="TestCompareIntersightObjectBootPrecisionPolicyNegative" computerName="sam-tools01" duration="00:00:00.0264051" startTime="2024-12-13T11:52:29.1094233+05:30" endTime="2024-12-13T11:52:29.1360712+05:30" testType="13cdc9d9-ddb5-4fa4-a97d-d965ccfc6d4b" outcome="Passed" testListId="8c84fa94-04c1-424b-9868-57a2d4851a1d" relativeResultsDirectory="dcea8725-8ce7-4ba1-b244-4e1513f33fbd" />
    <UnitTestResult executionId="6b16a044-ab31-4dbd-b886-114ee5b3d633" testId="83d876c4-79f3-436a-b240-9f6a76cb40a4" testName="TestCompareListBool" computerName="sam-tools01" duration="00:00:00.0043500" startTime="2024-12-13T11:52:29.1433957+05:30" endTime="2024-12-13T11:52:29.1479000+05:30" testType="13cdc9d9-ddb5-4fa4-a97d-d965ccfc6d4b" outcome="Passed" testListId="8c84fa94-04c1-424b-9868-57a2d4851a1d" relativeResultsDirectory="6b16a044-ab31-4dbd-b886-114ee5b3d633" />
    <UnitTestResult executionId="6d8950ff-8e65-41aa-9c05-63491f48af88" testId="2c326bf0-a6bf-495d-91ae-6b999e6f753f" testName="TestCompareListMoTagNegative" computerName="sam-tools01" duration="00:00:00.0005050" startTime="2024-12-13T11:52:29.2351720+05:30" endTime="2024-12-13T11:52:29.2358150+05:30" testType="13cdc9d9-ddb5-4fa4-a97d-d965ccfc6d4b" outcome="Passed" testListId="8c84fa94-04c1-424b-9868-57a2d4851a1d" relativeResultsDirectory="6d8950ff-8e65-41aa-9c05-63491f48af88" />
    <UnitTestResult executionId="d1c6c5f6-0bbe-4e4e-9e39-11b3ba3a7fd6" testId="1ea5adb5-269d-43d4-bae6-86b3f1c424ed" testName="TestCompareListMorefNegative" computerName="sam-tools01" duration="00:00:00.0006318" startTime="2024-12-13T11:52:29.2252882+05:30" endTime="2024-12-13T11:52:29.2260613+05:30" testType="13cdc9d9-ddb5-4fa4-a97d-d965ccfc6d4b" outcome="Passed" testListId="8c84fa94-04c1-424b-9868-57a2d4851a1d" relativeResultsDirectory="d1c6c5f6-0bbe-4e4e-9e39-11b3ba3a7fd6" />
    <UnitTestResult executionId="75707e1b-bbdf-4889-bb04-5196ce4d77d7" testId="7d376642-9e9a-440d-9eb2-570209c0caab" testName="TestCompareIntersightObjectNtpPolicy" computerName="sam-tools01" duration="00:00:00.4419892" startTime="2024-12-13T11:52:28.3088176+05:30" endTime="2024-12-13T11:52:28.7824081+05:30" testType="13cdc9d9-ddb5-4fa4-a97d-d965ccfc6d4b" outcome="Passed" testListId="8c84fa94-04c1-424b-9868-57a2d4851a1d" relativeResultsDirectory="75707e1b-bbdf-4889-bb04-5196ce4d77d7" />
    <UnitTestResult executionId="47cd3ecb-20fc-4450-bc1d-1ead2ddbb582" testId="715068a6-21fa-4a4e-ad90-e8dd6aeb0309" testName="TestCompareDictionaryNegative" computerName="sam-tools01" duration="00:00:00.0003685" startTime="2024-12-13T11:52:29.2419370+05:30" endTime="2024-12-13T11:52:29.2424580+05:30" testType="13cdc9d9-ddb5-4fa4-a97d-d965ccfc6d4b" outcome="Passed" testListId="8c84fa94-04c1-424b-9868-57a2d4851a1d" relativeResultsDirectory="47cd3ecb-20fc-4450-bc1d-1ead2ddbb582" />
    <UnitTestResult executionId="be9be733-b52d-4e65-8064-47e63e251273" testId="3e57f061-d7cf-4054-8d88-348a6f4d57e0" testName="TestCompareListMoTag" computerName="sam-tools01" duration="00:00:00.0014463" startTime="2024-12-13T11:52:29.2335392+05:30" endTime="2024-12-13T11:52:29.2351230+05:30" testType="13cdc9d9-ddb5-4fa4-a97d-d965ccfc6d4b" outcome="Passed" testListId="8c84fa94-04c1-424b-9868-57a2d4851a1d" relativeResultsDirectory="be9be733-b52d-4e65-8064-47e63e251273" />
    <UnitTestResult executionId="7a184d6b-e1d7-40e0-99f2-31963b95f464" testId="9a16078c-5548-4ac6-a3c9-7de21d91246a" testName="TestCompareListForBootDeviceNegative2" computerName="sam-tools01" duration="00:00:00.0008438" startTime="2024-12-13T11:52:29.2324709+05:30" endTime="2024-12-13T11:52:29.2334905+05:30" testType="13cdc9d9-ddb5-4fa4-a97d-d965ccfc6d4b" outcome="Passed" testListId="8c84fa94-04c1-424b-9868-57a2d4851a1d" relativeResultsDirectory="7a184d6b-e1d7-40e0-99f2-31963b95f464" />
    <UnitTestResult executionId="ad3c4b88-9205-4245-a7c2-24b430412281" testId="167a5d1a-adbb-48be-9cef-133c11554117" testName="TestCompareListInt" computerName="sam-tools01" duration="00:00:00.0064720" startTime="2024-12-13T11:52:29.1361312+05:30" endTime="2024-12-13T11:52:29.1427601+05:30" testType="13cdc9d9-ddb5-4fa4-a97d-d965ccfc6d4b" outcome="Passed" testListId="8c84fa94-04c1-424b-9868-57a2d4851a1d" relativeResultsDirectory="ad3c4b88-9205-4245-a7c2-24b430412281" />
    <UnitTestResult executionId="7397926f-2229-44de-b6ce-e555e1343ae6" testId="2e24a9e3-ef2c-45c7-a1d8-c02c262420e2" testName="TestCompareListIntNegative" computerName="sam-tools01" duration="00:00:00.0003590" startTime="2024-12-13T11:52:29.1428234+05:30" endTime="2024-12-13T11:52:29.1433443+05:30" testType="13cdc9d9-ddb5-4fa4-a97d-d965ccfc6d4b" outcome="Passed" testListId="8c84fa94-04c1-424b-9868-57a2d4851a1d" relativeResultsDirectory="7397926f-2229-44de-b6ce-e555e1343ae6" />
    <UnitTestResult executionId="0238aaf6-72bd-45f8-87ff-91c45525e0c3" testId="d8b1d489-ddd5-4a0f-9dc5-08abb7e19b7e" testName="TestCompareDictionary" computerName="sam-tools01" duration="00:00:00.0019470" startTime="2024-12-13T11:52:29.2397539+05:30" endTime="2024-12-13T11:52:29.2418612+05:30" testType="13cdc9d9-ddb5-4fa4-a97d-d965ccfc6d4b" outcome="Passed" testListId="8c84fa94-04c1-424b-9868-57a2d4851a1d" relativeResultsDirectory="0238aaf6-72bd-45f8-87ff-91c45525e0c3" />
    <UnitTestResult executionId="ba741a38-2de9-4b17-9ca6-dd8874446405" testId="23a9d3df-f5c5-41e3-b23a-a7f3993c37bf" testName="TestCompareDictionaryComplexObject" computerName="sam-tools01" duration="00:00:00.1778840" startTime="2024-12-13T11:52:29.2425078+05:30" endTime="2024-12-13T11:52:29.4209327+05:30" testType="13cdc9d9-ddb5-4fa4-a97d-d965ccfc6d4b" outcome="Passed" testListId="8c84fa94-04c1-424b-9868-57a2d4851a1d" relativeResultsDirectory="ba741a38-2de9-4b17-9ca6-dd8874446405" />
    <UnitTestResult executionId="516e6b92-d6c8-4ed7-a299-95e571247f3a" testId="c06d95b5-9eb0-4231-a77f-92a1728712c5" testName="TestCompareListStringNegative" computerName="sam-tools01" duration="00:00:00.0003708" startTime="2024-12-13T11:52:29.2214808+05:30" endTime="2024-12-13T11:52:29.2220042+05:30" testType="13cdc9d9-ddb5-4fa4-a97d-d965ccfc6d4b" outcome="Passed" testListId="8c84fa94-04c1-424b-9868-57a2d4851a1d" relativeResultsDirectory="516e6b92-d6c8-4ed7-a299-95e571247f3a" />
    <UnitTestResult executionId="970e72a5-bd97-4352-836f-b302be6383b0" testId="dc2b1ffc-b908-4783-9146-c8e1401dc5bc" testName="TestCompareIntersightObjectBootPrecisionPolicy" computerName="sam-tools01" duration="00:00:00.2704263" startTime="2024-12-13T11:52:28.8386180+05:30" endTime="2024-12-13T11:52:29.1092683+05:30" testType="13cdc9d9-ddb5-4fa4-a97d-d965ccfc6d4b" outcome="Passed" testListId="8c84fa94-04c1-424b-9868-57a2d4851a1d" relativeResultsDirectory="970e72a5-bd97-4352-836f-b302be6383b0" />
    <UnitTestResult executionId="9f2a4b0f-2ff2-4586-a8fb-25308fd6584a" testId="02c83197-cb0c-4ca8-baf1-5a2db68eaddf" testName="TestCompareListForBootDeviceNegative" computerName="sam-tools01" duration="00:00:00.0022609" startTime="2024-12-13T11:52:29.2300161+05:30" endTime="2024-12-13T11:52:29.2324099+05:30" testType="13cdc9d9-ddb5-4fa4-a97d-d965ccfc6d4b" outcome="Passed" testListId="8c84fa94-04c1-424b-9868-57a2d4851a1d" relativeResultsDirectory="9f2a4b0f-2ff2-4586-a8fb-25308fd6584a" />
    <UnitTestResult executionId="e8f93252-be31-45e6-9d53-01e4534797a0" testId="595c2f34-79ae-441c-90be-568e952e25d2" testName="TestCompareIntersightObjectOrganizationNegative" computerName="sam-tools01" duration="00:00:00.0004018" startTime="2024-12-13T11:52:28.8380038+05:30" endTime="2024-12-13T11:52:28.8385632+05:30" testType="13cdc9d9-ddb5-4fa4-a97d-d965ccfc6d4b" outcome="Passed" testListId="8c84fa94-04c1-424b-9868-57a2d4851a1d" relativeResultsDirectory="e8f93252-be31-45e6-9d53-01e4534797a0" />
    <UnitTestResult executionId="a75474f4-1bad-4c91-b256-e897b2b9cf14" testId="5154493c-9dc4-4021-89d8-0a5d9b46b082" testName="TestCompareListForBootDevice" computerName="sam-tools01" duration="00:00:00.0037159" startTime="2024-12-13T11:52:29.2261093+05:30" endTime="2024-12-13T11:52:29.2299630+05:30" testType="13cdc9d9-ddb5-4fa4-a97d-d965ccfc6d4b" outcome="Passed" testListId="8c84fa94-04c1-424b-9868-57a2d4851a1d" relativeResultsDirectory="a75474f4-1bad-4c91-b256-e897b2b9cf14" />
    <UnitTestResult executionId="d5fd34f6-e2c8-4830-ad34-8635c9b7a154" testId="bfa11dd1-ca8a-4d89-b62c-7bbbcee0b962" testName="TestCompareIntersightObjectNtpPolicyNegative" computerName="sam-tools01" duration="00:00:00.0009108" startTime="2024-12-13T11:52:28.7991098+05:30" endTime="2024-12-13T11:52:28.8003059+05:30" testType="13cdc9d9-ddb5-4fa4-a97d-d965ccfc6d4b" outcome="Passed" testListId="8c84fa94-04c1-424b-9868-57a2d4851a1d" relativeResultsDirectory="d5fd34f6-e2c8-4830-ad34-8635c9b7a154" />
    <UnitTestResult executionId="42b64b03-c0bc-4347-b64c-659f1b39851b" testId="d908cac6-193a-4d9b-9354-44b77329c60d" testName="TestCompareListMoref" computerName="sam-tools01" duration="00:00:00.0030382" startTime="2024-12-13T11:52:29.2220659+05:30" endTime="2024-12-13T11:52:29.2252378+05:30" testType="13cdc9d9-ddb5-4fa4-a97d-d965ccfc6d4b" outcome="Passed" testListId="8c84fa94-04c1-424b-9868-57a2d4851a1d" relativeResultsDirectory="42b64b03-c0bc-4347-b64c-659f1b39851b" />
    <UnitTestResult executionId="aa562e1f-4653-407a-a4b0-3ee20f774b29" testId="f68e2639-1787-4c80-af25-a747643ff673" testName="TestCompareListString" computerName="sam-tools01" duration="00:00:00.0016702" startTime="2024-12-13T11:52:29.2195890+05:30" endTime="2024-12-13T11:52:29.2214253+05:30" testType="13cdc9d9-ddb5-4fa4-a97d-d965ccfc6d4b" outcome="Passed" testListId="8c84fa94-04c1-424b-9868-57a2d4851a1d" relativeResultsDirectory="aa562e1f-4653-407a-a4b0-3ee20f774b29" />
    <UnitTestResult executionId="aeb5f608-4d07-4a7d-9420-75d4d8c41fb2" testId="e67ecc96-17f4-41c3-a4dd-df33546f56db" testName="TestCompareIntersightObjectOrganization" computerName="sam-tools01" duration="00:00:00.0373633" startTime="2024-12-13T11:52:28.8003984+05:30" endTime="2024-12-13T11:52:28.8379415+05:30" testType="13cdc9d9-ddb5-4fa4-a97d-d965ccfc6d4b" outcome="Passed" testListId="8c84fa94-04c1-424b-9868-57a2d4851a1d" relativeResultsDirectory="aeb5f608-4d07-4a7d-9420-75d4d8c41fb2" />
  </Results>
  <TestDefinitions>
    <UnitTest name="TestCompareIntersightObjectBootPrecisionPolicyNegative" storage="/home/jenkins/workspace/release-is-powershell-module/src/github.com/cisco-intersight/powershell-generator-intersight/generated/intersight.powershell_1.0.11.2024112619/src/intersight.powershelltest/bin/debug/net6.0/intersight.powershelltest.dll" id="eebfc884-f230-421a-a8c3-58bd4d70329d">
      <Execution id="dcea8725-8ce7-4ba1-b244-4e1513f33fbd" />
      <TestMethod codeBase="/home/jenkins/workspace/Release-IS-Powershell-Module/src/github.com/cisco-intersight/powershell-generator-intersight/generated/Intersight.PowerShell_1.0.11.2024112619/src/Intersight.PowerShellTest/bin/Debug/net6.0/Intersight.PowerShellTest.dll" adapterTypeName="executor://mstestadapter/v2" className="Intersight.PowerShellTest.PSUtilsTest" name="TestCompareIntersightObjectBootPrecisionPolicyNegative" />
    </UnitTest>
    <UnitTest name="TestCompareDictionaryNegative" storage="/home/jenkins/workspace/release-is-powershell-module/src/github.com/cisco-intersight/powershell-generator-intersight/generated/intersight.powershell_1.0.11.2024112619/src/intersight.powershelltest/bin/debug/net6.0/intersight.powershelltest.dll" id="715068a6-21fa-4a4e-ad90-e8dd6aeb0309">
      <Execution id="47cd3ecb-20fc-4450-bc1d-1ead2ddbb582" />
      <TestMethod codeBase="/home/jenkins/workspace/Release-IS-Powershell-Module/src/github.com/cisco-intersight/powershell-generator-intersight/generated/Intersight.PowerShell_1.0.11.2024112619/src/Intersight.PowerShellTest/bin/Debug/net6.0/Intersight.PowerShellTest.dll" adapterTypeName="executor://mstestadapter/v2" className="Intersight.PowerShellTest.PSUtilsTest" name="TestCompareDictionaryNegative" />
    </UnitTest>
    <UnitTest name="TestCompareListBool" storage="/home/jenkins/workspace/release-is-powershell-module/src/github.com/cisco-intersight/powershell-generator-intersight/generated/intersight.powershell_1.0.11.2024112619/src/intersight.powershelltest/bin/debug/net6.0/intersight.powershelltest.dll" id="83d876c4-79f3-436a-b240-9f6a76cb40a4">
      <Execution id="6b16a044-ab31-4dbd-b886-114ee5b3d633" />
      <TestMethod codeBase="/home/jenkins/workspace/Release-IS-Powershell-Module/src/github.com/cisco-intersight/powershell-generator-intersight/generated/Intersight.PowerShell_1.0.11.2024112619/src/Intersight.PowerShellTest/bin/Debug/net6.0/Intersight.PowerShellTest.dll" adapterTypeName="executor://mstestadapter/v2" className="Intersight.PowerShellTest.PSUtilsTest" name="TestCompareListBool" />
    </UnitTest>
    <UnitTest name="TestCompareIntersightObjectNtpPolicyNegative" storage="/home/jenkins/workspace/release-is-powershell-module/src/github.com/cisco-intersight/powershell-generator-intersight/generated/intersight.powershell_1.0.11.2024112619/src/intersight.powershelltest/bin/debug/net6.0/intersight.powershelltest.dll" id="bfa11dd1-ca8a-4d89-b62c-7bbbcee0b962">
      <Execution id="d5fd34f6-e2c8-4830-ad34-8635c9b7a154" />
      <TestMethod codeBase="/home/jenkins/workspace/Release-IS-Powershell-Module/src/github.com/cisco-intersight/powershell-generator-intersight/generated/Intersight.PowerShell_1.0.11.2024112619/src/Intersight.PowerShellTest/bin/Debug/net6.0/Intersight.PowerShellTest.dll" adapterTypeName="executor://mstestadapter/v2" className="Intersight.PowerShellTest.PSUtilsTest" name="TestCompareIntersightObjectNtpPolicyNegative" />
    </UnitTest>
    <UnitTest name="TestCompareListMoTagNegative" storage="/home/jenkins/workspace/release-is-powershell-module/src/github.com/cisco-intersight/powershell-generator-intersight/generated/intersight.powershell_1.0.11.2024112619/src/intersight.powershelltest/bin/debug/net6.0/intersight.powershelltest.dll" id="2c326bf0-a6bf-495d-91ae-6b999e6f753f">
      <Execution id="6d8950ff-8e65-41aa-9c05-63491f48af88" />
      <TestMethod codeBase="/home/jenkins/workspace/Release-IS-Powershell-Module/src/github.com/cisco-intersight/powershell-generator-intersight/generated/Intersight.PowerShell_1.0.11.2024112619/src/Intersight.PowerShellTest/bin/Debug/net6.0/Intersight.PowerShellTest.dll" adapterTypeName="executor://mstestadapter/v2" className="Intersight.PowerShellTest.PSUtilsTest" name="TestCompareListMoTagNegative" />
    </UnitTest>
    <UnitTest name="TestCompareListMoTag" storage="/home/jenkins/workspace/release-is-powershell-module/src/github.com/cisco-intersight/powershell-generator-intersight/generated/intersight.powershell_1.0.11.2024112619/src/intersight.powershelltest/bin/debug/net6.0/intersight.powershelltest.dll" id="3e57f061-d7cf-4054-8d88-348a6f4d57e0">
      <Execution id="be9be733-b52d-4e65-8064-47e63e251273" />
      <TestMethod codeBase="/home/jenkins/workspace/Release-IS-Powershell-Module/src/github.com/cisco-intersight/powershell-generator-intersight/generated/Intersight.PowerShell_1.0.11.2024112619/src/Intersight.PowerShellTest/bin/Debug/net6.0/Intersight.PowerShellTest.dll" adapterTypeName="executor://mstestadapter/v2" className="Intersight.PowerShellTest.PSUtilsTest" name="TestCompareListMoTag" />
    </UnitTest>
    <UnitTest name="TestCompareListStringNegative" storage="/home/jenkins/workspace/release-is-powershell-module/src/github.com/cisco-intersight/powershell-generator-intersight/generated/intersight.powershell_1.0.11.2024112619/src/intersight.powershelltest/bin/debug/net6.0/intersight.powershelltest.dll" id="c06d95b5-9eb0-4231-a77f-92a1728712c5">
      <Execution id="516e6b92-d6c8-4ed7-a299-95e571247f3a" />
      <TestMethod codeBase="/home/jenkins/workspace/Release-IS-Powershell-Module/src/github.com/cisco-intersight/powershell-generator-intersight/generated/Intersight.PowerShell_1.0.11.2024112619/src/Intersight.PowerShellTest/bin/Debug/net6.0/Intersight.PowerShellTest.dll" adapterTypeName="executor://mstestadapter/v2" className="Intersight.PowerShellTest.PSUtilsTest" name="TestCompareListStringNegative" />
    </UnitTest>
    <UnitTest name="TestCompareIntersightObjectOrganization" storage="/home/jenkins/workspace/release-is-powershell-module/src/github.com/cisco-intersight/powershell-generator-intersight/generated/intersight.powershell_1.0.11.2024112619/src/intersight.powershelltest/bin/debug/net6.0/intersight.powershelltest.dll" id="e67ecc96-17f4-41c3-a4dd-df33546f56db">
      <Execution id="aeb5f608-4d07-4a7d-9420-75d4d8c41fb2" />
      <TestMethod codeBase="/home/jenkins/workspace/Release-IS-Powershell-Module/src/github.com/cisco-intersight/powershell-generator-intersight/generated/Intersight.PowerShell_1.0.11.2024112619/src/Intersight.PowerShellTest/bin/Debug/net6.0/Intersight.PowerShellTest.dll" adapterTypeName="executor://mstestadapter/v2" className="Intersight.PowerShellTest.PSUtilsTest" name="TestCompareIntersightObjectOrganization" />
    </UnitTest>
    <UnitTest name="TestCompareDictionary" storage="/home/jenkins/workspace/release-is-powershell-module/src/github.com/cisco-intersight/powershell-generator-intersight/generated/intersight.powershell_1.0.11.2024112619/src/intersight.powershelltest/bin/debug/net6.0/intersight.powershelltest.dll" id="d8b1d489-ddd5-4a0f-9dc5-08abb7e19b7e">
      <Execution id="0238aaf6-72bd-45f8-87ff-91c45525e0c3" />
      <TestMethod codeBase="/home/jenkins/workspace/Release-IS-Powershell-Module/src/github.com/cisco-intersight/powershell-generator-intersight/generated/Intersight.PowerShell_1.0.11.2024112619/src/Intersight.PowerShellTest/bin/Debug/net6.0/Intersight.PowerShellTest.dll" adapterTypeName="executor://mstestadapter/v2" className="Intersight.PowerShellTest.PSUtilsTest" name="TestCompareDictionary" />
    </UnitTest>
    <UnitTest name="TestCompareIntersightObjectNtpPolicy" storage="/home/jenkins/workspace/release-is-powershell-module/src/github.com/cisco-intersight/powershell-generator-intersight/generated/intersight.powershell_1.0.11.2024112619/src/intersight.powershelltest/bin/debug/net6.0/intersight.powershelltest.dll" id="7d376642-9e9a-440d-9eb2-570209c0caab">
      <Execution id="75707e1b-bbdf-4889-bb04-5196ce4d77d7" />
      <TestMethod codeBase="/home/jenkins/workspace/Release-IS-Powershell-Module/src/github.com/cisco-intersight/powershell-generator-intersight/generated/Intersight.PowerShell_1.0.11.2024112619/src/Intersight.PowerShellTest/bin/Debug/net6.0/Intersight.PowerShellTest.dll" adapterTypeName="executor://mstestadapter/v2" className="Intersight.PowerShellTest.PSUtilsTest" name="TestCompareIntersightObjectNtpPolicy" />
    </UnitTest>
    <UnitTest name="TestCompareDictionaryComplexObject" storage="/home/jenkins/workspace/release-is-powershell-module/src/github.com/cisco-intersight/powershell-generator-intersight/generated/intersight.powershell_1.0.11.2024112619/src/intersight.powershelltest/bin/debug/net6.0/intersight.powershelltest.dll" id="23a9d3df-f5c5-41e3-b23a-a7f3993c37bf">
      <Execution id="ba741a38-2de9-4b17-9ca6-dd8874446405" />
      <TestMethod codeBase="/home/jenkins/workspace/Release-IS-Powershell-Module/src/github.com/cisco-intersight/powershell-generator-intersight/generated/Intersight.PowerShell_1.0.11.2024112619/src/Intersight.PowerShellTest/bin/Debug/net6.0/Intersight.PowerShellTest.dll" adapterTypeName="executor://mstestadapter/v2" className="Intersight.PowerShellTest.PSUtilsTest" name="TestCompareDictionaryComplexObject" />
    </UnitTest>
    <UnitTest name="TestCompareListForBootDeviceNegative" storage="/home/jenkins/workspace/release-is-powershell-module/src/github.com/cisco-intersight/powershell-generator-intersight/generated/intersight.powershell_1.0.11.2024112619/src/intersight.powershelltest/bin/debug/net6.0/intersight.powershelltest.dll" id="02c83197-cb0c-4ca8-baf1-5a2db68eaddf">
      <Execution id="9f2a4b0f-2ff2-4586-a8fb-25308fd6584a" />
      <TestMethod codeBase="/home/jenkins/workspace/Release-IS-Powershell-Module/src/github.com/cisco-intersight/powershell-generator-intersight/generated/Intersight.PowerShell_1.0.11.2024112619/src/Intersight.PowerShellTest/bin/Debug/net6.0/Intersight.PowerShellTest.dll" adapterTypeName="executor://mstestadapter/v2" className="Intersight.PowerShellTest.PSUtilsTest" name="TestCompareListForBootDeviceNegative" />
    </UnitTest>
    <UnitTest name="TestCompareIntersightObjectOrganizationNegative" storage="/home/jenkins/workspace/release-is-powershell-module/src/github.com/cisco-intersight/powershell-generator-intersight/generated/intersight.powershell_1.0.11.2024112619/src/intersight.powershelltest/bin/debug/net6.0/intersight.powershelltest.dll" id="595c2f34-79ae-441c-90be-568e952e25d2">
      <Execution id="e8f93252-be31-45e6-9d53-01e4534797a0" />
      <TestMethod codeBase="/home/jenkins/workspace/Release-IS-Powershell-Module/src/github.com/cisco-intersight/powershell-generator-intersight/generated/Intersight.PowerShell_1.0.11.2024112619/src/Intersight.PowerShellTest/bin/Debug/net6.0/Intersight.PowerShellTest.dll" adapterTypeName="executor://mstestadapter/v2" className="Intersight.PowerShellTest.PSUtilsTest" name="TestCompareIntersightObjectOrganizationNegative" />
    </UnitTest>
    <UnitTest name="TestCompareListMorefNegative" storage="/home/jenkins/workspace/release-is-powershell-module/src/github.com/cisco-intersight/powershell-generator-intersight/generated/intersight.powershell_1.0.11.2024112619/src/intersight.powershelltest/bin/debug/net6.0/intersight.powershelltest.dll" id="1ea5adb5-269d-43d4-bae6-86b3f1c424ed">
      <Execution id="d1c6c5f6-0bbe-4e4e-9e39-11b3ba3a7fd6" />
      <TestMethod codeBase="/home/jenkins/workspace/Release-IS-Powershell-Module/src/github.com/cisco-intersight/powershell-generator-intersight/generated/Intersight.PowerShell_1.0.11.2024112619/src/Intersight.PowerShellTest/bin/Debug/net6.0/Intersight.PowerShellTest.dll" adapterTypeName="executor://mstestadapter/v2" className="Intersight.PowerShellTest.PSUtilsTest" name="TestCompareListMorefNegative" />
    </UnitTest>
    <UnitTest name="TestCompareListMoref" storage="/home/jenkins/workspace/release-is-powershell-module/src/github.com/cisco-intersight/powershell-generator-intersight/generated/intersight.powershell_1.0.11.2024112619/src/intersight.powershelltest/bin/debug/net6.0/intersight.powershelltest.dll" id="d908cac6-193a-4d9b-9354-44b77329c60d">
      <Execution id="42b64b03-c0bc-4347-b64c-659f1b39851b" />
      <TestMethod codeBase="/home/jenkins/workspace/Release-IS-Powershell-Module/src/github.com/cisco-intersight/powershell-generator-intersight/generated/Intersight.PowerShell_1.0.11.2024112619/src/Intersight.PowerShellTest/bin/Debug/net6.0/Intersight.PowerShellTest.dll" adapterTypeName="executor://mstestadapter/v2" className="Intersight.PowerShellTest.PSUtilsTest" name="TestCompareListMoref" />
    </UnitTest>
    <UnitTest name="TestCompareListForBootDevice" storage="/home/jenkins/workspace/release-is-powershell-module/src/github.com/cisco-intersight/powershell-generator-intersight/generated/intersight.powershell_1.0.11.2024112619/src/intersight.powershelltest/bin/debug/net6.0/intersight.powershelltest.dll" id="5154493c-9dc4-4021-89d8-0a5d9b46b082">
      <Execution id="a75474f4-1bad-4c91-b256-e897b2b9cf14" />
      <TestMethod codeBase="/home/jenkins/workspace/Release-IS-Powershell-Module/src/github.com/cisco-intersight/powershell-generator-intersight/generated/Intersight.PowerShell_1.0.11.2024112619/src/Intersight.PowerShellTest/bin/Debug/net6.0/Intersight.PowerShellTest.dll" adapterTypeName="executor://mstestadapter/v2" className="Intersight.PowerShellTest.PSUtilsTest" name="TestCompareListForBootDevice" />
    </UnitTest>
    <UnitTest name="TestCompareListIntNegative" storage="/home/jenkins/workspace/release-is-powershell-module/src/github.com/cisco-intersight/powershell-generator-intersight/generated/intersight.powershell_1.0.11.2024112619/src/intersight.powershelltest/bin/debug/net6.0/intersight.powershelltest.dll" id="2e24a9e3-ef2c-45c7-a1d8-c02c262420e2">
      <Execution id="7397926f-2229-44de-b6ce-e555e1343ae6" />
      <TestMethod codeBase="/home/jenkins/workspace/Release-IS-Powershell-Module/src/github.com/cisco-intersight/powershell-generator-intersight/generated/Intersight.PowerShell_1.0.11.2024112619/src/Intersight.PowerShellTest/bin/Debug/net6.0/Intersight.PowerShellTest.dll" adapterTypeName="executor://mstestadapter/v2" className="Intersight.PowerShellTest.PSUtilsTest" name="TestCompareListIntNegative" />
    </UnitTest>
    <UnitTest name="TestCompareIntersightObjectBootPrecisionPolicy" storage="/home/jenkins/workspace/release-is-powershell-module/src/github.com/cisco-intersight/powershell-generator-intersight/generated/intersight.powershell_1.0.11.2024112619/src/intersight.powershelltest/bin/debug/net6.0/intersight.powershelltest.dll" id="dc2b1ffc-b908-4783-9146-c8e1401dc5bc">
      <Execution id="970e72a5-bd97-4352-836f-b302be6383b0" />
      <TestMethod codeBase="/home/jenkins/workspace/Release-IS-Powershell-Module/src/github.com/cisco-intersight/powershell-generator-intersight/generated/Intersight.PowerShell_1.0.11.2024112619/src/Intersight.PowerShellTest/bin/Debug/net6.0/Intersight.PowerShellTest.dll" adapterTypeName="executor://mstestadapter/v2" className="Intersight.PowerShellTest.PSUtilsTest" name="TestCompareIntersightObjectBootPrecisionPolicy" />
    </UnitTest>
    <UnitTest name="TestCompareListInt" storage="/home/jenkins/workspace/release-is-powershell-module/src/github.com/cisco-intersight/powershell-generator-intersight/generated/intersight.powershell_1.0.11.2024112619/src/intersight.powershelltest/bin/debug/net6.0/intersight.powershelltest.dll" id="167a5d1a-adbb-48be-9cef-133c11554117">
      <Execution id="ad3c4b88-9205-4245-a7c2-24b430412281" />
      <TestMethod codeBase="/home/jenkins/workspace/Release-IS-Powershell-Module/src/github.com/cisco-intersight/powershell-generator-intersight/generated/Intersight.PowerShell_1.0.11.2024112619/src/Intersight.PowerShellTest/bin/Debug/net6.0/Intersight.PowerShellTest.dll" adapterTypeName="executor://mstestadapter/v2" className="Intersight.PowerShellTest.PSUtilsTest" name="TestCompareListInt" />
    </UnitTest>
    <UnitTest name="TestCompareListForBootDeviceNegative2" storage="/home/jenkins/workspace/release-is-powershell-module/src/github.com/cisco-intersight/powershell-generator-intersight/generated/intersight.powershell_1.0.11.2024112619/src/intersight.powershelltest/bin/debug/net6.0/intersight.powershelltest.dll" id="9a16078c-5548-4ac6-a3c9-7de21d91246a">
      <Execution id="7a184d6b-e1d7-40e0-99f2-31963b95f464" />
      <TestMethod codeBase="/home/jenkins/workspace/Release-IS-Powershell-Module/src/github.com/cisco-intersight/powershell-generator-intersight/generated/Intersight.PowerShell_1.0.11.2024112619/src/Intersight.PowerShellTest/bin/Debug/net6.0/Intersight.PowerShellTest.dll" adapterTypeName="executor://mstestadapter/v2" className="Intersight.PowerShellTest.PSUtilsTest" name="TestCompareListForBootDeviceNegative2" />
    </UnitTest>
    <UnitTest name="TestCompareListString" storage="/home/jenkins/workspace/release-is-powershell-module/src/github.com/cisco-intersight/powershell-generator-intersight/generated/intersight.powershell_1.0.11.2024112619/src/intersight.powershelltest/bin/debug/net6.0/intersight.powershelltest.dll" id="f68e2639-1787-4c80-af25-a747643ff673">
      <Execution id="aa562e1f-4653-407a-a4b0-3ee20f774b29" />
      <TestMethod codeBase="/home/jenkins/workspace/Release-IS-Powershell-Module/src/github.com/cisco-intersight/powershell-generator-intersight/generated/Intersight.PowerShell_1.0.11.2024112619/src/Intersight.PowerShellTest/bin/Debug/net6.0/Intersight.PowerShellTest.dll" adapterTypeName="executor://mstestadapter/v2" className="Intersight.PowerShellTest.PSUtilsTest" name="TestCompareListString" />
    </UnitTest>
  </TestDefinitions>
  <TestEntries>
    <TestEntry testId="eebfc884-f230-421a-a8c3-58bd4d70329d" executionId="dcea8725-8ce7-4ba1-b244-4e1513f33fbd" testListId="8c84fa94-04c1-424b-9868-57a2d4851a1d" />
    <TestEntry testId="83d876c4-79f3-436a-b240-9f6a76cb40a4" executionId="6b16a044-ab31-4dbd-b886-114ee5b3d633" testListId="8c84fa94-04c1-424b-9868-57a2d4851a1d" />
    <TestEntry testId="2c326bf0-a6bf-495d-91ae-6b999e6f753f" executionId="6d8950ff-8e65-41aa-9c05-63491f48af88" testListId="8c84fa94-04c1-424b-9868-57a2d4851a1d" />
    <TestEntry testId="1ea5adb5-269d-43d4-bae6-86b3f1c424ed" executionId="d1c6c5f6-0bbe-4e4e-9e39-11b3ba3a7fd6" testListId="8c84fa94-04c1-424b-9868-57a2d4851a1d" />
    <TestEntry testId="7d376642-9e9a-440d-9eb2-570209c0caab" executionId="75707e1b-bbdf-4889-bb04-5196ce4d77d7" testListId="8c84fa94-04c1-424b-9868-57a2d4851a1d" />
    <TestEntry testId="715068a6-21fa-4a4e-ad90-e8dd6aeb0309" executionId="47cd3ecb-20fc-4450-bc1d-1ead2ddbb582" testListId="8c84fa94-04c1-424b-9868-57a2d4851a1d" />
    <TestEntry testId="3e57f061-d7cf-4054-8d88-348a6f4d57e0" executionId="be9be733-b52d-4e65-8064-47e63e251273" testListId="8c84fa94-04c1-424b-9868-57a2d4851a1d" />
    <TestEntry testId="9a16078c-5548-4ac6-a3c9-7de21d91246a" executionId="7a184d6b-e1d7-40e0-99f2-31963b95f464" testListId="8c84fa94-04c1-424b-9868-57a2d4851a1d" />
    <TestEntry testId="167a5d1a-adbb-48be-9cef-133c11554117" executionId="ad3c4b88-9205-4245-a7c2-24b430412281" testListId="8c84fa94-04c1-424b-9868-57a2d4851a1d" />
    <TestEntry testId="2e24a9e3-ef2c-45c7-a1d8-c02c262420e2" executionId="7397926f-2229-44de-b6ce-e555e1343ae6" testListId="8c84fa94-04c1-424b-9868-57a2d4851a1d" />
    <TestEntry testId="d8b1d489-ddd5-4a0f-9dc5-08abb7e19b7e" executionId="0238aaf6-72bd-45f8-87ff-91c45525e0c3" testListId="8c84fa94-04c1-424b-9868-57a2d4851a1d" />
    <TestEntry testId="23a9d3df-f5c5-41e3-b23a-a7f3993c37bf" executionId="ba741a38-2de9-4b17-9ca6-dd8874446405" testListId="8c84fa94-04c1-424b-9868-57a2d4851a1d" />
    <TestEntry testId="c06d95b5-9eb0-4231-a77f-92a1728712c5" executionId="516e6b92-d6c8-4ed7-a299-95e571247f3a" testListId="8c84fa94-04c1-424b-9868-57a2d4851a1d" />
    <TestEntry testId="dc2b1ffc-b908-4783-9146-c8e1401dc5bc" executionId="970e72a5-bd97-4352-836f-b302be6383b0" testListId="8c84fa94-04c1-424b-9868-57a2d4851a1d" />
    <TestEntry testId="02c83197-cb0c-4ca8-baf1-5a2db68eaddf" executionId="9f2a4b0f-2ff2-4586-a8fb-25308fd6584a" testListId="8c84fa94-04c1-424b-9868-57a2d4851a1d" />
    <TestEntry testId="595c2f34-79ae-441c-90be-568e952e25d2" executionId="e8f93252-be31-45e6-9d53-01e4534797a0" testListId="8c84fa94-04c1-424b-9868-57a2d4851a1d" />
    <TestEntry testId="5154493c-9dc4-4021-89d8-0a5d9b46b082" executionId="a75474f4-1bad-4c91-b256-e897b2b9cf14" testListId="8c84fa94-04c1-424b-9868-57a2d4851a1d" />
    <TestEntry testId="bfa11dd1-ca8a-4d89-b62c-7bbbcee0b962" executionId="d5fd34f6-e2c8-4830-ad34-8635c9b7a154" testListId="8c84fa94-04c1-424b-9868-57a2d4851a1d" />
    <TestEntry testId="d908cac6-193a-4d9b-9354-44b77329c60d" executionId="42b64b03-c0bc-4347-b64c-659f1b39851b" testListId="8c84fa94-04c1-424b-9868-57a2d4851a1d" />
    <TestEntry testId="f68e2639-1787-4c80-af25-a747643ff673" executionId="aa562e1f-4653-407a-a4b0-3ee20f774b29" testListId="8c84fa94-04c1-424b-9868-57a2d4851a1d" />
    <TestEntry testId="e67ecc96-17f4-41c3-a4dd-df33546f56db" executionId="aeb5f608-4d07-4a7d-9420-75d4d8c41fb2" testListId="8c84fa94-04c1-424b-9868-57a2d4851a1d" />
  </TestEntries>
  <TestLists>
    <TestList name="Results Not in a List" id="8c84fa94-04c1-424b-9868-57a2d4851a1d" />
    <TestList name="All Loaded Results" id="19431567-8539-422a-85d7-44ee4e166bda" />
  </TestLists>
  <ResultSummary outcome="Completed">
    <Counters total="21" executed="21" passed="21" failed="0" error="0" timeout="0" aborted="0" inconclusive="0" passedButRunAborted="0" notRunnable="0" notExecuted="0" disconnected="0" warning="0" completed="0" inProgress="0" pending="0" />
  </ResultSummary>
</TestRun>