<?xml version="1.0" encoding="utf-8"?>
<TestRun id="3735106b-c584-48f2-8c5f-24333908cbed" name="@sam-tools01 2024-06-28 13:45:16" xmlns="http://microsoft.com/schemas/VisualStudio/TeamTest/2010">
  <Times creation="2024-06-28T13:45:16.9495727+05:30" queuing="2024-06-28T13:45:16.9495729+05:30" start="2024-06-28T13:45:14.7150349+05:30" finish="2024-06-28T13:45:17.1449942+05:30" />
  <TestSettings name="default" id="5181812c-96a0-4853-99d8-db15a1009fc1">
    <Deployment runDeploymentRoot="_sam-tools01_2024-06-28_13_45_16" />
  </TestSettings>
  <Results>
    <UnitTestResult executionId="d4a9990a-971a-4c39-a865-57fb72d0ad18" testId="5d8f215c-2a4a-4dab-8639-19eabf8c20a1" testName="TestCompareIntersightObjectBootPrecisionPolicyNegative" computerName="sam-tools01" duration="00:00:00.0277522" startTime="2024-06-28T13:45:16.7083347+05:30" endTime="2024-06-28T13:45:16.7366014+05:30" testType="13cdc9d9-ddb5-4fa4-a97d-d965ccfc6d4b" outcome="Passed" testListId="8c84fa94-04c1-424b-9868-57a2d4851a1d" relativeResultsDirectory="d4a9990a-971a-4c39-a865-57fb72d0ad18" />
    <UnitTestResult executionId="7fb6f838-e5fb-4e18-9f3e-4c0f40a1628b" testId="a40a90f1-dbbf-4bc6-bd5c-44651835867d" testName="TestCompareListStringNegative" computerName="sam-tools01" duration="00:00:00.0003584" startTime="2024-06-28T13:45:16.8263774+05:30" endTime="2024-06-28T13:45:16.8268942+05:30" testType="13cdc9d9-ddb5-4fa4-a97d-d965ccfc6d4b" outcome="Passed" testListId="8c84fa94-04c1-424b-9868-57a2d4851a1d" relativeResultsDirectory="7fb6f838-e5fb-4e18-9f3e-4c0f40a1628b" />
    <UnitTestResult executionId="9fa0cfbc-3440-4e53-a755-2521da032e41" testId="870af556-b89a-4d9d-94eb-9905342251cd" testName="TestCompareListBool" computerName="sam-tools01" duration="00:00:00.0043885" startTime="2024-06-28T13:45:16.7450979+05:30" endTime="2024-06-28T13:45:16.7497048+05:30" testType="13cdc9d9-ddb5-4fa4-a97d-d965ccfc6d4b" outcome="Passed" testListId="8c84fa94-04c1-424b-9868-57a2d4851a1d" relativeResultsDirectory="9fa0cfbc-3440-4e53-a755-2521da032e41" />
    <UnitTestResult executionId="0e5178bd-4eb7-42b3-82e7-cd5b17c0654d" testId="52ebdd27-1940-457b-accc-3df5477476e0" testName="TestCompareListMoref" computerName="sam-tools01" duration="00:00:00.0030650" startTime="2024-06-28T13:45:16.8269580+05:30" endTime="2024-06-28T13:45:16.8301620+05:30" testType="13cdc9d9-ddb5-4fa4-a97d-d965ccfc6d4b" outcome="Passed" testListId="8c84fa94-04c1-424b-9868-57a2d4851a1d" relativeResultsDirectory="0e5178bd-4eb7-42b3-82e7-cd5b17c0654d" />
    <UnitTestResult executionId="a2d89723-133b-4ace-838e-577eaba08fa1" testId="365e320b-8e08-401f-bdaf-8e6e01ed787b" testName="TestCompareDictionaryNegative" computerName="sam-tools01" duration="00:00:00.0003688" startTime="2024-06-28T13:45:16.8470066+05:30" endTime="2024-06-28T13:45:16.8475205+05:30" testType="13cdc9d9-ddb5-4fa4-a97d-d965ccfc6d4b" outcome="Passed" testListId="8c84fa94-04c1-424b-9868-57a2d4851a1d" relativeResultsDirectory="a2d89723-133b-4ace-838e-577eaba08fa1" />
    <UnitTestResult executionId="cab1994b-9d2c-40b9-bf15-2b7b624ce9e3" testId="7dcea4d0-0e75-4de0-bfae-fbd6633fa1d8" testName="TestCompareIntersightObjectNtpPolicy" computerName="sam-tools01" duration="00:00:00.4303252" startTime="2024-06-28T13:45:15.8765492+05:30" endTime="2024-06-28T13:45:16.3386930+05:30" testType="13cdc9d9-ddb5-4fa4-a97d-d965ccfc6d4b" outcome="Passed" testListId="8c84fa94-04c1-424b-9868-57a2d4851a1d" relativeResultsDirectory="cab1994b-9d2c-40b9-bf15-2b7b624ce9e3" />
    <UnitTestResult executionId="a26ff3d8-3843-4940-a275-7ea3d01b4c07" testId="2a7101ee-6230-469d-b6d2-ced49d8413db" testName="TestCompareListMoTagNegative" computerName="sam-tools01" duration="00:00:00.0005615" startTime="2024-06-28T13:45:16.8402016+05:30" endTime="2024-06-28T13:45:16.8409033+05:30" testType="13cdc9d9-ddb5-4fa4-a97d-d965ccfc6d4b" outcome="Passed" testListId="8c84fa94-04c1-424b-9868-57a2d4851a1d" relativeResultsDirectory="a26ff3d8-3843-4940-a275-7ea3d01b4c07" />
    <UnitTestResult executionId="f2653ad0-9795-4b4b-8df6-df727bfada59" testId="43feb204-6d0e-4456-b726-cf4e79147675" testName="TestCompareListInt" computerName="sam-tools01" duration="00:00:00.0075677" startTime="2024-06-28T13:45:16.7366894+05:30" endTime="2024-06-28T13:45:16.7444529+05:30" testType="13cdc9d9-ddb5-4fa4-a97d-d965ccfc6d4b" outcome="Passed" testListId="8c84fa94-04c1-424b-9868-57a2d4851a1d" relativeResultsDirectory="f2653ad0-9795-4b4b-8df6-df727bfada59" />
    <UnitTestResult executionId="89d64c74-dcf6-4a71-93a4-4aecaf74e8ba" testId="b57f9b33-1c15-4ec3-aefe-b62b75d03277" testName="TestCompareListString" computerName="sam-tools01" duration="00:00:00.0017657" startTime="2024-06-28T13:45:16.8243795+05:30" endTime="2024-06-28T13:45:16.8263158+05:30" testType="13cdc9d9-ddb5-4fa4-a97d-d965ccfc6d4b" outcome="Passed" testListId="8c84fa94-04c1-424b-9868-57a2d4851a1d" relativeResultsDirectory="89d64c74-dcf6-4a71-93a4-4aecaf74e8ba" />
    <UnitTestResult executionId="abe9c408-4e8b-4f94-8eee-b9a23043a887" testId="f9dd16f6-3bcc-458f-b9a4-5bff46d4b3a4" testName="TestCompareDictionary" computerName="sam-tools01" duration="00:00:00.0019791" startTime="2024-06-28T13:45:16.8448071+05:30" endTime="2024-06-28T13:45:16.8469501+05:30" testType="13cdc9d9-ddb5-4fa4-a97d-d965ccfc6d4b" outcome="Passed" testListId="8c84fa94-04c1-424b-9868-57a2d4851a1d" relativeResultsDirectory="abe9c408-4e8b-4f94-8eee-b9a23043a887" />
    <UnitTestResult executionId="17d6e67c-d97a-495b-91ae-48e8ef405f73" testId="28e103df-348d-4eef-9704-2861b1b64b8f" testName="TestCompareListForBootDeviceNegative2" computerName="sam-tools01" duration="00:00:00.0008760" startTime="2024-06-28T13:45:16.8374293+05:30" endTime="2024-06-28T13:45:16.8384911+05:30" testType="13cdc9d9-ddb5-4fa4-a97d-d965ccfc6d4b" outcome="Passed" testListId="8c84fa94-04c1-424b-9868-57a2d4851a1d" relativeResultsDirectory="17d6e67c-d97a-495b-91ae-48e8ef405f73" />
    <UnitTestResult executionId="d4487659-aff3-4351-8586-5cb9f5ce946a" testId="45be77ed-3ba6-48bf-b934-a94db0fc7299" testName="TestCompareListForBootDeviceNegative" computerName="sam-tools01" duration="00:00:00.0021898" startTime="2024-06-28T13:45:16.8350188+05:30" endTime="2024-06-28T13:45:16.8373661+05:30" testType="13cdc9d9-ddb5-4fa4-a97d-d965ccfc6d4b" outcome="Passed" testListId="8c84fa94-04c1-424b-9868-57a2d4851a1d" relativeResultsDirectory="d4487659-aff3-4351-8586-5cb9f5ce946a" />
    <UnitTestResult executionId="4b0e3748-8f13-4330-bedd-76b89b2d8ea0" testId="3034b458-46b5-4752-8841-fe1a316ac33a" testName="TestCompareDictionaryComplexObject" computerName="sam-tools01" duration="00:00:00.1729460" startTime="2024-06-28T13:45:16.8475696+05:30" endTime="2024-06-28T13:45:17.0212220+05:30" testType="13cdc9d9-ddb5-4fa4-a97d-d965ccfc6d4b" outcome="Passed" testListId="8c84fa94-04c1-424b-9868-57a2d4851a1d" relativeResultsDirectory="4b0e3748-8f13-4330-bedd-76b89b2d8ea0" />
    <UnitTestResult executionId="075d7e7c-e353-46e4-baf2-3230ffcdc954" testId="d534f0d7-c7e5-4a3e-b189-1e4fc4f1cc8e" testName="TestCompareListIntNegative" computerName="sam-tools01" duration="00:00:00.0003836" startTime="2024-06-28T13:45:16.7445057+05:30" endTime="2024-06-28T13:45:16.7450443+05:30" testType="13cdc9d9-ddb5-4fa4-a97d-d965ccfc6d4b" outcome="Passed" testListId="8c84fa94-04c1-424b-9868-57a2d4851a1d" relativeResultsDirectory="075d7e7c-e353-46e4-baf2-3230ffcdc954" />
    <UnitTestResult executionId="f1a03d68-3adc-4c2c-a3ce-bf5ff7ded6f5" testId="9556c640-8b6f-4d23-ac57-aa7054d492ed" testName="TestCompareIntersightObjectOrganizationNegative" computerName="sam-tools01" duration="00:00:00.0004092" startTime="2024-06-28T13:45:16.3944015+05:30" endTime="2024-06-28T13:45:16.3949804+05:30" testType="13cdc9d9-ddb5-4fa4-a97d-d965ccfc6d4b" outcome="Passed" testListId="8c84fa94-04c1-424b-9868-57a2d4851a1d" relativeResultsDirectory="f1a03d68-3adc-4c2c-a3ce-bf5ff7ded6f5" />
    <UnitTestResult executionId="f718af3f-d7fa-402d-9245-44345b9fb91c" testId="304f3f7a-81ba-416a-8489-37580650fed7" testName="TestCompareIntersightObjectNtpPolicyNegative" computerName="sam-tools01" duration="00:00:00.0009457" startTime="2024-06-28T13:45:16.3554251+05:30" endTime="2024-06-28T13:45:16.3566810+05:30" testType="13cdc9d9-ddb5-4fa4-a97d-d965ccfc6d4b" outcome="Passed" testListId="8c84fa94-04c1-424b-9868-57a2d4851a1d" relativeResultsDirectory="f718af3f-d7fa-402d-9245-44345b9fb91c" />
    <UnitTestResult executionId="8c8132d4-871b-4065-8e51-1826818a8b94" testId="028d62dd-0870-479c-a376-c9cf3733c112" testName="TestCompareListMoTag" computerName="sam-tools01" duration="00:00:00.0014612" startTime="2024-06-28T13:45:16.8385405+05:30" endTime="2024-06-28T13:45:16.8401401+05:30" testType="13cdc9d9-ddb5-4fa4-a97d-d965ccfc6d4b" outcome="Passed" testListId="8c84fa94-04c1-424b-9868-57a2d4851a1d" relativeResultsDirectory="8c8132d4-871b-4065-8e51-1826818a8b94" />
    <UnitTestResult executionId="85bced71-7984-4ef3-a4b5-2ec33b2a1234" testId="d03361a7-a6d7-429a-a68e-f764c1433a41" testName="TestCompareIntersightObjectBootPrecisionPolicy" computerName="sam-tools01" duration="00:00:00.3125298" startTime="2024-06-28T13:45:16.3950371+05:30" endTime="2024-06-28T13:45:16.7079399+05:30" testType="13cdc9d9-ddb5-4fa4-a97d-d965ccfc6d4b" outcome="Passed" testListId="8c84fa94-04c1-424b-9868-57a2d4851a1d" relativeResultsDirectory="85bced71-7984-4ef3-a4b5-2ec33b2a1234" />
    <UnitTestResult executionId="e8569e4f-12ca-478f-9750-d129c3b5fcd7" testId="1a033887-4de6-4e94-ac9c-221cbc20e6eb" testName="TestCompareIntersightObjectOrganization" computerName="sam-tools01" duration="00:00:00.0373644" startTime="2024-06-28T13:45:16.3567950+05:30" endTime="2024-06-28T13:45:16.3943182+05:30" testType="13cdc9d9-ddb5-4fa4-a97d-d965ccfc6d4b" outcome="Passed" testListId="8c84fa94-04c1-424b-9868-57a2d4851a1d" relativeResultsDirectory="e8569e4f-12ca-478f-9750-d129c3b5fcd7" />
    <UnitTestResult executionId="b6578ca4-63bb-40a4-94f1-5b389d9b667b" testId="efdf68a6-74ce-423a-947b-a951a8200c4e" testName="TestCompareListMorefNegative" computerName="sam-tools01" duration="00:00:00.0006347" startTime="2024-06-28T13:45:16.8302266+05:30" endTime="2024-06-28T13:45:16.8310069+05:30" testType="13cdc9d9-ddb5-4fa4-a97d-d965ccfc6d4b" outcome="Passed" testListId="8c84fa94-04c1-424b-9868-57a2d4851a1d" relativeResultsDirectory="b6578ca4-63bb-40a4-94f1-5b389d9b667b" />
    <UnitTestResult executionId="53319ebf-354a-4e1f-aff6-51db4b1d030a" testId="42dc0a69-ad3c-44e3-8b62-b785d4bc3f6c" testName="TestCompareListForBootDevice" computerName="sam-tools01" duration="00:00:00.0037709" startTime="2024-06-28T13:45:16.8310538+05:30" endTime="2024-06-28T13:45:16.8349653+05:30" testType="13cdc9d9-ddb5-4fa4-a97d-d965ccfc6d4b" outcome="Passed" testListId="8c84fa94-04c1-424b-9868-57a2d4851a1d" relativeResultsDirectory="53319ebf-354a-4e1f-aff6-51db4b1d030a" />
  </Results>
  <TestDefinitions>
    <UnitTest name="TestCompareIntersightObjectNtpPolicyNegative" storage="/home/jenkins/workspace/release-is-powershell-module/src/github.com/cisco-intersight/powershell-generator-intersight/generated/intersight.powershell_1.0.11.17412/src/intersight.powershelltest/bin/debug/net6.0/intersight.powershelltest.dll" id="304f3f7a-81ba-416a-8489-37580650fed7">
      <Execution id="f718af3f-d7fa-402d-9245-44345b9fb91c" />
      <TestMethod codeBase="/home/jenkins/workspace/Release-IS-Powershell-Module/src/github.com/cisco-intersight/powershell-generator-intersight/generated/Intersight.PowerShell_1.0.11.17412/src/Intersight.PowerShellTest/bin/Debug/net6.0/Intersight.PowerShellTest.dll" adapterTypeName="executor://mstestadapter/v2" className="Intersight.PowerShellTest.PSUtilsTest" name="TestCompareIntersightObjectNtpPolicyNegative" />
    </UnitTest>
    <UnitTest name="TestCompareListMorefNegative" storage="/home/jenkins/workspace/release-is-powershell-module/src/github.com/cisco-intersight/powershell-generator-intersight/generated/intersight.powershell_1.0.11.17412/src/intersight.powershelltest/bin/debug/net6.0/intersight.powershelltest.dll" id="efdf68a6-74ce-423a-947b-a951a8200c4e">
      <Execution id="b6578ca4-63bb-40a4-94f1-5b389d9b667b" />
      <TestMethod codeBase="/home/jenkins/workspace/Release-IS-Powershell-Module/src/github.com/cisco-intersight/powershell-generator-intersight/generated/Intersight.PowerShell_1.0.11.17412/src/Intersight.PowerShellTest/bin/Debug/net6.0/Intersight.PowerShellTest.dll" adapterTypeName="executor://mstestadapter/v2" className="Intersight.PowerShellTest.PSUtilsTest" name="TestCompareListMorefNegative" />
    </UnitTest>
    <UnitTest name="TestCompareDictionary" storage="/home/jenkins/workspace/release-is-powershell-module/src/github.com/cisco-intersight/powershell-generator-intersight/generated/intersight.powershell_1.0.11.17412/src/intersight.powershelltest/bin/debug/net6.0/intersight.powershelltest.dll" id="f9dd16f6-3bcc-458f-b9a4-5bff46d4b3a4">
      <Execution id="abe9c408-4e8b-4f94-8eee-b9a23043a887" />
      <TestMethod codeBase="/home/jenkins/workspace/Release-IS-Powershell-Module/src/github.com/cisco-intersight/powershell-generator-intersight/generated/Intersight.PowerShell_1.0.11.17412/src/Intersight.PowerShellTest/bin/Debug/net6.0/Intersight.PowerShellTest.dll" adapterTypeName="executor://mstestadapter/v2" className="Intersight.PowerShellTest.PSUtilsTest" name="TestCompareDictionary" />
    </UnitTest>
    <UnitTest name="TestCompareListMoTagNegative" storage="/home/jenkins/workspace/release-is-powershell-module/src/github.com/cisco-intersight/powershell-generator-intersight/generated/intersight.powershell_1.0.11.17412/src/intersight.powershelltest/bin/debug/net6.0/intersight.powershelltest.dll" id="2a7101ee-6230-469d-b6d2-ced49d8413db">
      <Execution id="a26ff3d8-3843-4940-a275-7ea3d01b4c07" />
      <TestMethod codeBase="/home/jenkins/workspace/Release-IS-Powershell-Module/src/github.com/cisco-intersight/powershell-generator-intersight/generated/Intersight.PowerShell_1.0.11.17412/src/Intersight.PowerShellTest/bin/Debug/net6.0/Intersight.PowerShellTest.dll" adapterTypeName="executor://mstestadapter/v2" className="Intersight.PowerShellTest.PSUtilsTest" name="TestCompareListMoTagNegative" />
    </UnitTest>
    <UnitTest name="TestCompareListIntNegative" storage="/home/jenkins/workspace/release-is-powershell-module/src/github.com/cisco-intersight/powershell-generator-intersight/generated/intersight.powershell_1.0.11.17412/src/intersight.powershelltest/bin/debug/net6.0/intersight.powershelltest.dll" id="d534f0d7-c7e5-4a3e-b189-1e4fc4f1cc8e">
      <Execution id="075d7e7c-e353-46e4-baf2-3230ffcdc954" />
      <TestMethod codeBase="/home/jenkins/workspace/Release-IS-Powershell-Module/src/github.com/cisco-intersight/powershell-generator-intersight/generated/Intersight.PowerShell_1.0.11.17412/src/Intersight.PowerShellTest/bin/Debug/net6.0/Intersight.PowerShellTest.dll" adapterTypeName="executor://mstestadapter/v2" className="Intersight.PowerShellTest.PSUtilsTest" name="TestCompareListIntNegative" />
    </UnitTest>
    <UnitTest name="TestCompareIntersightObjectBootPrecisionPolicy" storage="/home/jenkins/workspace/release-is-powershell-module/src/github.com/cisco-intersight/powershell-generator-intersight/generated/intersight.powershell_1.0.11.17412/src/intersight.powershelltest/bin/debug/net6.0/intersight.powershelltest.dll" id="d03361a7-a6d7-429a-a68e-f764c1433a41">
      <Execution id="85bced71-7984-4ef3-a4b5-2ec33b2a1234" />
      <TestMethod codeBase="/home/jenkins/workspace/Release-IS-Powershell-Module/src/github.com/cisco-intersight/powershell-generator-intersight/generated/Intersight.PowerShell_1.0.11.17412/src/Intersight.PowerShellTest/bin/Debug/net6.0/Intersight.PowerShellTest.dll" adapterTypeName="executor://mstestadapter/v2" className="Intersight.PowerShellTest.PSUtilsTest" name="TestCompareIntersightObjectBootPrecisionPolicy" />
    </UnitTest>
    <UnitTest name="TestCompareListForBootDevice" storage="/home/jenkins/workspace/release-is-powershell-module/src/github.com/cisco-intersight/powershell-generator-intersight/generated/intersight.powershell_1.0.11.17412/src/intersight.powershelltest/bin/debug/net6.0/intersight.powershelltest.dll" id="42dc0a69-ad3c-44e3-8b62-b785d4bc3f6c">
      <Execution id="53319ebf-354a-4e1f-aff6-51db4b1d030a" />
      <TestMethod codeBase="/home/jenkins/workspace/Release-IS-Powershell-Module/src/github.com/cisco-intersight/powershell-generator-intersight/generated/Intersight.PowerShell_1.0.11.17412/src/Intersight.PowerShellTest/bin/Debug/net6.0/Intersight.PowerShellTest.dll" adapterTypeName="executor://mstestadapter/v2" className="Intersight.PowerShellTest.PSUtilsTest" name="TestCompareListForBootDevice" />
    </UnitTest>
    <UnitTest name="TestCompareListStringNegative" storage="/home/jenkins/workspace/release-is-powershell-module/src/github.com/cisco-intersight/powershell-generator-intersight/generated/intersight.powershell_1.0.11.17412/src/intersight.powershelltest/bin/debug/net6.0/intersight.powershelltest.dll" id="a40a90f1-dbbf-4bc6-bd5c-44651835867d">
      <Execution id="7fb6f838-e5fb-4e18-9f3e-4c0f40a1628b" />
      <TestMethod codeBase="/home/jenkins/workspace/Release-IS-Powershell-Module/src/github.com/cisco-intersight/powershell-generator-intersight/generated/Intersight.PowerShell_1.0.11.17412/src/Intersight.PowerShellTest/bin/Debug/net6.0/Intersight.PowerShellTest.dll" adapterTypeName="executor://mstestadapter/v2" className="Intersight.PowerShellTest.PSUtilsTest" name="TestCompareListStringNegative" />
    </UnitTest>
    <UnitTest name="TestCompareIntersightObjectBootPrecisionPolicyNegative" storage="/home/jenkins/workspace/release-is-powershell-module/src/github.com/cisco-intersight/powershell-generator-intersight/generated/intersight.powershell_1.0.11.17412/src/intersight.powershelltest/bin/debug/net6.0/intersight.powershelltest.dll" id="5d8f215c-2a4a-4dab-8639-19eabf8c20a1">
      <Execution id="d4a9990a-971a-4c39-a865-57fb72d0ad18" />
      <TestMethod codeBase="/home/jenkins/workspace/Release-IS-Powershell-Module/src/github.com/cisco-intersight/powershell-generator-intersight/generated/Intersight.PowerShell_1.0.11.17412/src/Intersight.PowerShellTest/bin/Debug/net6.0/Intersight.PowerShellTest.dll" adapterTypeName="executor://mstestadapter/v2" className="Intersight.PowerShellTest.PSUtilsTest" name="TestCompareIntersightObjectBootPrecisionPolicyNegative" />
    </UnitTest>
    <UnitTest name="TestCompareIntersightObjectOrganization" storage="/home/jenkins/workspace/release-is-powershell-module/src/github.com/cisco-intersight/powershell-generator-intersight/generated/intersight.powershell_1.0.11.17412/src/intersight.powershelltest/bin/debug/net6.0/intersight.powershelltest.dll" id="1a033887-4de6-4e94-ac9c-221cbc20e6eb">
      <Execution id="e8569e4f-12ca-478f-9750-d129c3b5fcd7" />
      <TestMethod codeBase="/home/jenkins/workspace/Release-IS-Powershell-Module/src/github.com/cisco-intersight/powershell-generator-intersight/generated/Intersight.PowerShell_1.0.11.17412/src/Intersight.PowerShellTest/bin/Debug/net6.0/Intersight.PowerShellTest.dll" adapterTypeName="executor://mstestadapter/v2" className="Intersight.PowerShellTest.PSUtilsTest" name="TestCompareIntersightObjectOrganization" />
    </UnitTest>
    <UnitTest name="TestCompareListForBootDeviceNegative" storage="/home/jenkins/workspace/release-is-powershell-module/src/github.com/cisco-intersight/powershell-generator-intersight/generated/intersight.powershell_1.0.11.17412/src/intersight.powershelltest/bin/debug/net6.0/intersight.powershelltest.dll" id="45be77ed-3ba6-48bf-b934-a94db0fc7299">
      <Execution id="d4487659-aff3-4351-8586-5cb9f5ce946a" />
      <TestMethod codeBase="/home/jenkins/workspace/Release-IS-Powershell-Module/src/github.com/cisco-intersight/powershell-generator-intersight/generated/Intersight.PowerShell_1.0.11.17412/src/Intersight.PowerShellTest/bin/Debug/net6.0/Intersight.PowerShellTest.dll" adapterTypeName="executor://mstestadapter/v2" className="Intersight.PowerShellTest.PSUtilsTest" name="TestCompareListForBootDeviceNegative" />
    </UnitTest>
    <UnitTest name="TestCompareDictionaryComplexObject" storage="/home/jenkins/workspace/release-is-powershell-module/src/github.com/cisco-intersight/powershell-generator-intersight/generated/intersight.powershell_1.0.11.17412/src/intersight.powershelltest/bin/debug/net6.0/intersight.powershelltest.dll" id="3034b458-46b5-4752-8841-fe1a316ac33a">
      <Execution id="4b0e3748-8f13-4330-bedd-76b89b2d8ea0" />
      <TestMethod codeBase="/home/jenkins/workspace/Release-IS-Powershell-Module/src/github.com/cisco-intersight/powershell-generator-intersight/generated/Intersight.PowerShell_1.0.11.17412/src/Intersight.PowerShellTest/bin/Debug/net6.0/Intersight.PowerShellTest.dll" adapterTypeName="executor://mstestadapter/v2" className="Intersight.PowerShellTest.PSUtilsTest" name="TestCompareDictionaryComplexObject" />
    </UnitTest>
    <UnitTest name="TestCompareListForBootDeviceNegative2" storage="/home/jenkins/workspace/release-is-powershell-module/src/github.com/cisco-intersight/powershell-generator-intersight/generated/intersight.powershell_1.0.11.17412/src/intersight.powershelltest/bin/debug/net6.0/intersight.powershelltest.dll" id="28e103df-348d-4eef-9704-2861b1b64b8f">
      <Execution id="17d6e67c-d97a-495b-91ae-48e8ef405f73" />
      <TestMethod codeBase="/home/jenkins/workspace/Release-IS-Powershell-Module/src/github.com/cisco-intersight/powershell-generator-intersight/generated/Intersight.PowerShell_1.0.11.17412/src/Intersight.PowerShellTest/bin/Debug/net6.0/Intersight.PowerShellTest.dll" adapterTypeName="executor://mstestadapter/v2" className="Intersight.PowerShellTest.PSUtilsTest" name="TestCompareListForBootDeviceNegative2" />
    </UnitTest>
    <UnitTest name="TestCompareIntersightObjectNtpPolicy" storage="/home/jenkins/workspace/release-is-powershell-module/src/github.com/cisco-intersight/powershell-generator-intersight/generated/intersight.powershell_1.0.11.17412/src/intersight.powershelltest/bin/debug/net6.0/intersight.powershelltest.dll" id="7dcea4d0-0e75-4de0-bfae-fbd6633fa1d8">
      <Execution id="cab1994b-9d2c-40b9-bf15-2b7b624ce9e3" />
      <TestMethod codeBase="/home/jenkins/workspace/Release-IS-Powershell-Module/src/github.com/cisco-intersight/powershell-generator-intersight/generated/Intersight.PowerShell_1.0.11.17412/src/Intersight.PowerShellTest/bin/Debug/net6.0/Intersight.PowerShellTest.dll" adapterTypeName="executor://mstestadapter/v2" className="Intersight.PowerShellTest.PSUtilsTest" name="TestCompareIntersightObjectNtpPolicy" />
    </UnitTest>
    <UnitTest name="TestCompareListBool" storage="/home/jenkins/workspace/release-is-powershell-module/src/github.com/cisco-intersight/powershell-generator-intersight/generated/intersight.powershell_1.0.11.17412/src/intersight.powershelltest/bin/debug/net6.0/intersight.powershelltest.dll" id="870af556-b89a-4d9d-94eb-9905342251cd">
      <Execution id="9fa0cfbc-3440-4e53-a755-2521da032e41" />
      <TestMethod codeBase="/home/jenkins/workspace/Release-IS-Powershell-Module/src/github.com/cisco-intersight/powershell-generator-intersight/generated/Intersight.PowerShell_1.0.11.17412/src/Intersight.PowerShellTest/bin/Debug/net6.0/Intersight.PowerShellTest.dll" adapterTypeName="executor://mstestadapter/v2" className="Intersight.PowerShellTest.PSUtilsTest" name="TestCompareListBool" />
    </UnitTest>
    <UnitTest name="TestCompareDictionaryNegative" storage="/home/jenkins/workspace/release-is-powershell-module/src/github.com/cisco-intersight/powershell-generator-intersight/generated/intersight.powershell_1.0.11.17412/src/intersight.powershelltest/bin/debug/net6.0/intersight.powershelltest.dll" id="365e320b-8e08-401f-bdaf-8e6e01ed787b">
      <Execution id="a2d89723-133b-4ace-838e-577eaba08fa1" />
      <TestMethod codeBase="/home/jenkins/workspace/Release-IS-Powershell-Module/src/github.com/cisco-intersight/powershell-generator-intersight/generated/Intersight.PowerShell_1.0.11.17412/src/Intersight.PowerShellTest/bin/Debug/net6.0/Intersight.PowerShellTest.dll" adapterTypeName="executor://mstestadapter/v2" className="Intersight.PowerShellTest.PSUtilsTest" name="TestCompareDictionaryNegative" />
    </UnitTest>
    <UnitTest name="TestCompareListInt" storage="/home/jenkins/workspace/release-is-powershell-module/src/github.com/cisco-intersight/powershell-generator-intersight/generated/intersight.powershell_1.0.11.17412/src/intersight.powershelltest/bin/debug/net6.0/intersight.powershelltest.dll" id="43feb204-6d0e-4456-b726-cf4e79147675">
      <Execution id="f2653ad0-9795-4b4b-8df6-df727bfada59" />
      <TestMethod codeBase="/home/jenkins/workspace/Release-IS-Powershell-Module/src/github.com/cisco-intersight/powershell-generator-intersight/generated/Intersight.PowerShell_1.0.11.17412/src/Intersight.PowerShellTest/bin/Debug/net6.0/Intersight.PowerShellTest.dll" adapterTypeName="executor://mstestadapter/v2" className="Intersight.PowerShellTest.PSUtilsTest" name="TestCompareListInt" />
    </UnitTest>
    <UnitTest name="TestCompareIntersightObjectOrganizationNegative" storage="/home/jenkins/workspace/release-is-powershell-module/src/github.com/cisco-intersight/powershell-generator-intersight/generated/intersight.powershell_1.0.11.17412/src/intersight.powershelltest/bin/debug/net6.0/intersight.powershelltest.dll" id="9556c640-8b6f-4d23-ac57-aa7054d492ed">
      <Execution id="f1a03d68-3adc-4c2c-a3ce-bf5ff7ded6f5" />
      <TestMethod codeBase="/home/jenkins/workspace/Release-IS-Powershell-Module/src/github.com/cisco-intersight/powershell-generator-intersight/generated/Intersight.PowerShell_1.0.11.17412/src/Intersight.PowerShellTest/bin/Debug/net6.0/Intersight.PowerShellTest.dll" adapterTypeName="executor://mstestadapter/v2" className="Intersight.PowerShellTest.PSUtilsTest" name="TestCompareIntersightObjectOrganizationNegative" />
    </UnitTest>
    <UnitTest name="TestCompareListMoTag" storage="/home/jenkins/workspace/release-is-powershell-module/src/github.com/cisco-intersight/powershell-generator-intersight/generated/intersight.powershell_1.0.11.17412/src/intersight.powershelltest/bin/debug/net6.0/intersight.powershelltest.dll" id="028d62dd-0870-479c-a376-c9cf3733c112">
      <Execution id="8c8132d4-871b-4065-8e51-1826818a8b94" />
      <TestMethod codeBase="/home/jenkins/workspace/Release-IS-Powershell-Module/src/github.com/cisco-intersight/powershell-generator-intersight/generated/Intersight.PowerShell_1.0.11.17412/src/Intersight.PowerShellTest/bin/Debug/net6.0/Intersight.PowerShellTest.dll" adapterTypeName="executor://mstestadapter/v2" className="Intersight.PowerShellTest.PSUtilsTest" name="TestCompareListMoTag" />
    </UnitTest>
    <UnitTest name="TestCompareListMoref" storage="/home/jenkins/workspace/release-is-powershell-module/src/github.com/cisco-intersight/powershell-generator-intersight/generated/intersight.powershell_1.0.11.17412/src/intersight.powershelltest/bin/debug/net6.0/intersight.powershelltest.dll" id="52ebdd27-1940-457b-accc-3df5477476e0">
      <Execution id="0e5178bd-4eb7-42b3-82e7-cd5b17c0654d" />
      <TestMethod codeBase="/home/jenkins/workspace/Release-IS-Powershell-Module/src/github.com/cisco-intersight/powershell-generator-intersight/generated/Intersight.PowerShell_1.0.11.17412/src/Intersight.PowerShellTest/bin/Debug/net6.0/Intersight.PowerShellTest.dll" adapterTypeName="executor://mstestadapter/v2" className="Intersight.PowerShellTest.PSUtilsTest" name="TestCompareListMoref" />
    </UnitTest>
    <UnitTest name="TestCompareListString" storage="/home/jenkins/workspace/release-is-powershell-module/src/github.com/cisco-intersight/powershell-generator-intersight/generated/intersight.powershell_1.0.11.17412/src/intersight.powershelltest/bin/debug/net6.0/intersight.powershelltest.dll" id="b57f9b33-1c15-4ec3-aefe-b62b75d03277">
      <Execution id="89d64c74-dcf6-4a71-93a4-4aecaf74e8ba" />
      <TestMethod codeBase="/home/jenkins/workspace/Release-IS-Powershell-Module/src/github.com/cisco-intersight/powershell-generator-intersight/generated/Intersight.PowerShell_1.0.11.17412/src/Intersight.PowerShellTest/bin/Debug/net6.0/Intersight.PowerShellTest.dll" adapterTypeName="executor://mstestadapter/v2" className="Intersight.PowerShellTest.PSUtilsTest" name="TestCompareListString" />
    </UnitTest>
  </TestDefinitions>
  <TestEntries>
    <TestEntry testId="5d8f215c-2a4a-4dab-8639-19eabf8c20a1" executionId="d4a9990a-971a-4c39-a865-57fb72d0ad18" testListId="8c84fa94-04c1-424b-9868-57a2d4851a1d" />
    <TestEntry testId="a40a90f1-dbbf-4bc6-bd5c-44651835867d" executionId="7fb6f838-e5fb-4e18-9f3e-4c0f40a1628b" testListId="8c84fa94-04c1-424b-9868-57a2d4851a1d" />
    <TestEntry testId="870af556-b89a-4d9d-94eb-9905342251cd" executionId="9fa0cfbc-3440-4e53-a755-2521da032e41" testListId="8c84fa94-04c1-424b-9868-57a2d4851a1d" />
    <TestEntry testId="52ebdd27-1940-457b-accc-3df5477476e0" executionId="0e5178bd-4eb7-42b3-82e7-cd5b17c0654d" testListId="8c84fa94-04c1-424b-9868-57a2d4851a1d" />
    <TestEntry testId="365e320b-8e08-401f-bdaf-8e6e01ed787b" executionId="a2d89723-133b-4ace-838e-577eaba08fa1" testListId="8c84fa94-04c1-424b-9868-57a2d4851a1d" />
    <TestEntry testId="7dcea4d0-0e75-4de0-bfae-fbd6633fa1d8" executionId="cab1994b-9d2c-40b9-bf15-2b7b624ce9e3" testListId="8c84fa94-04c1-424b-9868-57a2d4851a1d" />
    <TestEntry testId="2a7101ee-6230-469d-b6d2-ced49d8413db" executionId="a26ff3d8-3843-4940-a275-7ea3d01b4c07" testListId="8c84fa94-04c1-424b-9868-57a2d4851a1d" />
    <TestEntry testId="43feb204-6d0e-4456-b726-cf4e79147675" executionId="f2653ad0-9795-4b4b-8df6-df727bfada59" testListId="8c84fa94-04c1-424b-9868-57a2d4851a1d" />
    <TestEntry testId="b57f9b33-1c15-4ec3-aefe-b62b75d03277" executionId="89d64c74-dcf6-4a71-93a4-4aecaf74e8ba" testListId="8c84fa94-04c1-424b-9868-57a2d4851a1d" />
    <TestEntry testId="f9dd16f6-3bcc-458f-b9a4-5bff46d4b3a4" executionId="abe9c408-4e8b-4f94-8eee-b9a23043a887" testListId="8c84fa94-04c1-424b-9868-57a2d4851a1d" />
    <TestEntry testId="28e103df-348d-4eef-9704-2861b1b64b8f" executionId="17d6e67c-d97a-495b-91ae-48e8ef405f73" testListId="8c84fa94-04c1-424b-9868-57a2d4851a1d" />
    <TestEntry testId="45be77ed-3ba6-48bf-b934-a94db0fc7299" executionId="d4487659-aff3-4351-8586-5cb9f5ce946a" testListId="8c84fa94-04c1-424b-9868-57a2d4851a1d" />
    <TestEntry testId="3034b458-46b5-4752-8841-fe1a316ac33a" executionId="4b0e3748-8f13-4330-bedd-76b89b2d8ea0" testListId="8c84fa94-04c1-424b-9868-57a2d4851a1d" />
    <TestEntry testId="d534f0d7-c7e5-4a3e-b189-1e4fc4f1cc8e" executionId="075d7e7c-e353-46e4-baf2-3230ffcdc954" testListId="8c84fa94-04c1-424b-9868-57a2d4851a1d" />
    <TestEntry testId="9556c640-8b6f-4d23-ac57-aa7054d492ed" executionId="f1a03d68-3adc-4c2c-a3ce-bf5ff7ded6f5" testListId="8c84fa94-04c1-424b-9868-57a2d4851a1d" />
    <TestEntry testId="304f3f7a-81ba-416a-8489-37580650fed7" executionId="f718af3f-d7fa-402d-9245-44345b9fb91c" testListId="8c84fa94-04c1-424b-9868-57a2d4851a1d" />
    <TestEntry testId="028d62dd-0870-479c-a376-c9cf3733c112" executionId="8c8132d4-871b-4065-8e51-1826818a8b94" testListId="8c84fa94-04c1-424b-9868-57a2d4851a1d" />
    <TestEntry testId="d03361a7-a6d7-429a-a68e-f764c1433a41" executionId="85bced71-7984-4ef3-a4b5-2ec33b2a1234" testListId="8c84fa94-04c1-424b-9868-57a2d4851a1d" />
    <TestEntry testId="1a033887-4de6-4e94-ac9c-221cbc20e6eb" executionId="e8569e4f-12ca-478f-9750-d129c3b5fcd7" testListId="8c84fa94-04c1-424b-9868-57a2d4851a1d" />
    <TestEntry testId="efdf68a6-74ce-423a-947b-a951a8200c4e" executionId="b6578ca4-63bb-40a4-94f1-5b389d9b667b" testListId="8c84fa94-04c1-424b-9868-57a2d4851a1d" />
    <TestEntry testId="42dc0a69-ad3c-44e3-8b62-b785d4bc3f6c" executionId="53319ebf-354a-4e1f-aff6-51db4b1d030a" testListId="8c84fa94-04c1-424b-9868-57a2d4851a1d" />
  </TestEntries>
  <TestLists>
    <TestList name="Results Not in a List" id="8c84fa94-04c1-424b-9868-57a2d4851a1d" />
    <TestList name="All Loaded Results" id="19431567-8539-422a-85d7-44ee4e166bda" />
  </TestLists>
  <ResultSummary outcome="Completed">
    <Counters total="21" executed="21" passed="21" failed="0" error="0" timeout="0" aborted="0" inconclusive="0" passedButRunAborted="0" notRunnable="0" notExecuted="0" disconnected="0" warning="0" completed="0" inProgress="0" pending="0" />
  </ResultSummary>
</TestRun>