<?xml version="1.0" encoding="utf-8"?>
<TestRun id="dcca331e-e269-4471-b084-8f0c723f4219" name="@sam-tools01 2025-01-10 12:50:39" xmlns="http://microsoft.com/schemas/VisualStudio/TeamTest/2010">
  <Times creation="2025-01-10T12:50:39.0709864+05:30" queuing="2025-01-10T12:50:39.0709866+05:30" start="2025-01-10T12:50:36.8758528+05:30" finish="2025-01-10T12:50:39.2712076+05:30" />
  <TestSettings name="default" id="51bd3d0e-76c1-4d12-b039-40f072206eb2">
    <Deployment runDeploymentRoot="_sam-tools01_2025-01-10_12_50_39" />
  </TestSettings>
  <Results>
    <UnitTestResult executionId="3e86fe02-5dcf-4dcd-933e-71dbae0e855f" testId="750369b6-b459-431c-9e32-a194fc7387fc" testName="TestCompareListString" computerName="sam-tools01" duration="00:00:00.0016994" startTime="2025-01-10T12:50:38.9444082+05:30" endTime="2025-01-10T12:50:38.9462784+05:30" testType="13cdc9d9-ddb5-4fa4-a97d-d965ccfc6d4b" outcome="Passed" testListId="8c84fa94-04c1-424b-9868-57a2d4851a1d" relativeResultsDirectory="3e86fe02-5dcf-4dcd-933e-71dbae0e855f" />
    <UnitTestResult executionId="04f643de-5aae-499f-b65a-5f2ba70d515d" testId="26d47810-d327-407d-8061-9f5ab252ca08" testName="TestCompareIntersightObjectBootPrecisionPolicy" computerName="sam-tools01" duration="00:00:00.2636647" startTime="2025-01-10T12:50:38.5710501+05:30" endTime="2025-01-10T12:50:38.8349339+05:30" testType="13cdc9d9-ddb5-4fa4-a97d-d965ccfc6d4b" outcome="Passed" testListId="8c84fa94-04c1-424b-9868-57a2d4851a1d" relativeResultsDirectory="04f643de-5aae-499f-b65a-5f2ba70d515d" />
    <UnitTestResult executionId="d34b3d1b-cddb-4754-bce7-3e17cdb80c56" testId="df5e4b7f-8e34-4339-bff1-82d8afd7bda6" testName="TestCompareIntersightObjectOrganizationNegative" computerName="sam-tools01" duration="00:00:00.0004011" startTime="2025-01-10T12:50:38.5704072+05:30" endTime="2025-01-10T12:50:38.5709795+05:30" testType="13cdc9d9-ddb5-4fa4-a97d-d965ccfc6d4b" outcome="Passed" testListId="8c84fa94-04c1-424b-9868-57a2d4851a1d" relativeResultsDirectory="d34b3d1b-cddb-4754-bce7-3e17cdb80c56" />
    <UnitTestResult executionId="bbafb299-c5f4-4ab2-92ab-2a8cec51ff5a" testId="676f2a66-90b8-4a73-a9ea-7e665ce9df0b" testName="TestCompareListMorefNegative" computerName="sam-tools01" duration="00:00:00.0006349" startTime="2025-01-10T12:50:38.9501229+05:30" endTime="2025-01-10T12:50:38.9508985+05:30" testType="13cdc9d9-ddb5-4fa4-a97d-d965ccfc6d4b" outcome="Passed" testListId="8c84fa94-04c1-424b-9868-57a2d4851a1d" relativeResultsDirectory="bbafb299-c5f4-4ab2-92ab-2a8cec51ff5a" />
    <UnitTestResult executionId="07ed523d-a860-49ec-9f98-af1327b4dc79" testId="683b7d75-26f8-4871-b216-d20079da087f" testName="TestCompareListStringNegative" computerName="sam-tools01" duration="00:00:00.0003539" startTime="2025-01-10T12:50:38.9463350+05:30" endTime="2025-01-10T12:50:38.9468201+05:30" testType="13cdc9d9-ddb5-4fa4-a97d-d965ccfc6d4b" outcome="Passed" testListId="8c84fa94-04c1-424b-9868-57a2d4851a1d" relativeResultsDirectory="07ed523d-a860-49ec-9f98-af1327b4dc79" />
    <UnitTestResult executionId="519b5fad-57bf-475a-937e-c006b4df5bf0" testId="c2e1f1c7-803f-451a-a502-2474489fb40d" testName="TestCompareListBool" computerName="sam-tools01" duration="00:00:00.0044032" startTime="2025-01-10T12:50:38.8683990+05:30" endTime="2025-01-10T12:50:38.8729464+05:30" testType="13cdc9d9-ddb5-4fa4-a97d-d965ccfc6d4b" outcome="Passed" testListId="8c84fa94-04c1-424b-9868-57a2d4851a1d" relativeResultsDirectory="519b5fad-57bf-475a-937e-c006b4df5bf0" />
    <UnitTestResult executionId="621755ed-62f8-4925-8790-3c25b9dd8517" testId="e2cf3cb9-1a58-4a7f-85cb-a0b638c81388" testName="TestCompareListInt" computerName="sam-tools01" duration="00:00:00.0066789" startTime="2025-01-10T12:50:38.8609709+05:30" endTime="2025-01-10T12:50:38.8678015+05:30" testType="13cdc9d9-ddb5-4fa4-a97d-d965ccfc6d4b" outcome="Passed" testListId="8c84fa94-04c1-424b-9868-57a2d4851a1d" relativeResultsDirectory="621755ed-62f8-4925-8790-3c25b9dd8517" />
    <UnitTestResult executionId="e73e63cc-e711-4450-afc9-d0b889a69545" testId="e59fbb28-78ba-4b3b-a05c-4e04686e440d" testName="TestCompareIntersightObjectNtpPolicyNegative" computerName="sam-tools01" duration="00:00:00.0009844" startTime="2025-01-10T12:50:38.5312067+05:30" endTime="2025-01-10T12:50:38.5325695+05:30" testType="13cdc9d9-ddb5-4fa4-a97d-d965ccfc6d4b" outcome="Passed" testListId="8c84fa94-04c1-424b-9868-57a2d4851a1d" relativeResultsDirectory="e73e63cc-e711-4450-afc9-d0b889a69545" />
    <UnitTestResult executionId="2c39ffab-cc54-4140-9096-f4244180d195" testId="7c6eeacf-bd27-4194-acab-64935dbe5a6c" testName="TestCompareListForBootDevice" computerName="sam-tools01" duration="00:00:00.0036239" startTime="2025-01-10T12:50:38.9509454+05:30" endTime="2025-01-10T12:50:38.9546974+05:30" testType="13cdc9d9-ddb5-4fa4-a97d-d965ccfc6d4b" outcome="Passed" testListId="8c84fa94-04c1-424b-9868-57a2d4851a1d" relativeResultsDirectory="2c39ffab-cc54-4140-9096-f4244180d195" />
    <UnitTestResult executionId="a2375e2b-c15a-4e43-bd4b-7c562deb7990" testId="bff7b902-6c7b-4384-89f0-d17a52741645" testName="TestCompareDictionaryNegative" computerName="sam-tools01" duration="00:00:00.0003643" startTime="2025-01-10T12:50:38.9667368+05:30" endTime="2025-01-10T12:50:38.9672496+05:30" testType="13cdc9d9-ddb5-4fa4-a97d-d965ccfc6d4b" outcome="Passed" testListId="8c84fa94-04c1-424b-9868-57a2d4851a1d" relativeResultsDirectory="a2375e2b-c15a-4e43-bd4b-7c562deb7990" />
    <UnitTestResult executionId="2d83857c-38d6-49cd-9cf7-30b0208e8b39" testId="de9a1462-2212-4107-a5e2-273ef7d85ded" testName="TestCompareListForBootDeviceNegative2" computerName="sam-tools01" duration="00:00:00.0007996" startTime="2025-01-10T12:50:38.9572696+05:30" endTime="2025-01-10T12:50:38.9582499+05:30" testType="13cdc9d9-ddb5-4fa4-a97d-d965ccfc6d4b" outcome="Passed" testListId="8c84fa94-04c1-424b-9868-57a2d4851a1d" relativeResultsDirectory="2d83857c-38d6-49cd-9cf7-30b0208e8b39" />
    <UnitTestResult executionId="19dbf0ba-6e11-4f49-a339-3d9b4fd68c7e" testId="31ad19b5-e1fa-4b81-8a1d-2793ece3820f" testName="TestCompareDictionary" computerName="sam-tools01" duration="00:00:00.0019448" startTime="2025-01-10T12:50:38.9645635+05:30" endTime="2025-01-10T12:50:38.9666653+05:30" testType="13cdc9d9-ddb5-4fa4-a97d-d965ccfc6d4b" outcome="Passed" testListId="8c84fa94-04c1-424b-9868-57a2d4851a1d" relativeResultsDirectory="19dbf0ba-6e11-4f49-a339-3d9b4fd68c7e" />
    <UnitTestResult executionId="1a37a6b8-0345-4c5b-a153-4ea71b4b9e14" testId="03081e12-5440-4134-815c-94b63ec29770" testName="TestCompareListMoref" computerName="sam-tools01" duration="00:00:00.0030442" startTime="2025-01-10T12:50:38.9468831+05:30" endTime="2025-01-10T12:50:38.9500742+05:30" testType="13cdc9d9-ddb5-4fa4-a97d-d965ccfc6d4b" outcome="Passed" testListId="8c84fa94-04c1-424b-9868-57a2d4851a1d" relativeResultsDirectory="1a37a6b8-0345-4c5b-a153-4ea71b4b9e14" />
    <UnitTestResult executionId="f60e9b8a-ae3e-46d5-a757-6d8f28d83983" testId="c4796fb8-8d5d-44c0-a148-9ffe73f2feb3" testName="TestCompareListMoTagNegative" computerName="sam-tools01" duration="00:00:00.0005111" startTime="2025-01-10T12:50:38.9599741+05:30" endTime="2025-01-10T12:50:38.9606190+05:30" testType="13cdc9d9-ddb5-4fa4-a97d-d965ccfc6d4b" outcome="Passed" testListId="8c84fa94-04c1-424b-9868-57a2d4851a1d" relativeResultsDirectory="f60e9b8a-ae3e-46d5-a757-6d8f28d83983" />
    <UnitTestResult executionId="4c28d667-dacf-41a6-9ff2-128c3c3c1f4e" testId="abb48ec8-2f96-490f-8e91-297a8cd3e2b1" testName="TestCompareIntersightObjectBootPrecisionPolicyNegative" computerName="sam-tools01" duration="00:00:00.0255255" startTime="2025-01-10T12:50:38.8351209+05:30" endTime="2025-01-10T12:50:38.8608941+05:30" testType="13cdc9d9-ddb5-4fa4-a97d-d965ccfc6d4b" outcome="Passed" testListId="8c84fa94-04c1-424b-9868-57a2d4851a1d" relativeResultsDirectory="4c28d667-dacf-41a6-9ff2-128c3c3c1f4e" />
    <UnitTestResult executionId="e956b601-812b-4b3b-b86b-79177f0e28f5" testId="14097382-c976-4590-a29f-ad4b387bbf3c" testName="TestCompareIntersightObjectNtpPolicy" computerName="sam-tools01" duration="00:00:00.4276461" startTime="2025-01-10T12:50:38.0538780+05:30" endTime="2025-01-10T12:50:38.5139703+05:30" testType="13cdc9d9-ddb5-4fa4-a97d-d965ccfc6d4b" outcome="Passed" testListId="8c84fa94-04c1-424b-9868-57a2d4851a1d" relativeResultsDirectory="e956b601-812b-4b3b-b86b-79177f0e28f5" />
    <UnitTestResult executionId="584c0fdd-d0f6-4279-8636-6031d2561cb2" testId="74bc6d30-38ec-4670-a3b7-fc9785f4a6c7" testName="TestCompareDictionaryComplexObject" computerName="sam-tools01" duration="00:00:00.1827992" startTime="2025-01-10T12:50:38.9672973+05:30" endTime="2025-01-10T12:50:39.1506991+05:30" testType="13cdc9d9-ddb5-4fa4-a97d-d965ccfc6d4b" outcome="Passed" testListId="8c84fa94-04c1-424b-9868-57a2d4851a1d" relativeResultsDirectory="584c0fdd-d0f6-4279-8636-6031d2561cb2" />
    <UnitTestResult executionId="4ce01255-ec3b-46d8-8769-b54d5f997396" testId="dc57d169-6425-450e-a343-9ffbc320c223" testName="TestCompareListMoTag" computerName="sam-tools01" duration="00:00:00.0014813" startTime="2025-01-10T12:50:38.9582973+05:30" endTime="2025-01-10T12:50:38.9599253+05:30" testType="13cdc9d9-ddb5-4fa4-a97d-d965ccfc6d4b" outcome="Passed" testListId="8c84fa94-04c1-424b-9868-57a2d4851a1d" relativeResultsDirectory="4ce01255-ec3b-46d8-8769-b54d5f997396" />
    <UnitTestResult executionId="797d6eba-ce52-449f-846a-6c8b5b126bb7" testId="cce811a3-8c49-4d28-b17f-5b610540a9c8" testName="TestCompareListIntNegative" computerName="sam-tools01" duration="00:00:00.0003543" startTime="2025-01-10T12:50:38.8678556+05:30" endTime="2025-01-10T12:50:38.8683469+05:30" testType="13cdc9d9-ddb5-4fa4-a97d-d965ccfc6d4b" outcome="Passed" testListId="8c84fa94-04c1-424b-9868-57a2d4851a1d" relativeResultsDirectory="797d6eba-ce52-449f-846a-6c8b5b126bb7" />
    <UnitTestResult executionId="d4e2b15a-f9e9-4cf1-a68d-8ce08fd0bca6" testId="2164f383-afb0-43f3-bb54-996b596b98b7" testName="TestCompareIntersightObjectOrganization" computerName="sam-tools01" duration="00:00:00.0374405" startTime="2025-01-10T12:50:38.5326662+05:30" endTime="2025-01-10T12:50:38.5703075+05:30" testType="13cdc9d9-ddb5-4fa4-a97d-d965ccfc6d4b" outcome="Passed" testListId="8c84fa94-04c1-424b-9868-57a2d4851a1d" relativeResultsDirectory="d4e2b15a-f9e9-4cf1-a68d-8ce08fd0bca6" />
    <UnitTestResult executionId="b9aeceee-3a34-494b-909c-ff1f94f7c59d" testId="f204dc9c-2e3f-4837-b0ae-170fd27131b5" testName="TestCompareListForBootDeviceNegative" computerName="sam-tools01" duration="00:00:00.0023016" startTime="2025-01-10T12:50:38.9547670+05:30" endTime="2025-01-10T12:50:38.9572073+05:30" testType="13cdc9d9-ddb5-4fa4-a97d-d965ccfc6d4b" outcome="Passed" testListId="8c84fa94-04c1-424b-9868-57a2d4851a1d" relativeResultsDirectory="b9aeceee-3a34-494b-909c-ff1f94f7c59d" />
  </Results>
  <TestDefinitions>
    <UnitTest name="TestCompareDictionary" storage="/home/jenkins/workspace/release-is-powershell-module/src/github.com/cisco-intersight/powershell-generator-intersight/generated/intersight.powershell_1.0.11.2024120409/src/intersight.powershelltest/bin/debug/net6.0/intersight.powershelltest.dll" id="31ad19b5-e1fa-4b81-8a1d-2793ece3820f">
      <Execution id="19dbf0ba-6e11-4f49-a339-3d9b4fd68c7e" />
      <TestMethod codeBase="/home/jenkins/workspace/Release-IS-Powershell-Module/src/github.com/cisco-intersight/powershell-generator-intersight/generated/Intersight.PowerShell_1.0.11.2024120409/src/Intersight.PowerShellTest/bin/Debug/net6.0/Intersight.PowerShellTest.dll" adapterTypeName="executor://mstestadapter/v2" className="Intersight.PowerShellTest.PSUtilsTest" name="TestCompareDictionary" />
    </UnitTest>
    <UnitTest name="TestCompareListString" storage="/home/jenkins/workspace/release-is-powershell-module/src/github.com/cisco-intersight/powershell-generator-intersight/generated/intersight.powershell_1.0.11.2024120409/src/intersight.powershelltest/bin/debug/net6.0/intersight.powershelltest.dll" id="750369b6-b459-431c-9e32-a194fc7387fc">
      <Execution id="3e86fe02-5dcf-4dcd-933e-71dbae0e855f" />
      <TestMethod codeBase="/home/jenkins/workspace/Release-IS-Powershell-Module/src/github.com/cisco-intersight/powershell-generator-intersight/generated/Intersight.PowerShell_1.0.11.2024120409/src/Intersight.PowerShellTest/bin/Debug/net6.0/Intersight.PowerShellTest.dll" adapterTypeName="executor://mstestadapter/v2" className="Intersight.PowerShellTest.PSUtilsTest" name="TestCompareListString" />
    </UnitTest>
    <UnitTest name="TestCompareIntersightObjectOrganizationNegative" storage="/home/jenkins/workspace/release-is-powershell-module/src/github.com/cisco-intersight/powershell-generator-intersight/generated/intersight.powershell_1.0.11.2024120409/src/intersight.powershelltest/bin/debug/net6.0/intersight.powershelltest.dll" id="df5e4b7f-8e34-4339-bff1-82d8afd7bda6">
      <Execution id="d34b3d1b-cddb-4754-bce7-3e17cdb80c56" />
      <TestMethod codeBase="/home/jenkins/workspace/Release-IS-Powershell-Module/src/github.com/cisco-intersight/powershell-generator-intersight/generated/Intersight.PowerShell_1.0.11.2024120409/src/Intersight.PowerShellTest/bin/Debug/net6.0/Intersight.PowerShellTest.dll" adapterTypeName="executor://mstestadapter/v2" className="Intersight.PowerShellTest.PSUtilsTest" name="TestCompareIntersightObjectOrganizationNegative" />
    </UnitTest>
    <UnitTest name="TestCompareIntersightObjectBootPrecisionPolicyNegative" storage="/home/jenkins/workspace/release-is-powershell-module/src/github.com/cisco-intersight/powershell-generator-intersight/generated/intersight.powershell_1.0.11.2024120409/src/intersight.powershelltest/bin/debug/net6.0/intersight.powershelltest.dll" id="abb48ec8-2f96-490f-8e91-297a8cd3e2b1">
      <Execution id="4c28d667-dacf-41a6-9ff2-128c3c3c1f4e" />
      <TestMethod codeBase="/home/jenkins/workspace/Release-IS-Powershell-Module/src/github.com/cisco-intersight/powershell-generator-intersight/generated/Intersight.PowerShell_1.0.11.2024120409/src/Intersight.PowerShellTest/bin/Debug/net6.0/Intersight.PowerShellTest.dll" adapterTypeName="executor://mstestadapter/v2" className="Intersight.PowerShellTest.PSUtilsTest" name="TestCompareIntersightObjectBootPrecisionPolicyNegative" />
    </UnitTest>
    <UnitTest name="TestCompareListMoTag" storage="/home/jenkins/workspace/release-is-powershell-module/src/github.com/cisco-intersight/powershell-generator-intersight/generated/intersight.powershell_1.0.11.2024120409/src/intersight.powershelltest/bin/debug/net6.0/intersight.powershelltest.dll" id="dc57d169-6425-450e-a343-9ffbc320c223">
      <Execution id="4ce01255-ec3b-46d8-8769-b54d5f997396" />
      <TestMethod codeBase="/home/jenkins/workspace/Release-IS-Powershell-Module/src/github.com/cisco-intersight/powershell-generator-intersight/generated/Intersight.PowerShell_1.0.11.2024120409/src/Intersight.PowerShellTest/bin/Debug/net6.0/Intersight.PowerShellTest.dll" adapterTypeName="executor://mstestadapter/v2" className="Intersight.PowerShellTest.PSUtilsTest" name="TestCompareListMoTag" />
    </UnitTest>
    <UnitTest name="TestCompareIntersightObjectBootPrecisionPolicy" storage="/home/jenkins/workspace/release-is-powershell-module/src/github.com/cisco-intersight/powershell-generator-intersight/generated/intersight.powershell_1.0.11.2024120409/src/intersight.powershelltest/bin/debug/net6.0/intersight.powershelltest.dll" id="26d47810-d327-407d-8061-9f5ab252ca08">
      <Execution id="04f643de-5aae-499f-b65a-5f2ba70d515d" />
      <TestMethod codeBase="/home/jenkins/workspace/Release-IS-Powershell-Module/src/github.com/cisco-intersight/powershell-generator-intersight/generated/Intersight.PowerShell_1.0.11.2024120409/src/Intersight.PowerShellTest/bin/Debug/net6.0/Intersight.PowerShellTest.dll" adapterTypeName="executor://mstestadapter/v2" className="Intersight.PowerShellTest.PSUtilsTest" name="TestCompareIntersightObjectBootPrecisionPolicy" />
    </UnitTest>
    <UnitTest name="TestCompareListMoref" storage="/home/jenkins/workspace/release-is-powershell-module/src/github.com/cisco-intersight/powershell-generator-intersight/generated/intersight.powershell_1.0.11.2024120409/src/intersight.powershelltest/bin/debug/net6.0/intersight.powershelltest.dll" id="03081e12-5440-4134-815c-94b63ec29770">
      <Execution id="1a37a6b8-0345-4c5b-a153-4ea71b4b9e14" />
      <TestMethod codeBase="/home/jenkins/workspace/Release-IS-Powershell-Module/src/github.com/cisco-intersight/powershell-generator-intersight/generated/Intersight.PowerShell_1.0.11.2024120409/src/Intersight.PowerShellTest/bin/Debug/net6.0/Intersight.PowerShellTest.dll" adapterTypeName="executor://mstestadapter/v2" className="Intersight.PowerShellTest.PSUtilsTest" name="TestCompareListMoref" />
    </UnitTest>
    <UnitTest name="TestCompareIntersightObjectNtpPolicy" storage="/home/jenkins/workspace/release-is-powershell-module/src/github.com/cisco-intersight/powershell-generator-intersight/generated/intersight.powershell_1.0.11.2024120409/src/intersight.powershelltest/bin/debug/net6.0/intersight.powershelltest.dll" id="14097382-c976-4590-a29f-ad4b387bbf3c">
      <Execution id="e956b601-812b-4b3b-b86b-79177f0e28f5" />
      <TestMethod codeBase="/home/jenkins/workspace/Release-IS-Powershell-Module/src/github.com/cisco-intersight/powershell-generator-intersight/generated/Intersight.PowerShell_1.0.11.2024120409/src/Intersight.PowerShellTest/bin/Debug/net6.0/Intersight.PowerShellTest.dll" adapterTypeName="executor://mstestadapter/v2" className="Intersight.PowerShellTest.PSUtilsTest" name="TestCompareIntersightObjectNtpPolicy" />
    </UnitTest>
    <UnitTest name="TestCompareListForBootDeviceNegative2" storage="/home/jenkins/workspace/release-is-powershell-module/src/github.com/cisco-intersight/powershell-generator-intersight/generated/intersight.powershell_1.0.11.2024120409/src/intersight.powershelltest/bin/debug/net6.0/intersight.powershelltest.dll" id="de9a1462-2212-4107-a5e2-273ef7d85ded">
      <Execution id="2d83857c-38d6-49cd-9cf7-30b0208e8b39" />
      <TestMethod codeBase="/home/jenkins/workspace/Release-IS-Powershell-Module/src/github.com/cisco-intersight/powershell-generator-intersight/generated/Intersight.PowerShell_1.0.11.2024120409/src/Intersight.PowerShellTest/bin/Debug/net6.0/Intersight.PowerShellTest.dll" adapterTypeName="executor://mstestadapter/v2" className="Intersight.PowerShellTest.PSUtilsTest" name="TestCompareListForBootDeviceNegative2" />
    </UnitTest>
    <UnitTest name="TestCompareListMoTagNegative" storage="/home/jenkins/workspace/release-is-powershell-module/src/github.com/cisco-intersight/powershell-generator-intersight/generated/intersight.powershell_1.0.11.2024120409/src/intersight.powershelltest/bin/debug/net6.0/intersight.powershelltest.dll" id="c4796fb8-8d5d-44c0-a148-9ffe73f2feb3">
      <Execution id="f60e9b8a-ae3e-46d5-a757-6d8f28d83983" />
      <TestMethod codeBase="/home/jenkins/workspace/Release-IS-Powershell-Module/src/github.com/cisco-intersight/powershell-generator-intersight/generated/Intersight.PowerShell_1.0.11.2024120409/src/Intersight.PowerShellTest/bin/Debug/net6.0/Intersight.PowerShellTest.dll" adapterTypeName="executor://mstestadapter/v2" className="Intersight.PowerShellTest.PSUtilsTest" name="TestCompareListMoTagNegative" />
    </UnitTest>
    <UnitTest name="TestCompareListIntNegative" storage="/home/jenkins/workspace/release-is-powershell-module/src/github.com/cisco-intersight/powershell-generator-intersight/generated/intersight.powershell_1.0.11.2024120409/src/intersight.powershelltest/bin/debug/net6.0/intersight.powershelltest.dll" id="cce811a3-8c49-4d28-b17f-5b610540a9c8">
      <Execution id="797d6eba-ce52-449f-846a-6c8b5b126bb7" />
      <TestMethod codeBase="/home/jenkins/workspace/Release-IS-Powershell-Module/src/github.com/cisco-intersight/powershell-generator-intersight/generated/Intersight.PowerShell_1.0.11.2024120409/src/Intersight.PowerShellTest/bin/Debug/net6.0/Intersight.PowerShellTest.dll" adapterTypeName="executor://mstestadapter/v2" className="Intersight.PowerShellTest.PSUtilsTest" name="TestCompareListIntNegative" />
    </UnitTest>
    <UnitTest name="TestCompareDictionaryNegative" storage="/home/jenkins/workspace/release-is-powershell-module/src/github.com/cisco-intersight/powershell-generator-intersight/generated/intersight.powershell_1.0.11.2024120409/src/intersight.powershelltest/bin/debug/net6.0/intersight.powershelltest.dll" id="bff7b902-6c7b-4384-89f0-d17a52741645">
      <Execution id="a2375e2b-c15a-4e43-bd4b-7c562deb7990" />
      <TestMethod codeBase="/home/jenkins/workspace/Release-IS-Powershell-Module/src/github.com/cisco-intersight/powershell-generator-intersight/generated/Intersight.PowerShell_1.0.11.2024120409/src/Intersight.PowerShellTest/bin/Debug/net6.0/Intersight.PowerShellTest.dll" adapterTypeName="executor://mstestadapter/v2" className="Intersight.PowerShellTest.PSUtilsTest" name="TestCompareDictionaryNegative" />
    </UnitTest>
    <UnitTest name="TestCompareIntersightObjectNtpPolicyNegative" storage="/home/jenkins/workspace/release-is-powershell-module/src/github.com/cisco-intersight/powershell-generator-intersight/generated/intersight.powershell_1.0.11.2024120409/src/intersight.powershelltest/bin/debug/net6.0/intersight.powershelltest.dll" id="e59fbb28-78ba-4b3b-a05c-4e04686e440d">
      <Execution id="e73e63cc-e711-4450-afc9-d0b889a69545" />
      <TestMethod codeBase="/home/jenkins/workspace/Release-IS-Powershell-Module/src/github.com/cisco-intersight/powershell-generator-intersight/generated/Intersight.PowerShell_1.0.11.2024120409/src/Intersight.PowerShellTest/bin/Debug/net6.0/Intersight.PowerShellTest.dll" adapterTypeName="executor://mstestadapter/v2" className="Intersight.PowerShellTest.PSUtilsTest" name="TestCompareIntersightObjectNtpPolicyNegative" />
    </UnitTest>
    <UnitTest name="TestCompareListForBootDevice" storage="/home/jenkins/workspace/release-is-powershell-module/src/github.com/cisco-intersight/powershell-generator-intersight/generated/intersight.powershell_1.0.11.2024120409/src/intersight.powershelltest/bin/debug/net6.0/intersight.powershelltest.dll" id="7c6eeacf-bd27-4194-acab-64935dbe5a6c">
      <Execution id="2c39ffab-cc54-4140-9096-f4244180d195" />
      <TestMethod codeBase="/home/jenkins/workspace/Release-IS-Powershell-Module/src/github.com/cisco-intersight/powershell-generator-intersight/generated/Intersight.PowerShell_1.0.11.2024120409/src/Intersight.PowerShellTest/bin/Debug/net6.0/Intersight.PowerShellTest.dll" adapterTypeName="executor://mstestadapter/v2" className="Intersight.PowerShellTest.PSUtilsTest" name="TestCompareListForBootDevice" />
    </UnitTest>
    <UnitTest name="TestCompareListBool" storage="/home/jenkins/workspace/release-is-powershell-module/src/github.com/cisco-intersight/powershell-generator-intersight/generated/intersight.powershell_1.0.11.2024120409/src/intersight.powershelltest/bin/debug/net6.0/intersight.powershelltest.dll" id="c2e1f1c7-803f-451a-a502-2474489fb40d">
      <Execution id="519b5fad-57bf-475a-937e-c006b4df5bf0" />
      <TestMethod codeBase="/home/jenkins/workspace/Release-IS-Powershell-Module/src/github.com/cisco-intersight/powershell-generator-intersight/generated/Intersight.PowerShell_1.0.11.2024120409/src/Intersight.PowerShellTest/bin/Debug/net6.0/Intersight.PowerShellTest.dll" adapterTypeName="executor://mstestadapter/v2" className="Intersight.PowerShellTest.PSUtilsTest" name="TestCompareListBool" />
    </UnitTest>
    <UnitTest name="TestCompareIntersightObjectOrganization" storage="/home/jenkins/workspace/release-is-powershell-module/src/github.com/cisco-intersight/powershell-generator-intersight/generated/intersight.powershell_1.0.11.2024120409/src/intersight.powershelltest/bin/debug/net6.0/intersight.powershelltest.dll" id="2164f383-afb0-43f3-bb54-996b596b98b7">
      <Execution id="d4e2b15a-f9e9-4cf1-a68d-8ce08fd0bca6" />
      <TestMethod codeBase="/home/jenkins/workspace/Release-IS-Powershell-Module/src/github.com/cisco-intersight/powershell-generator-intersight/generated/Intersight.PowerShell_1.0.11.2024120409/src/Intersight.PowerShellTest/bin/Debug/net6.0/Intersight.PowerShellTest.dll" adapterTypeName="executor://mstestadapter/v2" className="Intersight.PowerShellTest.PSUtilsTest" name="TestCompareIntersightObjectOrganization" />
    </UnitTest>
    <UnitTest name="TestCompareListStringNegative" storage="/home/jenkins/workspace/release-is-powershell-module/src/github.com/cisco-intersight/powershell-generator-intersight/generated/intersight.powershell_1.0.11.2024120409/src/intersight.powershelltest/bin/debug/net6.0/intersight.powershelltest.dll" id="683b7d75-26f8-4871-b216-d20079da087f">
      <Execution id="07ed523d-a860-49ec-9f98-af1327b4dc79" />
      <TestMethod codeBase="/home/jenkins/workspace/Release-IS-Powershell-Module/src/github.com/cisco-intersight/powershell-generator-intersight/generated/Intersight.PowerShell_1.0.11.2024120409/src/Intersight.PowerShellTest/bin/Debug/net6.0/Intersight.PowerShellTest.dll" adapterTypeName="executor://mstestadapter/v2" className="Intersight.PowerShellTest.PSUtilsTest" name="TestCompareListStringNegative" />
    </UnitTest>
    <UnitTest name="TestCompareListMorefNegative" storage="/home/jenkins/workspace/release-is-powershell-module/src/github.com/cisco-intersight/powershell-generator-intersight/generated/intersight.powershell_1.0.11.2024120409/src/intersight.powershelltest/bin/debug/net6.0/intersight.powershelltest.dll" id="676f2a66-90b8-4a73-a9ea-7e665ce9df0b">
      <Execution id="bbafb299-c5f4-4ab2-92ab-2a8cec51ff5a" />
      <TestMethod codeBase="/home/jenkins/workspace/Release-IS-Powershell-Module/src/github.com/cisco-intersight/powershell-generator-intersight/generated/Intersight.PowerShell_1.0.11.2024120409/src/Intersight.PowerShellTest/bin/Debug/net6.0/Intersight.PowerShellTest.dll" adapterTypeName="executor://mstestadapter/v2" className="Intersight.PowerShellTest.PSUtilsTest" name="TestCompareListMorefNegative" />
    </UnitTest>
    <UnitTest name="TestCompareListInt" storage="/home/jenkins/workspace/release-is-powershell-module/src/github.com/cisco-intersight/powershell-generator-intersight/generated/intersight.powershell_1.0.11.2024120409/src/intersight.powershelltest/bin/debug/net6.0/intersight.powershelltest.dll" id="e2cf3cb9-1a58-4a7f-85cb-a0b638c81388">
      <Execution id="621755ed-62f8-4925-8790-3c25b9dd8517" />
      <TestMethod codeBase="/home/jenkins/workspace/Release-IS-Powershell-Module/src/github.com/cisco-intersight/powershell-generator-intersight/generated/Intersight.PowerShell_1.0.11.2024120409/src/Intersight.PowerShellTest/bin/Debug/net6.0/Intersight.PowerShellTest.dll" adapterTypeName="executor://mstestadapter/v2" className="Intersight.PowerShellTest.PSUtilsTest" name="TestCompareListInt" />
    </UnitTest>
    <UnitTest name="TestCompareDictionaryComplexObject" storage="/home/jenkins/workspace/release-is-powershell-module/src/github.com/cisco-intersight/powershell-generator-intersight/generated/intersight.powershell_1.0.11.2024120409/src/intersight.powershelltest/bin/debug/net6.0/intersight.powershelltest.dll" id="74bc6d30-38ec-4670-a3b7-fc9785f4a6c7">
      <Execution id="584c0fdd-d0f6-4279-8636-6031d2561cb2" />
      <TestMethod codeBase="/home/jenkins/workspace/Release-IS-Powershell-Module/src/github.com/cisco-intersight/powershell-generator-intersight/generated/Intersight.PowerShell_1.0.11.2024120409/src/Intersight.PowerShellTest/bin/Debug/net6.0/Intersight.PowerShellTest.dll" adapterTypeName="executor://mstestadapter/v2" className="Intersight.PowerShellTest.PSUtilsTest" name="TestCompareDictionaryComplexObject" />
    </UnitTest>
    <UnitTest name="TestCompareListForBootDeviceNegative" storage="/home/jenkins/workspace/release-is-powershell-module/src/github.com/cisco-intersight/powershell-generator-intersight/generated/intersight.powershell_1.0.11.2024120409/src/intersight.powershelltest/bin/debug/net6.0/intersight.powershelltest.dll" id="f204dc9c-2e3f-4837-b0ae-170fd27131b5">
      <Execution id="b9aeceee-3a34-494b-909c-ff1f94f7c59d" />
      <TestMethod codeBase="/home/jenkins/workspace/Release-IS-Powershell-Module/src/github.com/cisco-intersight/powershell-generator-intersight/generated/Intersight.PowerShell_1.0.11.2024120409/src/Intersight.PowerShellTest/bin/Debug/net6.0/Intersight.PowerShellTest.dll" adapterTypeName="executor://mstestadapter/v2" className="Intersight.PowerShellTest.PSUtilsTest" name="TestCompareListForBootDeviceNegative" />
    </UnitTest>
  </TestDefinitions>
  <TestEntries>
    <TestEntry testId="750369b6-b459-431c-9e32-a194fc7387fc" executionId="3e86fe02-5dcf-4dcd-933e-71dbae0e855f" testListId="8c84fa94-04c1-424b-9868-57a2d4851a1d" />
    <TestEntry testId="26d47810-d327-407d-8061-9f5ab252ca08" executionId="04f643de-5aae-499f-b65a-5f2ba70d515d" testListId="8c84fa94-04c1-424b-9868-57a2d4851a1d" />
    <TestEntry testId="df5e4b7f-8e34-4339-bff1-82d8afd7bda6" executionId="d34b3d1b-cddb-4754-bce7-3e17cdb80c56" testListId="8c84fa94-04c1-424b-9868-57a2d4851a1d" />
    <TestEntry testId="676f2a66-90b8-4a73-a9ea-7e665ce9df0b" executionId="bbafb299-c5f4-4ab2-92ab-2a8cec51ff5a" testListId="8c84fa94-04c1-424b-9868-57a2d4851a1d" />
    <TestEntry testId="683b7d75-26f8-4871-b216-d20079da087f" executionId="07ed523d-a860-49ec-9f98-af1327b4dc79" testListId="8c84fa94-04c1-424b-9868-57a2d4851a1d" />
    <TestEntry testId="c2e1f1c7-803f-451a-a502-2474489fb40d" executionId="519b5fad-57bf-475a-937e-c006b4df5bf0" testListId="8c84fa94-04c1-424b-9868-57a2d4851a1d" />
    <TestEntry testId="e2cf3cb9-1a58-4a7f-85cb-a0b638c81388" executionId="621755ed-62f8-4925-8790-3c25b9dd8517" testListId="8c84fa94-04c1-424b-9868-57a2d4851a1d" />
    <TestEntry testId="e59fbb28-78ba-4b3b-a05c-4e04686e440d" executionId="e73e63cc-e711-4450-afc9-d0b889a69545" testListId="8c84fa94-04c1-424b-9868-57a2d4851a1d" />
    <TestEntry testId="7c6eeacf-bd27-4194-acab-64935dbe5a6c" executionId="2c39ffab-cc54-4140-9096-f4244180d195" testListId="8c84fa94-04c1-424b-9868-57a2d4851a1d" />
    <TestEntry testId="bff7b902-6c7b-4384-89f0-d17a52741645" executionId="a2375e2b-c15a-4e43-bd4b-7c562deb7990" testListId="8c84fa94-04c1-424b-9868-57a2d4851a1d" />
    <TestEntry testId="de9a1462-2212-4107-a5e2-273ef7d85ded" executionId="2d83857c-38d6-49cd-9cf7-30b0208e8b39" testListId="8c84fa94-04c1-424b-9868-57a2d4851a1d" />
    <TestEntry testId="31ad19b5-e1fa-4b81-8a1d-2793ece3820f" executionId="19dbf0ba-6e11-4f49-a339-3d9b4fd68c7e" testListId="8c84fa94-04c1-424b-9868-57a2d4851a1d" />
    <TestEntry testId="03081e12-5440-4134-815c-94b63ec29770" executionId="1a37a6b8-0345-4c5b-a153-4ea71b4b9e14" testListId="8c84fa94-04c1-424b-9868-57a2d4851a1d" />
    <TestEntry testId="c4796fb8-8d5d-44c0-a148-9ffe73f2feb3" executionId="f60e9b8a-ae3e-46d5-a757-6d8f28d83983" testListId="8c84fa94-04c1-424b-9868-57a2d4851a1d" />
    <TestEntry testId="abb48ec8-2f96-490f-8e91-297a8cd3e2b1" executionId="4c28d667-dacf-41a6-9ff2-128c3c3c1f4e" testListId="8c84fa94-04c1-424b-9868-57a2d4851a1d" />
    <TestEntry testId="14097382-c976-4590-a29f-ad4b387bbf3c" executionId="e956b601-812b-4b3b-b86b-79177f0e28f5" testListId="8c84fa94-04c1-424b-9868-57a2d4851a1d" />
    <TestEntry testId="74bc6d30-38ec-4670-a3b7-fc9785f4a6c7" executionId="584c0fdd-d0f6-4279-8636-6031d2561cb2" testListId="8c84fa94-04c1-424b-9868-57a2d4851a1d" />
    <TestEntry testId="dc57d169-6425-450e-a343-9ffbc320c223" executionId="4ce01255-ec3b-46d8-8769-b54d5f997396" testListId="8c84fa94-04c1-424b-9868-57a2d4851a1d" />
    <TestEntry testId="cce811a3-8c49-4d28-b17f-5b610540a9c8" executionId="797d6eba-ce52-449f-846a-6c8b5b126bb7" testListId="8c84fa94-04c1-424b-9868-57a2d4851a1d" />
    <TestEntry testId="2164f383-afb0-43f3-bb54-996b596b98b7" executionId="d4e2b15a-f9e9-4cf1-a68d-8ce08fd0bca6" testListId="8c84fa94-04c1-424b-9868-57a2d4851a1d" />
    <TestEntry testId="f204dc9c-2e3f-4837-b0ae-170fd27131b5" executionId="b9aeceee-3a34-494b-909c-ff1f94f7c59d" testListId="8c84fa94-04c1-424b-9868-57a2d4851a1d" />
  </TestEntries>
  <TestLists>
    <TestList name="Results Not in a List" id="8c84fa94-04c1-424b-9868-57a2d4851a1d" />
    <TestList name="All Loaded Results" id="19431567-8539-422a-85d7-44ee4e166bda" />
  </TestLists>
  <ResultSummary outcome="Completed">
    <Counters total="21" executed="21" passed="21" failed="0" error="0" timeout="0" aborted="0" inconclusive="0" passedButRunAborted="0" notRunnable="0" notExecuted="0" disconnected="0" warning="0" completed="0" inProgress="0" pending="0" />
  </ResultSummary>
</TestRun>