<?xml version="1.0" encoding="utf-8"?>
<TestRun id="0ff6b469-cd31-4e7a-977a-e4566b5f7dd4" name="@sam-tools01 2025-08-12 18:36:54" xmlns="http://microsoft.com/schemas/VisualStudio/TeamTest/2010">
  <Times creation="2025-08-12T18:36:54.8218570+05:30" queuing="2025-08-12T18:36:54.8218571+05:30" start="2025-08-12T18:36:52.5173493+05:30" finish="2025-08-12T18:36:55.1088719+05:30" />
  <TestSettings name="default" id="95b39955-6dd2-4c21-a5ad-c0440378223e">
    <Deployment runDeploymentRoot="_sam-tools01_2025-08-12_18_36_54" />
  </TestSettings>
  <Results>
    <UnitTestResult executionId="41ad9ea3-e3fd-4c99-8111-0e3527510037" testId="29190111-74c5-b955-85d1-f6446d9f3326" testName="TestCompareIntersightObjectOrganization" computerName="sam-tools01" duration="00:00:00.0430473" startTime="2025-08-12T18:36:54.2859582+05:30" endTime="2025-08-12T18:36:54.3291972+05:30" testType="13cdc9d9-ddb5-4fa4-a97d-d965ccfc6d4b" outcome="Passed" testListId="8c84fa94-04c1-424b-9868-57a2d4851a1d" relativeResultsDirectory="41ad9ea3-e3fd-4c99-8111-0e3527510037" />
    <UnitTestResult executionId="99d9eef6-b228-4f84-a44b-df3f0bdc3c71" testId="1db52ae6-de71-4f43-9eeb-027f31c87948" testName="TestCompareListInt" computerName="sam-tools01" duration="00:00:00.0044633" startTime="2025-08-12T18:36:54.6399840+05:30" endTime="2025-08-12T18:36:54.6446196+05:30" testType="13cdc9d9-ddb5-4fa4-a97d-d965ccfc6d4b" outcome="Passed" testListId="8c84fa94-04c1-424b-9868-57a2d4851a1d" relativeResultsDirectory="99d9eef6-b228-4f84-a44b-df3f0bdc3c71" />
    <UnitTestResult executionId="22b48e42-c77a-4679-b971-7fbccec63dba" testId="f5172029-ac9e-c3e9-fbc4-3c68019ec0b7" testName="TestCompareListStringNegative" computerName="sam-tools01" duration="00:00:00.0002741" startTime="2025-08-12T18:36:54.7112092+05:30" endTime="2025-08-12T18:36:54.7116743+05:30" testType="13cdc9d9-ddb5-4fa4-a97d-d965ccfc6d4b" outcome="Passed" testListId="8c84fa94-04c1-424b-9868-57a2d4851a1d" relativeResultsDirectory="22b48e42-c77a-4679-b971-7fbccec63dba" />
    <UnitTestResult executionId="195d8954-87bc-4352-9ec1-2d310eda503a" testId="b10c1996-ca07-2342-84f2-dbd5e05100b8" testName="TestCompareDictionary" computerName="sam-tools01" duration="00:00:00.0016144" startTime="2025-08-12T18:36:54.7296806+05:30" endTime="2025-08-12T18:36:54.7314818+05:30" testType="13cdc9d9-ddb5-4fa4-a97d-d965ccfc6d4b" outcome="Passed" testListId="8c84fa94-04c1-424b-9868-57a2d4851a1d" relativeResultsDirectory="195d8954-87bc-4352-9ec1-2d310eda503a" />
    <UnitTestResult executionId="8880585b-3e6a-4e60-9a85-d504a9ed93ed" testId="af74a405-21fd-b582-370c-8a17fa063b8c" testName="TestCompareListForBootDeviceNegative" computerName="sam-tools01" duration="00:00:00.0025747" startTime="2025-08-12T18:36:54.7192364+05:30" endTime="2025-08-12T18:36:54.7219806+05:30" testType="13cdc9d9-ddb5-4fa4-a97d-d965ccfc6d4b" outcome="Passed" testListId="8c84fa94-04c1-424b-9868-57a2d4851a1d" relativeResultsDirectory="8880585b-3e6a-4e60-9a85-d504a9ed93ed" />
    <UnitTestResult executionId="b0e6cffb-d075-497a-9ed7-947167291070" testId="a1b2ed2e-9057-ffb1-4686-d9af3d443417" testName="TestCompareListForBootDevice" computerName="sam-tools01" duration="00:00:00.0035395" startTime="2025-08-12T18:36:54.7154318+05:30" endTime="2025-08-12T18:36:54.7191506+05:30" testType="13cdc9d9-ddb5-4fa4-a97d-d965ccfc6d4b" outcome="Passed" testListId="8c84fa94-04c1-424b-9868-57a2d4851a1d" relativeResultsDirectory="b0e6cffb-d075-497a-9ed7-947167291070" />
    <UnitTestResult executionId="ece54fa6-20ae-45f6-ab4c-fb697238be3c" testId="88ea40e3-ec5b-43a5-c99a-e2b6678029d4" testName="TestCompareListBool" computerName="sam-tools01" duration="00:00:00.0021118" startTime="2025-08-12T18:36:54.6452969+05:30" endTime="2025-08-12T18:36:54.6475880+05:30" testType="13cdc9d9-ddb5-4fa4-a97d-d965ccfc6d4b" outcome="Passed" testListId="8c84fa94-04c1-424b-9868-57a2d4851a1d" relativeResultsDirectory="ece54fa6-20ae-45f6-ab4c-fb697238be3c" />
    <UnitTestResult executionId="2d542cb1-4581-4414-abc6-8f272c11dfd1" testId="784db588-4279-ecee-6ebf-d593d81facb2" testName="TestCompareListMorefNegative" computerName="sam-tools01" duration="00:00:00.0004994" startTime="2025-08-12T18:36:54.7146887+05:30" endTime="2025-08-12T18:36:54.7153669+05:30" testType="13cdc9d9-ddb5-4fa4-a97d-d965ccfc6d4b" outcome="Passed" testListId="8c84fa94-04c1-424b-9868-57a2d4851a1d" relativeResultsDirectory="2d542cb1-4581-4414-abc6-8f272c11dfd1" />
    <UnitTestResult executionId="ff355410-0a60-400b-bdde-a34b2e8010f2" testId="5a9cdfb0-8f5b-b57c-e6a8-b11d60be279d" testName="TestCompareListIntNegative" computerName="sam-tools01" duration="00:00:00.0003264" startTime="2025-08-12T18:36:54.6446902+05:30" endTime="2025-08-12T18:36:54.6451956+05:30" testType="13cdc9d9-ddb5-4fa4-a97d-d965ccfc6d4b" outcome="Passed" testListId="8c84fa94-04c1-424b-9868-57a2d4851a1d" relativeResultsDirectory="ff355410-0a60-400b-bdde-a34b2e8010f2" />
    <UnitTestResult executionId="9f67be96-f150-4ba6-87d6-c8caeb27d792" testId="bf562289-5a4d-7a89-8d64-28cb5bf97a3c" testName="TestCompareListMoTagNegative" computerName="sam-tools01" duration="00:00:00.0004050" startTime="2025-08-12T18:36:54.7244336+05:30" endTime="2025-08-12T18:36:54.7250031+05:30" testType="13cdc9d9-ddb5-4fa4-a97d-d965ccfc6d4b" outcome="Passed" testListId="8c84fa94-04c1-424b-9868-57a2d4851a1d" relativeResultsDirectory="9f67be96-f150-4ba6-87d6-c8caeb27d792" />
    <UnitTestResult executionId="56f049a4-e520-4ded-8c98-6868c29339ee" testId="0c6cda6b-cbbb-2afd-190e-3a871772306f" testName="TestCompareListMoref" computerName="sam-tools01" duration="00:00:00.0027034" startTime="2025-08-12T18:36:54.7117421+05:30" endTime="2025-08-12T18:36:54.7146203+05:30" testType="13cdc9d9-ddb5-4fa4-a97d-d965ccfc6d4b" outcome="Passed" testListId="8c84fa94-04c1-424b-9868-57a2d4851a1d" relativeResultsDirectory="56f049a4-e520-4ded-8c98-6868c29339ee" />
    <UnitTestResult executionId="c69e2000-6d66-4e2e-8fbf-2650d715e809" testId="b3886f1e-26df-1da8-ce00-27028925c5ec" testName="TestCompareIntersightObjectOrganizationNegative" computerName="sam-tools01" duration="00:00:00.0003632" startTime="2025-08-12T18:36:54.3292981+05:30" endTime="2025-08-12T18:36:54.3298445+05:30" testType="13cdc9d9-ddb5-4fa4-a97d-d965ccfc6d4b" outcome="Passed" testListId="8c84fa94-04c1-424b-9868-57a2d4851a1d" relativeResultsDirectory="c69e2000-6d66-4e2e-8fbf-2650d715e809" />
    <UnitTestResult executionId="479a7d83-958e-4e77-a6dc-e85539c69732" testId="e11b186c-5a67-a39b-7976-36ed1bbcd11a" testName="TestCompareListString" computerName="sam-tools01" duration="00:00:00.0014910" startTime="2025-08-12T18:36:54.7094493+05:30" endTime="2025-08-12T18:36:54.7111337+05:30" testType="13cdc9d9-ddb5-4fa4-a97d-d965ccfc6d4b" outcome="Passed" testListId="8c84fa94-04c1-424b-9868-57a2d4851a1d" relativeResultsDirectory="479a7d83-958e-4e77-a6dc-e85539c69732" />
    <UnitTestResult executionId="710467c3-d6fd-4367-b887-deb1d96458ce" testId="059965c2-36bd-5e5b-97dd-d4ab6d9c4fbe" testName="TestCompareDictionaryComplexObject" computerName="sam-tools01" duration="00:00:00.2710612" startTime="2025-08-12T18:36:54.7321377+05:30" endTime="2025-08-12T18:36:55.0037182+05:30" testType="13cdc9d9-ddb5-4fa4-a97d-d965ccfc6d4b" outcome="Passed" testListId="8c84fa94-04c1-424b-9868-57a2d4851a1d" relativeResultsDirectory="710467c3-d6fd-4367-b887-deb1d96458ce" />
    <UnitTestResult executionId="c91d58a8-131e-4c85-99c7-5b6b25462b33" testId="8258a73b-bc00-ed98-fa41-0b083d455901" testName="TestCompareIntersightObjectBootPrecisionPolicy" computerName="sam-tools01" duration="00:00:00.2785284" startTime="2025-08-12T18:36:54.3299198+05:30" endTime="2025-08-12T18:36:54.6086747+05:30" testType="13cdc9d9-ddb5-4fa4-a97d-d965ccfc6d4b" outcome="Passed" testListId="8c84fa94-04c1-424b-9868-57a2d4851a1d" relativeResultsDirectory="c91d58a8-131e-4c85-99c7-5b6b25462b33" />
    <UnitTestResult executionId="5fecbdfa-0907-457b-a86a-6a2ff5077307" testId="67fe35a3-9c2f-b0bc-0bca-682f70341349" testName="TestCompareDictionaryNegative" computerName="sam-tools01" duration="00:00:00.0003378" startTime="2025-08-12T18:36:54.7315569+05:30" endTime="2025-08-12T18:36:54.7320606+05:30" testType="13cdc9d9-ddb5-4fa4-a97d-d965ccfc6d4b" outcome="Passed" testListId="8c84fa94-04c1-424b-9868-57a2d4851a1d" relativeResultsDirectory="5fecbdfa-0907-457b-a86a-6a2ff5077307" />
    <UnitTestResult executionId="c115bce9-775e-4be9-8525-c49d8e133bdc" testId="25efd544-f2d1-bce7-85cd-13c8daa9f9e0" testName="TestCompareIntersightObjectBootPrecisionPolicyNegative" computerName="sam-tools01" duration="00:00:00.0308362" startTime="2025-08-12T18:36:54.6088128+05:30" endTime="2025-08-12T18:36:54.6398944+05:30" testType="13cdc9d9-ddb5-4fa4-a97d-d965ccfc6d4b" outcome="Passed" testListId="8c84fa94-04c1-424b-9868-57a2d4851a1d" relativeResultsDirectory="c115bce9-775e-4be9-8525-c49d8e133bdc" />
    <UnitTestResult executionId="501826ac-b66f-4cec-bd6f-51521b2834ec" testId="bff6c437-3beb-39f9-80a5-87eccac911ed" testName="TestCompareIntersightObjectNtpPolicy" computerName="sam-tools01" duration="00:00:00.7235941" startTime="2025-08-12T18:36:53.5308595+05:30" endTime="2025-08-12T18:36:54.2742434+05:30" testType="13cdc9d9-ddb5-4fa4-a97d-d965ccfc6d4b" outcome="Passed" testListId="8c84fa94-04c1-424b-9868-57a2d4851a1d" relativeResultsDirectory="501826ac-b66f-4cec-bd6f-51521b2834ec" />
    <UnitTestResult executionId="12fd3776-af7c-4884-962f-b6bd5cf01cbc" testId="af46402b-c5ea-bd3a-5e0c-2049af859c7d" testName="TestCompareListForBootDeviceNegative2" computerName="sam-tools01" duration="00:00:00.0006412" startTime="2025-08-12T18:36:54.7220574+05:30" endTime="2025-08-12T18:36:54.7229482+05:30" testType="13cdc9d9-ddb5-4fa4-a97d-d965ccfc6d4b" outcome="Passed" testListId="8c84fa94-04c1-424b-9868-57a2d4851a1d" relativeResultsDirectory="12fd3776-af7c-4884-962f-b6bd5cf01cbc" />
    <UnitTestResult executionId="6d8b543c-12be-449d-acff-0aeff29d08ef" testId="21d6bdd3-dab8-5932-c926-48f8362b179c" testName="TestCompareIntersightObjectNtpPolicyNegative" computerName="sam-tools01" duration="00:00:00.0010029" startTime="2025-08-12T18:36:54.2839615+05:30" endTime="2025-08-12T18:36:54.2853184+05:30" testType="13cdc9d9-ddb5-4fa4-a97d-d965ccfc6d4b" outcome="Passed" testListId="8c84fa94-04c1-424b-9868-57a2d4851a1d" relativeResultsDirectory="6d8b543c-12be-449d-acff-0aeff29d08ef" />
    <UnitTestResult executionId="5e9f90fb-4b93-4431-b988-55f6fd0a4203" testId="aabf11cb-24b4-212d-0c32-fc3bcd8d8940" testName="TestCompareListMoTag" computerName="sam-tools01" duration="00:00:00.0011886" startTime="2025-08-12T18:36:54.7230161+05:30" endTime="2025-08-12T18:36:54.7243669+05:30" testType="13cdc9d9-ddb5-4fa4-a97d-d965ccfc6d4b" outcome="Passed" testListId="8c84fa94-04c1-424b-9868-57a2d4851a1d" relativeResultsDirectory="5e9f90fb-4b93-4431-b988-55f6fd0a4203" />
  </Results>
  <TestDefinitions>
    <UnitTest name="TestCompareListMorefNegative" storage="/home/jenkins/workspace/release-is-powershell-module/src/github.com/cisco-intersight/powershell-generator-intersight/generated/intersight.powershell_1.0.11.2025071017/src/intersight.powershelltest/bin/debug/net8.0/intersight.powershelltest.dll" id="784db588-4279-ecee-6ebf-d593d81facb2">
      <Execution id="2d542cb1-4581-4414-abc6-8f272c11dfd1" />
      <TestMethod codeBase="/home/jenkins/workspace/Release-IS-Powershell-Module/src/github.com/cisco-intersight/powershell-generator-intersight/generated/Intersight.PowerShell_1.0.11.2025071017/src/Intersight.PowerShellTest/bin/Debug/net8.0/Intersight.PowerShellTest.dll" adapterTypeName="executor://mstestadapter/v2" className="Intersight.PowerShellTest.PSUtilsTest" name="TestCompareListMorefNegative" />
    </UnitTest>
    <UnitTest name="TestCompareListIntNegative" storage="/home/jenkins/workspace/release-is-powershell-module/src/github.com/cisco-intersight/powershell-generator-intersight/generated/intersight.powershell_1.0.11.2025071017/src/intersight.powershelltest/bin/debug/net8.0/intersight.powershelltest.dll" id="5a9cdfb0-8f5b-b57c-e6a8-b11d60be279d">
      <Execution id="ff355410-0a60-400b-bdde-a34b2e8010f2" />
      <TestMethod codeBase="/home/jenkins/workspace/Release-IS-Powershell-Module/src/github.com/cisco-intersight/powershell-generator-intersight/generated/Intersight.PowerShell_1.0.11.2025071017/src/Intersight.PowerShellTest/bin/Debug/net8.0/Intersight.PowerShellTest.dll" adapterTypeName="executor://mstestadapter/v2" className="Intersight.PowerShellTest.PSUtilsTest" name="TestCompareListIntNegative" />
    </UnitTest>
    <UnitTest name="TestCompareDictionaryComplexObject" storage="/home/jenkins/workspace/release-is-powershell-module/src/github.com/cisco-intersight/powershell-generator-intersight/generated/intersight.powershell_1.0.11.2025071017/src/intersight.powershelltest/bin/debug/net8.0/intersight.powershelltest.dll" id="059965c2-36bd-5e5b-97dd-d4ab6d9c4fbe">
      <Execution id="710467c3-d6fd-4367-b887-deb1d96458ce" />
      <TestMethod codeBase="/home/jenkins/workspace/Release-IS-Powershell-Module/src/github.com/cisco-intersight/powershell-generator-intersight/generated/Intersight.PowerShell_1.0.11.2025071017/src/Intersight.PowerShellTest/bin/Debug/net8.0/Intersight.PowerShellTest.dll" adapterTypeName="executor://mstestadapter/v2" className="Intersight.PowerShellTest.PSUtilsTest" name="TestCompareDictionaryComplexObject" />
    </UnitTest>
    <UnitTest name="TestCompareListStringNegative" storage="/home/jenkins/workspace/release-is-powershell-module/src/github.com/cisco-intersight/powershell-generator-intersight/generated/intersight.powershell_1.0.11.2025071017/src/intersight.powershelltest/bin/debug/net8.0/intersight.powershelltest.dll" id="f5172029-ac9e-c3e9-fbc4-3c68019ec0b7">
      <Execution id="22b48e42-c77a-4679-b971-7fbccec63dba" />
      <TestMethod codeBase="/home/jenkins/workspace/Release-IS-Powershell-Module/src/github.com/cisco-intersight/powershell-generator-intersight/generated/Intersight.PowerShell_1.0.11.2025071017/src/Intersight.PowerShellTest/bin/Debug/net8.0/Intersight.PowerShellTest.dll" adapterTypeName="executor://mstestadapter/v2" className="Intersight.PowerShellTest.PSUtilsTest" name="TestCompareListStringNegative" />
    </UnitTest>
    <UnitTest name="TestCompareDictionary" storage="/home/jenkins/workspace/release-is-powershell-module/src/github.com/cisco-intersight/powershell-generator-intersight/generated/intersight.powershell_1.0.11.2025071017/src/intersight.powershelltest/bin/debug/net8.0/intersight.powershelltest.dll" id="b10c1996-ca07-2342-84f2-dbd5e05100b8">
      <Execution id="195d8954-87bc-4352-9ec1-2d310eda503a" />
      <TestMethod codeBase="/home/jenkins/workspace/Release-IS-Powershell-Module/src/github.com/cisco-intersight/powershell-generator-intersight/generated/Intersight.PowerShell_1.0.11.2025071017/src/Intersight.PowerShellTest/bin/Debug/net8.0/Intersight.PowerShellTest.dll" adapterTypeName="executor://mstestadapter/v2" className="Intersight.PowerShellTest.PSUtilsTest" name="TestCompareDictionary" />
    </UnitTest>
    <UnitTest name="TestCompareIntersightObjectOrganization" storage="/home/jenkins/workspace/release-is-powershell-module/src/github.com/cisco-intersight/powershell-generator-intersight/generated/intersight.powershell_1.0.11.2025071017/src/intersight.powershelltest/bin/debug/net8.0/intersight.powershelltest.dll" id="29190111-74c5-b955-85d1-f6446d9f3326">
      <Execution id="41ad9ea3-e3fd-4c99-8111-0e3527510037" />
      <TestMethod codeBase="/home/jenkins/workspace/Release-IS-Powershell-Module/src/github.com/cisco-intersight/powershell-generator-intersight/generated/Intersight.PowerShell_1.0.11.2025071017/src/Intersight.PowerShellTest/bin/Debug/net8.0/Intersight.PowerShellTest.dll" adapterTypeName="executor://mstestadapter/v2" className="Intersight.PowerShellTest.PSUtilsTest" name="TestCompareIntersightObjectOrganization" />
    </UnitTest>
    <UnitTest name="TestCompareListForBootDevice" storage="/home/jenkins/workspace/release-is-powershell-module/src/github.com/cisco-intersight/powershell-generator-intersight/generated/intersight.powershell_1.0.11.2025071017/src/intersight.powershelltest/bin/debug/net8.0/intersight.powershelltest.dll" id="a1b2ed2e-9057-ffb1-4686-d9af3d443417">
      <Execution id="b0e6cffb-d075-497a-9ed7-947167291070" />
      <TestMethod codeBase="/home/jenkins/workspace/Release-IS-Powershell-Module/src/github.com/cisco-intersight/powershell-generator-intersight/generated/Intersight.PowerShell_1.0.11.2025071017/src/Intersight.PowerShellTest/bin/Debug/net8.0/Intersight.PowerShellTest.dll" adapterTypeName="executor://mstestadapter/v2" className="Intersight.PowerShellTest.PSUtilsTest" name="TestCompareListForBootDevice" />
    </UnitTest>
    <UnitTest name="TestCompareListString" storage="/home/jenkins/workspace/release-is-powershell-module/src/github.com/cisco-intersight/powershell-generator-intersight/generated/intersight.powershell_1.0.11.2025071017/src/intersight.powershelltest/bin/debug/net8.0/intersight.powershelltest.dll" id="e11b186c-5a67-a39b-7976-36ed1bbcd11a">
      <Execution id="479a7d83-958e-4e77-a6dc-e85539c69732" />
      <TestMethod codeBase="/home/jenkins/workspace/Release-IS-Powershell-Module/src/github.com/cisco-intersight/powershell-generator-intersight/generated/Intersight.PowerShell_1.0.11.2025071017/src/Intersight.PowerShellTest/bin/Debug/net8.0/Intersight.PowerShellTest.dll" adapterTypeName="executor://mstestadapter/v2" className="Intersight.PowerShellTest.PSUtilsTest" name="TestCompareListString" />
    </UnitTest>
    <UnitTest name="TestCompareIntersightObjectBootPrecisionPolicy" storage="/home/jenkins/workspace/release-is-powershell-module/src/github.com/cisco-intersight/powershell-generator-intersight/generated/intersight.powershell_1.0.11.2025071017/src/intersight.powershelltest/bin/debug/net8.0/intersight.powershelltest.dll" id="8258a73b-bc00-ed98-fa41-0b083d455901">
      <Execution id="c91d58a8-131e-4c85-99c7-5b6b25462b33" />
      <TestMethod codeBase="/home/jenkins/workspace/Release-IS-Powershell-Module/src/github.com/cisco-intersight/powershell-generator-intersight/generated/Intersight.PowerShell_1.0.11.2025071017/src/Intersight.PowerShellTest/bin/Debug/net8.0/Intersight.PowerShellTest.dll" adapterTypeName="executor://mstestadapter/v2" className="Intersight.PowerShellTest.PSUtilsTest" name="TestCompareIntersightObjectBootPrecisionPolicy" />
    </UnitTest>
    <UnitTest name="TestCompareListBool" storage="/home/jenkins/workspace/release-is-powershell-module/src/github.com/cisco-intersight/powershell-generator-intersight/generated/intersight.powershell_1.0.11.2025071017/src/intersight.powershelltest/bin/debug/net8.0/intersight.powershelltest.dll" id="88ea40e3-ec5b-43a5-c99a-e2b6678029d4">
      <Execution id="ece54fa6-20ae-45f6-ab4c-fb697238be3c" />
      <TestMethod codeBase="/home/jenkins/workspace/Release-IS-Powershell-Module/src/github.com/cisco-intersight/powershell-generator-intersight/generated/Intersight.PowerShell_1.0.11.2025071017/src/Intersight.PowerShellTest/bin/Debug/net8.0/Intersight.PowerShellTest.dll" adapterTypeName="executor://mstestadapter/v2" className="Intersight.PowerShellTest.PSUtilsTest" name="TestCompareListBool" />
    </UnitTest>
    <UnitTest name="TestCompareIntersightObjectNtpPolicyNegative" storage="/home/jenkins/workspace/release-is-powershell-module/src/github.com/cisco-intersight/powershell-generator-intersight/generated/intersight.powershell_1.0.11.2025071017/src/intersight.powershelltest/bin/debug/net8.0/intersight.powershelltest.dll" id="21d6bdd3-dab8-5932-c926-48f8362b179c">
      <Execution id="6d8b543c-12be-449d-acff-0aeff29d08ef" />
      <TestMethod codeBase="/home/jenkins/workspace/Release-IS-Powershell-Module/src/github.com/cisco-intersight/powershell-generator-intersight/generated/Intersight.PowerShell_1.0.11.2025071017/src/Intersight.PowerShellTest/bin/Debug/net8.0/Intersight.PowerShellTest.dll" adapterTypeName="executor://mstestadapter/v2" className="Intersight.PowerShellTest.PSUtilsTest" name="TestCompareIntersightObjectNtpPolicyNegative" />
    </UnitTest>
    <UnitTest name="TestCompareListMoref" storage="/home/jenkins/workspace/release-is-powershell-module/src/github.com/cisco-intersight/powershell-generator-intersight/generated/intersight.powershell_1.0.11.2025071017/src/intersight.powershelltest/bin/debug/net8.0/intersight.powershelltest.dll" id="0c6cda6b-cbbb-2afd-190e-3a871772306f">
      <Execution id="56f049a4-e520-4ded-8c98-6868c29339ee" />
      <TestMethod codeBase="/home/jenkins/workspace/Release-IS-Powershell-Module/src/github.com/cisco-intersight/powershell-generator-intersight/generated/Intersight.PowerShell_1.0.11.2025071017/src/Intersight.PowerShellTest/bin/Debug/net8.0/Intersight.PowerShellTest.dll" adapterTypeName="executor://mstestadapter/v2" className="Intersight.PowerShellTest.PSUtilsTest" name="TestCompareListMoref" />
    </UnitTest>
    <UnitTest name="TestCompareListForBootDeviceNegative" storage="/home/jenkins/workspace/release-is-powershell-module/src/github.com/cisco-intersight/powershell-generator-intersight/generated/intersight.powershell_1.0.11.2025071017/src/intersight.powershelltest/bin/debug/net8.0/intersight.powershelltest.dll" id="af74a405-21fd-b582-370c-8a17fa063b8c">
      <Execution id="8880585b-3e6a-4e60-9a85-d504a9ed93ed" />
      <TestMethod codeBase="/home/jenkins/workspace/Release-IS-Powershell-Module/src/github.com/cisco-intersight/powershell-generator-intersight/generated/Intersight.PowerShell_1.0.11.2025071017/src/Intersight.PowerShellTest/bin/Debug/net8.0/Intersight.PowerShellTest.dll" adapterTypeName="executor://mstestadapter/v2" className="Intersight.PowerShellTest.PSUtilsTest" name="TestCompareListForBootDeviceNegative" />
    </UnitTest>
    <UnitTest name="TestCompareDictionaryNegative" storage="/home/jenkins/workspace/release-is-powershell-module/src/github.com/cisco-intersight/powershell-generator-intersight/generated/intersight.powershell_1.0.11.2025071017/src/intersight.powershelltest/bin/debug/net8.0/intersight.powershelltest.dll" id="67fe35a3-9c2f-b0bc-0bca-682f70341349">
      <Execution id="5fecbdfa-0907-457b-a86a-6a2ff5077307" />
      <TestMethod codeBase="/home/jenkins/workspace/Release-IS-Powershell-Module/src/github.com/cisco-intersight/powershell-generator-intersight/generated/Intersight.PowerShell_1.0.11.2025071017/src/Intersight.PowerShellTest/bin/Debug/net8.0/Intersight.PowerShellTest.dll" adapterTypeName="executor://mstestadapter/v2" className="Intersight.PowerShellTest.PSUtilsTest" name="TestCompareDictionaryNegative" />
    </UnitTest>
    <UnitTest name="TestCompareIntersightObjectBootPrecisionPolicyNegative" storage="/home/jenkins/workspace/release-is-powershell-module/src/github.com/cisco-intersight/powershell-generator-intersight/generated/intersight.powershell_1.0.11.2025071017/src/intersight.powershelltest/bin/debug/net8.0/intersight.powershelltest.dll" id="25efd544-f2d1-bce7-85cd-13c8daa9f9e0">
      <Execution id="c115bce9-775e-4be9-8525-c49d8e133bdc" />
      <TestMethod codeBase="/home/jenkins/workspace/Release-IS-Powershell-Module/src/github.com/cisco-intersight/powershell-generator-intersight/generated/Intersight.PowerShell_1.0.11.2025071017/src/Intersight.PowerShellTest/bin/Debug/net8.0/Intersight.PowerShellTest.dll" adapterTypeName="executor://mstestadapter/v2" className="Intersight.PowerShellTest.PSUtilsTest" name="TestCompareIntersightObjectBootPrecisionPolicyNegative" />
    </UnitTest>
    <UnitTest name="TestCompareListInt" storage="/home/jenkins/workspace/release-is-powershell-module/src/github.com/cisco-intersight/powershell-generator-intersight/generated/intersight.powershell_1.0.11.2025071017/src/intersight.powershelltest/bin/debug/net8.0/intersight.powershelltest.dll" id="1db52ae6-de71-4f43-9eeb-027f31c87948">
      <Execution id="99d9eef6-b228-4f84-a44b-df3f0bdc3c71" />
      <TestMethod codeBase="/home/jenkins/workspace/Release-IS-Powershell-Module/src/github.com/cisco-intersight/powershell-generator-intersight/generated/Intersight.PowerShell_1.0.11.2025071017/src/Intersight.PowerShellTest/bin/Debug/net8.0/Intersight.PowerShellTest.dll" adapterTypeName="executor://mstestadapter/v2" className="Intersight.PowerShellTest.PSUtilsTest" name="TestCompareListInt" />
    </UnitTest>
    <UnitTest name="TestCompareIntersightObjectNtpPolicy" storage="/home/jenkins/workspace/release-is-powershell-module/src/github.com/cisco-intersight/powershell-generator-intersight/generated/intersight.powershell_1.0.11.2025071017/src/intersight.powershelltest/bin/debug/net8.0/intersight.powershelltest.dll" id="bff6c437-3beb-39f9-80a5-87eccac911ed">
      <Execution id="501826ac-b66f-4cec-bd6f-51521b2834ec" />
      <TestMethod codeBase="/home/jenkins/workspace/Release-IS-Powershell-Module/src/github.com/cisco-intersight/powershell-generator-intersight/generated/Intersight.PowerShell_1.0.11.2025071017/src/Intersight.PowerShellTest/bin/Debug/net8.0/Intersight.PowerShellTest.dll" adapterTypeName="executor://mstestadapter/v2" className="Intersight.PowerShellTest.PSUtilsTest" name="TestCompareIntersightObjectNtpPolicy" />
    </UnitTest>
    <UnitTest name="TestCompareIntersightObjectOrganizationNegative" storage="/home/jenkins/workspace/release-is-powershell-module/src/github.com/cisco-intersight/powershell-generator-intersight/generated/intersight.powershell_1.0.11.2025071017/src/intersight.powershelltest/bin/debug/net8.0/intersight.powershelltest.dll" id="b3886f1e-26df-1da8-ce00-27028925c5ec">
      <Execution id="c69e2000-6d66-4e2e-8fbf-2650d715e809" />
      <TestMethod codeBase="/home/jenkins/workspace/Release-IS-Powershell-Module/src/github.com/cisco-intersight/powershell-generator-intersight/generated/Intersight.PowerShell_1.0.11.2025071017/src/Intersight.PowerShellTest/bin/Debug/net8.0/Intersight.PowerShellTest.dll" adapterTypeName="executor://mstestadapter/v2" className="Intersight.PowerShellTest.PSUtilsTest" name="TestCompareIntersightObjectOrganizationNegative" />
    </UnitTest>
    <UnitTest name="TestCompareListMoTag" storage="/home/jenkins/workspace/release-is-powershell-module/src/github.com/cisco-intersight/powershell-generator-intersight/generated/intersight.powershell_1.0.11.2025071017/src/intersight.powershelltest/bin/debug/net8.0/intersight.powershelltest.dll" id="aabf11cb-24b4-212d-0c32-fc3bcd8d8940">
      <Execution id="5e9f90fb-4b93-4431-b988-55f6fd0a4203" />
      <TestMethod codeBase="/home/jenkins/workspace/Release-IS-Powershell-Module/src/github.com/cisco-intersight/powershell-generator-intersight/generated/Intersight.PowerShell_1.0.11.2025071017/src/Intersight.PowerShellTest/bin/Debug/net8.0/Intersight.PowerShellTest.dll" adapterTypeName="executor://mstestadapter/v2" className="Intersight.PowerShellTest.PSUtilsTest" name="TestCompareListMoTag" />
    </UnitTest>
    <UnitTest name="TestCompareListForBootDeviceNegative2" storage="/home/jenkins/workspace/release-is-powershell-module/src/github.com/cisco-intersight/powershell-generator-intersight/generated/intersight.powershell_1.0.11.2025071017/src/intersight.powershelltest/bin/debug/net8.0/intersight.powershelltest.dll" id="af46402b-c5ea-bd3a-5e0c-2049af859c7d">
      <Execution id="12fd3776-af7c-4884-962f-b6bd5cf01cbc" />
      <TestMethod codeBase="/home/jenkins/workspace/Release-IS-Powershell-Module/src/github.com/cisco-intersight/powershell-generator-intersight/generated/Intersight.PowerShell_1.0.11.2025071017/src/Intersight.PowerShellTest/bin/Debug/net8.0/Intersight.PowerShellTest.dll" adapterTypeName="executor://mstestadapter/v2" className="Intersight.PowerShellTest.PSUtilsTest" name="TestCompareListForBootDeviceNegative2" />
    </UnitTest>
    <UnitTest name="TestCompareListMoTagNegative" storage="/home/jenkins/workspace/release-is-powershell-module/src/github.com/cisco-intersight/powershell-generator-intersight/generated/intersight.powershell_1.0.11.2025071017/src/intersight.powershelltest/bin/debug/net8.0/intersight.powershelltest.dll" id="bf562289-5a4d-7a89-8d64-28cb5bf97a3c">
      <Execution id="9f67be96-f150-4ba6-87d6-c8caeb27d792" />
      <TestMethod codeBase="/home/jenkins/workspace/Release-IS-Powershell-Module/src/github.com/cisco-intersight/powershell-generator-intersight/generated/Intersight.PowerShell_1.0.11.2025071017/src/Intersight.PowerShellTest/bin/Debug/net8.0/Intersight.PowerShellTest.dll" adapterTypeName="executor://mstestadapter/v2" className="Intersight.PowerShellTest.PSUtilsTest" name="TestCompareListMoTagNegative" />
    </UnitTest>
  </TestDefinitions>
  <TestEntries>
    <TestEntry testId="29190111-74c5-b955-85d1-f6446d9f3326" executionId="41ad9ea3-e3fd-4c99-8111-0e3527510037" testListId="8c84fa94-04c1-424b-9868-57a2d4851a1d" />
    <TestEntry testId="1db52ae6-de71-4f43-9eeb-027f31c87948" executionId="99d9eef6-b228-4f84-a44b-df3f0bdc3c71" testListId="8c84fa94-04c1-424b-9868-57a2d4851a1d" />
    <TestEntry testId="f5172029-ac9e-c3e9-fbc4-3c68019ec0b7" executionId="22b48e42-c77a-4679-b971-7fbccec63dba" testListId="8c84fa94-04c1-424b-9868-57a2d4851a1d" />
    <TestEntry testId="b10c1996-ca07-2342-84f2-dbd5e05100b8" executionId="195d8954-87bc-4352-9ec1-2d310eda503a" testListId="8c84fa94-04c1-424b-9868-57a2d4851a1d" />
    <TestEntry testId="af74a405-21fd-b582-370c-8a17fa063b8c" executionId="8880585b-3e6a-4e60-9a85-d504a9ed93ed" testListId="8c84fa94-04c1-424b-9868-57a2d4851a1d" />
    <TestEntry testId="a1b2ed2e-9057-ffb1-4686-d9af3d443417" executionId="b0e6cffb-d075-497a-9ed7-947167291070" testListId="8c84fa94-04c1-424b-9868-57a2d4851a1d" />
    <TestEntry testId="88ea40e3-ec5b-43a5-c99a-e2b6678029d4" executionId="ece54fa6-20ae-45f6-ab4c-fb697238be3c" testListId="8c84fa94-04c1-424b-9868-57a2d4851a1d" />
    <TestEntry testId="784db588-4279-ecee-6ebf-d593d81facb2" executionId="2d542cb1-4581-4414-abc6-8f272c11dfd1" testListId="8c84fa94-04c1-424b-9868-57a2d4851a1d" />
    <TestEntry testId="5a9cdfb0-8f5b-b57c-e6a8-b11d60be279d" executionId="ff355410-0a60-400b-bdde-a34b2e8010f2" testListId="8c84fa94-04c1-424b-9868-57a2d4851a1d" />
    <TestEntry testId="bf562289-5a4d-7a89-8d64-28cb5bf97a3c" executionId="9f67be96-f150-4ba6-87d6-c8caeb27d792" testListId="8c84fa94-04c1-424b-9868-57a2d4851a1d" />
    <TestEntry testId="0c6cda6b-cbbb-2afd-190e-3a871772306f" executionId="56f049a4-e520-4ded-8c98-6868c29339ee" testListId="8c84fa94-04c1-424b-9868-57a2d4851a1d" />
    <TestEntry testId="b3886f1e-26df-1da8-ce00-27028925c5ec" executionId="c69e2000-6d66-4e2e-8fbf-2650d715e809" testListId="8c84fa94-04c1-424b-9868-57a2d4851a1d" />
    <TestEntry testId="e11b186c-5a67-a39b-7976-36ed1bbcd11a" executionId="479a7d83-958e-4e77-a6dc-e85539c69732" testListId="8c84fa94-04c1-424b-9868-57a2d4851a1d" />
    <TestEntry testId="059965c2-36bd-5e5b-97dd-d4ab6d9c4fbe" executionId="710467c3-d6fd-4367-b887-deb1d96458ce" testListId="8c84fa94-04c1-424b-9868-57a2d4851a1d" />
    <TestEntry testId="8258a73b-bc00-ed98-fa41-0b083d455901" executionId="c91d58a8-131e-4c85-99c7-5b6b25462b33" testListId="8c84fa94-04c1-424b-9868-57a2d4851a1d" />
    <TestEntry testId="67fe35a3-9c2f-b0bc-0bca-682f70341349" executionId="5fecbdfa-0907-457b-a86a-6a2ff5077307" testListId="8c84fa94-04c1-424b-9868-57a2d4851a1d" />
    <TestEntry testId="25efd544-f2d1-bce7-85cd-13c8daa9f9e0" executionId="c115bce9-775e-4be9-8525-c49d8e133bdc" testListId="8c84fa94-04c1-424b-9868-57a2d4851a1d" />
    <TestEntry testId="bff6c437-3beb-39f9-80a5-87eccac911ed" executionId="501826ac-b66f-4cec-bd6f-51521b2834ec" testListId="8c84fa94-04c1-424b-9868-57a2d4851a1d" />
    <TestEntry testId="af46402b-c5ea-bd3a-5e0c-2049af859c7d" executionId="12fd3776-af7c-4884-962f-b6bd5cf01cbc" testListId="8c84fa94-04c1-424b-9868-57a2d4851a1d" />
    <TestEntry testId="21d6bdd3-dab8-5932-c926-48f8362b179c" executionId="6d8b543c-12be-449d-acff-0aeff29d08ef" testListId="8c84fa94-04c1-424b-9868-57a2d4851a1d" />
    <TestEntry testId="aabf11cb-24b4-212d-0c32-fc3bcd8d8940" executionId="5e9f90fb-4b93-4431-b988-55f6fd0a4203" testListId="8c84fa94-04c1-424b-9868-57a2d4851a1d" />
  </TestEntries>
  <TestLists>
    <TestList name="Results Not in a List" id="8c84fa94-04c1-424b-9868-57a2d4851a1d" />
    <TestList name="All Loaded Results" id="19431567-8539-422a-85d7-44ee4e166bda" />
  </TestLists>
  <ResultSummary outcome="Completed">
    <Counters total="21" executed="21" passed="21" failed="0" error="0" timeout="0" aborted="0" inconclusive="0" passedButRunAborted="0" notRunnable="0" notExecuted="0" disconnected="0" warning="0" completed="0" inProgress="0" pending="0" />
  </ResultSummary>
</TestRun>