<?xml version="1.0" encoding="utf-8"?>
<TestRun id="67bb81f4-2b72-4cd9-b8bf-efd3a1ac20f3" name="@sam-tools01 2024-10-04 12:10:59" xmlns="http://microsoft.com/schemas/VisualStudio/TeamTest/2010">
  <Times creation="2024-10-04T12:10:59.7137751+05:30" queuing="2024-10-04T12:10:59.7137753+05:30" start="2024-10-04T12:10:57.4376313+05:30" finish="2024-10-04T12:10:59.8734828+05:30" />
  <TestSettings name="default" id="3457e45b-96c0-4dee-97db-5315eaf24463">
    <Deployment runDeploymentRoot="_sam-tools01_2024-10-04_12_10_59" />
  </TestSettings>
  <Results>
    <UnitTestResult executionId="66e88b3e-19c0-4b39-928e-c8147ba386f9" testId="a6af7c09-3ca6-42d1-b234-492ed08b0efc" testName="TestCompareListMoTagNegative" computerName="sam-tools01" duration="00:00:00.0005258" startTime="2024-10-04T12:10:59.5682315+05:30" endTime="2024-10-04T12:10:59.5688957+05:30" testType="13cdc9d9-ddb5-4fa4-a97d-d965ccfc6d4b" outcome="Passed" testListId="8c84fa94-04c1-424b-9868-57a2d4851a1d" relativeResultsDirectory="66e88b3e-19c0-4b39-928e-c8147ba386f9" />
    <UnitTestResult executionId="75d4a1b7-6202-4534-a5fa-4ff868c6d1eb" testId="53fdfaf7-0245-4ce7-bf2f-c109ee140606" testName="TestCompareListForBootDeviceNegative" computerName="sam-tools01" duration="00:00:00.0023195" startTime="2024-10-04T12:10:59.5629533+05:30" endTime="2024-10-04T12:10:59.5654077+05:30" testType="13cdc9d9-ddb5-4fa4-a97d-d965ccfc6d4b" outcome="Passed" testListId="8c84fa94-04c1-424b-9868-57a2d4851a1d" relativeResultsDirectory="75d4a1b7-6202-4534-a5fa-4ff868c6d1eb" />
    <UnitTestResult executionId="2969f2bc-12e3-4951-8b1a-26482fd7631c" testId="a90bbdc9-a47b-4447-88ab-af2f50a3da21" testName="TestCompareListInt" computerName="sam-tools01" duration="00:00:00.0064670" startTime="2024-10-04T12:10:59.4689202+05:30" endTime="2024-10-04T12:10:59.4755418+05:30" testType="13cdc9d9-ddb5-4fa4-a97d-d965ccfc6d4b" outcome="Passed" testListId="8c84fa94-04c1-424b-9868-57a2d4851a1d" relativeResultsDirectory="2969f2bc-12e3-4951-8b1a-26482fd7631c" />
    <UnitTestResult executionId="f014dfec-c0ba-44f9-b453-9a996e1486b8" testId="0cffca43-6210-42f1-8d64-14d64eefb2e5" testName="TestCompareIntersightObjectBootPrecisionPolicyNegative" computerName="sam-tools01" duration="00:00:00.0246522" startTime="2024-10-04T12:10:59.4439498+05:30" endTime="2024-10-04T12:10:59.4688583+05:30" testType="13cdc9d9-ddb5-4fa4-a97d-d965ccfc6d4b" outcome="Passed" testListId="8c84fa94-04c1-424b-9868-57a2d4851a1d" relativeResultsDirectory="f014dfec-c0ba-44f9-b453-9a996e1486b8" />
    <UnitTestResult executionId="15bfd363-cc10-4ad8-abe8-e97527b30122" testId="56ec662d-5327-42cd-bb43-08e0849949be" testName="TestCompareListStringNegative" computerName="sam-tools01" duration="00:00:00.0003720" startTime="2024-10-04T12:10:59.5543367+05:30" endTime="2024-10-04T12:10:59.5548567+05:30" testType="13cdc9d9-ddb5-4fa4-a97d-d965ccfc6d4b" outcome="Passed" testListId="8c84fa94-04c1-424b-9868-57a2d4851a1d" relativeResultsDirectory="15bfd363-cc10-4ad8-abe8-e97527b30122" />
    <UnitTestResult executionId="d97bef1c-e6c7-4461-b0ad-b61404d27c1e" testId="ee98a578-3797-4a60-a35a-0e479ae85c3a" testName="TestCompareIntersightObjectNtpPolicy" computerName="sam-tools01" duration="00:00:00.4435507" startTime="2024-10-04T12:10:58.6467475+05:30" endTime="2024-10-04T12:10:59.1340457+05:30" testType="13cdc9d9-ddb5-4fa4-a97d-d965ccfc6d4b" outcome="Passed" testListId="8c84fa94-04c1-424b-9868-57a2d4851a1d" relativeResultsDirectory="d97bef1c-e6c7-4461-b0ad-b61404d27c1e" />
    <UnitTestResult executionId="9ea6ce18-2d21-4974-935b-986ccb3c809f" testId="5a241482-8583-482e-b7d1-8576a81a354e" testName="TestCompareListMoTag" computerName="sam-tools01" duration="00:00:00.0015130" startTime="2024-10-04T12:10:59.5665046+05:30" endTime="2024-10-04T12:10:59.5681822+05:30" testType="13cdc9d9-ddb5-4fa4-a97d-d965ccfc6d4b" outcome="Passed" testListId="8c84fa94-04c1-424b-9868-57a2d4851a1d" relativeResultsDirectory="9ea6ce18-2d21-4974-935b-986ccb3c809f" />
    <UnitTestResult executionId="338f8457-1d80-46ee-acda-eae2ac648db3" testId="1a732220-93d0-4ffd-bdb5-a0b460362d7b" testName="TestCompareListForBootDevice" computerName="sam-tools01" duration="00:00:00.0037167" startTime="2024-10-04T12:10:59.5590474+05:30" endTime="2024-10-04T12:10:59.5629019+05:30" testType="13cdc9d9-ddb5-4fa4-a97d-d965ccfc6d4b" outcome="Passed" testListId="8c84fa94-04c1-424b-9868-57a2d4851a1d" relativeResultsDirectory="338f8457-1d80-46ee-acda-eae2ac648db3" />
    <UnitTestResult executionId="aa221a08-c633-4094-b6fe-65c2c687da50" testId="48602dbd-f022-48b4-a23f-ae9145857db7" testName="TestCompareListForBootDeviceNegative2" computerName="sam-tools01" duration="00:00:00.0008031" startTime="2024-10-04T12:10:59.5654685+05:30" endTime="2024-10-04T12:10:59.5664560+05:30" testType="13cdc9d9-ddb5-4fa4-a97d-d965ccfc6d4b" outcome="Passed" testListId="8c84fa94-04c1-424b-9868-57a2d4851a1d" relativeResultsDirectory="aa221a08-c633-4094-b6fe-65c2c687da50" />
    <UnitTestResult executionId="68338d9b-67a0-4312-b344-701e95b45151" testId="dc44fd44-469f-46d8-978c-9121bba856b4" testName="TestCompareDictionaryNegative" computerName="sam-tools01" duration="00:00:00.0003672" startTime="2024-10-04T12:10:59.5749493+05:30" endTime="2024-10-04T12:10:59.5754696+05:30" testType="13cdc9d9-ddb5-4fa4-a97d-d965ccfc6d4b" outcome="Passed" testListId="8c84fa94-04c1-424b-9868-57a2d4851a1d" relativeResultsDirectory="68338d9b-67a0-4312-b344-701e95b45151" />
    <UnitTestResult executionId="3a54846b-489b-4212-82e0-e1baef14c174" testId="b0e077f8-2b21-4a57-9f61-2814c118d3fd" testName="TestCompareListMoref" computerName="sam-tools01" duration="00:00:00.0031234" startTime="2024-10-04T12:10:59.5549110+05:30" endTime="2024-10-04T12:10:59.5581722+05:30" testType="13cdc9d9-ddb5-4fa4-a97d-d965ccfc6d4b" outcome="Passed" testListId="8c84fa94-04c1-424b-9868-57a2d4851a1d" relativeResultsDirectory="3a54846b-489b-4212-82e0-e1baef14c174" />
    <UnitTestResult executionId="fde14d77-3115-4d53-a6b0-7e8f6a82fda4" testId="85fd862a-c758-47cb-9067-13396cf83f7f" testName="TestCompareDictionary" computerName="sam-tools01" duration="00:00:00.0019348" startTime="2024-10-04T12:10:59.5727956+05:30" endTime="2024-10-04T12:10:59.5748923+05:30" testType="13cdc9d9-ddb5-4fa4-a97d-d965ccfc6d4b" outcome="Passed" testListId="8c84fa94-04c1-424b-9868-57a2d4851a1d" relativeResultsDirectory="fde14d77-3115-4d53-a6b0-7e8f6a82fda4" />
    <UnitTestResult executionId="f76e21a7-8e65-4766-9e31-28c91c357ea7" testId="889e8dd0-dbdf-44a7-be8f-8b3d0516caf0" testName="TestCompareIntersightObjectOrganizationNegative" computerName="sam-tools01" duration="00:00:00.0003971" startTime="2024-10-04T12:10:59.1878246+05:30" endTime="2024-10-04T12:10:59.1883866+05:30" testType="13cdc9d9-ddb5-4fa4-a97d-d965ccfc6d4b" outcome="Passed" testListId="8c84fa94-04c1-424b-9868-57a2d4851a1d" relativeResultsDirectory="f76e21a7-8e65-4766-9e31-28c91c357ea7" />
    <UnitTestResult executionId="a61b1930-fd17-4301-aa38-b02c28c648d0" testId="18617064-397c-4a63-85d2-69a66697fd41" testName="TestCompareListString" computerName="sam-tools01" duration="00:00:00.0017785" startTime="2024-10-04T12:10:59.5522732+05:30" endTime="2024-10-04T12:10:59.5542622+05:30" testType="13cdc9d9-ddb5-4fa4-a97d-d965ccfc6d4b" outcome="Passed" testListId="8c84fa94-04c1-424b-9868-57a2d4851a1d" relativeResultsDirectory="a61b1930-fd17-4301-aa38-b02c28c648d0" />
    <UnitTestResult executionId="4e638e46-0759-43b4-86a6-ffa12f3eb664" testId="14e6d241-0e31-4969-b40e-0c212b006840" testName="TestCompareListBool" computerName="sam-tools01" duration="00:00:00.0043831" startTime="2024-10-04T12:10:59.4761816+05:30" endTime="2024-10-04T12:10:59.4807183+05:30" testType="13cdc9d9-ddb5-4fa4-a97d-d965ccfc6d4b" outcome="Passed" testListId="8c84fa94-04c1-424b-9868-57a2d4851a1d" relativeResultsDirectory="4e638e46-0759-43b4-86a6-ffa12f3eb664" />
    <UnitTestResult executionId="cc243ede-87e0-4c9f-8b11-a02eac25f9ce" testId="868e02e0-ff3d-46c6-bbbf-8734cd7df926" testName="TestCompareListMorefNegative" computerName="sam-tools01" duration="00:00:00.0006323" startTime="2024-10-04T12:10:59.5582222+05:30" endTime="2024-10-04T12:10:59.5589992+05:30" testType="13cdc9d9-ddb5-4fa4-a97d-d965ccfc6d4b" outcome="Passed" testListId="8c84fa94-04c1-424b-9868-57a2d4851a1d" relativeResultsDirectory="cc243ede-87e0-4c9f-8b11-a02eac25f9ce" />
    <UnitTestResult executionId="bcf34277-f6ef-43d4-8cd7-8e4a7f48ef51" testId="ea80323e-d5cc-4633-943e-71f7195d21b7" testName="TestCompareDictionaryComplexObject" computerName="sam-tools01" duration="00:00:00.1780480" startTime="2024-10-04T12:10:59.5755187+05:30" endTime="2024-10-04T12:10:59.7541109+05:30" testType="13cdc9d9-ddb5-4fa4-a97d-d965ccfc6d4b" outcome="Passed" testListId="8c84fa94-04c1-424b-9868-57a2d4851a1d" relativeResultsDirectory="bcf34277-f6ef-43d4-8cd7-8e4a7f48ef51" />
    <UnitTestResult executionId="8134c173-46d4-48a1-88e6-2532541497a5" testId="9dfd8c02-11b8-4bec-a1dd-3a7731df9948" testName="TestCompareIntersightObjectBootPrecisionPolicy" computerName="sam-tools01" duration="00:00:00.2551237" startTime="2024-10-04T12:10:59.1884414+05:30" endTime="2024-10-04T12:10:59.4437996+05:30" testType="13cdc9d9-ddb5-4fa4-a97d-d965ccfc6d4b" outcome="Passed" testListId="8c84fa94-04c1-424b-9868-57a2d4851a1d" relativeResultsDirectory="8134c173-46d4-48a1-88e6-2532541497a5" />
    <UnitTestResult executionId="502020a5-152f-4411-96cb-541cc12561d3" testId="74e56e7e-1f69-4d97-8c2a-c47e1afc09d9" testName="TestCompareIntersightObjectOrganization" computerName="sam-tools01" duration="00:00:00.0356484" startTime="2024-10-04T12:10:59.1519075+05:30" endTime="2024-10-04T12:10:59.1877452+05:30" testType="13cdc9d9-ddb5-4fa4-a97d-d965ccfc6d4b" outcome="Passed" testListId="8c84fa94-04c1-424b-9868-57a2d4851a1d" relativeResultsDirectory="502020a5-152f-4411-96cb-541cc12561d3" />
    <UnitTestResult executionId="290a03a2-ae23-43be-aba3-8dd9b4dcdd93" testId="1acc73cc-1c15-46c2-b28c-bdd8b991eb86" testName="TestCompareListIntNegative" computerName="sam-tools01" duration="00:00:00.0003754" startTime="2024-10-04T12:10:59.4756105+05:30" endTime="2024-10-04T12:10:59.4761285+05:30" testType="13cdc9d9-ddb5-4fa4-a97d-d965ccfc6d4b" outcome="Passed" testListId="8c84fa94-04c1-424b-9868-57a2d4851a1d" relativeResultsDirectory="290a03a2-ae23-43be-aba3-8dd9b4dcdd93" />
    <UnitTestResult executionId="a989475f-9d40-47ed-9afd-0e37fab3cf29" testId="9c067ea8-7d39-4de7-834f-ddb7bdd918c3" testName="TestCompareIntersightObjectNtpPolicyNegative" computerName="sam-tools01" duration="00:00:00.0008693" startTime="2024-10-04T12:10:59.1506115+05:30" endTime="2024-10-04T12:10:59.1518005+05:30" testType="13cdc9d9-ddb5-4fa4-a97d-d965ccfc6d4b" outcome="Passed" testListId="8c84fa94-04c1-424b-9868-57a2d4851a1d" relativeResultsDirectory="a989475f-9d40-47ed-9afd-0e37fab3cf29" />
  </Results>
  <TestDefinitions>
    <UnitTest name="TestCompareIntersightObjectOrganizationNegative" storage="/home/jenkins/workspace/release-is-powershell-module/src/github.com/cisco-intersight/powershell-generator-intersight/generated/intersight.powershell_1.0.11.18775/src/intersight.powershelltest/bin/debug/net6.0/intersight.powershelltest.dll" id="889e8dd0-dbdf-44a7-be8f-8b3d0516caf0">
      <Execution id="f76e21a7-8e65-4766-9e31-28c91c357ea7" />
      <TestMethod codeBase="/home/jenkins/workspace/Release-IS-Powershell-Module/src/github.com/cisco-intersight/powershell-generator-intersight/generated/Intersight.PowerShell_1.0.11.18775/src/Intersight.PowerShellTest/bin/Debug/net6.0/Intersight.PowerShellTest.dll" adapterTypeName="executor://mstestadapter/v2" className="Intersight.PowerShellTest.PSUtilsTest" name="TestCompareIntersightObjectOrganizationNegative" />
    </UnitTest>
    <UnitTest name="TestCompareIntersightObjectNtpPolicy" storage="/home/jenkins/workspace/release-is-powershell-module/src/github.com/cisco-intersight/powershell-generator-intersight/generated/intersight.powershell_1.0.11.18775/src/intersight.powershelltest/bin/debug/net6.0/intersight.powershelltest.dll" id="ee98a578-3797-4a60-a35a-0e479ae85c3a">
      <Execution id="d97bef1c-e6c7-4461-b0ad-b61404d27c1e" />
      <TestMethod codeBase="/home/jenkins/workspace/Release-IS-Powershell-Module/src/github.com/cisco-intersight/powershell-generator-intersight/generated/Intersight.PowerShell_1.0.11.18775/src/Intersight.PowerShellTest/bin/Debug/net6.0/Intersight.PowerShellTest.dll" adapterTypeName="executor://mstestadapter/v2" className="Intersight.PowerShellTest.PSUtilsTest" name="TestCompareIntersightObjectNtpPolicy" />
    </UnitTest>
    <UnitTest name="TestCompareListMoTagNegative" storage="/home/jenkins/workspace/release-is-powershell-module/src/github.com/cisco-intersight/powershell-generator-intersight/generated/intersight.powershell_1.0.11.18775/src/intersight.powershelltest/bin/debug/net6.0/intersight.powershelltest.dll" id="a6af7c09-3ca6-42d1-b234-492ed08b0efc">
      <Execution id="66e88b3e-19c0-4b39-928e-c8147ba386f9" />
      <TestMethod codeBase="/home/jenkins/workspace/Release-IS-Powershell-Module/src/github.com/cisco-intersight/powershell-generator-intersight/generated/Intersight.PowerShell_1.0.11.18775/src/Intersight.PowerShellTest/bin/Debug/net6.0/Intersight.PowerShellTest.dll" adapterTypeName="executor://mstestadapter/v2" className="Intersight.PowerShellTest.PSUtilsTest" name="TestCompareListMoTagNegative" />
    </UnitTest>
    <UnitTest name="TestCompareListBool" storage="/home/jenkins/workspace/release-is-powershell-module/src/github.com/cisco-intersight/powershell-generator-intersight/generated/intersight.powershell_1.0.11.18775/src/intersight.powershelltest/bin/debug/net6.0/intersight.powershelltest.dll" id="14e6d241-0e31-4969-b40e-0c212b006840">
      <Execution id="4e638e46-0759-43b4-86a6-ffa12f3eb664" />
      <TestMethod codeBase="/home/jenkins/workspace/Release-IS-Powershell-Module/src/github.com/cisco-intersight/powershell-generator-intersight/generated/Intersight.PowerShell_1.0.11.18775/src/Intersight.PowerShellTest/bin/Debug/net6.0/Intersight.PowerShellTest.dll" adapterTypeName="executor://mstestadapter/v2" className="Intersight.PowerShellTest.PSUtilsTest" name="TestCompareListBool" />
    </UnitTest>
    <UnitTest name="TestCompareIntersightObjectNtpPolicyNegative" storage="/home/jenkins/workspace/release-is-powershell-module/src/github.com/cisco-intersight/powershell-generator-intersight/generated/intersight.powershell_1.0.11.18775/src/intersight.powershelltest/bin/debug/net6.0/intersight.powershelltest.dll" id="9c067ea8-7d39-4de7-834f-ddb7bdd918c3">
      <Execution id="a989475f-9d40-47ed-9afd-0e37fab3cf29" />
      <TestMethod codeBase="/home/jenkins/workspace/Release-IS-Powershell-Module/src/github.com/cisco-intersight/powershell-generator-intersight/generated/Intersight.PowerShell_1.0.11.18775/src/Intersight.PowerShellTest/bin/Debug/net6.0/Intersight.PowerShellTest.dll" adapterTypeName="executor://mstestadapter/v2" className="Intersight.PowerShellTest.PSUtilsTest" name="TestCompareIntersightObjectNtpPolicyNegative" />
    </UnitTest>
    <UnitTest name="TestCompareIntersightObjectBootPrecisionPolicyNegative" storage="/home/jenkins/workspace/release-is-powershell-module/src/github.com/cisco-intersight/powershell-generator-intersight/generated/intersight.powershell_1.0.11.18775/src/intersight.powershelltest/bin/debug/net6.0/intersight.powershelltest.dll" id="0cffca43-6210-42f1-8d64-14d64eefb2e5">
      <Execution id="f014dfec-c0ba-44f9-b453-9a996e1486b8" />
      <TestMethod codeBase="/home/jenkins/workspace/Release-IS-Powershell-Module/src/github.com/cisco-intersight/powershell-generator-intersight/generated/Intersight.PowerShell_1.0.11.18775/src/Intersight.PowerShellTest/bin/Debug/net6.0/Intersight.PowerShellTest.dll" adapterTypeName="executor://mstestadapter/v2" className="Intersight.PowerShellTest.PSUtilsTest" name="TestCompareIntersightObjectBootPrecisionPolicyNegative" />
    </UnitTest>
    <UnitTest name="TestCompareListIntNegative" storage="/home/jenkins/workspace/release-is-powershell-module/src/github.com/cisco-intersight/powershell-generator-intersight/generated/intersight.powershell_1.0.11.18775/src/intersight.powershelltest/bin/debug/net6.0/intersight.powershelltest.dll" id="1acc73cc-1c15-46c2-b28c-bdd8b991eb86">
      <Execution id="290a03a2-ae23-43be-aba3-8dd9b4dcdd93" />
      <TestMethod codeBase="/home/jenkins/workspace/Release-IS-Powershell-Module/src/github.com/cisco-intersight/powershell-generator-intersight/generated/Intersight.PowerShell_1.0.11.18775/src/Intersight.PowerShellTest/bin/Debug/net6.0/Intersight.PowerShellTest.dll" adapterTypeName="executor://mstestadapter/v2" className="Intersight.PowerShellTest.PSUtilsTest" name="TestCompareListIntNegative" />
    </UnitTest>
    <UnitTest name="TestCompareListStringNegative" storage="/home/jenkins/workspace/release-is-powershell-module/src/github.com/cisco-intersight/powershell-generator-intersight/generated/intersight.powershell_1.0.11.18775/src/intersight.powershelltest/bin/debug/net6.0/intersight.powershelltest.dll" id="56ec662d-5327-42cd-bb43-08e0849949be">
      <Execution id="15bfd363-cc10-4ad8-abe8-e97527b30122" />
      <TestMethod codeBase="/home/jenkins/workspace/Release-IS-Powershell-Module/src/github.com/cisco-intersight/powershell-generator-intersight/generated/Intersight.PowerShell_1.0.11.18775/src/Intersight.PowerShellTest/bin/Debug/net6.0/Intersight.PowerShellTest.dll" adapterTypeName="executor://mstestadapter/v2" className="Intersight.PowerShellTest.PSUtilsTest" name="TestCompareListStringNegative" />
    </UnitTest>
    <UnitTest name="TestCompareDictionaryNegative" storage="/home/jenkins/workspace/release-is-powershell-module/src/github.com/cisco-intersight/powershell-generator-intersight/generated/intersight.powershell_1.0.11.18775/src/intersight.powershelltest/bin/debug/net6.0/intersight.powershelltest.dll" id="dc44fd44-469f-46d8-978c-9121bba856b4">
      <Execution id="68338d9b-67a0-4312-b344-701e95b45151" />
      <TestMethod codeBase="/home/jenkins/workspace/Release-IS-Powershell-Module/src/github.com/cisco-intersight/powershell-generator-intersight/generated/Intersight.PowerShell_1.0.11.18775/src/Intersight.PowerShellTest/bin/Debug/net6.0/Intersight.PowerShellTest.dll" adapterTypeName="executor://mstestadapter/v2" className="Intersight.PowerShellTest.PSUtilsTest" name="TestCompareDictionaryNegative" />
    </UnitTest>
    <UnitTest name="TestCompareListInt" storage="/home/jenkins/workspace/release-is-powershell-module/src/github.com/cisco-intersight/powershell-generator-intersight/generated/intersight.powershell_1.0.11.18775/src/intersight.powershelltest/bin/debug/net6.0/intersight.powershelltest.dll" id="a90bbdc9-a47b-4447-88ab-af2f50a3da21">
      <Execution id="2969f2bc-12e3-4951-8b1a-26482fd7631c" />
      <TestMethod codeBase="/home/jenkins/workspace/Release-IS-Powershell-Module/src/github.com/cisco-intersight/powershell-generator-intersight/generated/Intersight.PowerShell_1.0.11.18775/src/Intersight.PowerShellTest/bin/Debug/net6.0/Intersight.PowerShellTest.dll" adapterTypeName="executor://mstestadapter/v2" className="Intersight.PowerShellTest.PSUtilsTest" name="TestCompareListInt" />
    </UnitTest>
    <UnitTest name="TestCompareListMorefNegative" storage="/home/jenkins/workspace/release-is-powershell-module/src/github.com/cisco-intersight/powershell-generator-intersight/generated/intersight.powershell_1.0.11.18775/src/intersight.powershelltest/bin/debug/net6.0/intersight.powershelltest.dll" id="868e02e0-ff3d-46c6-bbbf-8734cd7df926">
      <Execution id="cc243ede-87e0-4c9f-8b11-a02eac25f9ce" />
      <TestMethod codeBase="/home/jenkins/workspace/Release-IS-Powershell-Module/src/github.com/cisco-intersight/powershell-generator-intersight/generated/Intersight.PowerShell_1.0.11.18775/src/Intersight.PowerShellTest/bin/Debug/net6.0/Intersight.PowerShellTest.dll" adapterTypeName="executor://mstestadapter/v2" className="Intersight.PowerShellTest.PSUtilsTest" name="TestCompareListMorefNegative" />
    </UnitTest>
    <UnitTest name="TestCompareListString" storage="/home/jenkins/workspace/release-is-powershell-module/src/github.com/cisco-intersight/powershell-generator-intersight/generated/intersight.powershell_1.0.11.18775/src/intersight.powershelltest/bin/debug/net6.0/intersight.powershelltest.dll" id="18617064-397c-4a63-85d2-69a66697fd41">
      <Execution id="a61b1930-fd17-4301-aa38-b02c28c648d0" />
      <TestMethod codeBase="/home/jenkins/workspace/Release-IS-Powershell-Module/src/github.com/cisco-intersight/powershell-generator-intersight/generated/Intersight.PowerShell_1.0.11.18775/src/Intersight.PowerShellTest/bin/Debug/net6.0/Intersight.PowerShellTest.dll" adapterTypeName="executor://mstestadapter/v2" className="Intersight.PowerShellTest.PSUtilsTest" name="TestCompareListString" />
    </UnitTest>
    <UnitTest name="TestCompareDictionary" storage="/home/jenkins/workspace/release-is-powershell-module/src/github.com/cisco-intersight/powershell-generator-intersight/generated/intersight.powershell_1.0.11.18775/src/intersight.powershelltest/bin/debug/net6.0/intersight.powershelltest.dll" id="85fd862a-c758-47cb-9067-13396cf83f7f">
      <Execution id="fde14d77-3115-4d53-a6b0-7e8f6a82fda4" />
      <TestMethod codeBase="/home/jenkins/workspace/Release-IS-Powershell-Module/src/github.com/cisco-intersight/powershell-generator-intersight/generated/Intersight.PowerShell_1.0.11.18775/src/Intersight.PowerShellTest/bin/Debug/net6.0/Intersight.PowerShellTest.dll" adapterTypeName="executor://mstestadapter/v2" className="Intersight.PowerShellTest.PSUtilsTest" name="TestCompareDictionary" />
    </UnitTest>
    <UnitTest name="TestCompareListMoTag" storage="/home/jenkins/workspace/release-is-powershell-module/src/github.com/cisco-intersight/powershell-generator-intersight/generated/intersight.powershell_1.0.11.18775/src/intersight.powershelltest/bin/debug/net6.0/intersight.powershelltest.dll" id="5a241482-8583-482e-b7d1-8576a81a354e">
      <Execution id="9ea6ce18-2d21-4974-935b-986ccb3c809f" />
      <TestMethod codeBase="/home/jenkins/workspace/Release-IS-Powershell-Module/src/github.com/cisco-intersight/powershell-generator-intersight/generated/Intersight.PowerShell_1.0.11.18775/src/Intersight.PowerShellTest/bin/Debug/net6.0/Intersight.PowerShellTest.dll" adapterTypeName="executor://mstestadapter/v2" className="Intersight.PowerShellTest.PSUtilsTest" name="TestCompareListMoTag" />
    </UnitTest>
    <UnitTest name="TestCompareIntersightObjectOrganization" storage="/home/jenkins/workspace/release-is-powershell-module/src/github.com/cisco-intersight/powershell-generator-intersight/generated/intersight.powershell_1.0.11.18775/src/intersight.powershelltest/bin/debug/net6.0/intersight.powershelltest.dll" id="74e56e7e-1f69-4d97-8c2a-c47e1afc09d9">
      <Execution id="502020a5-152f-4411-96cb-541cc12561d3" />
      <TestMethod codeBase="/home/jenkins/workspace/Release-IS-Powershell-Module/src/github.com/cisco-intersight/powershell-generator-intersight/generated/Intersight.PowerShell_1.0.11.18775/src/Intersight.PowerShellTest/bin/Debug/net6.0/Intersight.PowerShellTest.dll" adapterTypeName="executor://mstestadapter/v2" className="Intersight.PowerShellTest.PSUtilsTest" name="TestCompareIntersightObjectOrganization" />
    </UnitTest>
    <UnitTest name="TestCompareListForBootDeviceNegative" storage="/home/jenkins/workspace/release-is-powershell-module/src/github.com/cisco-intersight/powershell-generator-intersight/generated/intersight.powershell_1.0.11.18775/src/intersight.powershelltest/bin/debug/net6.0/intersight.powershelltest.dll" id="53fdfaf7-0245-4ce7-bf2f-c109ee140606">
      <Execution id="75d4a1b7-6202-4534-a5fa-4ff868c6d1eb" />
      <TestMethod codeBase="/home/jenkins/workspace/Release-IS-Powershell-Module/src/github.com/cisco-intersight/powershell-generator-intersight/generated/Intersight.PowerShell_1.0.11.18775/src/Intersight.PowerShellTest/bin/Debug/net6.0/Intersight.PowerShellTest.dll" adapterTypeName="executor://mstestadapter/v2" className="Intersight.PowerShellTest.PSUtilsTest" name="TestCompareListForBootDeviceNegative" />
    </UnitTest>
    <UnitTest name="TestCompareListMoref" storage="/home/jenkins/workspace/release-is-powershell-module/src/github.com/cisco-intersight/powershell-generator-intersight/generated/intersight.powershell_1.0.11.18775/src/intersight.powershelltest/bin/debug/net6.0/intersight.powershelltest.dll" id="b0e077f8-2b21-4a57-9f61-2814c118d3fd">
      <Execution id="3a54846b-489b-4212-82e0-e1baef14c174" />
      <TestMethod codeBase="/home/jenkins/workspace/Release-IS-Powershell-Module/src/github.com/cisco-intersight/powershell-generator-intersight/generated/Intersight.PowerShell_1.0.11.18775/src/Intersight.PowerShellTest/bin/Debug/net6.0/Intersight.PowerShellTest.dll" adapterTypeName="executor://mstestadapter/v2" className="Intersight.PowerShellTest.PSUtilsTest" name="TestCompareListMoref" />
    </UnitTest>
    <UnitTest name="TestCompareListForBootDeviceNegative2" storage="/home/jenkins/workspace/release-is-powershell-module/src/github.com/cisco-intersight/powershell-generator-intersight/generated/intersight.powershell_1.0.11.18775/src/intersight.powershelltest/bin/debug/net6.0/intersight.powershelltest.dll" id="48602dbd-f022-48b4-a23f-ae9145857db7">
      <Execution id="aa221a08-c633-4094-b6fe-65c2c687da50" />
      <TestMethod codeBase="/home/jenkins/workspace/Release-IS-Powershell-Module/src/github.com/cisco-intersight/powershell-generator-intersight/generated/Intersight.PowerShell_1.0.11.18775/src/Intersight.PowerShellTest/bin/Debug/net6.0/Intersight.PowerShellTest.dll" adapterTypeName="executor://mstestadapter/v2" className="Intersight.PowerShellTest.PSUtilsTest" name="TestCompareListForBootDeviceNegative2" />
    </UnitTest>
    <UnitTest name="TestCompareIntersightObjectBootPrecisionPolicy" storage="/home/jenkins/workspace/release-is-powershell-module/src/github.com/cisco-intersight/powershell-generator-intersight/generated/intersight.powershell_1.0.11.18775/src/intersight.powershelltest/bin/debug/net6.0/intersight.powershelltest.dll" id="9dfd8c02-11b8-4bec-a1dd-3a7731df9948">
      <Execution id="8134c173-46d4-48a1-88e6-2532541497a5" />
      <TestMethod codeBase="/home/jenkins/workspace/Release-IS-Powershell-Module/src/github.com/cisco-intersight/powershell-generator-intersight/generated/Intersight.PowerShell_1.0.11.18775/src/Intersight.PowerShellTest/bin/Debug/net6.0/Intersight.PowerShellTest.dll" adapterTypeName="executor://mstestadapter/v2" className="Intersight.PowerShellTest.PSUtilsTest" name="TestCompareIntersightObjectBootPrecisionPolicy" />
    </UnitTest>
    <UnitTest name="TestCompareListForBootDevice" storage="/home/jenkins/workspace/release-is-powershell-module/src/github.com/cisco-intersight/powershell-generator-intersight/generated/intersight.powershell_1.0.11.18775/src/intersight.powershelltest/bin/debug/net6.0/intersight.powershelltest.dll" id="1a732220-93d0-4ffd-bdb5-a0b460362d7b">
      <Execution id="338f8457-1d80-46ee-acda-eae2ac648db3" />
      <TestMethod codeBase="/home/jenkins/workspace/Release-IS-Powershell-Module/src/github.com/cisco-intersight/powershell-generator-intersight/generated/Intersight.PowerShell_1.0.11.18775/src/Intersight.PowerShellTest/bin/Debug/net6.0/Intersight.PowerShellTest.dll" adapterTypeName="executor://mstestadapter/v2" className="Intersight.PowerShellTest.PSUtilsTest" name="TestCompareListForBootDevice" />
    </UnitTest>
    <UnitTest name="TestCompareDictionaryComplexObject" storage="/home/jenkins/workspace/release-is-powershell-module/src/github.com/cisco-intersight/powershell-generator-intersight/generated/intersight.powershell_1.0.11.18775/src/intersight.powershelltest/bin/debug/net6.0/intersight.powershelltest.dll" id="ea80323e-d5cc-4633-943e-71f7195d21b7">
      <Execution id="bcf34277-f6ef-43d4-8cd7-8e4a7f48ef51" />
      <TestMethod codeBase="/home/jenkins/workspace/Release-IS-Powershell-Module/src/github.com/cisco-intersight/powershell-generator-intersight/generated/Intersight.PowerShell_1.0.11.18775/src/Intersight.PowerShellTest/bin/Debug/net6.0/Intersight.PowerShellTest.dll" adapterTypeName="executor://mstestadapter/v2" className="Intersight.PowerShellTest.PSUtilsTest" name="TestCompareDictionaryComplexObject" />
    </UnitTest>
  </TestDefinitions>
  <TestEntries>
    <TestEntry testId="a6af7c09-3ca6-42d1-b234-492ed08b0efc" executionId="66e88b3e-19c0-4b39-928e-c8147ba386f9" testListId="8c84fa94-04c1-424b-9868-57a2d4851a1d" />
    <TestEntry testId="53fdfaf7-0245-4ce7-bf2f-c109ee140606" executionId="75d4a1b7-6202-4534-a5fa-4ff868c6d1eb" testListId="8c84fa94-04c1-424b-9868-57a2d4851a1d" />
    <TestEntry testId="a90bbdc9-a47b-4447-88ab-af2f50a3da21" executionId="2969f2bc-12e3-4951-8b1a-26482fd7631c" testListId="8c84fa94-04c1-424b-9868-57a2d4851a1d" />
    <TestEntry testId="0cffca43-6210-42f1-8d64-14d64eefb2e5" executionId="f014dfec-c0ba-44f9-b453-9a996e1486b8" testListId="8c84fa94-04c1-424b-9868-57a2d4851a1d" />
    <TestEntry testId="56ec662d-5327-42cd-bb43-08e0849949be" executionId="15bfd363-cc10-4ad8-abe8-e97527b30122" testListId="8c84fa94-04c1-424b-9868-57a2d4851a1d" />
    <TestEntry testId="ee98a578-3797-4a60-a35a-0e479ae85c3a" executionId="d97bef1c-e6c7-4461-b0ad-b61404d27c1e" testListId="8c84fa94-04c1-424b-9868-57a2d4851a1d" />
    <TestEntry testId="5a241482-8583-482e-b7d1-8576a81a354e" executionId="9ea6ce18-2d21-4974-935b-986ccb3c809f" testListId="8c84fa94-04c1-424b-9868-57a2d4851a1d" />
    <TestEntry testId="1a732220-93d0-4ffd-bdb5-a0b460362d7b" executionId="338f8457-1d80-46ee-acda-eae2ac648db3" testListId="8c84fa94-04c1-424b-9868-57a2d4851a1d" />
    <TestEntry testId="48602dbd-f022-48b4-a23f-ae9145857db7" executionId="aa221a08-c633-4094-b6fe-65c2c687da50" testListId="8c84fa94-04c1-424b-9868-57a2d4851a1d" />
    <TestEntry testId="dc44fd44-469f-46d8-978c-9121bba856b4" executionId="68338d9b-67a0-4312-b344-701e95b45151" testListId="8c84fa94-04c1-424b-9868-57a2d4851a1d" />
    <TestEntry testId="b0e077f8-2b21-4a57-9f61-2814c118d3fd" executionId="3a54846b-489b-4212-82e0-e1baef14c174" testListId="8c84fa94-04c1-424b-9868-57a2d4851a1d" />
    <TestEntry testId="85fd862a-c758-47cb-9067-13396cf83f7f" executionId="fde14d77-3115-4d53-a6b0-7e8f6a82fda4" testListId="8c84fa94-04c1-424b-9868-57a2d4851a1d" />
    <TestEntry testId="889e8dd0-dbdf-44a7-be8f-8b3d0516caf0" executionId="f76e21a7-8e65-4766-9e31-28c91c357ea7" testListId="8c84fa94-04c1-424b-9868-57a2d4851a1d" />
    <TestEntry testId="18617064-397c-4a63-85d2-69a66697fd41" executionId="a61b1930-fd17-4301-aa38-b02c28c648d0" testListId="8c84fa94-04c1-424b-9868-57a2d4851a1d" />
    <TestEntry testId="14e6d241-0e31-4969-b40e-0c212b006840" executionId="4e638e46-0759-43b4-86a6-ffa12f3eb664" testListId="8c84fa94-04c1-424b-9868-57a2d4851a1d" />
    <TestEntry testId="868e02e0-ff3d-46c6-bbbf-8734cd7df926" executionId="cc243ede-87e0-4c9f-8b11-a02eac25f9ce" testListId="8c84fa94-04c1-424b-9868-57a2d4851a1d" />
    <TestEntry testId="ea80323e-d5cc-4633-943e-71f7195d21b7" executionId="bcf34277-f6ef-43d4-8cd7-8e4a7f48ef51" testListId="8c84fa94-04c1-424b-9868-57a2d4851a1d" />
    <TestEntry testId="9dfd8c02-11b8-4bec-a1dd-3a7731df9948" executionId="8134c173-46d4-48a1-88e6-2532541497a5" testListId="8c84fa94-04c1-424b-9868-57a2d4851a1d" />
    <TestEntry testId="74e56e7e-1f69-4d97-8c2a-c47e1afc09d9" executionId="502020a5-152f-4411-96cb-541cc12561d3" testListId="8c84fa94-04c1-424b-9868-57a2d4851a1d" />
    <TestEntry testId="1acc73cc-1c15-46c2-b28c-bdd8b991eb86" executionId="290a03a2-ae23-43be-aba3-8dd9b4dcdd93" testListId="8c84fa94-04c1-424b-9868-57a2d4851a1d" />
    <TestEntry testId="9c067ea8-7d39-4de7-834f-ddb7bdd918c3" executionId="a989475f-9d40-47ed-9afd-0e37fab3cf29" testListId="8c84fa94-04c1-424b-9868-57a2d4851a1d" />
  </TestEntries>
  <TestLists>
    <TestList name="Results Not in a List" id="8c84fa94-04c1-424b-9868-57a2d4851a1d" />
    <TestList name="All Loaded Results" id="19431567-8539-422a-85d7-44ee4e166bda" />
  </TestLists>
  <ResultSummary outcome="Completed">
    <Counters total="21" executed="21" passed="21" failed="0" error="0" timeout="0" aborted="0" inconclusive="0" passedButRunAborted="0" notRunnable="0" notExecuted="0" disconnected="0" warning="0" completed="0" inProgress="0" pending="0" />
  </ResultSummary>
</TestRun>