<?xml version="1.0" encoding="utf-8"?>
<TestRun id="42915147-19eb-4f32-83d1-11d7c8653dab" name="@sam-tools01 2025-09-08 12:40:59" xmlns="http://microsoft.com/schemas/VisualStudio/TeamTest/2010">
  <Times creation="2025-09-08T12:40:59.4902182+05:30" queuing="2025-09-08T12:40:59.4902185+05:30" start="2025-09-08T12:40:56.8180578+05:30" finish="2025-09-08T12:40:59.7477154+05:30" />
  <TestSettings name="default" id="a51f7f8c-40be-4e09-acc8-aa2c660df22b">
    <Deployment runDeploymentRoot="_sam-tools01_2025-09-08_12_40_59" />
  </TestSettings>
  <Results>
    <UnitTestResult executionId="3676fb70-287d-4f0d-9a52-b17885fd288c" testId="88ea40e3-ec5b-43a5-c99a-e2b6678029d4" testName="TestCompareListBool" computerName="sam-tools01" duration="00:00:00.0022250" startTime="2025-09-08T12:40:59.4236263+05:30" endTime="2025-09-08T12:40:59.4260208+05:30" testType="13cdc9d9-ddb5-4fa4-a97d-d965ccfc6d4b" outcome="Passed" testListId="8c84fa94-04c1-424b-9868-57a2d4851a1d" relativeResultsDirectory="3676fb70-287d-4f0d-9a52-b17885fd288c" />
    <UnitTestResult executionId="e0c37f2a-8ff6-4e66-a5b7-0d193e819377" testId="af46402b-c5ea-bd3a-5e0c-2049af859c7d" testName="TestCompareListForBootDeviceNegative2" computerName="sam-tools01" duration="00:00:00.0006725" startTime="2025-09-08T12:40:59.4556603+05:30" endTime="2025-09-08T12:40:59.4565443+05:30" testType="13cdc9d9-ddb5-4fa4-a97d-d965ccfc6d4b" outcome="Passed" testListId="8c84fa94-04c1-424b-9868-57a2d4851a1d" relativeResultsDirectory="e0c37f2a-8ff6-4e66-a5b7-0d193e819377" />
    <UnitTestResult executionId="cd6dd22c-f540-405e-abca-5d549bc2d4bc" testId="8258a73b-bc00-ed98-fa41-0b083d455901" testName="TestCompareIntersightObjectBootPrecisionPolicy" computerName="sam-tools01" duration="00:00:00.2611699" startTime="2025-09-08T12:40:59.1308572+05:30" endTime="2025-09-08T12:40:59.3922531+05:30" testType="13cdc9d9-ddb5-4fa4-a97d-d965ccfc6d4b" outcome="Passed" testListId="8c84fa94-04c1-424b-9868-57a2d4851a1d" relativeResultsDirectory="cd6dd22c-f540-405e-abca-5d549bc2d4bc" />
    <UnitTestResult executionId="fda1cf4c-d9dd-4bc7-8aae-b932a14e5935" testId="25efd544-f2d1-bce7-85cd-13c8daa9f9e0" testName="TestCompareIntersightObjectBootPrecisionPolicyNegative" computerName="sam-tools01" duration="00:00:00.0255294" startTime="2025-09-08T12:40:59.3923876+05:30" endTime="2025-09-08T12:40:59.4181677+05:30" testType="13cdc9d9-ddb5-4fa4-a97d-d965ccfc6d4b" outcome="Passed" testListId="8c84fa94-04c1-424b-9868-57a2d4851a1d" relativeResultsDirectory="fda1cf4c-d9dd-4bc7-8aae-b932a14e5935" />
    <UnitTestResult executionId="3a8e3d01-6729-48d4-85ea-b2d47ebf474b" testId="bff6c437-3beb-39f9-80a5-87eccac911ed" testName="TestCompareIntersightObjectNtpPolicy" computerName="sam-tools01" duration="00:00:00.8080690" startTime="2025-09-08T12:40:58.1768829+05:30" endTime="2025-09-08T12:40:59.0265475+05:30" testType="13cdc9d9-ddb5-4fa4-a97d-d965ccfc6d4b" outcome="Passed" testListId="8c84fa94-04c1-424b-9868-57a2d4851a1d" relativeResultsDirectory="3a8e3d01-6729-48d4-85ea-b2d47ebf474b" />
    <UnitTestResult executionId="c8344a36-b05c-47ed-8e30-3e9bd1dc704b" testId="67fe35a3-9c2f-b0bc-0bca-682f70341349" testName="TestCompareDictionaryNegative" computerName="sam-tools01" duration="00:00:00.0003141" startTime="2025-09-08T12:40:59.4650159+05:30" endTime="2025-09-08T12:40:59.4655063+05:30" testType="13cdc9d9-ddb5-4fa4-a97d-d965ccfc6d4b" outcome="Passed" testListId="8c84fa94-04c1-424b-9868-57a2d4851a1d" relativeResultsDirectory="c8344a36-b05c-47ed-8e30-3e9bd1dc704b" />
    <UnitTestResult executionId="1cbeffb3-d2b4-4d47-a33a-993644e4d15b" testId="aabf11cb-24b4-212d-0c32-fc3bcd8d8940" testName="TestCompareListMoTag" computerName="sam-tools01" duration="00:00:00.0011122" startTime="2025-09-08T12:40:59.4566128+05:30" endTime="2025-09-08T12:40:59.4578819+05:30" testType="13cdc9d9-ddb5-4fa4-a97d-d965ccfc6d4b" outcome="Passed" testListId="8c84fa94-04c1-424b-9868-57a2d4851a1d" relativeResultsDirectory="1cbeffb3-d2b4-4d47-a33a-993644e4d15b" />
    <UnitTestResult executionId="31d77a6b-d2d9-4141-83d0-c6a9b3482ab6" testId="784db588-4279-ecee-6ebf-d593d81facb2" testName="TestCompareListMorefNegative" computerName="sam-tools01" duration="00:00:00.0004675" startTime="2025-09-08T12:40:59.4484250+05:30" endTime="2025-09-08T12:40:59.4490558+05:30" testType="13cdc9d9-ddb5-4fa4-a97d-d965ccfc6d4b" outcome="Passed" testListId="8c84fa94-04c1-424b-9868-57a2d4851a1d" relativeResultsDirectory="31d77a6b-d2d9-4141-83d0-c6a9b3482ab6" />
    <UnitTestResult executionId="aa30bd76-76f4-45b8-ac1e-3cdc25391f98" testId="1db52ae6-de71-4f43-9eeb-027f31c87948" testName="TestCompareListInt" computerName="sam-tools01" duration="00:00:00.0045217" startTime="2025-09-08T12:40:59.4182446+05:30" endTime="2025-09-08T12:40:59.4229385+05:30" testType="13cdc9d9-ddb5-4fa4-a97d-d965ccfc6d4b" outcome="Passed" testListId="8c84fa94-04c1-424b-9868-57a2d4851a1d" relativeResultsDirectory="aa30bd76-76f4-45b8-ac1e-3cdc25391f98" />
    <UnitTestResult executionId="ebaf98b2-003b-4653-8881-99521043ab41" testId="059965c2-36bd-5e5b-97dd-d4ab6d9c4fbe" testName="TestCompareDictionaryComplexObject" computerName="sam-tools01" duration="00:00:00.1791276" startTime="2025-09-08T12:40:59.4655895+05:30" endTime="2025-09-08T12:40:59.6452327+05:30" testType="13cdc9d9-ddb5-4fa4-a97d-d965ccfc6d4b" outcome="Passed" testListId="8c84fa94-04c1-424b-9868-57a2d4851a1d" relativeResultsDirectory="ebaf98b2-003b-4653-8881-99521043ab41" />
    <UnitTestResult executionId="7dd7654f-0707-4082-ae7e-dcef4b4a732e" testId="5a9cdfb0-8f5b-b57c-e6a8-b11d60be279d" testName="TestCompareListIntNegative" computerName="sam-tools01" duration="00:00:00.0003481" startTime="2025-09-08T12:40:59.4230166+05:30" endTime="2025-09-08T12:40:59.4235538+05:30" testType="13cdc9d9-ddb5-4fa4-a97d-d965ccfc6d4b" outcome="Passed" testListId="8c84fa94-04c1-424b-9868-57a2d4851a1d" relativeResultsDirectory="7dd7654f-0707-4082-ae7e-dcef4b4a732e" />
    <UnitTestResult executionId="8ca37495-1e9c-4004-abc0-3525caf3c3b3" testId="e11b186c-5a67-a39b-7976-36ed1bbcd11a" testName="TestCompareListString" computerName="sam-tools01" duration="00:00:00.0014553" startTime="2025-09-08T12:40:59.4431991+05:30" endTime="2025-09-08T12:40:59.4448374+05:30" testType="13cdc9d9-ddb5-4fa4-a97d-d965ccfc6d4b" outcome="Passed" testListId="8c84fa94-04c1-424b-9868-57a2d4851a1d" relativeResultsDirectory="8ca37495-1e9c-4004-abc0-3525caf3c3b3" />
    <UnitTestResult executionId="9c2e4809-fbfb-427d-8ed4-4d13c90ea496" testId="f5172029-ac9e-c3e9-fbc4-3c68019ec0b7" testName="TestCompareListStringNegative" computerName="sam-tools01" duration="00:00:00.0003039" startTime="2025-09-08T12:40:59.4449168+05:30" endTime="2025-09-08T12:40:59.4453886+05:30" testType="13cdc9d9-ddb5-4fa4-a97d-d965ccfc6d4b" outcome="Passed" testListId="8c84fa94-04c1-424b-9868-57a2d4851a1d" relativeResultsDirectory="9c2e4809-fbfb-427d-8ed4-4d13c90ea496" />
    <UnitTestResult executionId="b484cb2c-eebd-4b68-b6d4-787025a33109" testId="0c6cda6b-cbbb-2afd-190e-3a871772306f" testName="TestCompareListMoref" computerName="sam-tools01" duration="00:00:00.0027289" startTime="2025-09-08T12:40:59.4454571+05:30" endTime="2025-09-08T12:40:59.4483558+05:30" testType="13cdc9d9-ddb5-4fa4-a97d-d965ccfc6d4b" outcome="Passed" testListId="8c84fa94-04c1-424b-9868-57a2d4851a1d" relativeResultsDirectory="b484cb2c-eebd-4b68-b6d4-787025a33109" />
    <UnitTestResult executionId="e3835f62-d9b7-4b99-9813-ae267b8f8c6a" testId="b10c1996-ca07-2342-84f2-dbd5e05100b8" testName="TestCompareDictionary" computerName="sam-tools01" duration="00:00:00.0016616" startTime="2025-09-08T12:40:59.4630672+05:30" endTime="2025-09-08T12:40:59.4649404+05:30" testType="13cdc9d9-ddb5-4fa4-a97d-d965ccfc6d4b" outcome="Passed" testListId="8c84fa94-04c1-424b-9868-57a2d4851a1d" relativeResultsDirectory="e3835f62-d9b7-4b99-9813-ae267b8f8c6a" />
    <UnitTestResult executionId="d89ce87c-bf0f-4a83-91e6-b3f882468b3d" testId="af74a405-21fd-b582-370c-8a17fa063b8c" testName="TestCompareListForBootDeviceNegative" computerName="sam-tools01" duration="00:00:00.0025615" startTime="2025-09-08T12:40:59.4528489+05:30" endTime="2025-09-08T12:40:59.4555807+05:30" testType="13cdc9d9-ddb5-4fa4-a97d-d965ccfc6d4b" outcome="Passed" testListId="8c84fa94-04c1-424b-9868-57a2d4851a1d" relativeResultsDirectory="d89ce87c-bf0f-4a83-91e6-b3f882468b3d" />
    <UnitTestResult executionId="e53c4536-6fa1-4f22-8ae5-50fae936fa02" testId="bf562289-5a4d-7a89-8d64-28cb5bf97a3c" testName="TestCompareListMoTagNegative" computerName="sam-tools01" duration="00:00:00.0004698" startTime="2025-09-08T12:40:59.4579474+05:30" endTime="2025-09-08T12:40:59.4585764+05:30" testType="13cdc9d9-ddb5-4fa4-a97d-d965ccfc6d4b" outcome="Passed" testListId="8c84fa94-04c1-424b-9868-57a2d4851a1d" relativeResultsDirectory="e53c4536-6fa1-4f22-8ae5-50fae936fa02" />
    <UnitTestResult executionId="3c6a7466-53ba-41f2-a333-3eb67cc6f900" testId="a1b2ed2e-9057-ffb1-4686-d9af3d443417" testName="TestCompareListForBootDevice" computerName="sam-tools01" duration="00:00:00.0034651" startTime="2025-09-08T12:40:59.4491228+05:30" endTime="2025-09-08T12:40:59.4527781+05:30" testType="13cdc9d9-ddb5-4fa4-a97d-d965ccfc6d4b" outcome="Passed" testListId="8c84fa94-04c1-424b-9868-57a2d4851a1d" relativeResultsDirectory="3c6a7466-53ba-41f2-a333-3eb67cc6f900" />
    <UnitTestResult executionId="097deac0-4185-40ed-86ac-e4fba93960ed" testId="21d6bdd3-dab8-5932-c926-48f8362b179c" testName="TestCompareIntersightObjectNtpPolicyNegative" computerName="sam-tools01" duration="00:00:00.0009852" startTime="2025-09-08T12:40:59.0846498+05:30" endTime="2025-09-08T12:40:59.0860993+05:30" testType="13cdc9d9-ddb5-4fa4-a97d-d965ccfc6d4b" outcome="Passed" testListId="8c84fa94-04c1-424b-9868-57a2d4851a1d" relativeResultsDirectory="097deac0-4185-40ed-86ac-e4fba93960ed" />
    <UnitTestResult executionId="fd92e150-ee29-4c92-931c-3dd7f95c57a3" testId="b3886f1e-26df-1da8-ce00-27028925c5ec" testName="TestCompareIntersightObjectOrganizationNegative" computerName="sam-tools01" duration="00:00:00.0003586" startTime="2025-09-08T12:40:59.1302299+05:30" endTime="2025-09-08T12:40:59.1307778+05:30" testType="13cdc9d9-ddb5-4fa4-a97d-d965ccfc6d4b" outcome="Passed" testListId="8c84fa94-04c1-424b-9868-57a2d4851a1d" relativeResultsDirectory="fd92e150-ee29-4c92-931c-3dd7f95c57a3" />
    <UnitTestResult executionId="3d7e8518-5728-4b22-9c94-385a59a7033d" testId="29190111-74c5-b955-85d1-f6446d9f3326" testName="TestCompareIntersightObjectOrganization" computerName="sam-tools01" duration="00:00:00.0430849" startTime="2025-09-08T12:40:59.0868240+05:30" endTime="2025-09-08T12:40:59.1301227+05:30" testType="13cdc9d9-ddb5-4fa4-a97d-d965ccfc6d4b" outcome="Passed" testListId="8c84fa94-04c1-424b-9868-57a2d4851a1d" relativeResultsDirectory="3d7e8518-5728-4b22-9c94-385a59a7033d" />
  </Results>
  <TestDefinitions>
    <UnitTest name="TestCompareListMorefNegative" storage="/home/jenkins/workspace/release-is-powershell-module/src/github.com/cisco-intersight/powershell-generator-intersight/generated/intersight.powershell_1.0.11.2025081401/src/intersight.powershelltest/bin/debug/net8.0/intersight.powershelltest.dll" id="784db588-4279-ecee-6ebf-d593d81facb2">
      <Execution id="31d77a6b-d2d9-4141-83d0-c6a9b3482ab6" />
      <TestMethod codeBase="/home/jenkins/workspace/Release-IS-Powershell-Module/src/github.com/cisco-intersight/powershell-generator-intersight/generated/Intersight.PowerShell_1.0.11.2025081401/src/Intersight.PowerShellTest/bin/Debug/net8.0/Intersight.PowerShellTest.dll" adapterTypeName="executor://mstestadapter/v2" className="Intersight.PowerShellTest.PSUtilsTest" name="TestCompareListMorefNegative" />
    </UnitTest>
    <UnitTest name="TestCompareListIntNegative" storage="/home/jenkins/workspace/release-is-powershell-module/src/github.com/cisco-intersight/powershell-generator-intersight/generated/intersight.powershell_1.0.11.2025081401/src/intersight.powershelltest/bin/debug/net8.0/intersight.powershelltest.dll" id="5a9cdfb0-8f5b-b57c-e6a8-b11d60be279d">
      <Execution id="7dd7654f-0707-4082-ae7e-dcef4b4a732e" />
      <TestMethod codeBase="/home/jenkins/workspace/Release-IS-Powershell-Module/src/github.com/cisco-intersight/powershell-generator-intersight/generated/Intersight.PowerShell_1.0.11.2025081401/src/Intersight.PowerShellTest/bin/Debug/net8.0/Intersight.PowerShellTest.dll" adapterTypeName="executor://mstestadapter/v2" className="Intersight.PowerShellTest.PSUtilsTest" name="TestCompareListIntNegative" />
    </UnitTest>
    <UnitTest name="TestCompareDictionaryComplexObject" storage="/home/jenkins/workspace/release-is-powershell-module/src/github.com/cisco-intersight/powershell-generator-intersight/generated/intersight.powershell_1.0.11.2025081401/src/intersight.powershelltest/bin/debug/net8.0/intersight.powershelltest.dll" id="059965c2-36bd-5e5b-97dd-d4ab6d9c4fbe">
      <Execution id="ebaf98b2-003b-4653-8881-99521043ab41" />
      <TestMethod codeBase="/home/jenkins/workspace/Release-IS-Powershell-Module/src/github.com/cisco-intersight/powershell-generator-intersight/generated/Intersight.PowerShell_1.0.11.2025081401/src/Intersight.PowerShellTest/bin/Debug/net8.0/Intersight.PowerShellTest.dll" adapterTypeName="executor://mstestadapter/v2" className="Intersight.PowerShellTest.PSUtilsTest" name="TestCompareDictionaryComplexObject" />
    </UnitTest>
    <UnitTest name="TestCompareListStringNegative" storage="/home/jenkins/workspace/release-is-powershell-module/src/github.com/cisco-intersight/powershell-generator-intersight/generated/intersight.powershell_1.0.11.2025081401/src/intersight.powershelltest/bin/debug/net8.0/intersight.powershelltest.dll" id="f5172029-ac9e-c3e9-fbc4-3c68019ec0b7">
      <Execution id="9c2e4809-fbfb-427d-8ed4-4d13c90ea496" />
      <TestMethod codeBase="/home/jenkins/workspace/Release-IS-Powershell-Module/src/github.com/cisco-intersight/powershell-generator-intersight/generated/Intersight.PowerShell_1.0.11.2025081401/src/Intersight.PowerShellTest/bin/Debug/net8.0/Intersight.PowerShellTest.dll" adapterTypeName="executor://mstestadapter/v2" className="Intersight.PowerShellTest.PSUtilsTest" name="TestCompareListStringNegative" />
    </UnitTest>
    <UnitTest name="TestCompareDictionary" storage="/home/jenkins/workspace/release-is-powershell-module/src/github.com/cisco-intersight/powershell-generator-intersight/generated/intersight.powershell_1.0.11.2025081401/src/intersight.powershelltest/bin/debug/net8.0/intersight.powershelltest.dll" id="b10c1996-ca07-2342-84f2-dbd5e05100b8">
      <Execution id="e3835f62-d9b7-4b99-9813-ae267b8f8c6a" />
      <TestMethod codeBase="/home/jenkins/workspace/Release-IS-Powershell-Module/src/github.com/cisco-intersight/powershell-generator-intersight/generated/Intersight.PowerShell_1.0.11.2025081401/src/Intersight.PowerShellTest/bin/Debug/net8.0/Intersight.PowerShellTest.dll" adapterTypeName="executor://mstestadapter/v2" className="Intersight.PowerShellTest.PSUtilsTest" name="TestCompareDictionary" />
    </UnitTest>
    <UnitTest name="TestCompareIntersightObjectOrganization" storage="/home/jenkins/workspace/release-is-powershell-module/src/github.com/cisco-intersight/powershell-generator-intersight/generated/intersight.powershell_1.0.11.2025081401/src/intersight.powershelltest/bin/debug/net8.0/intersight.powershelltest.dll" id="29190111-74c5-b955-85d1-f6446d9f3326">
      <Execution id="3d7e8518-5728-4b22-9c94-385a59a7033d" />
      <TestMethod codeBase="/home/jenkins/workspace/Release-IS-Powershell-Module/src/github.com/cisco-intersight/powershell-generator-intersight/generated/Intersight.PowerShell_1.0.11.2025081401/src/Intersight.PowerShellTest/bin/Debug/net8.0/Intersight.PowerShellTest.dll" adapterTypeName="executor://mstestadapter/v2" className="Intersight.PowerShellTest.PSUtilsTest" name="TestCompareIntersightObjectOrganization" />
    </UnitTest>
    <UnitTest name="TestCompareListForBootDevice" storage="/home/jenkins/workspace/release-is-powershell-module/src/github.com/cisco-intersight/powershell-generator-intersight/generated/intersight.powershell_1.0.11.2025081401/src/intersight.powershelltest/bin/debug/net8.0/intersight.powershelltest.dll" id="a1b2ed2e-9057-ffb1-4686-d9af3d443417">
      <Execution id="3c6a7466-53ba-41f2-a333-3eb67cc6f900" />
      <TestMethod codeBase="/home/jenkins/workspace/Release-IS-Powershell-Module/src/github.com/cisco-intersight/powershell-generator-intersight/generated/Intersight.PowerShell_1.0.11.2025081401/src/Intersight.PowerShellTest/bin/Debug/net8.0/Intersight.PowerShellTest.dll" adapterTypeName="executor://mstestadapter/v2" className="Intersight.PowerShellTest.PSUtilsTest" name="TestCompareListForBootDevice" />
    </UnitTest>
    <UnitTest name="TestCompareListString" storage="/home/jenkins/workspace/release-is-powershell-module/src/github.com/cisco-intersight/powershell-generator-intersight/generated/intersight.powershell_1.0.11.2025081401/src/intersight.powershelltest/bin/debug/net8.0/intersight.powershelltest.dll" id="e11b186c-5a67-a39b-7976-36ed1bbcd11a">
      <Execution id="8ca37495-1e9c-4004-abc0-3525caf3c3b3" />
      <TestMethod codeBase="/home/jenkins/workspace/Release-IS-Powershell-Module/src/github.com/cisco-intersight/powershell-generator-intersight/generated/Intersight.PowerShell_1.0.11.2025081401/src/Intersight.PowerShellTest/bin/Debug/net8.0/Intersight.PowerShellTest.dll" adapterTypeName="executor://mstestadapter/v2" className="Intersight.PowerShellTest.PSUtilsTest" name="TestCompareListString" />
    </UnitTest>
    <UnitTest name="TestCompareIntersightObjectBootPrecisionPolicy" storage="/home/jenkins/workspace/release-is-powershell-module/src/github.com/cisco-intersight/powershell-generator-intersight/generated/intersight.powershell_1.0.11.2025081401/src/intersight.powershelltest/bin/debug/net8.0/intersight.powershelltest.dll" id="8258a73b-bc00-ed98-fa41-0b083d455901">
      <Execution id="cd6dd22c-f540-405e-abca-5d549bc2d4bc" />
      <TestMethod codeBase="/home/jenkins/workspace/Release-IS-Powershell-Module/src/github.com/cisco-intersight/powershell-generator-intersight/generated/Intersight.PowerShell_1.0.11.2025081401/src/Intersight.PowerShellTest/bin/Debug/net8.0/Intersight.PowerShellTest.dll" adapterTypeName="executor://mstestadapter/v2" className="Intersight.PowerShellTest.PSUtilsTest" name="TestCompareIntersightObjectBootPrecisionPolicy" />
    </UnitTest>
    <UnitTest name="TestCompareListBool" storage="/home/jenkins/workspace/release-is-powershell-module/src/github.com/cisco-intersight/powershell-generator-intersight/generated/intersight.powershell_1.0.11.2025081401/src/intersight.powershelltest/bin/debug/net8.0/intersight.powershelltest.dll" id="88ea40e3-ec5b-43a5-c99a-e2b6678029d4">
      <Execution id="3676fb70-287d-4f0d-9a52-b17885fd288c" />
      <TestMethod codeBase="/home/jenkins/workspace/Release-IS-Powershell-Module/src/github.com/cisco-intersight/powershell-generator-intersight/generated/Intersight.PowerShell_1.0.11.2025081401/src/Intersight.PowerShellTest/bin/Debug/net8.0/Intersight.PowerShellTest.dll" adapterTypeName="executor://mstestadapter/v2" className="Intersight.PowerShellTest.PSUtilsTest" name="TestCompareListBool" />
    </UnitTest>
    <UnitTest name="TestCompareIntersightObjectNtpPolicyNegative" storage="/home/jenkins/workspace/release-is-powershell-module/src/github.com/cisco-intersight/powershell-generator-intersight/generated/intersight.powershell_1.0.11.2025081401/src/intersight.powershelltest/bin/debug/net8.0/intersight.powershelltest.dll" id="21d6bdd3-dab8-5932-c926-48f8362b179c">
      <Execution id="097deac0-4185-40ed-86ac-e4fba93960ed" />
      <TestMethod codeBase="/home/jenkins/workspace/Release-IS-Powershell-Module/src/github.com/cisco-intersight/powershell-generator-intersight/generated/Intersight.PowerShell_1.0.11.2025081401/src/Intersight.PowerShellTest/bin/Debug/net8.0/Intersight.PowerShellTest.dll" adapterTypeName="executor://mstestadapter/v2" className="Intersight.PowerShellTest.PSUtilsTest" name="TestCompareIntersightObjectNtpPolicyNegative" />
    </UnitTest>
    <UnitTest name="TestCompareListMoref" storage="/home/jenkins/workspace/release-is-powershell-module/src/github.com/cisco-intersight/powershell-generator-intersight/generated/intersight.powershell_1.0.11.2025081401/src/intersight.powershelltest/bin/debug/net8.0/intersight.powershelltest.dll" id="0c6cda6b-cbbb-2afd-190e-3a871772306f">
      <Execution id="b484cb2c-eebd-4b68-b6d4-787025a33109" />
      <TestMethod codeBase="/home/jenkins/workspace/Release-IS-Powershell-Module/src/github.com/cisco-intersight/powershell-generator-intersight/generated/Intersight.PowerShell_1.0.11.2025081401/src/Intersight.PowerShellTest/bin/Debug/net8.0/Intersight.PowerShellTest.dll" adapterTypeName="executor://mstestadapter/v2" className="Intersight.PowerShellTest.PSUtilsTest" name="TestCompareListMoref" />
    </UnitTest>
    <UnitTest name="TestCompareListForBootDeviceNegative" storage="/home/jenkins/workspace/release-is-powershell-module/src/github.com/cisco-intersight/powershell-generator-intersight/generated/intersight.powershell_1.0.11.2025081401/src/intersight.powershelltest/bin/debug/net8.0/intersight.powershelltest.dll" id="af74a405-21fd-b582-370c-8a17fa063b8c">
      <Execution id="d89ce87c-bf0f-4a83-91e6-b3f882468b3d" />
      <TestMethod codeBase="/home/jenkins/workspace/Release-IS-Powershell-Module/src/github.com/cisco-intersight/powershell-generator-intersight/generated/Intersight.PowerShell_1.0.11.2025081401/src/Intersight.PowerShellTest/bin/Debug/net8.0/Intersight.PowerShellTest.dll" adapterTypeName="executor://mstestadapter/v2" className="Intersight.PowerShellTest.PSUtilsTest" name="TestCompareListForBootDeviceNegative" />
    </UnitTest>
    <UnitTest name="TestCompareDictionaryNegative" storage="/home/jenkins/workspace/release-is-powershell-module/src/github.com/cisco-intersight/powershell-generator-intersight/generated/intersight.powershell_1.0.11.2025081401/src/intersight.powershelltest/bin/debug/net8.0/intersight.powershelltest.dll" id="67fe35a3-9c2f-b0bc-0bca-682f70341349">
      <Execution id="c8344a36-b05c-47ed-8e30-3e9bd1dc704b" />
      <TestMethod codeBase="/home/jenkins/workspace/Release-IS-Powershell-Module/src/github.com/cisco-intersight/powershell-generator-intersight/generated/Intersight.PowerShell_1.0.11.2025081401/src/Intersight.PowerShellTest/bin/Debug/net8.0/Intersight.PowerShellTest.dll" adapterTypeName="executor://mstestadapter/v2" className="Intersight.PowerShellTest.PSUtilsTest" name="TestCompareDictionaryNegative" />
    </UnitTest>
    <UnitTest name="TestCompareIntersightObjectBootPrecisionPolicyNegative" storage="/home/jenkins/workspace/release-is-powershell-module/src/github.com/cisco-intersight/powershell-generator-intersight/generated/intersight.powershell_1.0.11.2025081401/src/intersight.powershelltest/bin/debug/net8.0/intersight.powershelltest.dll" id="25efd544-f2d1-bce7-85cd-13c8daa9f9e0">
      <Execution id="fda1cf4c-d9dd-4bc7-8aae-b932a14e5935" />
      <TestMethod codeBase="/home/jenkins/workspace/Release-IS-Powershell-Module/src/github.com/cisco-intersight/powershell-generator-intersight/generated/Intersight.PowerShell_1.0.11.2025081401/src/Intersight.PowerShellTest/bin/Debug/net8.0/Intersight.PowerShellTest.dll" adapterTypeName="executor://mstestadapter/v2" className="Intersight.PowerShellTest.PSUtilsTest" name="TestCompareIntersightObjectBootPrecisionPolicyNegative" />
    </UnitTest>
    <UnitTest name="TestCompareListInt" storage="/home/jenkins/workspace/release-is-powershell-module/src/github.com/cisco-intersight/powershell-generator-intersight/generated/intersight.powershell_1.0.11.2025081401/src/intersight.powershelltest/bin/debug/net8.0/intersight.powershelltest.dll" id="1db52ae6-de71-4f43-9eeb-027f31c87948">
      <Execution id="aa30bd76-76f4-45b8-ac1e-3cdc25391f98" />
      <TestMethod codeBase="/home/jenkins/workspace/Release-IS-Powershell-Module/src/github.com/cisco-intersight/powershell-generator-intersight/generated/Intersight.PowerShell_1.0.11.2025081401/src/Intersight.PowerShellTest/bin/Debug/net8.0/Intersight.PowerShellTest.dll" adapterTypeName="executor://mstestadapter/v2" className="Intersight.PowerShellTest.PSUtilsTest" name="TestCompareListInt" />
    </UnitTest>
    <UnitTest name="TestCompareIntersightObjectNtpPolicy" storage="/home/jenkins/workspace/release-is-powershell-module/src/github.com/cisco-intersight/powershell-generator-intersight/generated/intersight.powershell_1.0.11.2025081401/src/intersight.powershelltest/bin/debug/net8.0/intersight.powershelltest.dll" id="bff6c437-3beb-39f9-80a5-87eccac911ed">
      <Execution id="3a8e3d01-6729-48d4-85ea-b2d47ebf474b" />
      <TestMethod codeBase="/home/jenkins/workspace/Release-IS-Powershell-Module/src/github.com/cisco-intersight/powershell-generator-intersight/generated/Intersight.PowerShell_1.0.11.2025081401/src/Intersight.PowerShellTest/bin/Debug/net8.0/Intersight.PowerShellTest.dll" adapterTypeName="executor://mstestadapter/v2" className="Intersight.PowerShellTest.PSUtilsTest" name="TestCompareIntersightObjectNtpPolicy" />
    </UnitTest>
    <UnitTest name="TestCompareIntersightObjectOrganizationNegative" storage="/home/jenkins/workspace/release-is-powershell-module/src/github.com/cisco-intersight/powershell-generator-intersight/generated/intersight.powershell_1.0.11.2025081401/src/intersight.powershelltest/bin/debug/net8.0/intersight.powershelltest.dll" id="b3886f1e-26df-1da8-ce00-27028925c5ec">
      <Execution id="fd92e150-ee29-4c92-931c-3dd7f95c57a3" />
      <TestMethod codeBase="/home/jenkins/workspace/Release-IS-Powershell-Module/src/github.com/cisco-intersight/powershell-generator-intersight/generated/Intersight.PowerShell_1.0.11.2025081401/src/Intersight.PowerShellTest/bin/Debug/net8.0/Intersight.PowerShellTest.dll" adapterTypeName="executor://mstestadapter/v2" className="Intersight.PowerShellTest.PSUtilsTest" name="TestCompareIntersightObjectOrganizationNegative" />
    </UnitTest>
    <UnitTest name="TestCompareListMoTag" storage="/home/jenkins/workspace/release-is-powershell-module/src/github.com/cisco-intersight/powershell-generator-intersight/generated/intersight.powershell_1.0.11.2025081401/src/intersight.powershelltest/bin/debug/net8.0/intersight.powershelltest.dll" id="aabf11cb-24b4-212d-0c32-fc3bcd8d8940">
      <Execution id="1cbeffb3-d2b4-4d47-a33a-993644e4d15b" />
      <TestMethod codeBase="/home/jenkins/workspace/Release-IS-Powershell-Module/src/github.com/cisco-intersight/powershell-generator-intersight/generated/Intersight.PowerShell_1.0.11.2025081401/src/Intersight.PowerShellTest/bin/Debug/net8.0/Intersight.PowerShellTest.dll" adapterTypeName="executor://mstestadapter/v2" className="Intersight.PowerShellTest.PSUtilsTest" name="TestCompareListMoTag" />
    </UnitTest>
    <UnitTest name="TestCompareListForBootDeviceNegative2" storage="/home/jenkins/workspace/release-is-powershell-module/src/github.com/cisco-intersight/powershell-generator-intersight/generated/intersight.powershell_1.0.11.2025081401/src/intersight.powershelltest/bin/debug/net8.0/intersight.powershelltest.dll" id="af46402b-c5ea-bd3a-5e0c-2049af859c7d">
      <Execution id="e0c37f2a-8ff6-4e66-a5b7-0d193e819377" />
      <TestMethod codeBase="/home/jenkins/workspace/Release-IS-Powershell-Module/src/github.com/cisco-intersight/powershell-generator-intersight/generated/Intersight.PowerShell_1.0.11.2025081401/src/Intersight.PowerShellTest/bin/Debug/net8.0/Intersight.PowerShellTest.dll" adapterTypeName="executor://mstestadapter/v2" className="Intersight.PowerShellTest.PSUtilsTest" name="TestCompareListForBootDeviceNegative2" />
    </UnitTest>
    <UnitTest name="TestCompareListMoTagNegative" storage="/home/jenkins/workspace/release-is-powershell-module/src/github.com/cisco-intersight/powershell-generator-intersight/generated/intersight.powershell_1.0.11.2025081401/src/intersight.powershelltest/bin/debug/net8.0/intersight.powershelltest.dll" id="bf562289-5a4d-7a89-8d64-28cb5bf97a3c">
      <Execution id="e53c4536-6fa1-4f22-8ae5-50fae936fa02" />
      <TestMethod codeBase="/home/jenkins/workspace/Release-IS-Powershell-Module/src/github.com/cisco-intersight/powershell-generator-intersight/generated/Intersight.PowerShell_1.0.11.2025081401/src/Intersight.PowerShellTest/bin/Debug/net8.0/Intersight.PowerShellTest.dll" adapterTypeName="executor://mstestadapter/v2" className="Intersight.PowerShellTest.PSUtilsTest" name="TestCompareListMoTagNegative" />
    </UnitTest>
  </TestDefinitions>
  <TestEntries>
    <TestEntry testId="88ea40e3-ec5b-43a5-c99a-e2b6678029d4" executionId="3676fb70-287d-4f0d-9a52-b17885fd288c" testListId="8c84fa94-04c1-424b-9868-57a2d4851a1d" />
    <TestEntry testId="af46402b-c5ea-bd3a-5e0c-2049af859c7d" executionId="e0c37f2a-8ff6-4e66-a5b7-0d193e819377" testListId="8c84fa94-04c1-424b-9868-57a2d4851a1d" />
    <TestEntry testId="8258a73b-bc00-ed98-fa41-0b083d455901" executionId="cd6dd22c-f540-405e-abca-5d549bc2d4bc" testListId="8c84fa94-04c1-424b-9868-57a2d4851a1d" />
    <TestEntry testId="25efd544-f2d1-bce7-85cd-13c8daa9f9e0" executionId="fda1cf4c-d9dd-4bc7-8aae-b932a14e5935" testListId="8c84fa94-04c1-424b-9868-57a2d4851a1d" />
    <TestEntry testId="bff6c437-3beb-39f9-80a5-87eccac911ed" executionId="3a8e3d01-6729-48d4-85ea-b2d47ebf474b" testListId="8c84fa94-04c1-424b-9868-57a2d4851a1d" />
    <TestEntry testId="67fe35a3-9c2f-b0bc-0bca-682f70341349" executionId="c8344a36-b05c-47ed-8e30-3e9bd1dc704b" testListId="8c84fa94-04c1-424b-9868-57a2d4851a1d" />
    <TestEntry testId="aabf11cb-24b4-212d-0c32-fc3bcd8d8940" executionId="1cbeffb3-d2b4-4d47-a33a-993644e4d15b" testListId="8c84fa94-04c1-424b-9868-57a2d4851a1d" />
    <TestEntry testId="784db588-4279-ecee-6ebf-d593d81facb2" executionId="31d77a6b-d2d9-4141-83d0-c6a9b3482ab6" testListId="8c84fa94-04c1-424b-9868-57a2d4851a1d" />
    <TestEntry testId="1db52ae6-de71-4f43-9eeb-027f31c87948" executionId="aa30bd76-76f4-45b8-ac1e-3cdc25391f98" testListId="8c84fa94-04c1-424b-9868-57a2d4851a1d" />
    <TestEntry testId="059965c2-36bd-5e5b-97dd-d4ab6d9c4fbe" executionId="ebaf98b2-003b-4653-8881-99521043ab41" testListId="8c84fa94-04c1-424b-9868-57a2d4851a1d" />
    <TestEntry testId="5a9cdfb0-8f5b-b57c-e6a8-b11d60be279d" executionId="7dd7654f-0707-4082-ae7e-dcef4b4a732e" testListId="8c84fa94-04c1-424b-9868-57a2d4851a1d" />
    <TestEntry testId="e11b186c-5a67-a39b-7976-36ed1bbcd11a" executionId="8ca37495-1e9c-4004-abc0-3525caf3c3b3" testListId="8c84fa94-04c1-424b-9868-57a2d4851a1d" />
    <TestEntry testId="f5172029-ac9e-c3e9-fbc4-3c68019ec0b7" executionId="9c2e4809-fbfb-427d-8ed4-4d13c90ea496" testListId="8c84fa94-04c1-424b-9868-57a2d4851a1d" />
    <TestEntry testId="0c6cda6b-cbbb-2afd-190e-3a871772306f" executionId="b484cb2c-eebd-4b68-b6d4-787025a33109" testListId="8c84fa94-04c1-424b-9868-57a2d4851a1d" />
    <TestEntry testId="b10c1996-ca07-2342-84f2-dbd5e05100b8" executionId="e3835f62-d9b7-4b99-9813-ae267b8f8c6a" testListId="8c84fa94-04c1-424b-9868-57a2d4851a1d" />
    <TestEntry testId="af74a405-21fd-b582-370c-8a17fa063b8c" executionId="d89ce87c-bf0f-4a83-91e6-b3f882468b3d" testListId="8c84fa94-04c1-424b-9868-57a2d4851a1d" />
    <TestEntry testId="bf562289-5a4d-7a89-8d64-28cb5bf97a3c" executionId="e53c4536-6fa1-4f22-8ae5-50fae936fa02" testListId="8c84fa94-04c1-424b-9868-57a2d4851a1d" />
    <TestEntry testId="a1b2ed2e-9057-ffb1-4686-d9af3d443417" executionId="3c6a7466-53ba-41f2-a333-3eb67cc6f900" testListId="8c84fa94-04c1-424b-9868-57a2d4851a1d" />
    <TestEntry testId="21d6bdd3-dab8-5932-c926-48f8362b179c" executionId="097deac0-4185-40ed-86ac-e4fba93960ed" testListId="8c84fa94-04c1-424b-9868-57a2d4851a1d" />
    <TestEntry testId="b3886f1e-26df-1da8-ce00-27028925c5ec" executionId="fd92e150-ee29-4c92-931c-3dd7f95c57a3" testListId="8c84fa94-04c1-424b-9868-57a2d4851a1d" />
    <TestEntry testId="29190111-74c5-b955-85d1-f6446d9f3326" executionId="3d7e8518-5728-4b22-9c94-385a59a7033d" testListId="8c84fa94-04c1-424b-9868-57a2d4851a1d" />
  </TestEntries>
  <TestLists>
    <TestList name="Results Not in a List" id="8c84fa94-04c1-424b-9868-57a2d4851a1d" />
    <TestList name="All Loaded Results" id="19431567-8539-422a-85d7-44ee4e166bda" />
  </TestLists>
  <ResultSummary outcome="Completed">
    <Counters total="21" executed="21" passed="21" failed="0" error="0" timeout="0" aborted="0" inconclusive="0" passedButRunAborted="0" notRunnable="0" notExecuted="0" disconnected="0" warning="0" completed="0" inProgress="0" pending="0" />
  </ResultSummary>
</TestRun>