<?xml version="1.0" encoding="utf-8"?>
<TestRun id="49a15318-950b-4ca3-a201-8b357344f360" name="@sam-tools01 2025-10-31 21:05:43" xmlns="http://microsoft.com/schemas/VisualStudio/TeamTest/2010">
  <Times creation="2025-10-31T21:05:43.5032466+05:30" queuing="2025-10-31T21:05:43.5032467+05:30" start="2025-10-31T21:05:41.1514716+05:30" finish="2025-10-31T21:05:43.8043451+05:30" />
  <TestSettings name="default" id="00250093-4601-4ee0-8d8b-2b7eaac92d3a">
    <Deployment runDeploymentRoot="_sam-tools01_2025-10-31_21_05_43" />
  </TestSettings>
  <Results>
    <UnitTestResult executionId="3d35a105-2178-4c97-9cd1-1b4415270d89" testId="059965c2-36bd-5e5b-97dd-d4ab6d9c4fbe" testName="TestCompareDictionaryComplexObject" computerName="sam-tools01" duration="00:00:00.2840738" startTime="2025-10-31T21:05:43.4137830+05:30" endTime="2025-10-31T21:05:43.6984003+05:30" testType="13cdc9d9-ddb5-4fa4-a97d-d965ccfc6d4b" outcome="Passed" testListId="8c84fa94-04c1-424b-9868-57a2d4851a1d" relativeResultsDirectory="3d35a105-2178-4c97-9cd1-1b4415270d89" />
    <UnitTestResult executionId="8d7fb321-05cf-4066-8b2d-5af1944e9797" testId="1db52ae6-de71-4f43-9eeb-027f31c87948" testName="TestCompareListInt" computerName="sam-tools01" duration="00:00:00.0045481" startTime="2025-10-31T21:05:43.3161902+05:30" endTime="2025-10-31T21:05:43.3209311+05:30" testType="13cdc9d9-ddb5-4fa4-a97d-d965ccfc6d4b" outcome="Passed" testListId="8c84fa94-04c1-424b-9868-57a2d4851a1d" relativeResultsDirectory="8d7fb321-05cf-4066-8b2d-5af1944e9797" />
    <UnitTestResult executionId="c6a6c9da-3c7d-4248-a2a9-43aa3d4ba768" testId="67fe35a3-9c2f-b0bc-0bca-682f70341349" testName="TestCompareDictionaryNegative" computerName="sam-tools01" duration="00:00:00.0003237" startTime="2025-10-31T21:05:43.4131962+05:30" endTime="2025-10-31T21:05:43.4137006+05:30" testType="13cdc9d9-ddb5-4fa4-a97d-d965ccfc6d4b" outcome="Passed" testListId="8c84fa94-04c1-424b-9868-57a2d4851a1d" relativeResultsDirectory="c6a6c9da-3c7d-4248-a2a9-43aa3d4ba768" />
    <UnitTestResult executionId="9d3443b0-a385-4359-9ca1-368caaaad7fb" testId="784db588-4279-ecee-6ebf-d593d81facb2" testName="TestCompareListMorefNegative" computerName="sam-tools01" duration="00:00:00.0004884" startTime="2025-10-31T21:05:43.3948254+05:30" endTime="2025-10-31T21:05:43.3955226+05:30" testType="13cdc9d9-ddb5-4fa4-a97d-d965ccfc6d4b" outcome="Passed" testListId="8c84fa94-04c1-424b-9868-57a2d4851a1d" relativeResultsDirectory="9d3443b0-a385-4359-9ca1-368caaaad7fb" />
    <UnitTestResult executionId="0700b00d-ef59-46d2-8ca4-43958f48a7c0" testId="29190111-74c5-b955-85d1-f6446d9f3326" testName="TestCompareIntersightObjectOrganization" computerName="sam-tools01" duration="00:00:00.0450127" startTime="2025-10-31T21:05:42.9387308+05:30" endTime="2025-10-31T21:05:42.9839600+05:30" testType="13cdc9d9-ddb5-4fa4-a97d-d965ccfc6d4b" outcome="Passed" testListId="8c84fa94-04c1-424b-9868-57a2d4851a1d" relativeResultsDirectory="0700b00d-ef59-46d2-8ca4-43958f48a7c0" />
    <UnitTestResult executionId="e20344c2-e00a-4fff-9c69-abc2d2bd766d" testId="8258a73b-bc00-ed98-fa41-0b083d455901" testName="TestCompareIntersightObjectBootPrecisionPolicy" computerName="sam-tools01" duration="00:00:00.2971591" startTime="2025-10-31T21:05:42.9846950+05:30" endTime="2025-10-31T21:05:43.2820857+05:30" testType="13cdc9d9-ddb5-4fa4-a97d-d965ccfc6d4b" outcome="Passed" testListId="8c84fa94-04c1-424b-9868-57a2d4851a1d" relativeResultsDirectory="e20344c2-e00a-4fff-9c69-abc2d2bd766d" />
    <UnitTestResult executionId="cf64a193-5f50-4b95-b468-14cb2adbac58" testId="f5172029-ac9e-c3e9-fbc4-3c68019ec0b7" testName="TestCompareListStringNegative" computerName="sam-tools01" duration="00:00:00.0002734" startTime="2025-10-31T21:05:43.3912169+05:30" endTime="2025-10-31T21:05:43.3916812+05:30" testType="13cdc9d9-ddb5-4fa4-a97d-d965ccfc6d4b" outcome="Passed" testListId="8c84fa94-04c1-424b-9868-57a2d4851a1d" relativeResultsDirectory="cf64a193-5f50-4b95-b468-14cb2adbac58" />
    <UnitTestResult executionId="dd38a7ae-fa5c-43f7-8f41-ab42f050de5b" testId="b3886f1e-26df-1da8-ce00-27028925c5ec" testName="TestCompareIntersightObjectOrganizationNegative" computerName="sam-tools01" duration="00:00:00.0003697" startTime="2025-10-31T21:05:42.9840402+05:30" endTime="2025-10-31T21:05:42.9846189+05:30" testType="13cdc9d9-ddb5-4fa4-a97d-d965ccfc6d4b" outcome="Passed" testListId="8c84fa94-04c1-424b-9868-57a2d4851a1d" relativeResultsDirectory="dd38a7ae-fa5c-43f7-8f41-ab42f050de5b" />
    <UnitTestResult executionId="151aa97d-968e-4944-a0f5-85c73c274466" testId="aabf11cb-24b4-212d-0c32-fc3bcd8d8940" testName="TestCompareListMoTag" computerName="sam-tools01" duration="00:00:00.0014282" startTime="2025-10-31T21:05:43.4036041+05:30" endTime="2025-10-31T21:05:43.4052097+05:30" testType="13cdc9d9-ddb5-4fa4-a97d-d965ccfc6d4b" outcome="Passed" testListId="8c84fa94-04c1-424b-9868-57a2d4851a1d" relativeResultsDirectory="151aa97d-968e-4944-a0f5-85c73c274466" />
    <UnitTestResult executionId="901a8c78-1189-4b28-b433-cf80a282017b" testId="bf562289-5a4d-7a89-8d64-28cb5bf97a3c" testName="TestCompareListMoTagNegative" computerName="sam-tools01" duration="00:00:00.0004766" startTime="2025-10-31T21:05:43.4052817+05:30" endTime="2025-10-31T21:05:43.4059378+05:30" testType="13cdc9d9-ddb5-4fa4-a97d-d965ccfc6d4b" outcome="Passed" testListId="8c84fa94-04c1-424b-9868-57a2d4851a1d" relativeResultsDirectory="901a8c78-1189-4b28-b433-cf80a282017b" />
    <UnitTestResult executionId="5385570e-c0d2-4080-a7ec-3deb5404ef12" testId="21d6bdd3-dab8-5932-c926-48f8362b179c" testName="TestCompareIntersightObjectNtpPolicyNegative" computerName="sam-tools01" duration="00:00:00.0010245" startTime="2025-10-31T21:05:42.9367261+05:30" endTime="2025-10-31T21:05:42.9380695+05:30" testType="13cdc9d9-ddb5-4fa4-a97d-d965ccfc6d4b" outcome="Passed" testListId="8c84fa94-04c1-424b-9868-57a2d4851a1d" relativeResultsDirectory="5385570e-c0d2-4080-a7ec-3deb5404ef12" />
    <UnitTestResult executionId="81b900d0-0d2e-4db7-8950-c2614ae85703" testId="b10c1996-ca07-2342-84f2-dbd5e05100b8" testName="TestCompareDictionary" computerName="sam-tools01" duration="00:00:00.0017400" startTime="2025-10-31T21:05:43.4111682+05:30" endTime="2025-10-31T21:05:43.4131081+05:30" testType="13cdc9d9-ddb5-4fa4-a97d-d965ccfc6d4b" outcome="Passed" testListId="8c84fa94-04c1-424b-9868-57a2d4851a1d" relativeResultsDirectory="81b900d0-0d2e-4db7-8950-c2614ae85703" />
    <UnitTestResult executionId="8c53be46-bcf6-4de8-9f31-94cf23638d04" testId="af46402b-c5ea-bd3a-5e0c-2049af859c7d" testName="TestCompareListForBootDeviceNegative2" computerName="sam-tools01" duration="00:00:00.0006735" startTime="2025-10-31T21:05:43.4026114+05:30" endTime="2025-10-31T21:05:43.4035326+05:30" testType="13cdc9d9-ddb5-4fa4-a97d-d965ccfc6d4b" outcome="Passed" testListId="8c84fa94-04c1-424b-9868-57a2d4851a1d" relativeResultsDirectory="8c53be46-bcf6-4de8-9f31-94cf23638d04" />
    <UnitTestResult executionId="8d6d78dd-6952-4717-9d61-6cf99dd88f56" testId="5a9cdfb0-8f5b-b57c-e6a8-b11d60be279d" testName="TestCompareListIntNegative" computerName="sam-tools01" duration="00:00:00.0003062" startTime="2025-10-31T21:05:43.3210220+05:30" endTime="2025-10-31T21:05:43.3215434+05:30" testType="13cdc9d9-ddb5-4fa4-a97d-d965ccfc6d4b" outcome="Passed" testListId="8c84fa94-04c1-424b-9868-57a2d4851a1d" relativeResultsDirectory="8d6d78dd-6952-4717-9d61-6cf99dd88f56" />
    <UnitTestResult executionId="71bf68e7-70a7-4026-b5be-73589ac2eb87" testId="25efd544-f2d1-bce7-85cd-13c8daa9f9e0" testName="TestCompareIntersightObjectBootPrecisionPolicyNegative" computerName="sam-tools01" duration="00:00:00.0335673" startTime="2025-10-31T21:05:43.2822425+05:30" endTime="2025-10-31T21:05:43.3160775+05:30" testType="13cdc9d9-ddb5-4fa4-a97d-d965ccfc6d4b" outcome="Passed" testListId="8c84fa94-04c1-424b-9868-57a2d4851a1d" relativeResultsDirectory="71bf68e7-70a7-4026-b5be-73589ac2eb87" />
    <UnitTestResult executionId="2f9865b9-0a1f-4a7f-93c6-87ee875b4fba" testId="a1b2ed2e-9057-ffb1-4686-d9af3d443417" testName="TestCompareListForBootDevice" computerName="sam-tools01" duration="00:00:00.0037552" startTime="2025-10-31T21:05:43.3955923+05:30" endTime="2025-10-31T21:05:43.3995372+05:30" testType="13cdc9d9-ddb5-4fa4-a97d-d965ccfc6d4b" outcome="Passed" testListId="8c84fa94-04c1-424b-9868-57a2d4851a1d" relativeResultsDirectory="2f9865b9-0a1f-4a7f-93c6-87ee875b4fba" />
    <UnitTestResult executionId="01201595-1d1c-477c-b64e-fe010ce7f5bb" testId="0c6cda6b-cbbb-2afd-190e-3a871772306f" testName="TestCompareListMoref" computerName="sam-tools01" duration="00:00:00.0028149" startTime="2025-10-31T21:05:43.3917526+05:30" endTime="2025-10-31T21:05:43.3947548+05:30" testType="13cdc9d9-ddb5-4fa4-a97d-d965ccfc6d4b" outcome="Passed" testListId="8c84fa94-04c1-424b-9868-57a2d4851a1d" relativeResultsDirectory="01201595-1d1c-477c-b64e-fe010ce7f5bb" />
    <UnitTestResult executionId="b522e5ad-1565-4f12-8538-9dbfa7d15ca3" testId="af74a405-21fd-b582-370c-8a17fa063b8c" testName="TestCompareListForBootDeviceNegative" computerName="sam-tools01" duration="00:00:00.0027393" startTime="2025-10-31T21:05:43.3996094+05:30" endTime="2025-10-31T21:05:43.4025294+05:30" testType="13cdc9d9-ddb5-4fa4-a97d-d965ccfc6d4b" outcome="Passed" testListId="8c84fa94-04c1-424b-9868-57a2d4851a1d" relativeResultsDirectory="b522e5ad-1565-4f12-8538-9dbfa7d15ca3" />
    <UnitTestResult executionId="3a2484bc-b8d8-488a-84d9-c7bc4da1177c" testId="88ea40e3-ec5b-43a5-c99a-e2b6678029d4" testName="TestCompareListBool" computerName="sam-tools01" duration="00:00:00.0020904" startTime="2025-10-31T21:05:43.3216338+05:30" endTime="2025-10-31T21:05:43.3239185+05:30" testType="13cdc9d9-ddb5-4fa4-a97d-d965ccfc6d4b" outcome="Passed" testListId="8c84fa94-04c1-424b-9868-57a2d4851a1d" relativeResultsDirectory="3a2484bc-b8d8-488a-84d9-c7bc4da1177c" />
    <UnitTestResult executionId="f61d6c70-1bd2-48d8-af4e-c6103b70e901" testId="bff6c437-3beb-39f9-80a5-87eccac911ed" testName="TestCompareIntersightObjectNtpPolicy" computerName="sam-tools01" duration="00:00:00.7445255" startTime="2025-10-31T21:05:42.1621786+05:30" endTime="2025-10-31T21:05:42.9268267+05:30" testType="13cdc9d9-ddb5-4fa4-a97d-d965ccfc6d4b" outcome="Passed" testListId="8c84fa94-04c1-424b-9868-57a2d4851a1d" relativeResultsDirectory="f61d6c70-1bd2-48d8-af4e-c6103b70e901" />
    <UnitTestResult executionId="f3bfe0a3-17d3-42f2-bdeb-20413fd3a832" testId="e11b186c-5a67-a39b-7976-36ed1bbcd11a" testName="TestCompareListString" computerName="sam-tools01" duration="00:00:00.0015127" startTime="2025-10-31T21:05:43.3893970+05:30" endTime="2025-10-31T21:05:43.3911210+05:30" testType="13cdc9d9-ddb5-4fa4-a97d-d965ccfc6d4b" outcome="Passed" testListId="8c84fa94-04c1-424b-9868-57a2d4851a1d" relativeResultsDirectory="f3bfe0a3-17d3-42f2-bdeb-20413fd3a832" />
  </Results>
  <TestDefinitions>
    <UnitTest name="TestCompareListMorefNegative" storage="/home/jenkins/workspace/release-is-powershell-module/src/github.com/cisco-intersight/powershell-generator-intersight/generated/intersight.powershell_1.0.11.2025101412/src/intersight.powershelltest/bin/debug/net8.0/intersight.powershelltest.dll" id="784db588-4279-ecee-6ebf-d593d81facb2">
      <Execution id="9d3443b0-a385-4359-9ca1-368caaaad7fb" />
      <TestMethod codeBase="/home/jenkins/workspace/Release-IS-Powershell-Module/src/github.com/cisco-intersight/powershell-generator-intersight/generated/Intersight.PowerShell_1.0.11.2025101412/src/Intersight.PowerShellTest/bin/Debug/net8.0/Intersight.PowerShellTest.dll" adapterTypeName="executor://mstestadapter/v2" className="Intersight.PowerShellTest.PSUtilsTest" name="TestCompareListMorefNegative" />
    </UnitTest>
    <UnitTest name="TestCompareListIntNegative" storage="/home/jenkins/workspace/release-is-powershell-module/src/github.com/cisco-intersight/powershell-generator-intersight/generated/intersight.powershell_1.0.11.2025101412/src/intersight.powershelltest/bin/debug/net8.0/intersight.powershelltest.dll" id="5a9cdfb0-8f5b-b57c-e6a8-b11d60be279d">
      <Execution id="8d6d78dd-6952-4717-9d61-6cf99dd88f56" />
      <TestMethod codeBase="/home/jenkins/workspace/Release-IS-Powershell-Module/src/github.com/cisco-intersight/powershell-generator-intersight/generated/Intersight.PowerShell_1.0.11.2025101412/src/Intersight.PowerShellTest/bin/Debug/net8.0/Intersight.PowerShellTest.dll" adapterTypeName="executor://mstestadapter/v2" className="Intersight.PowerShellTest.PSUtilsTest" name="TestCompareListIntNegative" />
    </UnitTest>
    <UnitTest name="TestCompareDictionaryComplexObject" storage="/home/jenkins/workspace/release-is-powershell-module/src/github.com/cisco-intersight/powershell-generator-intersight/generated/intersight.powershell_1.0.11.2025101412/src/intersight.powershelltest/bin/debug/net8.0/intersight.powershelltest.dll" id="059965c2-36bd-5e5b-97dd-d4ab6d9c4fbe">
      <Execution id="3d35a105-2178-4c97-9cd1-1b4415270d89" />
      <TestMethod codeBase="/home/jenkins/workspace/Release-IS-Powershell-Module/src/github.com/cisco-intersight/powershell-generator-intersight/generated/Intersight.PowerShell_1.0.11.2025101412/src/Intersight.PowerShellTest/bin/Debug/net8.0/Intersight.PowerShellTest.dll" adapterTypeName="executor://mstestadapter/v2" className="Intersight.PowerShellTest.PSUtilsTest" name="TestCompareDictionaryComplexObject" />
    </UnitTest>
    <UnitTest name="TestCompareListStringNegative" storage="/home/jenkins/workspace/release-is-powershell-module/src/github.com/cisco-intersight/powershell-generator-intersight/generated/intersight.powershell_1.0.11.2025101412/src/intersight.powershelltest/bin/debug/net8.0/intersight.powershelltest.dll" id="f5172029-ac9e-c3e9-fbc4-3c68019ec0b7">
      <Execution id="cf64a193-5f50-4b95-b468-14cb2adbac58" />
      <TestMethod codeBase="/home/jenkins/workspace/Release-IS-Powershell-Module/src/github.com/cisco-intersight/powershell-generator-intersight/generated/Intersight.PowerShell_1.0.11.2025101412/src/Intersight.PowerShellTest/bin/Debug/net8.0/Intersight.PowerShellTest.dll" adapterTypeName="executor://mstestadapter/v2" className="Intersight.PowerShellTest.PSUtilsTest" name="TestCompareListStringNegative" />
    </UnitTest>
    <UnitTest name="TestCompareDictionary" storage="/home/jenkins/workspace/release-is-powershell-module/src/github.com/cisco-intersight/powershell-generator-intersight/generated/intersight.powershell_1.0.11.2025101412/src/intersight.powershelltest/bin/debug/net8.0/intersight.powershelltest.dll" id="b10c1996-ca07-2342-84f2-dbd5e05100b8">
      <Execution id="81b900d0-0d2e-4db7-8950-c2614ae85703" />
      <TestMethod codeBase="/home/jenkins/workspace/Release-IS-Powershell-Module/src/github.com/cisco-intersight/powershell-generator-intersight/generated/Intersight.PowerShell_1.0.11.2025101412/src/Intersight.PowerShellTest/bin/Debug/net8.0/Intersight.PowerShellTest.dll" adapterTypeName="executor://mstestadapter/v2" className="Intersight.PowerShellTest.PSUtilsTest" name="TestCompareDictionary" />
    </UnitTest>
    <UnitTest name="TestCompareIntersightObjectOrganization" storage="/home/jenkins/workspace/release-is-powershell-module/src/github.com/cisco-intersight/powershell-generator-intersight/generated/intersight.powershell_1.0.11.2025101412/src/intersight.powershelltest/bin/debug/net8.0/intersight.powershelltest.dll" id="29190111-74c5-b955-85d1-f6446d9f3326">
      <Execution id="0700b00d-ef59-46d2-8ca4-43958f48a7c0" />
      <TestMethod codeBase="/home/jenkins/workspace/Release-IS-Powershell-Module/src/github.com/cisco-intersight/powershell-generator-intersight/generated/Intersight.PowerShell_1.0.11.2025101412/src/Intersight.PowerShellTest/bin/Debug/net8.0/Intersight.PowerShellTest.dll" adapterTypeName="executor://mstestadapter/v2" className="Intersight.PowerShellTest.PSUtilsTest" name="TestCompareIntersightObjectOrganization" />
    </UnitTest>
    <UnitTest name="TestCompareListForBootDevice" storage="/home/jenkins/workspace/release-is-powershell-module/src/github.com/cisco-intersight/powershell-generator-intersight/generated/intersight.powershell_1.0.11.2025101412/src/intersight.powershelltest/bin/debug/net8.0/intersight.powershelltest.dll" id="a1b2ed2e-9057-ffb1-4686-d9af3d443417">
      <Execution id="2f9865b9-0a1f-4a7f-93c6-87ee875b4fba" />
      <TestMethod codeBase="/home/jenkins/workspace/Release-IS-Powershell-Module/src/github.com/cisco-intersight/powershell-generator-intersight/generated/Intersight.PowerShell_1.0.11.2025101412/src/Intersight.PowerShellTest/bin/Debug/net8.0/Intersight.PowerShellTest.dll" adapterTypeName="executor://mstestadapter/v2" className="Intersight.PowerShellTest.PSUtilsTest" name="TestCompareListForBootDevice" />
    </UnitTest>
    <UnitTest name="TestCompareListString" storage="/home/jenkins/workspace/release-is-powershell-module/src/github.com/cisco-intersight/powershell-generator-intersight/generated/intersight.powershell_1.0.11.2025101412/src/intersight.powershelltest/bin/debug/net8.0/intersight.powershelltest.dll" id="e11b186c-5a67-a39b-7976-36ed1bbcd11a">
      <Execution id="f3bfe0a3-17d3-42f2-bdeb-20413fd3a832" />
      <TestMethod codeBase="/home/jenkins/workspace/Release-IS-Powershell-Module/src/github.com/cisco-intersight/powershell-generator-intersight/generated/Intersight.PowerShell_1.0.11.2025101412/src/Intersight.PowerShellTest/bin/Debug/net8.0/Intersight.PowerShellTest.dll" adapterTypeName="executor://mstestadapter/v2" className="Intersight.PowerShellTest.PSUtilsTest" name="TestCompareListString" />
    </UnitTest>
    <UnitTest name="TestCompareIntersightObjectBootPrecisionPolicy" storage="/home/jenkins/workspace/release-is-powershell-module/src/github.com/cisco-intersight/powershell-generator-intersight/generated/intersight.powershell_1.0.11.2025101412/src/intersight.powershelltest/bin/debug/net8.0/intersight.powershelltest.dll" id="8258a73b-bc00-ed98-fa41-0b083d455901">
      <Execution id="e20344c2-e00a-4fff-9c69-abc2d2bd766d" />
      <TestMethod codeBase="/home/jenkins/workspace/Release-IS-Powershell-Module/src/github.com/cisco-intersight/powershell-generator-intersight/generated/Intersight.PowerShell_1.0.11.2025101412/src/Intersight.PowerShellTest/bin/Debug/net8.0/Intersight.PowerShellTest.dll" adapterTypeName="executor://mstestadapter/v2" className="Intersight.PowerShellTest.PSUtilsTest" name="TestCompareIntersightObjectBootPrecisionPolicy" />
    </UnitTest>
    <UnitTest name="TestCompareListBool" storage="/home/jenkins/workspace/release-is-powershell-module/src/github.com/cisco-intersight/powershell-generator-intersight/generated/intersight.powershell_1.0.11.2025101412/src/intersight.powershelltest/bin/debug/net8.0/intersight.powershelltest.dll" id="88ea40e3-ec5b-43a5-c99a-e2b6678029d4">
      <Execution id="3a2484bc-b8d8-488a-84d9-c7bc4da1177c" />
      <TestMethod codeBase="/home/jenkins/workspace/Release-IS-Powershell-Module/src/github.com/cisco-intersight/powershell-generator-intersight/generated/Intersight.PowerShell_1.0.11.2025101412/src/Intersight.PowerShellTest/bin/Debug/net8.0/Intersight.PowerShellTest.dll" adapterTypeName="executor://mstestadapter/v2" className="Intersight.PowerShellTest.PSUtilsTest" name="TestCompareListBool" />
    </UnitTest>
    <UnitTest name="TestCompareIntersightObjectNtpPolicyNegative" storage="/home/jenkins/workspace/release-is-powershell-module/src/github.com/cisco-intersight/powershell-generator-intersight/generated/intersight.powershell_1.0.11.2025101412/src/intersight.powershelltest/bin/debug/net8.0/intersight.powershelltest.dll" id="21d6bdd3-dab8-5932-c926-48f8362b179c">
      <Execution id="5385570e-c0d2-4080-a7ec-3deb5404ef12" />
      <TestMethod codeBase="/home/jenkins/workspace/Release-IS-Powershell-Module/src/github.com/cisco-intersight/powershell-generator-intersight/generated/Intersight.PowerShell_1.0.11.2025101412/src/Intersight.PowerShellTest/bin/Debug/net8.0/Intersight.PowerShellTest.dll" adapterTypeName="executor://mstestadapter/v2" className="Intersight.PowerShellTest.PSUtilsTest" name="TestCompareIntersightObjectNtpPolicyNegative" />
    </UnitTest>
    <UnitTest name="TestCompareListMoref" storage="/home/jenkins/workspace/release-is-powershell-module/src/github.com/cisco-intersight/powershell-generator-intersight/generated/intersight.powershell_1.0.11.2025101412/src/intersight.powershelltest/bin/debug/net8.0/intersight.powershelltest.dll" id="0c6cda6b-cbbb-2afd-190e-3a871772306f">
      <Execution id="01201595-1d1c-477c-b64e-fe010ce7f5bb" />
      <TestMethod codeBase="/home/jenkins/workspace/Release-IS-Powershell-Module/src/github.com/cisco-intersight/powershell-generator-intersight/generated/Intersight.PowerShell_1.0.11.2025101412/src/Intersight.PowerShellTest/bin/Debug/net8.0/Intersight.PowerShellTest.dll" adapterTypeName="executor://mstestadapter/v2" className="Intersight.PowerShellTest.PSUtilsTest" name="TestCompareListMoref" />
    </UnitTest>
    <UnitTest name="TestCompareListForBootDeviceNegative" storage="/home/jenkins/workspace/release-is-powershell-module/src/github.com/cisco-intersight/powershell-generator-intersight/generated/intersight.powershell_1.0.11.2025101412/src/intersight.powershelltest/bin/debug/net8.0/intersight.powershelltest.dll" id="af74a405-21fd-b582-370c-8a17fa063b8c">
      <Execution id="b522e5ad-1565-4f12-8538-9dbfa7d15ca3" />
      <TestMethod codeBase="/home/jenkins/workspace/Release-IS-Powershell-Module/src/github.com/cisco-intersight/powershell-generator-intersight/generated/Intersight.PowerShell_1.0.11.2025101412/src/Intersight.PowerShellTest/bin/Debug/net8.0/Intersight.PowerShellTest.dll" adapterTypeName="executor://mstestadapter/v2" className="Intersight.PowerShellTest.PSUtilsTest" name="TestCompareListForBootDeviceNegative" />
    </UnitTest>
    <UnitTest name="TestCompareDictionaryNegative" storage="/home/jenkins/workspace/release-is-powershell-module/src/github.com/cisco-intersight/powershell-generator-intersight/generated/intersight.powershell_1.0.11.2025101412/src/intersight.powershelltest/bin/debug/net8.0/intersight.powershelltest.dll" id="67fe35a3-9c2f-b0bc-0bca-682f70341349">
      <Execution id="c6a6c9da-3c7d-4248-a2a9-43aa3d4ba768" />
      <TestMethod codeBase="/home/jenkins/workspace/Release-IS-Powershell-Module/src/github.com/cisco-intersight/powershell-generator-intersight/generated/Intersight.PowerShell_1.0.11.2025101412/src/Intersight.PowerShellTest/bin/Debug/net8.0/Intersight.PowerShellTest.dll" adapterTypeName="executor://mstestadapter/v2" className="Intersight.PowerShellTest.PSUtilsTest" name="TestCompareDictionaryNegative" />
    </UnitTest>
    <UnitTest name="TestCompareIntersightObjectBootPrecisionPolicyNegative" storage="/home/jenkins/workspace/release-is-powershell-module/src/github.com/cisco-intersight/powershell-generator-intersight/generated/intersight.powershell_1.0.11.2025101412/src/intersight.powershelltest/bin/debug/net8.0/intersight.powershelltest.dll" id="25efd544-f2d1-bce7-85cd-13c8daa9f9e0">
      <Execution id="71bf68e7-70a7-4026-b5be-73589ac2eb87" />
      <TestMethod codeBase="/home/jenkins/workspace/Release-IS-Powershell-Module/src/github.com/cisco-intersight/powershell-generator-intersight/generated/Intersight.PowerShell_1.0.11.2025101412/src/Intersight.PowerShellTest/bin/Debug/net8.0/Intersight.PowerShellTest.dll" adapterTypeName="executor://mstestadapter/v2" className="Intersight.PowerShellTest.PSUtilsTest" name="TestCompareIntersightObjectBootPrecisionPolicyNegative" />
    </UnitTest>
    <UnitTest name="TestCompareListInt" storage="/home/jenkins/workspace/release-is-powershell-module/src/github.com/cisco-intersight/powershell-generator-intersight/generated/intersight.powershell_1.0.11.2025101412/src/intersight.powershelltest/bin/debug/net8.0/intersight.powershelltest.dll" id="1db52ae6-de71-4f43-9eeb-027f31c87948">
      <Execution id="8d7fb321-05cf-4066-8b2d-5af1944e9797" />
      <TestMethod codeBase="/home/jenkins/workspace/Release-IS-Powershell-Module/src/github.com/cisco-intersight/powershell-generator-intersight/generated/Intersight.PowerShell_1.0.11.2025101412/src/Intersight.PowerShellTest/bin/Debug/net8.0/Intersight.PowerShellTest.dll" adapterTypeName="executor://mstestadapter/v2" className="Intersight.PowerShellTest.PSUtilsTest" name="TestCompareListInt" />
    </UnitTest>
    <UnitTest name="TestCompareIntersightObjectNtpPolicy" storage="/home/jenkins/workspace/release-is-powershell-module/src/github.com/cisco-intersight/powershell-generator-intersight/generated/intersight.powershell_1.0.11.2025101412/src/intersight.powershelltest/bin/debug/net8.0/intersight.powershelltest.dll" id="bff6c437-3beb-39f9-80a5-87eccac911ed">
      <Execution id="f61d6c70-1bd2-48d8-af4e-c6103b70e901" />
      <TestMethod codeBase="/home/jenkins/workspace/Release-IS-Powershell-Module/src/github.com/cisco-intersight/powershell-generator-intersight/generated/Intersight.PowerShell_1.0.11.2025101412/src/Intersight.PowerShellTest/bin/Debug/net8.0/Intersight.PowerShellTest.dll" adapterTypeName="executor://mstestadapter/v2" className="Intersight.PowerShellTest.PSUtilsTest" name="TestCompareIntersightObjectNtpPolicy" />
    </UnitTest>
    <UnitTest name="TestCompareIntersightObjectOrganizationNegative" storage="/home/jenkins/workspace/release-is-powershell-module/src/github.com/cisco-intersight/powershell-generator-intersight/generated/intersight.powershell_1.0.11.2025101412/src/intersight.powershelltest/bin/debug/net8.0/intersight.powershelltest.dll" id="b3886f1e-26df-1da8-ce00-27028925c5ec">
      <Execution id="dd38a7ae-fa5c-43f7-8f41-ab42f050de5b" />
      <TestMethod codeBase="/home/jenkins/workspace/Release-IS-Powershell-Module/src/github.com/cisco-intersight/powershell-generator-intersight/generated/Intersight.PowerShell_1.0.11.2025101412/src/Intersight.PowerShellTest/bin/Debug/net8.0/Intersight.PowerShellTest.dll" adapterTypeName="executor://mstestadapter/v2" className="Intersight.PowerShellTest.PSUtilsTest" name="TestCompareIntersightObjectOrganizationNegative" />
    </UnitTest>
    <UnitTest name="TestCompareListMoTag" storage="/home/jenkins/workspace/release-is-powershell-module/src/github.com/cisco-intersight/powershell-generator-intersight/generated/intersight.powershell_1.0.11.2025101412/src/intersight.powershelltest/bin/debug/net8.0/intersight.powershelltest.dll" id="aabf11cb-24b4-212d-0c32-fc3bcd8d8940">
      <Execution id="151aa97d-968e-4944-a0f5-85c73c274466" />
      <TestMethod codeBase="/home/jenkins/workspace/Release-IS-Powershell-Module/src/github.com/cisco-intersight/powershell-generator-intersight/generated/Intersight.PowerShell_1.0.11.2025101412/src/Intersight.PowerShellTest/bin/Debug/net8.0/Intersight.PowerShellTest.dll" adapterTypeName="executor://mstestadapter/v2" className="Intersight.PowerShellTest.PSUtilsTest" name="TestCompareListMoTag" />
    </UnitTest>
    <UnitTest name="TestCompareListForBootDeviceNegative2" storage="/home/jenkins/workspace/release-is-powershell-module/src/github.com/cisco-intersight/powershell-generator-intersight/generated/intersight.powershell_1.0.11.2025101412/src/intersight.powershelltest/bin/debug/net8.0/intersight.powershelltest.dll" id="af46402b-c5ea-bd3a-5e0c-2049af859c7d">
      <Execution id="8c53be46-bcf6-4de8-9f31-94cf23638d04" />
      <TestMethod codeBase="/home/jenkins/workspace/Release-IS-Powershell-Module/src/github.com/cisco-intersight/powershell-generator-intersight/generated/Intersight.PowerShell_1.0.11.2025101412/src/Intersight.PowerShellTest/bin/Debug/net8.0/Intersight.PowerShellTest.dll" adapterTypeName="executor://mstestadapter/v2" className="Intersight.PowerShellTest.PSUtilsTest" name="TestCompareListForBootDeviceNegative2" />
    </UnitTest>
    <UnitTest name="TestCompareListMoTagNegative" storage="/home/jenkins/workspace/release-is-powershell-module/src/github.com/cisco-intersight/powershell-generator-intersight/generated/intersight.powershell_1.0.11.2025101412/src/intersight.powershelltest/bin/debug/net8.0/intersight.powershelltest.dll" id="bf562289-5a4d-7a89-8d64-28cb5bf97a3c">
      <Execution id="901a8c78-1189-4b28-b433-cf80a282017b" />
      <TestMethod codeBase="/home/jenkins/workspace/Release-IS-Powershell-Module/src/github.com/cisco-intersight/powershell-generator-intersight/generated/Intersight.PowerShell_1.0.11.2025101412/src/Intersight.PowerShellTest/bin/Debug/net8.0/Intersight.PowerShellTest.dll" adapterTypeName="executor://mstestadapter/v2" className="Intersight.PowerShellTest.PSUtilsTest" name="TestCompareListMoTagNegative" />
    </UnitTest>
  </TestDefinitions>
  <TestEntries>
    <TestEntry testId="059965c2-36bd-5e5b-97dd-d4ab6d9c4fbe" executionId="3d35a105-2178-4c97-9cd1-1b4415270d89" testListId="8c84fa94-04c1-424b-9868-57a2d4851a1d" />
    <TestEntry testId="1db52ae6-de71-4f43-9eeb-027f31c87948" executionId="8d7fb321-05cf-4066-8b2d-5af1944e9797" testListId="8c84fa94-04c1-424b-9868-57a2d4851a1d" />
    <TestEntry testId="67fe35a3-9c2f-b0bc-0bca-682f70341349" executionId="c6a6c9da-3c7d-4248-a2a9-43aa3d4ba768" testListId="8c84fa94-04c1-424b-9868-57a2d4851a1d" />
    <TestEntry testId="784db588-4279-ecee-6ebf-d593d81facb2" executionId="9d3443b0-a385-4359-9ca1-368caaaad7fb" testListId="8c84fa94-04c1-424b-9868-57a2d4851a1d" />
    <TestEntry testId="29190111-74c5-b955-85d1-f6446d9f3326" executionId="0700b00d-ef59-46d2-8ca4-43958f48a7c0" testListId="8c84fa94-04c1-424b-9868-57a2d4851a1d" />
    <TestEntry testId="8258a73b-bc00-ed98-fa41-0b083d455901" executionId="e20344c2-e00a-4fff-9c69-abc2d2bd766d" testListId="8c84fa94-04c1-424b-9868-57a2d4851a1d" />
    <TestEntry testId="f5172029-ac9e-c3e9-fbc4-3c68019ec0b7" executionId="cf64a193-5f50-4b95-b468-14cb2adbac58" testListId="8c84fa94-04c1-424b-9868-57a2d4851a1d" />
    <TestEntry testId="b3886f1e-26df-1da8-ce00-27028925c5ec" executionId="dd38a7ae-fa5c-43f7-8f41-ab42f050de5b" testListId="8c84fa94-04c1-424b-9868-57a2d4851a1d" />
    <TestEntry testId="aabf11cb-24b4-212d-0c32-fc3bcd8d8940" executionId="151aa97d-968e-4944-a0f5-85c73c274466" testListId="8c84fa94-04c1-424b-9868-57a2d4851a1d" />
    <TestEntry testId="bf562289-5a4d-7a89-8d64-28cb5bf97a3c" executionId="901a8c78-1189-4b28-b433-cf80a282017b" testListId="8c84fa94-04c1-424b-9868-57a2d4851a1d" />
    <TestEntry testId="21d6bdd3-dab8-5932-c926-48f8362b179c" executionId="5385570e-c0d2-4080-a7ec-3deb5404ef12" testListId="8c84fa94-04c1-424b-9868-57a2d4851a1d" />
    <TestEntry testId="b10c1996-ca07-2342-84f2-dbd5e05100b8" executionId="81b900d0-0d2e-4db7-8950-c2614ae85703" testListId="8c84fa94-04c1-424b-9868-57a2d4851a1d" />
    <TestEntry testId="af46402b-c5ea-bd3a-5e0c-2049af859c7d" executionId="8c53be46-bcf6-4de8-9f31-94cf23638d04" testListId="8c84fa94-04c1-424b-9868-57a2d4851a1d" />
    <TestEntry testId="5a9cdfb0-8f5b-b57c-e6a8-b11d60be279d" executionId="8d6d78dd-6952-4717-9d61-6cf99dd88f56" testListId="8c84fa94-04c1-424b-9868-57a2d4851a1d" />
    <TestEntry testId="25efd544-f2d1-bce7-85cd-13c8daa9f9e0" executionId="71bf68e7-70a7-4026-b5be-73589ac2eb87" testListId="8c84fa94-04c1-424b-9868-57a2d4851a1d" />
    <TestEntry testId="a1b2ed2e-9057-ffb1-4686-d9af3d443417" executionId="2f9865b9-0a1f-4a7f-93c6-87ee875b4fba" testListId="8c84fa94-04c1-424b-9868-57a2d4851a1d" />
    <TestEntry testId="0c6cda6b-cbbb-2afd-190e-3a871772306f" executionId="01201595-1d1c-477c-b64e-fe010ce7f5bb" testListId="8c84fa94-04c1-424b-9868-57a2d4851a1d" />
    <TestEntry testId="af74a405-21fd-b582-370c-8a17fa063b8c" executionId="b522e5ad-1565-4f12-8538-9dbfa7d15ca3" testListId="8c84fa94-04c1-424b-9868-57a2d4851a1d" />
    <TestEntry testId="88ea40e3-ec5b-43a5-c99a-e2b6678029d4" executionId="3a2484bc-b8d8-488a-84d9-c7bc4da1177c" testListId="8c84fa94-04c1-424b-9868-57a2d4851a1d" />
    <TestEntry testId="bff6c437-3beb-39f9-80a5-87eccac911ed" executionId="f61d6c70-1bd2-48d8-af4e-c6103b70e901" testListId="8c84fa94-04c1-424b-9868-57a2d4851a1d" />
    <TestEntry testId="e11b186c-5a67-a39b-7976-36ed1bbcd11a" executionId="f3bfe0a3-17d3-42f2-bdeb-20413fd3a832" testListId="8c84fa94-04c1-424b-9868-57a2d4851a1d" />
  </TestEntries>
  <TestLists>
    <TestList name="Results Not in a List" id="8c84fa94-04c1-424b-9868-57a2d4851a1d" />
    <TestList name="All Loaded Results" id="19431567-8539-422a-85d7-44ee4e166bda" />
  </TestLists>
  <ResultSummary outcome="Completed">
    <Counters total="21" executed="21" passed="21" failed="0" error="0" timeout="0" aborted="0" inconclusive="0" passedButRunAborted="0" notRunnable="0" notExecuted="0" disconnected="0" warning="0" completed="0" inProgress="0" pending="0" />
  </ResultSummary>
</TestRun>