<?xml version="1.0" encoding="utf-8"?>
<TestRun id="26d87257-ebc3-4d41-80fd-d4bdaeaae165" name="@sam-tools01 2024-07-26 16:29:14" xmlns="http://microsoft.com/schemas/VisualStudio/TeamTest/2010">
  <Times creation="2024-07-26T16:29:14.1400579+05:30" queuing="2024-07-26T16:29:14.1400580+05:30" start="2024-07-26T16:29:11.9213432+05:30" finish="2024-07-26T16:29:14.3190193+05:30" />
  <TestSettings name="default" id="a59bfc05-1340-428d-b2bc-e0995c87e81d">
    <Deployment runDeploymentRoot="_sam-tools01_2024-07-26_16_29_14" />
  </TestSettings>
  <Results>
    <UnitTestResult executionId="cd16d8c1-d8a7-45c2-8641-5a0d00eff701" testId="dc4dbb32-6e62-4d0b-b7d0-4c24da96ae3f" testName="TestCompareDictionaryNegative" computerName="sam-tools01" duration="00:00:00.0003697" startTime="2024-07-26T16:29:14.0159685+05:30" endTime="2024-07-26T16:29:14.0164940+05:30" testType="13cdc9d9-ddb5-4fa4-a97d-d965ccfc6d4b" outcome="Passed" testListId="8c84fa94-04c1-424b-9868-57a2d4851a1d" relativeResultsDirectory="cd16d8c1-d8a7-45c2-8641-5a0d00eff701" />
    <UnitTestResult executionId="2504d3d6-b725-4b3f-bda8-73f0dcac020a" testId="9a98fac2-e2fc-4ed2-9cbd-230482bb2330" testName="TestCompareListForBootDeviceNegative2" computerName="sam-tools01" duration="00:00:00.0008101" startTime="2024-07-26T16:29:14.0064372+05:30" endTime="2024-07-26T16:29:14.0074298+05:30" testType="13cdc9d9-ddb5-4fa4-a97d-d965ccfc6d4b" outcome="Passed" testListId="8c84fa94-04c1-424b-9868-57a2d4851a1d" relativeResultsDirectory="2504d3d6-b725-4b3f-bda8-73f0dcac020a" />
    <UnitTestResult executionId="e259c9ef-2eaf-4ae5-a72f-33d2f4defe84" testId="06d5dd45-51fc-46be-92e6-2bab158c1b6c" testName="TestCompareDictionaryComplexObject" computerName="sam-tools01" duration="00:00:00.1752736" startTime="2024-07-26T16:29:14.0165433+05:30" endTime="2024-07-26T16:29:14.1924016+05:30" testType="13cdc9d9-ddb5-4fa4-a97d-d965ccfc6d4b" outcome="Passed" testListId="8c84fa94-04c1-424b-9868-57a2d4851a1d" relativeResultsDirectory="e259c9ef-2eaf-4ae5-a72f-33d2f4defe84" />
    <UnitTestResult executionId="d95c78b0-7211-45e3-b398-733241b1e628" testId="b9aa2b22-6d50-4eee-a05e-4a727fcdfa3f" testName="TestCompareListMoTagNegative" computerName="sam-tools01" duration="00:00:00.0005654" startTime="2024-07-26T16:29:14.0091857+05:30" endTime="2024-07-26T16:29:14.0098918+05:30" testType="13cdc9d9-ddb5-4fa4-a97d-d965ccfc6d4b" outcome="Passed" testListId="8c84fa94-04c1-424b-9868-57a2d4851a1d" relativeResultsDirectory="d95c78b0-7211-45e3-b398-733241b1e628" />
    <UnitTestResult executionId="aca7be16-a54e-4400-9f95-0a88729b37e4" testId="cb3f385d-692c-4581-a56f-8afc73f35603" testName="TestCompareIntersightObjectNtpPolicyNegative" computerName="sam-tools01" duration="00:00:00.0009072" startTime="2024-07-26T16:29:13.5962077+05:30" endTime="2024-07-26T16:29:13.5974013+05:30" testType="13cdc9d9-ddb5-4fa4-a97d-d965ccfc6d4b" outcome="Passed" testListId="8c84fa94-04c1-424b-9868-57a2d4851a1d" relativeResultsDirectory="aca7be16-a54e-4400-9f95-0a88729b37e4" />
    <UnitTestResult executionId="a6826e53-cf42-40de-8248-19cbfbc9e064" testId="bf594dfe-6b43-45f3-aa1a-abd89a13b436" testName="TestCompareIntersightObjectOrganization" computerName="sam-tools01" duration="00:00:00.0351763" startTime="2024-07-26T16:29:13.5974927+05:30" endTime="2024-07-26T16:29:13.6328325+05:30" testType="13cdc9d9-ddb5-4fa4-a97d-d965ccfc6d4b" outcome="Passed" testListId="8c84fa94-04c1-424b-9868-57a2d4851a1d" relativeResultsDirectory="a6826e53-cf42-40de-8248-19cbfbc9e064" />
    <UnitTestResult executionId="6f97599a-a494-4138-94d3-c60ea7e900a6" testId="25d0c32b-69f7-46e0-bce0-1303d6085afa" testName="TestCompareIntersightObjectOrganizationNegative" computerName="sam-tools01" duration="00:00:00.0004298" startTime="2024-07-26T16:29:13.6328966+05:30" endTime="2024-07-26T16:29:13.6334911+05:30" testType="13cdc9d9-ddb5-4fa4-a97d-d965ccfc6d4b" outcome="Passed" testListId="8c84fa94-04c1-424b-9868-57a2d4851a1d" relativeResultsDirectory="6f97599a-a494-4138-94d3-c60ea7e900a6" />
    <UnitTestResult executionId="9454636c-082b-4448-b212-68d65b35429b" testId="5419485f-90cf-4e29-a04b-258c1cf8beaa" testName="TestCompareListForBootDevice" computerName="sam-tools01" duration="00:00:00.0037451" startTime="2024-07-26T16:29:14.0000611+05:30" endTime="2024-07-26T16:29:14.0039455+05:30" testType="13cdc9d9-ddb5-4fa4-a97d-d965ccfc6d4b" outcome="Passed" testListId="8c84fa94-04c1-424b-9868-57a2d4851a1d" relativeResultsDirectory="9454636c-082b-4448-b212-68d65b35429b" />
    <UnitTestResult executionId="41efd540-0234-4147-9c6c-413468e82619" testId="526fa0d2-3864-472d-ac59-98a7d6085f69" testName="TestCompareListInt" computerName="sam-tools01" duration="00:00:00.0065028" startTime="2024-07-26T16:29:13.9099618+05:30" endTime="2024-07-26T16:29:13.9166225+05:30" testType="13cdc9d9-ddb5-4fa4-a97d-d965ccfc6d4b" outcome="Passed" testListId="8c84fa94-04c1-424b-9868-57a2d4851a1d" relativeResultsDirectory="41efd540-0234-4147-9c6c-413468e82619" />
    <UnitTestResult executionId="c922c21d-e41d-453a-b7f0-4262b4ab5750" testId="6a2c0081-87e2-4518-9ffe-a169092ebd3a" testName="TestCompareListString" computerName="sam-tools01" duration="00:00:00.0017251" startTime="2024-07-26T16:29:13.9934554+05:30" endTime="2024-07-26T16:29:13.9953504+05:30" testType="13cdc9d9-ddb5-4fa4-a97d-d965ccfc6d4b" outcome="Passed" testListId="8c84fa94-04c1-424b-9868-57a2d4851a1d" relativeResultsDirectory="c922c21d-e41d-453a-b7f0-4262b4ab5750" />
    <UnitTestResult executionId="39685acf-5ce3-4761-b1a1-c2be89b5cf76" testId="d5b1b114-e9f0-486b-befb-bb25afc4eb75" testName="TestCompareListForBootDeviceNegative" computerName="sam-tools01" duration="00:00:00.0022323" startTime="2024-07-26T16:29:14.0039976+05:30" endTime="2024-07-26T16:29:14.0063744+05:30" testType="13cdc9d9-ddb5-4fa4-a97d-d965ccfc6d4b" outcome="Passed" testListId="8c84fa94-04c1-424b-9868-57a2d4851a1d" relativeResultsDirectory="39685acf-5ce3-4761-b1a1-c2be89b5cf76" />
    <UnitTestResult executionId="614c17c7-3e2d-461b-a945-b100bafeb730" testId="c5a767c4-2185-4729-a1e2-17fdd2225ba6" testName="TestCompareListStringNegative" computerName="sam-tools01" duration="00:00:00.0004080" startTime="2024-07-26T16:29:13.9954081+05:30" endTime="2024-07-26T16:29:13.9959678+05:30" testType="13cdc9d9-ddb5-4fa4-a97d-d965ccfc6d4b" outcome="Passed" testListId="8c84fa94-04c1-424b-9868-57a2d4851a1d" relativeResultsDirectory="614c17c7-3e2d-461b-a945-b100bafeb730" />
    <UnitTestResult executionId="3a3841c0-416c-4171-b2ea-9225939106d9" testId="9c6667db-a80b-432a-b01f-c7a3ea46ceb4" testName="TestCompareListBool" computerName="sam-tools01" duration="00:00:00.0043756" startTime="2024-07-26T16:29:13.9172581+05:30" endTime="2024-07-26T16:29:13.9218028+05:30" testType="13cdc9d9-ddb5-4fa4-a97d-d965ccfc6d4b" outcome="Passed" testListId="8c84fa94-04c1-424b-9868-57a2d4851a1d" relativeResultsDirectory="3a3841c0-416c-4171-b2ea-9225939106d9" />
    <UnitTestResult executionId="dbe1757a-c51c-4097-8e60-0afdf7ed0477" testId="6fbda5c8-00c0-42d3-837b-4c2cd28c80d8" testName="TestCompareIntersightObjectBootPrecisionPolicyNegative" computerName="sam-tools01" duration="00:00:00.0245654" startTime="2024-07-26T16:29:13.8851007+05:30" endTime="2024-07-26T16:29:13.9099065+05:30" testType="13cdc9d9-ddb5-4fa4-a97d-d965ccfc6d4b" outcome="Passed" testListId="8c84fa94-04c1-424b-9868-57a2d4851a1d" relativeResultsDirectory="dbe1757a-c51c-4097-8e60-0afdf7ed0477" />
    <UnitTestResult executionId="55cb4a76-1762-44d9-aa98-a5aa8e5d2a61" testId="39be22fe-5e81-4c23-9cc4-bfbb22c00df1" testName="TestCompareListMoref" computerName="sam-tools01" duration="00:00:00.0029724" startTime="2024-07-26T16:29:13.9960335+05:30" endTime="2024-07-26T16:29:13.9991471+05:30" testType="13cdc9d9-ddb5-4fa4-a97d-d965ccfc6d4b" outcome="Passed" testListId="8c84fa94-04c1-424b-9868-57a2d4851a1d" relativeResultsDirectory="55cb4a76-1762-44d9-aa98-a5aa8e5d2a61" />
    <UnitTestResult executionId="854c7771-9348-413a-8fc8-9717b4874cd3" testId="370b49e9-c944-446a-845b-24ff33168058" testName="TestCompareListMoTag" computerName="sam-tools01" duration="00:00:00.0015041" startTime="2024-07-26T16:29:14.0074787+05:30" endTime="2024-07-26T16:29:14.0091356+05:30" testType="13cdc9d9-ddb5-4fa4-a97d-d965ccfc6d4b" outcome="Passed" testListId="8c84fa94-04c1-424b-9868-57a2d4851a1d" relativeResultsDirectory="854c7771-9348-413a-8fc8-9717b4874cd3" />
    <UnitTestResult executionId="50117bf0-4264-4d30-9cd3-4e570c92f8f4" testId="d597471c-30b1-43fb-87cf-a49ed59e04c4" testName="TestCompareListIntNegative" computerName="sam-tools01" duration="00:00:00.0003619" startTime="2024-07-26T16:29:13.9166761+05:30" endTime="2024-07-26T16:29:13.9172019+05:30" testType="13cdc9d9-ddb5-4fa4-a97d-d965ccfc6d4b" outcome="Passed" testListId="8c84fa94-04c1-424b-9868-57a2d4851a1d" relativeResultsDirectory="50117bf0-4264-4d30-9cd3-4e570c92f8f4" />
    <UnitTestResult executionId="2b6439ee-ecb8-4b38-b21c-7f8f9ce35263" testId="503d05e6-e2f4-4764-b368-512d505b9e46" testName="TestCompareDictionary" computerName="sam-tools01" duration="00:00:00.0019233" startTime="2024-07-26T16:29:14.0138213+05:30" endTime="2024-07-26T16:29:14.0159100+05:30" testType="13cdc9d9-ddb5-4fa4-a97d-d965ccfc6d4b" outcome="Passed" testListId="8c84fa94-04c1-424b-9868-57a2d4851a1d" relativeResultsDirectory="2b6439ee-ecb8-4b38-b21c-7f8f9ce35263" />
    <UnitTestResult executionId="26ffede3-b856-4e9c-99e7-6154e1316ff9" testId="e85d274c-c0dc-45ea-a390-276c57e87921" testName="TestCompareIntersightObjectBootPrecisionPolicy" computerName="sam-tools01" duration="00:00:00.2511711" startTime="2024-07-26T16:29:13.6335454+05:30" endTime="2024-07-26T16:29:13.8849610+05:30" testType="13cdc9d9-ddb5-4fa4-a97d-d965ccfc6d4b" outcome="Passed" testListId="8c84fa94-04c1-424b-9868-57a2d4851a1d" relativeResultsDirectory="26ffede3-b856-4e9c-99e7-6154e1316ff9" />
    <UnitTestResult executionId="8ab59373-dd10-44ec-bfee-d5dd5194af1a" testId="e25ef674-cad7-465f-ba4b-b904ed2443c0" testName="TestCompareIntersightObjectNtpPolicy" computerName="sam-tools01" duration="00:00:00.4390766" startTime="2024-07-26T16:29:13.1085547+05:30" endTime="2024-07-26T16:29:13.5793815+05:30" testType="13cdc9d9-ddb5-4fa4-a97d-d965ccfc6d4b" outcome="Passed" testListId="8c84fa94-04c1-424b-9868-57a2d4851a1d" relativeResultsDirectory="8ab59373-dd10-44ec-bfee-d5dd5194af1a" />
    <UnitTestResult executionId="f42bcdc9-1d70-495b-a170-de18862423e8" testId="a6046fcd-3d91-4da8-a552-71822aa516c7" testName="TestCompareListMorefNegative" computerName="sam-tools01" duration="00:00:00.0006703" startTime="2024-07-26T16:29:13.9991977+05:30" endTime="2024-07-26T16:29:14.0000134+05:30" testType="13cdc9d9-ddb5-4fa4-a97d-d965ccfc6d4b" outcome="Passed" testListId="8c84fa94-04c1-424b-9868-57a2d4851a1d" relativeResultsDirectory="f42bcdc9-1d70-495b-a170-de18862423e8" />
  </Results>
  <TestDefinitions>
    <UnitTest name="TestCompareListForBootDeviceNegative2" storage="/home/jenkins/workspace/release-is-powershell-module/src/github.com/cisco-intersight/powershell-generator-intersight/generated/intersight.powershell_1.0.11.17769/src/intersight.powershelltest/bin/debug/net6.0/intersight.powershelltest.dll" id="9a98fac2-e2fc-4ed2-9cbd-230482bb2330">
      <Execution id="2504d3d6-b725-4b3f-bda8-73f0dcac020a" />
      <TestMethod codeBase="/home/jenkins/workspace/Release-IS-Powershell-Module/src/github.com/cisco-intersight/powershell-generator-intersight/generated/Intersight.PowerShell_1.0.11.17769/src/Intersight.PowerShellTest/bin/Debug/net6.0/Intersight.PowerShellTest.dll" adapterTypeName="executor://mstestadapter/v2" className="Intersight.PowerShellTest.PSUtilsTest" name="TestCompareListForBootDeviceNegative2" />
    </UnitTest>
    <UnitTest name="TestCompareDictionary" storage="/home/jenkins/workspace/release-is-powershell-module/src/github.com/cisco-intersight/powershell-generator-intersight/generated/intersight.powershell_1.0.11.17769/src/intersight.powershelltest/bin/debug/net6.0/intersight.powershelltest.dll" id="503d05e6-e2f4-4764-b368-512d505b9e46">
      <Execution id="2b6439ee-ecb8-4b38-b21c-7f8f9ce35263" />
      <TestMethod codeBase="/home/jenkins/workspace/Release-IS-Powershell-Module/src/github.com/cisco-intersight/powershell-generator-intersight/generated/Intersight.PowerShell_1.0.11.17769/src/Intersight.PowerShellTest/bin/Debug/net6.0/Intersight.PowerShellTest.dll" adapterTypeName="executor://mstestadapter/v2" className="Intersight.PowerShellTest.PSUtilsTest" name="TestCompareDictionary" />
    </UnitTest>
    <UnitTest name="TestCompareListMorefNegative" storage="/home/jenkins/workspace/release-is-powershell-module/src/github.com/cisco-intersight/powershell-generator-intersight/generated/intersight.powershell_1.0.11.17769/src/intersight.powershelltest/bin/debug/net6.0/intersight.powershelltest.dll" id="a6046fcd-3d91-4da8-a552-71822aa516c7">
      <Execution id="f42bcdc9-1d70-495b-a170-de18862423e8" />
      <TestMethod codeBase="/home/jenkins/workspace/Release-IS-Powershell-Module/src/github.com/cisco-intersight/powershell-generator-intersight/generated/Intersight.PowerShell_1.0.11.17769/src/Intersight.PowerShellTest/bin/Debug/net6.0/Intersight.PowerShellTest.dll" adapterTypeName="executor://mstestadapter/v2" className="Intersight.PowerShellTest.PSUtilsTest" name="TestCompareListMorefNegative" />
    </UnitTest>
    <UnitTest name="TestCompareIntersightObjectNtpPolicyNegative" storage="/home/jenkins/workspace/release-is-powershell-module/src/github.com/cisco-intersight/powershell-generator-intersight/generated/intersight.powershell_1.0.11.17769/src/intersight.powershelltest/bin/debug/net6.0/intersight.powershelltest.dll" id="cb3f385d-692c-4581-a56f-8afc73f35603">
      <Execution id="aca7be16-a54e-4400-9f95-0a88729b37e4" />
      <TestMethod codeBase="/home/jenkins/workspace/Release-IS-Powershell-Module/src/github.com/cisco-intersight/powershell-generator-intersight/generated/Intersight.PowerShell_1.0.11.17769/src/Intersight.PowerShellTest/bin/Debug/net6.0/Intersight.PowerShellTest.dll" adapterTypeName="executor://mstestadapter/v2" className="Intersight.PowerShellTest.PSUtilsTest" name="TestCompareIntersightObjectNtpPolicyNegative" />
    </UnitTest>
    <UnitTest name="TestCompareListMoTag" storage="/home/jenkins/workspace/release-is-powershell-module/src/github.com/cisco-intersight/powershell-generator-intersight/generated/intersight.powershell_1.0.11.17769/src/intersight.powershelltest/bin/debug/net6.0/intersight.powershelltest.dll" id="370b49e9-c944-446a-845b-24ff33168058">
      <Execution id="854c7771-9348-413a-8fc8-9717b4874cd3" />
      <TestMethod codeBase="/home/jenkins/workspace/Release-IS-Powershell-Module/src/github.com/cisco-intersight/powershell-generator-intersight/generated/Intersight.PowerShell_1.0.11.17769/src/Intersight.PowerShellTest/bin/Debug/net6.0/Intersight.PowerShellTest.dll" adapterTypeName="executor://mstestadapter/v2" className="Intersight.PowerShellTest.PSUtilsTest" name="TestCompareListMoTag" />
    </UnitTest>
    <UnitTest name="TestCompareDictionaryComplexObject" storage="/home/jenkins/workspace/release-is-powershell-module/src/github.com/cisco-intersight/powershell-generator-intersight/generated/intersight.powershell_1.0.11.17769/src/intersight.powershelltest/bin/debug/net6.0/intersight.powershelltest.dll" id="06d5dd45-51fc-46be-92e6-2bab158c1b6c">
      <Execution id="e259c9ef-2eaf-4ae5-a72f-33d2f4defe84" />
      <TestMethod codeBase="/home/jenkins/workspace/Release-IS-Powershell-Module/src/github.com/cisco-intersight/powershell-generator-intersight/generated/Intersight.PowerShell_1.0.11.17769/src/Intersight.PowerShellTest/bin/Debug/net6.0/Intersight.PowerShellTest.dll" adapterTypeName="executor://mstestadapter/v2" className="Intersight.PowerShellTest.PSUtilsTest" name="TestCompareDictionaryComplexObject" />
    </UnitTest>
    <UnitTest name="TestCompareIntersightObjectBootPrecisionPolicy" storage="/home/jenkins/workspace/release-is-powershell-module/src/github.com/cisco-intersight/powershell-generator-intersight/generated/intersight.powershell_1.0.11.17769/src/intersight.powershelltest/bin/debug/net6.0/intersight.powershelltest.dll" id="e85d274c-c0dc-45ea-a390-276c57e87921">
      <Execution id="26ffede3-b856-4e9c-99e7-6154e1316ff9" />
      <TestMethod codeBase="/home/jenkins/workspace/Release-IS-Powershell-Module/src/github.com/cisco-intersight/powershell-generator-intersight/generated/Intersight.PowerShell_1.0.11.17769/src/Intersight.PowerShellTest/bin/Debug/net6.0/Intersight.PowerShellTest.dll" adapterTypeName="executor://mstestadapter/v2" className="Intersight.PowerShellTest.PSUtilsTest" name="TestCompareIntersightObjectBootPrecisionPolicy" />
    </UnitTest>
    <UnitTest name="TestCompareIntersightObjectNtpPolicy" storage="/home/jenkins/workspace/release-is-powershell-module/src/github.com/cisco-intersight/powershell-generator-intersight/generated/intersight.powershell_1.0.11.17769/src/intersight.powershelltest/bin/debug/net6.0/intersight.powershelltest.dll" id="e25ef674-cad7-465f-ba4b-b904ed2443c0">
      <Execution id="8ab59373-dd10-44ec-bfee-d5dd5194af1a" />
      <TestMethod codeBase="/home/jenkins/workspace/Release-IS-Powershell-Module/src/github.com/cisco-intersight/powershell-generator-intersight/generated/Intersight.PowerShell_1.0.11.17769/src/Intersight.PowerShellTest/bin/Debug/net6.0/Intersight.PowerShellTest.dll" adapterTypeName="executor://mstestadapter/v2" className="Intersight.PowerShellTest.PSUtilsTest" name="TestCompareIntersightObjectNtpPolicy" />
    </UnitTest>
    <UnitTest name="TestCompareIntersightObjectOrganizationNegative" storage="/home/jenkins/workspace/release-is-powershell-module/src/github.com/cisco-intersight/powershell-generator-intersight/generated/intersight.powershell_1.0.11.17769/src/intersight.powershelltest/bin/debug/net6.0/intersight.powershelltest.dll" id="25d0c32b-69f7-46e0-bce0-1303d6085afa">
      <Execution id="6f97599a-a494-4138-94d3-c60ea7e900a6" />
      <TestMethod codeBase="/home/jenkins/workspace/Release-IS-Powershell-Module/src/github.com/cisco-intersight/powershell-generator-intersight/generated/Intersight.PowerShell_1.0.11.17769/src/Intersight.PowerShellTest/bin/Debug/net6.0/Intersight.PowerShellTest.dll" adapterTypeName="executor://mstestadapter/v2" className="Intersight.PowerShellTest.PSUtilsTest" name="TestCompareIntersightObjectOrganizationNegative" />
    </UnitTest>
    <UnitTest name="TestCompareIntersightObjectBootPrecisionPolicyNegative" storage="/home/jenkins/workspace/release-is-powershell-module/src/github.com/cisco-intersight/powershell-generator-intersight/generated/intersight.powershell_1.0.11.17769/src/intersight.powershelltest/bin/debug/net6.0/intersight.powershelltest.dll" id="6fbda5c8-00c0-42d3-837b-4c2cd28c80d8">
      <Execution id="dbe1757a-c51c-4097-8e60-0afdf7ed0477" />
      <TestMethod codeBase="/home/jenkins/workspace/Release-IS-Powershell-Module/src/github.com/cisco-intersight/powershell-generator-intersight/generated/Intersight.PowerShell_1.0.11.17769/src/Intersight.PowerShellTest/bin/Debug/net6.0/Intersight.PowerShellTest.dll" adapterTypeName="executor://mstestadapter/v2" className="Intersight.PowerShellTest.PSUtilsTest" name="TestCompareIntersightObjectBootPrecisionPolicyNegative" />
    </UnitTest>
    <UnitTest name="TestCompareListBool" storage="/home/jenkins/workspace/release-is-powershell-module/src/github.com/cisco-intersight/powershell-generator-intersight/generated/intersight.powershell_1.0.11.17769/src/intersight.powershelltest/bin/debug/net6.0/intersight.powershelltest.dll" id="9c6667db-a80b-432a-b01f-c7a3ea46ceb4">
      <Execution id="3a3841c0-416c-4171-b2ea-9225939106d9" />
      <TestMethod codeBase="/home/jenkins/workspace/Release-IS-Powershell-Module/src/github.com/cisco-intersight/powershell-generator-intersight/generated/Intersight.PowerShell_1.0.11.17769/src/Intersight.PowerShellTest/bin/Debug/net6.0/Intersight.PowerShellTest.dll" adapterTypeName="executor://mstestadapter/v2" className="Intersight.PowerShellTest.PSUtilsTest" name="TestCompareListBool" />
    </UnitTest>
    <UnitTest name="TestCompareListForBootDevice" storage="/home/jenkins/workspace/release-is-powershell-module/src/github.com/cisco-intersight/powershell-generator-intersight/generated/intersight.powershell_1.0.11.17769/src/intersight.powershelltest/bin/debug/net6.0/intersight.powershelltest.dll" id="5419485f-90cf-4e29-a04b-258c1cf8beaa">
      <Execution id="9454636c-082b-4448-b212-68d65b35429b" />
      <TestMethod codeBase="/home/jenkins/workspace/Release-IS-Powershell-Module/src/github.com/cisco-intersight/powershell-generator-intersight/generated/Intersight.PowerShell_1.0.11.17769/src/Intersight.PowerShellTest/bin/Debug/net6.0/Intersight.PowerShellTest.dll" adapterTypeName="executor://mstestadapter/v2" className="Intersight.PowerShellTest.PSUtilsTest" name="TestCompareListForBootDevice" />
    </UnitTest>
    <UnitTest name="TestCompareListInt" storage="/home/jenkins/workspace/release-is-powershell-module/src/github.com/cisco-intersight/powershell-generator-intersight/generated/intersight.powershell_1.0.11.17769/src/intersight.powershelltest/bin/debug/net6.0/intersight.powershelltest.dll" id="526fa0d2-3864-472d-ac59-98a7d6085f69">
      <Execution id="41efd540-0234-4147-9c6c-413468e82619" />
      <TestMethod codeBase="/home/jenkins/workspace/Release-IS-Powershell-Module/src/github.com/cisco-intersight/powershell-generator-intersight/generated/Intersight.PowerShell_1.0.11.17769/src/Intersight.PowerShellTest/bin/Debug/net6.0/Intersight.PowerShellTest.dll" adapterTypeName="executor://mstestadapter/v2" className="Intersight.PowerShellTest.PSUtilsTest" name="TestCompareListInt" />
    </UnitTest>
    <UnitTest name="TestCompareIntersightObjectOrganization" storage="/home/jenkins/workspace/release-is-powershell-module/src/github.com/cisco-intersight/powershell-generator-intersight/generated/intersight.powershell_1.0.11.17769/src/intersight.powershelltest/bin/debug/net6.0/intersight.powershelltest.dll" id="bf594dfe-6b43-45f3-aa1a-abd89a13b436">
      <Execution id="a6826e53-cf42-40de-8248-19cbfbc9e064" />
      <TestMethod codeBase="/home/jenkins/workspace/Release-IS-Powershell-Module/src/github.com/cisco-intersight/powershell-generator-intersight/generated/Intersight.PowerShell_1.0.11.17769/src/Intersight.PowerShellTest/bin/Debug/net6.0/Intersight.PowerShellTest.dll" adapterTypeName="executor://mstestadapter/v2" className="Intersight.PowerShellTest.PSUtilsTest" name="TestCompareIntersightObjectOrganization" />
    </UnitTest>
    <UnitTest name="TestCompareListMoref" storage="/home/jenkins/workspace/release-is-powershell-module/src/github.com/cisco-intersight/powershell-generator-intersight/generated/intersight.powershell_1.0.11.17769/src/intersight.powershelltest/bin/debug/net6.0/intersight.powershelltest.dll" id="39be22fe-5e81-4c23-9cc4-bfbb22c00df1">
      <Execution id="55cb4a76-1762-44d9-aa98-a5aa8e5d2a61" />
      <TestMethod codeBase="/home/jenkins/workspace/Release-IS-Powershell-Module/src/github.com/cisco-intersight/powershell-generator-intersight/generated/Intersight.PowerShell_1.0.11.17769/src/Intersight.PowerShellTest/bin/Debug/net6.0/Intersight.PowerShellTest.dll" adapterTypeName="executor://mstestadapter/v2" className="Intersight.PowerShellTest.PSUtilsTest" name="TestCompareListMoref" />
    </UnitTest>
    <UnitTest name="TestCompareListStringNegative" storage="/home/jenkins/workspace/release-is-powershell-module/src/github.com/cisco-intersight/powershell-generator-intersight/generated/intersight.powershell_1.0.11.17769/src/intersight.powershelltest/bin/debug/net6.0/intersight.powershelltest.dll" id="c5a767c4-2185-4729-a1e2-17fdd2225ba6">
      <Execution id="614c17c7-3e2d-461b-a945-b100bafeb730" />
      <TestMethod codeBase="/home/jenkins/workspace/Release-IS-Powershell-Module/src/github.com/cisco-intersight/powershell-generator-intersight/generated/Intersight.PowerShell_1.0.11.17769/src/Intersight.PowerShellTest/bin/Debug/net6.0/Intersight.PowerShellTest.dll" adapterTypeName="executor://mstestadapter/v2" className="Intersight.PowerShellTest.PSUtilsTest" name="TestCompareListStringNegative" />
    </UnitTest>
    <UnitTest name="TestCompareListForBootDeviceNegative" storage="/home/jenkins/workspace/release-is-powershell-module/src/github.com/cisco-intersight/powershell-generator-intersight/generated/intersight.powershell_1.0.11.17769/src/intersight.powershelltest/bin/debug/net6.0/intersight.powershelltest.dll" id="d5b1b114-e9f0-486b-befb-bb25afc4eb75">
      <Execution id="39685acf-5ce3-4761-b1a1-c2be89b5cf76" />
      <TestMethod codeBase="/home/jenkins/workspace/Release-IS-Powershell-Module/src/github.com/cisco-intersight/powershell-generator-intersight/generated/Intersight.PowerShell_1.0.11.17769/src/Intersight.PowerShellTest/bin/Debug/net6.0/Intersight.PowerShellTest.dll" adapterTypeName="executor://mstestadapter/v2" className="Intersight.PowerShellTest.PSUtilsTest" name="TestCompareListForBootDeviceNegative" />
    </UnitTest>
    <UnitTest name="TestCompareListString" storage="/home/jenkins/workspace/release-is-powershell-module/src/github.com/cisco-intersight/powershell-generator-intersight/generated/intersight.powershell_1.0.11.17769/src/intersight.powershelltest/bin/debug/net6.0/intersight.powershelltest.dll" id="6a2c0081-87e2-4518-9ffe-a169092ebd3a">
      <Execution id="c922c21d-e41d-453a-b7f0-4262b4ab5750" />
      <TestMethod codeBase="/home/jenkins/workspace/Release-IS-Powershell-Module/src/github.com/cisco-intersight/powershell-generator-intersight/generated/Intersight.PowerShell_1.0.11.17769/src/Intersight.PowerShellTest/bin/Debug/net6.0/Intersight.PowerShellTest.dll" adapterTypeName="executor://mstestadapter/v2" className="Intersight.PowerShellTest.PSUtilsTest" name="TestCompareListString" />
    </UnitTest>
    <UnitTest name="TestCompareDictionaryNegative" storage="/home/jenkins/workspace/release-is-powershell-module/src/github.com/cisco-intersight/powershell-generator-intersight/generated/intersight.powershell_1.0.11.17769/src/intersight.powershelltest/bin/debug/net6.0/intersight.powershelltest.dll" id="dc4dbb32-6e62-4d0b-b7d0-4c24da96ae3f">
      <Execution id="cd16d8c1-d8a7-45c2-8641-5a0d00eff701" />
      <TestMethod codeBase="/home/jenkins/workspace/Release-IS-Powershell-Module/src/github.com/cisco-intersight/powershell-generator-intersight/generated/Intersight.PowerShell_1.0.11.17769/src/Intersight.PowerShellTest/bin/Debug/net6.0/Intersight.PowerShellTest.dll" adapterTypeName="executor://mstestadapter/v2" className="Intersight.PowerShellTest.PSUtilsTest" name="TestCompareDictionaryNegative" />
    </UnitTest>
    <UnitTest name="TestCompareListMoTagNegative" storage="/home/jenkins/workspace/release-is-powershell-module/src/github.com/cisco-intersight/powershell-generator-intersight/generated/intersight.powershell_1.0.11.17769/src/intersight.powershelltest/bin/debug/net6.0/intersight.powershelltest.dll" id="b9aa2b22-6d50-4eee-a05e-4a727fcdfa3f">
      <Execution id="d95c78b0-7211-45e3-b398-733241b1e628" />
      <TestMethod codeBase="/home/jenkins/workspace/Release-IS-Powershell-Module/src/github.com/cisco-intersight/powershell-generator-intersight/generated/Intersight.PowerShell_1.0.11.17769/src/Intersight.PowerShellTest/bin/Debug/net6.0/Intersight.PowerShellTest.dll" adapterTypeName="executor://mstestadapter/v2" className="Intersight.PowerShellTest.PSUtilsTest" name="TestCompareListMoTagNegative" />
    </UnitTest>
    <UnitTest name="TestCompareListIntNegative" storage="/home/jenkins/workspace/release-is-powershell-module/src/github.com/cisco-intersight/powershell-generator-intersight/generated/intersight.powershell_1.0.11.17769/src/intersight.powershelltest/bin/debug/net6.0/intersight.powershelltest.dll" id="d597471c-30b1-43fb-87cf-a49ed59e04c4">
      <Execution id="50117bf0-4264-4d30-9cd3-4e570c92f8f4" />
      <TestMethod codeBase="/home/jenkins/workspace/Release-IS-Powershell-Module/src/github.com/cisco-intersight/powershell-generator-intersight/generated/Intersight.PowerShell_1.0.11.17769/src/Intersight.PowerShellTest/bin/Debug/net6.0/Intersight.PowerShellTest.dll" adapterTypeName="executor://mstestadapter/v2" className="Intersight.PowerShellTest.PSUtilsTest" name="TestCompareListIntNegative" />
    </UnitTest>
  </TestDefinitions>
  <TestEntries>
    <TestEntry testId="dc4dbb32-6e62-4d0b-b7d0-4c24da96ae3f" executionId="cd16d8c1-d8a7-45c2-8641-5a0d00eff701" testListId="8c84fa94-04c1-424b-9868-57a2d4851a1d" />
    <TestEntry testId="9a98fac2-e2fc-4ed2-9cbd-230482bb2330" executionId="2504d3d6-b725-4b3f-bda8-73f0dcac020a" testListId="8c84fa94-04c1-424b-9868-57a2d4851a1d" />
    <TestEntry testId="06d5dd45-51fc-46be-92e6-2bab158c1b6c" executionId="e259c9ef-2eaf-4ae5-a72f-33d2f4defe84" testListId="8c84fa94-04c1-424b-9868-57a2d4851a1d" />
    <TestEntry testId="b9aa2b22-6d50-4eee-a05e-4a727fcdfa3f" executionId="d95c78b0-7211-45e3-b398-733241b1e628" testListId="8c84fa94-04c1-424b-9868-57a2d4851a1d" />
    <TestEntry testId="cb3f385d-692c-4581-a56f-8afc73f35603" executionId="aca7be16-a54e-4400-9f95-0a88729b37e4" testListId="8c84fa94-04c1-424b-9868-57a2d4851a1d" />
    <TestEntry testId="bf594dfe-6b43-45f3-aa1a-abd89a13b436" executionId="a6826e53-cf42-40de-8248-19cbfbc9e064" testListId="8c84fa94-04c1-424b-9868-57a2d4851a1d" />
    <TestEntry testId="25d0c32b-69f7-46e0-bce0-1303d6085afa" executionId="6f97599a-a494-4138-94d3-c60ea7e900a6" testListId="8c84fa94-04c1-424b-9868-57a2d4851a1d" />
    <TestEntry testId="5419485f-90cf-4e29-a04b-258c1cf8beaa" executionId="9454636c-082b-4448-b212-68d65b35429b" testListId="8c84fa94-04c1-424b-9868-57a2d4851a1d" />
    <TestEntry testId="526fa0d2-3864-472d-ac59-98a7d6085f69" executionId="41efd540-0234-4147-9c6c-413468e82619" testListId="8c84fa94-04c1-424b-9868-57a2d4851a1d" />
    <TestEntry testId="6a2c0081-87e2-4518-9ffe-a169092ebd3a" executionId="c922c21d-e41d-453a-b7f0-4262b4ab5750" testListId="8c84fa94-04c1-424b-9868-57a2d4851a1d" />
    <TestEntry testId="d5b1b114-e9f0-486b-befb-bb25afc4eb75" executionId="39685acf-5ce3-4761-b1a1-c2be89b5cf76" testListId="8c84fa94-04c1-424b-9868-57a2d4851a1d" />
    <TestEntry testId="c5a767c4-2185-4729-a1e2-17fdd2225ba6" executionId="614c17c7-3e2d-461b-a945-b100bafeb730" testListId="8c84fa94-04c1-424b-9868-57a2d4851a1d" />
    <TestEntry testId="9c6667db-a80b-432a-b01f-c7a3ea46ceb4" executionId="3a3841c0-416c-4171-b2ea-9225939106d9" testListId="8c84fa94-04c1-424b-9868-57a2d4851a1d" />
    <TestEntry testId="6fbda5c8-00c0-42d3-837b-4c2cd28c80d8" executionId="dbe1757a-c51c-4097-8e60-0afdf7ed0477" testListId="8c84fa94-04c1-424b-9868-57a2d4851a1d" />
    <TestEntry testId="39be22fe-5e81-4c23-9cc4-bfbb22c00df1" executionId="55cb4a76-1762-44d9-aa98-a5aa8e5d2a61" testListId="8c84fa94-04c1-424b-9868-57a2d4851a1d" />
    <TestEntry testId="370b49e9-c944-446a-845b-24ff33168058" executionId="854c7771-9348-413a-8fc8-9717b4874cd3" testListId="8c84fa94-04c1-424b-9868-57a2d4851a1d" />
    <TestEntry testId="d597471c-30b1-43fb-87cf-a49ed59e04c4" executionId="50117bf0-4264-4d30-9cd3-4e570c92f8f4" testListId="8c84fa94-04c1-424b-9868-57a2d4851a1d" />
    <TestEntry testId="503d05e6-e2f4-4764-b368-512d505b9e46" executionId="2b6439ee-ecb8-4b38-b21c-7f8f9ce35263" testListId="8c84fa94-04c1-424b-9868-57a2d4851a1d" />
    <TestEntry testId="e85d274c-c0dc-45ea-a390-276c57e87921" executionId="26ffede3-b856-4e9c-99e7-6154e1316ff9" testListId="8c84fa94-04c1-424b-9868-57a2d4851a1d" />
    <TestEntry testId="e25ef674-cad7-465f-ba4b-b904ed2443c0" executionId="8ab59373-dd10-44ec-bfee-d5dd5194af1a" testListId="8c84fa94-04c1-424b-9868-57a2d4851a1d" />
    <TestEntry testId="a6046fcd-3d91-4da8-a552-71822aa516c7" executionId="f42bcdc9-1d70-495b-a170-de18862423e8" testListId="8c84fa94-04c1-424b-9868-57a2d4851a1d" />
  </TestEntries>
  <TestLists>
    <TestList name="Results Not in a List" id="8c84fa94-04c1-424b-9868-57a2d4851a1d" />
    <TestList name="All Loaded Results" id="19431567-8539-422a-85d7-44ee4e166bda" />
  </TestLists>
  <ResultSummary outcome="Completed">
    <Counters total="21" executed="21" passed="21" failed="0" error="0" timeout="0" aborted="0" inconclusive="0" passedButRunAborted="0" notRunnable="0" notExecuted="0" disconnected="0" warning="0" completed="0" inProgress="0" pending="0" />
  </ResultSummary>
</TestRun>