<?xml version="1.0" encoding="utf-8"?>
<TestRun id="88474b53-4643-4fd7-857b-2003c283c492" name="@sam-tools01 2025-07-14 08:44:35" xmlns="http://microsoft.com/schemas/VisualStudio/TeamTest/2010">
  <Times creation="2025-07-14T08:44:35.1245613+05:30" queuing="2025-07-14T08:44:35.1245616+05:30" start="2025-07-14T08:44:32.6381395+05:30" finish="2025-07-14T08:44:35.3559320+05:30" />
  <TestSettings name="default" id="1b6839e4-3ed5-4cf7-bf9d-60ee47618cbe">
    <Deployment runDeploymentRoot="_sam-tools01_2025-07-14_08_44_35" />
  </TestSettings>
  <Results>
    <UnitTestResult executionId="57614322-abd1-492b-9636-d50269b0f0bb" testId="25efd544-f2d1-bce7-85cd-13c8daa9f9e0" testName="TestCompareIntersightObjectBootPrecisionPolicyNegative" computerName="sam-tools01" duration="00:00:00.0285731" startTime="2025-07-14T08:44:34.9134011+05:30" endTime="2025-07-14T08:44:34.9422856+05:30" testType="13cdc9d9-ddb5-4fa4-a97d-d965ccfc6d4b" outcome="Passed" testListId="8c84fa94-04c1-424b-9868-57a2d4851a1d" relativeResultsDirectory="57614322-abd1-492b-9636-d50269b0f0bb" />
    <UnitTestResult executionId="85083a0b-f772-4535-88dd-b557e0010f5d" testId="784db588-4279-ecee-6ebf-d593d81facb2" testName="TestCompareListMorefNegative" computerName="sam-tools01" duration="00:00:00.0004880" startTime="2025-07-14T08:44:35.0186757+05:30" endTime="2025-07-14T08:44:35.0193321+05:30" testType="13cdc9d9-ddb5-4fa4-a97d-d965ccfc6d4b" outcome="Passed" testListId="8c84fa94-04c1-424b-9868-57a2d4851a1d" relativeResultsDirectory="85083a0b-f772-4535-88dd-b557e0010f5d" />
    <UnitTestResult executionId="bc1667c8-b391-4b54-a127-1bc9e8ab6bb2" testId="0c6cda6b-cbbb-2afd-190e-3a871772306f" testName="TestCompareListMoref" computerName="sam-tools01" duration="00:00:00.0032294" startTime="2025-07-14T08:44:35.0151902+05:30" endTime="2025-07-14T08:44:35.0186059+05:30" testType="13cdc9d9-ddb5-4fa4-a97d-d965ccfc6d4b" outcome="Passed" testListId="8c84fa94-04c1-424b-9868-57a2d4851a1d" relativeResultsDirectory="bc1667c8-b391-4b54-a127-1bc9e8ab6bb2" />
    <UnitTestResult executionId="433f007c-0357-46d0-a458-e51ebe861b46" testId="21d6bdd3-dab8-5932-c926-48f8362b179c" testName="TestCompareIntersightObjectNtpPolicyNegative" computerName="sam-tools01" duration="00:00:00.0009851" startTime="2025-07-14T08:44:34.5920364+05:30" endTime="2025-07-14T08:44:34.5934800+05:30" testType="13cdc9d9-ddb5-4fa4-a97d-d965ccfc6d4b" outcome="Passed" testListId="8c84fa94-04c1-424b-9868-57a2d4851a1d" relativeResultsDirectory="433f007c-0357-46d0-a458-e51ebe861b46" />
    <UnitTestResult executionId="69f26951-9116-4515-818d-504b25eca3eb" testId="e11b186c-5a67-a39b-7976-36ed1bbcd11a" testName="TestCompareListString" computerName="sam-tools01" duration="00:00:00.0014552" startTime="2025-07-14T08:44:35.0129587+05:30" endTime="2025-07-14T08:44:35.0145931+05:30" testType="13cdc9d9-ddb5-4fa4-a97d-d965ccfc6d4b" outcome="Passed" testListId="8c84fa94-04c1-424b-9868-57a2d4851a1d" relativeResultsDirectory="69f26951-9116-4515-818d-504b25eca3eb" />
    <UnitTestResult executionId="b2f0532a-fe0b-413d-bd3a-6618f8d74f82" testId="b3886f1e-26df-1da8-ce00-27028925c5ec" testName="TestCompareIntersightObjectOrganizationNegative" computerName="sam-tools01" duration="00:00:00.0003767" startTime="2025-07-14T08:44:34.6376757+05:30" endTime="2025-07-14T08:44:34.6382590+05:30" testType="13cdc9d9-ddb5-4fa4-a97d-d965ccfc6d4b" outcome="Passed" testListId="8c84fa94-04c1-424b-9868-57a2d4851a1d" relativeResultsDirectory="b2f0532a-fe0b-413d-bd3a-6618f8d74f82" />
    <UnitTestResult executionId="aad9f437-4618-4f94-8ef4-1c744146da35" testId="b10c1996-ca07-2342-84f2-dbd5e05100b8" testName="TestCompareDictionary" computerName="sam-tools01" duration="00:00:00.0016755" startTime="2025-07-14T08:44:35.0349781+05:30" endTime="2025-07-14T08:44:35.0368247+05:30" testType="13cdc9d9-ddb5-4fa4-a97d-d965ccfc6d4b" outcome="Passed" testListId="8c84fa94-04c1-424b-9868-57a2d4851a1d" relativeResultsDirectory="aad9f437-4618-4f94-8ef4-1c744146da35" />
    <UnitTestResult executionId="71f43707-ca5b-4fbd-a313-1c2d970ac323" testId="af46402b-c5ea-bd3a-5e0c-2049af859c7d" testName="TestCompareListForBootDeviceNegative2" computerName="sam-tools01" duration="00:00:00.0007319" startTime="2025-07-14T08:44:35.0319661+05:30" endTime="2025-07-14T08:44:35.0329306+05:30" testType="13cdc9d9-ddb5-4fa4-a97d-d965ccfc6d4b" outcome="Passed" testListId="8c84fa94-04c1-424b-9868-57a2d4851a1d" relativeResultsDirectory="71f43707-ca5b-4fbd-a313-1c2d970ac323" />
    <UnitTestResult executionId="87307cc3-64da-44ba-95f9-1b666f4d45c2" testId="8258a73b-bc00-ed98-fa41-0b083d455901" testName="TestCompareIntersightObjectBootPrecisionPolicy" computerName="sam-tools01" duration="00:00:00.2746434" startTime="2025-07-14T08:44:34.6383379+05:30" endTime="2025-07-14T08:44:34.9132413+05:30" testType="13cdc9d9-ddb5-4fa4-a97d-d965ccfc6d4b" outcome="Passed" testListId="8c84fa94-04c1-424b-9868-57a2d4851a1d" relativeResultsDirectory="87307cc3-64da-44ba-95f9-1b666f4d45c2" />
    <UnitTestResult executionId="b349d2bb-1e40-4338-a5af-083ec2eeb0fe" testId="88ea40e3-ec5b-43a5-c99a-e2b6678029d4" testName="TestCompareListBool" computerName="sam-tools01" duration="00:00:00.0021973" startTime="2025-07-14T08:44:35.0105036+05:30" endTime="2025-07-14T08:44:35.0128837+05:30" testType="13cdc9d9-ddb5-4fa4-a97d-d965ccfc6d4b" outcome="Passed" testListId="8c84fa94-04c1-424b-9868-57a2d4851a1d" relativeResultsDirectory="b349d2bb-1e40-4338-a5af-083ec2eeb0fe" />
    <UnitTestResult executionId="10458989-34f2-4e9f-a9e7-e7f51dbcd900" testId="bff6c437-3beb-39f9-80a5-87eccac911ed" testName="TestCompareIntersightObjectNtpPolicy" computerName="sam-tools01" duration="00:00:00.7360788" startTime="2025-07-14T08:44:33.8260884+05:30" endTime="2025-07-14T08:44:34.5821369+05:30" testType="13cdc9d9-ddb5-4fa4-a97d-d965ccfc6d4b" outcome="Passed" testListId="8c84fa94-04c1-424b-9868-57a2d4851a1d" relativeResultsDirectory="10458989-34f2-4e9f-a9e7-e7f51dbcd900" />
    <UnitTestResult executionId="22015cf5-ac54-4b4f-93fa-d96b5f2c12d8" testId="aabf11cb-24b4-212d-0c32-fc3bcd8d8940" testName="TestCompareListMoTag" computerName="sam-tools01" duration="00:00:00.0011080" startTime="2025-07-14T08:44:35.0330002+05:30" endTime="2025-07-14T08:44:35.0342732+05:30" testType="13cdc9d9-ddb5-4fa4-a97d-d965ccfc6d4b" outcome="Passed" testListId="8c84fa94-04c1-424b-9868-57a2d4851a1d" relativeResultsDirectory="22015cf5-ac54-4b4f-93fa-d96b5f2c12d8" />
    <UnitTestResult executionId="ee9b727e-da6b-43eb-a603-7a482bb61a8f" testId="a1b2ed2e-9057-ffb1-4686-d9af3d443417" testName="TestCompareListForBootDevice" computerName="sam-tools01" duration="00:00:00.0037347" startTime="2025-07-14T08:44:35.0194117+05:30" endTime="2025-07-14T08:44:35.0233096+05:30" testType="13cdc9d9-ddb5-4fa4-a97d-d965ccfc6d4b" outcome="Passed" testListId="8c84fa94-04c1-424b-9868-57a2d4851a1d" relativeResultsDirectory="ee9b727e-da6b-43eb-a603-7a482bb61a8f" />
    <UnitTestResult executionId="2d55e226-30e1-49db-a956-e04fb05aa203" testId="5a9cdfb0-8f5b-b57c-e6a8-b11d60be279d" testName="TestCompareListIntNegative" computerName="sam-tools01" duration="00:00:00.0003168" startTime="2025-07-14T08:44:35.0099152+05:30" endTime="2025-07-14T08:44:35.0104164+05:30" testType="13cdc9d9-ddb5-4fa4-a97d-d965ccfc6d4b" outcome="Passed" testListId="8c84fa94-04c1-424b-9868-57a2d4851a1d" relativeResultsDirectory="2d55e226-30e1-49db-a956-e04fb05aa203" />
    <UnitTestResult executionId="98bbeb0f-d4e6-4e57-b8db-c2c09f602d98" testId="bf562289-5a4d-7a89-8d64-28cb5bf97a3c" testName="TestCompareListMoTagNegative" computerName="sam-tools01" duration="00:00:00.0003918" startTime="2025-07-14T08:44:35.0343546+05:30" endTime="2025-07-14T08:44:35.0349103+05:30" testType="13cdc9d9-ddb5-4fa4-a97d-d965ccfc6d4b" outcome="Passed" testListId="8c84fa94-04c1-424b-9868-57a2d4851a1d" relativeResultsDirectory="98bbeb0f-d4e6-4e57-b8db-c2c09f602d98" />
    <UnitTestResult executionId="17f23287-479e-400a-af25-c569df41d380" testId="29190111-74c5-b955-85d1-f6446d9f3326" testName="TestCompareIntersightObjectOrganization" computerName="sam-tools01" duration="00:00:00.0431564" startTime="2025-07-14T08:44:34.5941905+05:30" endTime="2025-07-14T08:44:34.6375966+05:30" testType="13cdc9d9-ddb5-4fa4-a97d-d965ccfc6d4b" outcome="Passed" testListId="8c84fa94-04c1-424b-9868-57a2d4851a1d" relativeResultsDirectory="17f23287-479e-400a-af25-c569df41d380" />
    <UnitTestResult executionId="ffe1ed86-69e5-49e5-980b-0d26edab8c91" testId="67fe35a3-9c2f-b0bc-0bca-682f70341349" testName="TestCompareDictionaryNegative" computerName="sam-tools01" duration="00:00:00.0003364" startTime="2025-07-14T08:44:35.0369178+05:30" endTime="2025-07-14T08:44:35.0374396+05:30" testType="13cdc9d9-ddb5-4fa4-a97d-d965ccfc6d4b" outcome="Passed" testListId="8c84fa94-04c1-424b-9868-57a2d4851a1d" relativeResultsDirectory="ffe1ed86-69e5-49e5-980b-0d26edab8c91" />
    <UnitTestResult executionId="40625a27-d070-425d-88b9-21667d07c034" testId="af74a405-21fd-b582-370c-8a17fa063b8c" testName="TestCompareListForBootDeviceNegative" computerName="sam-tools01" duration="00:00:00.0031687" startTime="2025-07-14T08:44:35.0233801+05:30" endTime="2025-07-14T08:44:35.0267190+05:30" testType="13cdc9d9-ddb5-4fa4-a97d-d965ccfc6d4b" outcome="Passed" testListId="8c84fa94-04c1-424b-9868-57a2d4851a1d" relativeResultsDirectory="40625a27-d070-425d-88b9-21667d07c034" />
    <UnitTestResult executionId="e02e5076-7621-4fec-afec-0ffba021bb0a" testId="f5172029-ac9e-c3e9-fbc4-3c68019ec0b7" testName="TestCompareListStringNegative" computerName="sam-tools01" duration="00:00:00.0002726" startTime="2025-07-14T08:44:35.0146688+05:30" endTime="2025-07-14T08:44:35.0151246+05:30" testType="13cdc9d9-ddb5-4fa4-a97d-d965ccfc6d4b" outcome="Passed" testListId="8c84fa94-04c1-424b-9868-57a2d4851a1d" relativeResultsDirectory="e02e5076-7621-4fec-afec-0ffba021bb0a" />
    <UnitTestResult executionId="4de2f3f0-266b-4ec8-ad39-a110b0fdf606" testId="059965c2-36bd-5e5b-97dd-d4ab6d9c4fbe" testName="TestCompareDictionaryComplexObject" computerName="sam-tools01" duration="00:00:00.2032286" startTime="2025-07-14T08:44:35.0375147+05:30" endTime="2025-07-14T08:44:35.2412785+05:30" testType="13cdc9d9-ddb5-4fa4-a97d-d965ccfc6d4b" outcome="Passed" testListId="8c84fa94-04c1-424b-9868-57a2d4851a1d" relativeResultsDirectory="4de2f3f0-266b-4ec8-ad39-a110b0fdf606" />
    <UnitTestResult executionId="ef359e56-c16f-4df4-9e30-982dba9d734c" testId="1db52ae6-de71-4f43-9eeb-027f31c87948" testName="TestCompareListInt" computerName="sam-tools01" duration="00:00:00.0043550" startTime="2025-07-14T08:44:35.0051493+05:30" endTime="2025-07-14T08:44:35.0097996+05:30" testType="13cdc9d9-ddb5-4fa4-a97d-d965ccfc6d4b" outcome="Passed" testListId="8c84fa94-04c1-424b-9868-57a2d4851a1d" relativeResultsDirectory="ef359e56-c16f-4df4-9e30-982dba9d734c" />
  </Results>
  <TestDefinitions>
    <UnitTest name="TestCompareListMorefNegative" storage="/home/jenkins/workspace/release-is-powershell-module/src/github.com/cisco-intersight/powershell-generator-intersight/generated/intersight.powershell_1.0.11.2025062323/src/intersight.powershelltest/bin/debug/net8.0/intersight.powershelltest.dll" id="784db588-4279-ecee-6ebf-d593d81facb2">
      <Execution id="85083a0b-f772-4535-88dd-b557e0010f5d" />
      <TestMethod codeBase="/home/jenkins/workspace/Release-IS-Powershell-Module/src/github.com/cisco-intersight/powershell-generator-intersight/generated/Intersight.PowerShell_1.0.11.2025062323/src/Intersight.PowerShellTest/bin/Debug/net8.0/Intersight.PowerShellTest.dll" adapterTypeName="executor://mstestadapter/v2" className="Intersight.PowerShellTest.PSUtilsTest" name="TestCompareListMorefNegative" />
    </UnitTest>
    <UnitTest name="TestCompareListIntNegative" storage="/home/jenkins/workspace/release-is-powershell-module/src/github.com/cisco-intersight/powershell-generator-intersight/generated/intersight.powershell_1.0.11.2025062323/src/intersight.powershelltest/bin/debug/net8.0/intersight.powershelltest.dll" id="5a9cdfb0-8f5b-b57c-e6a8-b11d60be279d">
      <Execution id="2d55e226-30e1-49db-a956-e04fb05aa203" />
      <TestMethod codeBase="/home/jenkins/workspace/Release-IS-Powershell-Module/src/github.com/cisco-intersight/powershell-generator-intersight/generated/Intersight.PowerShell_1.0.11.2025062323/src/Intersight.PowerShellTest/bin/Debug/net8.0/Intersight.PowerShellTest.dll" adapterTypeName="executor://mstestadapter/v2" className="Intersight.PowerShellTest.PSUtilsTest" name="TestCompareListIntNegative" />
    </UnitTest>
    <UnitTest name="TestCompareDictionaryComplexObject" storage="/home/jenkins/workspace/release-is-powershell-module/src/github.com/cisco-intersight/powershell-generator-intersight/generated/intersight.powershell_1.0.11.2025062323/src/intersight.powershelltest/bin/debug/net8.0/intersight.powershelltest.dll" id="059965c2-36bd-5e5b-97dd-d4ab6d9c4fbe">
      <Execution id="4de2f3f0-266b-4ec8-ad39-a110b0fdf606" />
      <TestMethod codeBase="/home/jenkins/workspace/Release-IS-Powershell-Module/src/github.com/cisco-intersight/powershell-generator-intersight/generated/Intersight.PowerShell_1.0.11.2025062323/src/Intersight.PowerShellTest/bin/Debug/net8.0/Intersight.PowerShellTest.dll" adapterTypeName="executor://mstestadapter/v2" className="Intersight.PowerShellTest.PSUtilsTest" name="TestCompareDictionaryComplexObject" />
    </UnitTest>
    <UnitTest name="TestCompareListStringNegative" storage="/home/jenkins/workspace/release-is-powershell-module/src/github.com/cisco-intersight/powershell-generator-intersight/generated/intersight.powershell_1.0.11.2025062323/src/intersight.powershelltest/bin/debug/net8.0/intersight.powershelltest.dll" id="f5172029-ac9e-c3e9-fbc4-3c68019ec0b7">
      <Execution id="e02e5076-7621-4fec-afec-0ffba021bb0a" />
      <TestMethod codeBase="/home/jenkins/workspace/Release-IS-Powershell-Module/src/github.com/cisco-intersight/powershell-generator-intersight/generated/Intersight.PowerShell_1.0.11.2025062323/src/Intersight.PowerShellTest/bin/Debug/net8.0/Intersight.PowerShellTest.dll" adapterTypeName="executor://mstestadapter/v2" className="Intersight.PowerShellTest.PSUtilsTest" name="TestCompareListStringNegative" />
    </UnitTest>
    <UnitTest name="TestCompareDictionary" storage="/home/jenkins/workspace/release-is-powershell-module/src/github.com/cisco-intersight/powershell-generator-intersight/generated/intersight.powershell_1.0.11.2025062323/src/intersight.powershelltest/bin/debug/net8.0/intersight.powershelltest.dll" id="b10c1996-ca07-2342-84f2-dbd5e05100b8">
      <Execution id="aad9f437-4618-4f94-8ef4-1c744146da35" />
      <TestMethod codeBase="/home/jenkins/workspace/Release-IS-Powershell-Module/src/github.com/cisco-intersight/powershell-generator-intersight/generated/Intersight.PowerShell_1.0.11.2025062323/src/Intersight.PowerShellTest/bin/Debug/net8.0/Intersight.PowerShellTest.dll" adapterTypeName="executor://mstestadapter/v2" className="Intersight.PowerShellTest.PSUtilsTest" name="TestCompareDictionary" />
    </UnitTest>
    <UnitTest name="TestCompareIntersightObjectOrganization" storage="/home/jenkins/workspace/release-is-powershell-module/src/github.com/cisco-intersight/powershell-generator-intersight/generated/intersight.powershell_1.0.11.2025062323/src/intersight.powershelltest/bin/debug/net8.0/intersight.powershelltest.dll" id="29190111-74c5-b955-85d1-f6446d9f3326">
      <Execution id="17f23287-479e-400a-af25-c569df41d380" />
      <TestMethod codeBase="/home/jenkins/workspace/Release-IS-Powershell-Module/src/github.com/cisco-intersight/powershell-generator-intersight/generated/Intersight.PowerShell_1.0.11.2025062323/src/Intersight.PowerShellTest/bin/Debug/net8.0/Intersight.PowerShellTest.dll" adapterTypeName="executor://mstestadapter/v2" className="Intersight.PowerShellTest.PSUtilsTest" name="TestCompareIntersightObjectOrganization" />
    </UnitTest>
    <UnitTest name="TestCompareListForBootDevice" storage="/home/jenkins/workspace/release-is-powershell-module/src/github.com/cisco-intersight/powershell-generator-intersight/generated/intersight.powershell_1.0.11.2025062323/src/intersight.powershelltest/bin/debug/net8.0/intersight.powershelltest.dll" id="a1b2ed2e-9057-ffb1-4686-d9af3d443417">
      <Execution id="ee9b727e-da6b-43eb-a603-7a482bb61a8f" />
      <TestMethod codeBase="/home/jenkins/workspace/Release-IS-Powershell-Module/src/github.com/cisco-intersight/powershell-generator-intersight/generated/Intersight.PowerShell_1.0.11.2025062323/src/Intersight.PowerShellTest/bin/Debug/net8.0/Intersight.PowerShellTest.dll" adapterTypeName="executor://mstestadapter/v2" className="Intersight.PowerShellTest.PSUtilsTest" name="TestCompareListForBootDevice" />
    </UnitTest>
    <UnitTest name="TestCompareListString" storage="/home/jenkins/workspace/release-is-powershell-module/src/github.com/cisco-intersight/powershell-generator-intersight/generated/intersight.powershell_1.0.11.2025062323/src/intersight.powershelltest/bin/debug/net8.0/intersight.powershelltest.dll" id="e11b186c-5a67-a39b-7976-36ed1bbcd11a">
      <Execution id="69f26951-9116-4515-818d-504b25eca3eb" />
      <TestMethod codeBase="/home/jenkins/workspace/Release-IS-Powershell-Module/src/github.com/cisco-intersight/powershell-generator-intersight/generated/Intersight.PowerShell_1.0.11.2025062323/src/Intersight.PowerShellTest/bin/Debug/net8.0/Intersight.PowerShellTest.dll" adapterTypeName="executor://mstestadapter/v2" className="Intersight.PowerShellTest.PSUtilsTest" name="TestCompareListString" />
    </UnitTest>
    <UnitTest name="TestCompareIntersightObjectBootPrecisionPolicy" storage="/home/jenkins/workspace/release-is-powershell-module/src/github.com/cisco-intersight/powershell-generator-intersight/generated/intersight.powershell_1.0.11.2025062323/src/intersight.powershelltest/bin/debug/net8.0/intersight.powershelltest.dll" id="8258a73b-bc00-ed98-fa41-0b083d455901">
      <Execution id="87307cc3-64da-44ba-95f9-1b666f4d45c2" />
      <TestMethod codeBase="/home/jenkins/workspace/Release-IS-Powershell-Module/src/github.com/cisco-intersight/powershell-generator-intersight/generated/Intersight.PowerShell_1.0.11.2025062323/src/Intersight.PowerShellTest/bin/Debug/net8.0/Intersight.PowerShellTest.dll" adapterTypeName="executor://mstestadapter/v2" className="Intersight.PowerShellTest.PSUtilsTest" name="TestCompareIntersightObjectBootPrecisionPolicy" />
    </UnitTest>
    <UnitTest name="TestCompareListBool" storage="/home/jenkins/workspace/release-is-powershell-module/src/github.com/cisco-intersight/powershell-generator-intersight/generated/intersight.powershell_1.0.11.2025062323/src/intersight.powershelltest/bin/debug/net8.0/intersight.powershelltest.dll" id="88ea40e3-ec5b-43a5-c99a-e2b6678029d4">
      <Execution id="b349d2bb-1e40-4338-a5af-083ec2eeb0fe" />
      <TestMethod codeBase="/home/jenkins/workspace/Release-IS-Powershell-Module/src/github.com/cisco-intersight/powershell-generator-intersight/generated/Intersight.PowerShell_1.0.11.2025062323/src/Intersight.PowerShellTest/bin/Debug/net8.0/Intersight.PowerShellTest.dll" adapterTypeName="executor://mstestadapter/v2" className="Intersight.PowerShellTest.PSUtilsTest" name="TestCompareListBool" />
    </UnitTest>
    <UnitTest name="TestCompareIntersightObjectNtpPolicyNegative" storage="/home/jenkins/workspace/release-is-powershell-module/src/github.com/cisco-intersight/powershell-generator-intersight/generated/intersight.powershell_1.0.11.2025062323/src/intersight.powershelltest/bin/debug/net8.0/intersight.powershelltest.dll" id="21d6bdd3-dab8-5932-c926-48f8362b179c">
      <Execution id="433f007c-0357-46d0-a458-e51ebe861b46" />
      <TestMethod codeBase="/home/jenkins/workspace/Release-IS-Powershell-Module/src/github.com/cisco-intersight/powershell-generator-intersight/generated/Intersight.PowerShell_1.0.11.2025062323/src/Intersight.PowerShellTest/bin/Debug/net8.0/Intersight.PowerShellTest.dll" adapterTypeName="executor://mstestadapter/v2" className="Intersight.PowerShellTest.PSUtilsTest" name="TestCompareIntersightObjectNtpPolicyNegative" />
    </UnitTest>
    <UnitTest name="TestCompareListMoref" storage="/home/jenkins/workspace/release-is-powershell-module/src/github.com/cisco-intersight/powershell-generator-intersight/generated/intersight.powershell_1.0.11.2025062323/src/intersight.powershelltest/bin/debug/net8.0/intersight.powershelltest.dll" id="0c6cda6b-cbbb-2afd-190e-3a871772306f">
      <Execution id="bc1667c8-b391-4b54-a127-1bc9e8ab6bb2" />
      <TestMethod codeBase="/home/jenkins/workspace/Release-IS-Powershell-Module/src/github.com/cisco-intersight/powershell-generator-intersight/generated/Intersight.PowerShell_1.0.11.2025062323/src/Intersight.PowerShellTest/bin/Debug/net8.0/Intersight.PowerShellTest.dll" adapterTypeName="executor://mstestadapter/v2" className="Intersight.PowerShellTest.PSUtilsTest" name="TestCompareListMoref" />
    </UnitTest>
    <UnitTest name="TestCompareListForBootDeviceNegative" storage="/home/jenkins/workspace/release-is-powershell-module/src/github.com/cisco-intersight/powershell-generator-intersight/generated/intersight.powershell_1.0.11.2025062323/src/intersight.powershelltest/bin/debug/net8.0/intersight.powershelltest.dll" id="af74a405-21fd-b582-370c-8a17fa063b8c">
      <Execution id="40625a27-d070-425d-88b9-21667d07c034" />
      <TestMethod codeBase="/home/jenkins/workspace/Release-IS-Powershell-Module/src/github.com/cisco-intersight/powershell-generator-intersight/generated/Intersight.PowerShell_1.0.11.2025062323/src/Intersight.PowerShellTest/bin/Debug/net8.0/Intersight.PowerShellTest.dll" adapterTypeName="executor://mstestadapter/v2" className="Intersight.PowerShellTest.PSUtilsTest" name="TestCompareListForBootDeviceNegative" />
    </UnitTest>
    <UnitTest name="TestCompareDictionaryNegative" storage="/home/jenkins/workspace/release-is-powershell-module/src/github.com/cisco-intersight/powershell-generator-intersight/generated/intersight.powershell_1.0.11.2025062323/src/intersight.powershelltest/bin/debug/net8.0/intersight.powershelltest.dll" id="67fe35a3-9c2f-b0bc-0bca-682f70341349">
      <Execution id="ffe1ed86-69e5-49e5-980b-0d26edab8c91" />
      <TestMethod codeBase="/home/jenkins/workspace/Release-IS-Powershell-Module/src/github.com/cisco-intersight/powershell-generator-intersight/generated/Intersight.PowerShell_1.0.11.2025062323/src/Intersight.PowerShellTest/bin/Debug/net8.0/Intersight.PowerShellTest.dll" adapterTypeName="executor://mstestadapter/v2" className="Intersight.PowerShellTest.PSUtilsTest" name="TestCompareDictionaryNegative" />
    </UnitTest>
    <UnitTest name="TestCompareIntersightObjectBootPrecisionPolicyNegative" storage="/home/jenkins/workspace/release-is-powershell-module/src/github.com/cisco-intersight/powershell-generator-intersight/generated/intersight.powershell_1.0.11.2025062323/src/intersight.powershelltest/bin/debug/net8.0/intersight.powershelltest.dll" id="25efd544-f2d1-bce7-85cd-13c8daa9f9e0">
      <Execution id="57614322-abd1-492b-9636-d50269b0f0bb" />
      <TestMethod codeBase="/home/jenkins/workspace/Release-IS-Powershell-Module/src/github.com/cisco-intersight/powershell-generator-intersight/generated/Intersight.PowerShell_1.0.11.2025062323/src/Intersight.PowerShellTest/bin/Debug/net8.0/Intersight.PowerShellTest.dll" adapterTypeName="executor://mstestadapter/v2" className="Intersight.PowerShellTest.PSUtilsTest" name="TestCompareIntersightObjectBootPrecisionPolicyNegative" />
    </UnitTest>
    <UnitTest name="TestCompareListInt" storage="/home/jenkins/workspace/release-is-powershell-module/src/github.com/cisco-intersight/powershell-generator-intersight/generated/intersight.powershell_1.0.11.2025062323/src/intersight.powershelltest/bin/debug/net8.0/intersight.powershelltest.dll" id="1db52ae6-de71-4f43-9eeb-027f31c87948">
      <Execution id="ef359e56-c16f-4df4-9e30-982dba9d734c" />
      <TestMethod codeBase="/home/jenkins/workspace/Release-IS-Powershell-Module/src/github.com/cisco-intersight/powershell-generator-intersight/generated/Intersight.PowerShell_1.0.11.2025062323/src/Intersight.PowerShellTest/bin/Debug/net8.0/Intersight.PowerShellTest.dll" adapterTypeName="executor://mstestadapter/v2" className="Intersight.PowerShellTest.PSUtilsTest" name="TestCompareListInt" />
    </UnitTest>
    <UnitTest name="TestCompareIntersightObjectNtpPolicy" storage="/home/jenkins/workspace/release-is-powershell-module/src/github.com/cisco-intersight/powershell-generator-intersight/generated/intersight.powershell_1.0.11.2025062323/src/intersight.powershelltest/bin/debug/net8.0/intersight.powershelltest.dll" id="bff6c437-3beb-39f9-80a5-87eccac911ed">
      <Execution id="10458989-34f2-4e9f-a9e7-e7f51dbcd900" />
      <TestMethod codeBase="/home/jenkins/workspace/Release-IS-Powershell-Module/src/github.com/cisco-intersight/powershell-generator-intersight/generated/Intersight.PowerShell_1.0.11.2025062323/src/Intersight.PowerShellTest/bin/Debug/net8.0/Intersight.PowerShellTest.dll" adapterTypeName="executor://mstestadapter/v2" className="Intersight.PowerShellTest.PSUtilsTest" name="TestCompareIntersightObjectNtpPolicy" />
    </UnitTest>
    <UnitTest name="TestCompareIntersightObjectOrganizationNegative" storage="/home/jenkins/workspace/release-is-powershell-module/src/github.com/cisco-intersight/powershell-generator-intersight/generated/intersight.powershell_1.0.11.2025062323/src/intersight.powershelltest/bin/debug/net8.0/intersight.powershelltest.dll" id="b3886f1e-26df-1da8-ce00-27028925c5ec">
      <Execution id="b2f0532a-fe0b-413d-bd3a-6618f8d74f82" />
      <TestMethod codeBase="/home/jenkins/workspace/Release-IS-Powershell-Module/src/github.com/cisco-intersight/powershell-generator-intersight/generated/Intersight.PowerShell_1.0.11.2025062323/src/Intersight.PowerShellTest/bin/Debug/net8.0/Intersight.PowerShellTest.dll" adapterTypeName="executor://mstestadapter/v2" className="Intersight.PowerShellTest.PSUtilsTest" name="TestCompareIntersightObjectOrganizationNegative" />
    </UnitTest>
    <UnitTest name="TestCompareListMoTag" storage="/home/jenkins/workspace/release-is-powershell-module/src/github.com/cisco-intersight/powershell-generator-intersight/generated/intersight.powershell_1.0.11.2025062323/src/intersight.powershelltest/bin/debug/net8.0/intersight.powershelltest.dll" id="aabf11cb-24b4-212d-0c32-fc3bcd8d8940">
      <Execution id="22015cf5-ac54-4b4f-93fa-d96b5f2c12d8" />
      <TestMethod codeBase="/home/jenkins/workspace/Release-IS-Powershell-Module/src/github.com/cisco-intersight/powershell-generator-intersight/generated/Intersight.PowerShell_1.0.11.2025062323/src/Intersight.PowerShellTest/bin/Debug/net8.0/Intersight.PowerShellTest.dll" adapterTypeName="executor://mstestadapter/v2" className="Intersight.PowerShellTest.PSUtilsTest" name="TestCompareListMoTag" />
    </UnitTest>
    <UnitTest name="TestCompareListForBootDeviceNegative2" storage="/home/jenkins/workspace/release-is-powershell-module/src/github.com/cisco-intersight/powershell-generator-intersight/generated/intersight.powershell_1.0.11.2025062323/src/intersight.powershelltest/bin/debug/net8.0/intersight.powershelltest.dll" id="af46402b-c5ea-bd3a-5e0c-2049af859c7d">
      <Execution id="71f43707-ca5b-4fbd-a313-1c2d970ac323" />
      <TestMethod codeBase="/home/jenkins/workspace/Release-IS-Powershell-Module/src/github.com/cisco-intersight/powershell-generator-intersight/generated/Intersight.PowerShell_1.0.11.2025062323/src/Intersight.PowerShellTest/bin/Debug/net8.0/Intersight.PowerShellTest.dll" adapterTypeName="executor://mstestadapter/v2" className="Intersight.PowerShellTest.PSUtilsTest" name="TestCompareListForBootDeviceNegative2" />
    </UnitTest>
    <UnitTest name="TestCompareListMoTagNegative" storage="/home/jenkins/workspace/release-is-powershell-module/src/github.com/cisco-intersight/powershell-generator-intersight/generated/intersight.powershell_1.0.11.2025062323/src/intersight.powershelltest/bin/debug/net8.0/intersight.powershelltest.dll" id="bf562289-5a4d-7a89-8d64-28cb5bf97a3c">
      <Execution id="98bbeb0f-d4e6-4e57-b8db-c2c09f602d98" />
      <TestMethod codeBase="/home/jenkins/workspace/Release-IS-Powershell-Module/src/github.com/cisco-intersight/powershell-generator-intersight/generated/Intersight.PowerShell_1.0.11.2025062323/src/Intersight.PowerShellTest/bin/Debug/net8.0/Intersight.PowerShellTest.dll" adapterTypeName="executor://mstestadapter/v2" className="Intersight.PowerShellTest.PSUtilsTest" name="TestCompareListMoTagNegative" />
    </UnitTest>
  </TestDefinitions>
  <TestEntries>
    <TestEntry testId="25efd544-f2d1-bce7-85cd-13c8daa9f9e0" executionId="57614322-abd1-492b-9636-d50269b0f0bb" testListId="8c84fa94-04c1-424b-9868-57a2d4851a1d" />
    <TestEntry testId="784db588-4279-ecee-6ebf-d593d81facb2" executionId="85083a0b-f772-4535-88dd-b557e0010f5d" testListId="8c84fa94-04c1-424b-9868-57a2d4851a1d" />
    <TestEntry testId="0c6cda6b-cbbb-2afd-190e-3a871772306f" executionId="bc1667c8-b391-4b54-a127-1bc9e8ab6bb2" testListId="8c84fa94-04c1-424b-9868-57a2d4851a1d" />
    <TestEntry testId="21d6bdd3-dab8-5932-c926-48f8362b179c" executionId="433f007c-0357-46d0-a458-e51ebe861b46" testListId="8c84fa94-04c1-424b-9868-57a2d4851a1d" />
    <TestEntry testId="e11b186c-5a67-a39b-7976-36ed1bbcd11a" executionId="69f26951-9116-4515-818d-504b25eca3eb" testListId="8c84fa94-04c1-424b-9868-57a2d4851a1d" />
    <TestEntry testId="b3886f1e-26df-1da8-ce00-27028925c5ec" executionId="b2f0532a-fe0b-413d-bd3a-6618f8d74f82" testListId="8c84fa94-04c1-424b-9868-57a2d4851a1d" />
    <TestEntry testId="b10c1996-ca07-2342-84f2-dbd5e05100b8" executionId="aad9f437-4618-4f94-8ef4-1c744146da35" testListId="8c84fa94-04c1-424b-9868-57a2d4851a1d" />
    <TestEntry testId="af46402b-c5ea-bd3a-5e0c-2049af859c7d" executionId="71f43707-ca5b-4fbd-a313-1c2d970ac323" testListId="8c84fa94-04c1-424b-9868-57a2d4851a1d" />
    <TestEntry testId="8258a73b-bc00-ed98-fa41-0b083d455901" executionId="87307cc3-64da-44ba-95f9-1b666f4d45c2" testListId="8c84fa94-04c1-424b-9868-57a2d4851a1d" />
    <TestEntry testId="88ea40e3-ec5b-43a5-c99a-e2b6678029d4" executionId="b349d2bb-1e40-4338-a5af-083ec2eeb0fe" testListId="8c84fa94-04c1-424b-9868-57a2d4851a1d" />
    <TestEntry testId="bff6c437-3beb-39f9-80a5-87eccac911ed" executionId="10458989-34f2-4e9f-a9e7-e7f51dbcd900" testListId="8c84fa94-04c1-424b-9868-57a2d4851a1d" />
    <TestEntry testId="aabf11cb-24b4-212d-0c32-fc3bcd8d8940" executionId="22015cf5-ac54-4b4f-93fa-d96b5f2c12d8" testListId="8c84fa94-04c1-424b-9868-57a2d4851a1d" />
    <TestEntry testId="a1b2ed2e-9057-ffb1-4686-d9af3d443417" executionId="ee9b727e-da6b-43eb-a603-7a482bb61a8f" testListId="8c84fa94-04c1-424b-9868-57a2d4851a1d" />
    <TestEntry testId="5a9cdfb0-8f5b-b57c-e6a8-b11d60be279d" executionId="2d55e226-30e1-49db-a956-e04fb05aa203" testListId="8c84fa94-04c1-424b-9868-57a2d4851a1d" />
    <TestEntry testId="bf562289-5a4d-7a89-8d64-28cb5bf97a3c" executionId="98bbeb0f-d4e6-4e57-b8db-c2c09f602d98" testListId="8c84fa94-04c1-424b-9868-57a2d4851a1d" />
    <TestEntry testId="29190111-74c5-b955-85d1-f6446d9f3326" executionId="17f23287-479e-400a-af25-c569df41d380" testListId="8c84fa94-04c1-424b-9868-57a2d4851a1d" />
    <TestEntry testId="67fe35a3-9c2f-b0bc-0bca-682f70341349" executionId="ffe1ed86-69e5-49e5-980b-0d26edab8c91" testListId="8c84fa94-04c1-424b-9868-57a2d4851a1d" />
    <TestEntry testId="af74a405-21fd-b582-370c-8a17fa063b8c" executionId="40625a27-d070-425d-88b9-21667d07c034" testListId="8c84fa94-04c1-424b-9868-57a2d4851a1d" />
    <TestEntry testId="f5172029-ac9e-c3e9-fbc4-3c68019ec0b7" executionId="e02e5076-7621-4fec-afec-0ffba021bb0a" testListId="8c84fa94-04c1-424b-9868-57a2d4851a1d" />
    <TestEntry testId="059965c2-36bd-5e5b-97dd-d4ab6d9c4fbe" executionId="4de2f3f0-266b-4ec8-ad39-a110b0fdf606" testListId="8c84fa94-04c1-424b-9868-57a2d4851a1d" />
    <TestEntry testId="1db52ae6-de71-4f43-9eeb-027f31c87948" executionId="ef359e56-c16f-4df4-9e30-982dba9d734c" testListId="8c84fa94-04c1-424b-9868-57a2d4851a1d" />
  </TestEntries>
  <TestLists>
    <TestList name="Results Not in a List" id="8c84fa94-04c1-424b-9868-57a2d4851a1d" />
    <TestList name="All Loaded Results" id="19431567-8539-422a-85d7-44ee4e166bda" />
  </TestLists>
  <ResultSummary outcome="Completed">
    <Counters total="21" executed="21" passed="21" failed="0" error="0" timeout="0" aborted="0" inconclusive="0" passedButRunAborted="0" notRunnable="0" notExecuted="0" disconnected="0" warning="0" completed="0" inProgress="0" pending="0" />
  </ResultSummary>
</TestRun>