<?xml version="1.0" encoding="utf-8"?>
<TestRun id="3b15bf6d-6f84-42c0-a213-a625565ac51a" name="@sam-tools01 2024-11-19 20:06:24" xmlns="http://microsoft.com/schemas/VisualStudio/TeamTest/2010">
  <Times creation="2024-11-19T20:06:24.0890896+05:30" queuing="2024-11-19T20:06:24.0890897+05:30" start="2024-11-19T20:06:21.8724422+05:30" finish="2024-11-19T20:06:24.2831206+05:30" />
  <TestSettings name="default" id="6f85bd1d-9ef0-4649-a68b-011547d76bdc">
    <Deployment runDeploymentRoot="_sam-tools01_2024-11-19_20_06_24" />
  </TestSettings>
  <Results>
    <UnitTestResult executionId="8899208d-1b13-4294-bfcd-4c09d87a2fcf" testId="e6f180d5-1494-438b-9b72-080577f3a30b" testName="TestCompareListMorefNegative" computerName="sam-tools01" duration="00:00:00.0006106" startTime="2024-11-19T20:06:23.9697316+05:30" endTime="2024-11-19T20:06:23.9705039+05:30" testType="13cdc9d9-ddb5-4fa4-a97d-d965ccfc6d4b" outcome="Passed" testListId="8c84fa94-04c1-424b-9868-57a2d4851a1d" relativeResultsDirectory="8899208d-1b13-4294-bfcd-4c09d87a2fcf" />
    <UnitTestResult executionId="774c367c-210f-4796-9d3f-8d8adfaa6e9b" testId="56476d47-8df4-49ce-9774-a0167bce811b" testName="TestCompareListBool" computerName="sam-tools01" duration="00:00:00.0043769" startTime="2024-11-19T20:06:23.8876568+05:30" endTime="2024-11-19T20:06:23.8922290+05:30" testType="13cdc9d9-ddb5-4fa4-a97d-d965ccfc6d4b" outcome="Passed" testListId="8c84fa94-04c1-424b-9868-57a2d4851a1d" relativeResultsDirectory="774c367c-210f-4796-9d3f-8d8adfaa6e9b" />
    <UnitTestResult executionId="235060dc-789a-4ceb-acbc-eed891eb18b3" testId="43eae062-a9f5-429a-81ce-93f75f21c206" testName="TestCompareListMoTag" computerName="sam-tools01" duration="00:00:00.0014771" startTime="2024-11-19T20:06:23.9780316+05:30" endTime="2024-11-19T20:06:23.9796544+05:30" testType="13cdc9d9-ddb5-4fa4-a97d-d965ccfc6d4b" outcome="Passed" testListId="8c84fa94-04c1-424b-9868-57a2d4851a1d" relativeResultsDirectory="235060dc-789a-4ceb-acbc-eed891eb18b3" />
    <UnitTestResult executionId="98742109-9085-49a6-9d62-f07e5bdeceb0" testId="c4b920bd-9690-4c81-bc6c-cb4790048ee4" testName="TestCompareDictionary" computerName="sam-tools01" duration="00:00:00.0019120" startTime="2024-11-19T20:06:23.9843471+05:30" endTime="2024-11-19T20:06:23.9864353+05:30" testType="13cdc9d9-ddb5-4fa4-a97d-d965ccfc6d4b" outcome="Passed" testListId="8c84fa94-04c1-424b-9868-57a2d4851a1d" relativeResultsDirectory="98742109-9085-49a6-9d62-f07e5bdeceb0" />
    <UnitTestResult executionId="f7990b2d-e082-45e8-bf4f-883a5bcedede" testId="a09644af-b91f-468c-b96e-d04699741843" testName="TestCompareListForBootDevice" computerName="sam-tools01" duration="00:00:00.0037338" startTime="2024-11-19T20:06:23.9705508+05:30" endTime="2024-11-19T20:06:23.9744234+05:30" testType="13cdc9d9-ddb5-4fa4-a97d-d965ccfc6d4b" outcome="Passed" testListId="8c84fa94-04c1-424b-9868-57a2d4851a1d" relativeResultsDirectory="f7990b2d-e082-45e8-bf4f-883a5bcedede" />
    <UnitTestResult executionId="7381c1e9-2c55-4497-b9e3-f1435058d2b7" testId="790e63e0-8cfe-41d6-8c80-3124006f0d01" testName="TestCompareListIntNegative" computerName="sam-tools01" duration="00:00:00.0003573" startTime="2024-11-19T20:06:23.8870949+05:30" endTime="2024-11-19T20:06:23.8876056+05:30" testType="13cdc9d9-ddb5-4fa4-a97d-d965ccfc6d4b" outcome="Passed" testListId="8c84fa94-04c1-424b-9868-57a2d4851a1d" relativeResultsDirectory="7381c1e9-2c55-4497-b9e3-f1435058d2b7" />
    <UnitTestResult executionId="4f227db2-b259-4956-b6f8-edbb0a068d47" testId="ed133895-1109-479d-96fb-2d7574afbc51" testName="TestCompareListForBootDeviceNegative" computerName="sam-tools01" duration="00:00:00.0023278" startTime="2024-11-19T20:06:23.9744751+05:30" endTime="2024-11-19T20:06:23.9769445+05:30" testType="13cdc9d9-ddb5-4fa4-a97d-d965ccfc6d4b" outcome="Passed" testListId="8c84fa94-04c1-424b-9868-57a2d4851a1d" relativeResultsDirectory="4f227db2-b259-4956-b6f8-edbb0a068d47" />
    <UnitTestResult executionId="1f9f9489-87c5-4cec-8bb6-f15681d0f245" testId="72fa6a68-be26-4a6b-b1fa-3884e53101de" testName="TestCompareIntersightObjectNtpPolicyNegative" computerName="sam-tools01" duration="00:00:00.0009479" startTime="2024-11-19T20:06:23.5588616+05:30" endTime="2024-11-19T20:06:23.5601158+05:30" testType="13cdc9d9-ddb5-4fa4-a97d-d965ccfc6d4b" outcome="Passed" testListId="8c84fa94-04c1-424b-9868-57a2d4851a1d" relativeResultsDirectory="1f9f9489-87c5-4cec-8bb6-f15681d0f245" />
    <UnitTestResult executionId="d986cfbb-8ad9-48a4-a9d7-63466ebcc08e" testId="6ca1eb57-3fc7-4754-b3a6-79c973b4d1af" testName="TestCompareListMoref" computerName="sam-tools01" duration="00:00:00.0031383" startTime="2024-11-19T20:06:23.9664058+05:30" endTime="2024-11-19T20:06:23.9696830+05:30" testType="13cdc9d9-ddb5-4fa4-a97d-d965ccfc6d4b" outcome="Passed" testListId="8c84fa94-04c1-424b-9868-57a2d4851a1d" relativeResultsDirectory="d986cfbb-8ad9-48a4-a9d7-63466ebcc08e" />
    <UnitTestResult executionId="6cbb7d2d-face-493d-acbf-820cb7c2aa0b" testId="369691c5-9bc9-4243-b816-2a8a68708012" testName="TestCompareListStringNegative" computerName="sam-tools01" duration="00:00:00.0003353" startTime="2024-11-19T20:06:23.9658448+05:30" endTime="2024-11-19T20:06:23.9663297+05:30" testType="13cdc9d9-ddb5-4fa4-a97d-d965ccfc6d4b" outcome="Passed" testListId="8c84fa94-04c1-424b-9868-57a2d4851a1d" relativeResultsDirectory="6cbb7d2d-face-493d-acbf-820cb7c2aa0b" />
    <UnitTestResult executionId="5a3f3852-fae4-4220-a258-688c45499f84" testId="d68b3685-d7c8-49e3-a36c-c1be6be4f1d4" testName="TestCompareListInt" computerName="sam-tools01" duration="00:00:00.0065848" startTime="2024-11-19T20:06:23.8802911+05:30" endTime="2024-11-19T20:06:23.8870424+05:30" testType="13cdc9d9-ddb5-4fa4-a97d-d965ccfc6d4b" outcome="Passed" testListId="8c84fa94-04c1-424b-9868-57a2d4851a1d" relativeResultsDirectory="5a3f3852-fae4-4220-a258-688c45499f84" />
    <UnitTestResult executionId="d844a852-5373-499a-9ce8-c6174e7a506f" testId="e426d531-6634-4725-b625-a21fab10dc0e" testName="TestCompareListString" computerName="sam-tools01" duration="00:00:00.0016748" startTime="2024-11-19T20:06:23.9639210+05:30" endTime="2024-11-19T20:06:23.9657877+05:30" testType="13cdc9d9-ddb5-4fa4-a97d-d965ccfc6d4b" outcome="Passed" testListId="8c84fa94-04c1-424b-9868-57a2d4851a1d" relativeResultsDirectory="d844a852-5373-499a-9ce8-c6174e7a506f" />
    <UnitTestResult executionId="a550d032-fe33-4115-aa51-4d71c483e615" testId="fa4aae25-6b4e-4ad9-80a4-e26498b26293" testName="TestCompareDictionaryComplexObject" computerName="sam-tools01" duration="00:00:00.1725191" startTime="2024-11-19T20:06:23.9870800+05:30" endTime="2024-11-19T20:06:24.1602182+05:30" testType="13cdc9d9-ddb5-4fa4-a97d-d965ccfc6d4b" outcome="Passed" testListId="8c84fa94-04c1-424b-9868-57a2d4851a1d" relativeResultsDirectory="a550d032-fe33-4115-aa51-4d71c483e615" />
    <UnitTestResult executionId="d7b3568a-66f8-4248-aac3-50a024257eae" testId="49a67497-b482-420d-bc9e-356e40ec3a31" testName="TestCompareIntersightObjectOrganizationNegative" computerName="sam-tools01" duration="00:00:00.0004949" startTime="2024-11-19T20:06:23.6000832+05:30" endTime="2024-11-19T20:06:23.6010165+05:30" testType="13cdc9d9-ddb5-4fa4-a97d-d965ccfc6d4b" outcome="Passed" testListId="8c84fa94-04c1-424b-9868-57a2d4851a1d" relativeResultsDirectory="d7b3568a-66f8-4248-aac3-50a024257eae" />
    <UnitTestResult executionId="84304c50-bac7-46e0-bdd9-c387ccd81e07" testId="6695bff2-3403-44aa-a465-960e712ca3a3" testName="TestCompareListMoTagNegative" computerName="sam-tools01" duration="00:00:00.0005048" startTime="2024-11-19T20:06:23.9797021+05:30" endTime="2024-11-19T20:06:23.9803610+05:30" testType="13cdc9d9-ddb5-4fa4-a97d-d965ccfc6d4b" outcome="Passed" testListId="8c84fa94-04c1-424b-9868-57a2d4851a1d" relativeResultsDirectory="84304c50-bac7-46e0-bdd9-c387ccd81e07" />
    <UnitTestResult executionId="4e018db1-1108-4fad-b790-ad33bc59e125" testId="c252275a-5997-45ab-be4f-0482077eda8e" testName="TestCompareDictionaryNegative" computerName="sam-tools01" duration="00:00:00.0003850" startTime="2024-11-19T20:06:23.9864909+05:30" endTime="2024-11-19T20:06:23.9870309+05:30" testType="13cdc9d9-ddb5-4fa4-a97d-d965ccfc6d4b" outcome="Passed" testListId="8c84fa94-04c1-424b-9868-57a2d4851a1d" relativeResultsDirectory="4e018db1-1108-4fad-b790-ad33bc59e125" />
    <UnitTestResult executionId="6e135924-c8cf-43eb-9216-2a1b838adc60" testId="bb1743fc-b0b9-4431-ba47-c0ea111ff6f1" testName="TestCompareIntersightObjectNtpPolicy" computerName="sam-tools01" duration="00:00:00.4473654" startTime="2024-11-19T20:06:23.0621789+05:30" endTime="2024-11-19T20:06:23.5419519+05:30" testType="13cdc9d9-ddb5-4fa4-a97d-d965ccfc6d4b" outcome="Passed" testListId="8c84fa94-04c1-424b-9868-57a2d4851a1d" relativeResultsDirectory="6e135924-c8cf-43eb-9216-2a1b838adc60" />
    <UnitTestResult executionId="093950e0-326c-4316-80b4-c3bb0f60acbd" testId="93bf09c9-c742-48f5-8b08-8c5fe1b6bb81" testName="TestCompareIntersightObjectOrganization" computerName="sam-tools01" duration="00:00:00.0392118" startTime="2024-11-19T20:06:23.5602436+05:30" endTime="2024-11-19T20:06:23.5997820+05:30" testType="13cdc9d9-ddb5-4fa4-a97d-d965ccfc6d4b" outcome="Passed" testListId="8c84fa94-04c1-424b-9868-57a2d4851a1d" relativeResultsDirectory="093950e0-326c-4316-80b4-c3bb0f60acbd" />
    <UnitTestResult executionId="09b33144-7cfd-4ea2-8729-dd2c25f1838b" testId="a5a48772-f373-4124-98ad-f1f8cdd659d0" testName="TestCompareListForBootDeviceNegative2" computerName="sam-tools01" duration="00:00:00.0007975" startTime="2024-11-19T20:06:23.9770043+05:30" endTime="2024-11-19T20:06:23.9779836+05:30" testType="13cdc9d9-ddb5-4fa4-a97d-d965ccfc6d4b" outcome="Passed" testListId="8c84fa94-04c1-424b-9868-57a2d4851a1d" relativeResultsDirectory="09b33144-7cfd-4ea2-8729-dd2c25f1838b" />
    <UnitTestResult executionId="1b392baa-f96e-432e-96d0-67885fe7702b" testId="2f64b63c-f7f9-4a35-9566-fb683efcfb3c" testName="TestCompareIntersightObjectBootPrecisionPolicy" computerName="sam-tools01" duration="00:00:00.2535695" startTime="2024-11-19T20:06:23.6010861+05:30" endTime="2024-11-19T20:06:23.8548731+05:30" testType="13cdc9d9-ddb5-4fa4-a97d-d965ccfc6d4b" outcome="Passed" testListId="8c84fa94-04c1-424b-9868-57a2d4851a1d" relativeResultsDirectory="1b392baa-f96e-432e-96d0-67885fe7702b" />
    <UnitTestResult executionId="d860d127-8403-4b4f-a99f-4224e08522a9" testId="d750ca63-6937-4631-9cb9-778004e9bdbe" testName="TestCompareIntersightObjectBootPrecisionPolicyNegative" computerName="sam-tools01" duration="00:00:00.0250318" startTime="2024-11-19T20:06:23.8549717+05:30" endTime="2024-11-19T20:06:23.8802280+05:30" testType="13cdc9d9-ddb5-4fa4-a97d-d965ccfc6d4b" outcome="Passed" testListId="8c84fa94-04c1-424b-9868-57a2d4851a1d" relativeResultsDirectory="d860d127-8403-4b4f-a99f-4224e08522a9" />
  </Results>
  <TestDefinitions>
    <UnitTest name="TestCompareDictionary" storage="/home/jenkins/workspace/release-is-powershell-module/src/github.com/cisco-intersight/powershell-generator-intersight/generated/intersight.powershell_1.0.11.2024101709/src/intersight.powershelltest/bin/debug/net6.0/intersight.powershelltest.dll" id="c4b920bd-9690-4c81-bc6c-cb4790048ee4">
      <Execution id="98742109-9085-49a6-9d62-f07e5bdeceb0" />
      <TestMethod codeBase="/home/jenkins/workspace/Release-IS-Powershell-Module/src/github.com/cisco-intersight/powershell-generator-intersight/generated/Intersight.PowerShell_1.0.11.2024101709/src/Intersight.PowerShellTest/bin/Debug/net6.0/Intersight.PowerShellTest.dll" adapterTypeName="executor://mstestadapter/v2" className="Intersight.PowerShellTest.PSUtilsTest" name="TestCompareDictionary" />
    </UnitTest>
    <UnitTest name="TestCompareDictionaryNegative" storage="/home/jenkins/workspace/release-is-powershell-module/src/github.com/cisco-intersight/powershell-generator-intersight/generated/intersight.powershell_1.0.11.2024101709/src/intersight.powershelltest/bin/debug/net6.0/intersight.powershelltest.dll" id="c252275a-5997-45ab-be4f-0482077eda8e">
      <Execution id="4e018db1-1108-4fad-b790-ad33bc59e125" />
      <TestMethod codeBase="/home/jenkins/workspace/Release-IS-Powershell-Module/src/github.com/cisco-intersight/powershell-generator-intersight/generated/Intersight.PowerShell_1.0.11.2024101709/src/Intersight.PowerShellTest/bin/Debug/net6.0/Intersight.PowerShellTest.dll" adapterTypeName="executor://mstestadapter/v2" className="Intersight.PowerShellTest.PSUtilsTest" name="TestCompareDictionaryNegative" />
    </UnitTest>
    <UnitTest name="TestCompareListForBootDeviceNegative2" storage="/home/jenkins/workspace/release-is-powershell-module/src/github.com/cisco-intersight/powershell-generator-intersight/generated/intersight.powershell_1.0.11.2024101709/src/intersight.powershelltest/bin/debug/net6.0/intersight.powershelltest.dll" id="a5a48772-f373-4124-98ad-f1f8cdd659d0">
      <Execution id="09b33144-7cfd-4ea2-8729-dd2c25f1838b" />
      <TestMethod codeBase="/home/jenkins/workspace/Release-IS-Powershell-Module/src/github.com/cisco-intersight/powershell-generator-intersight/generated/Intersight.PowerShell_1.0.11.2024101709/src/Intersight.PowerShellTest/bin/Debug/net6.0/Intersight.PowerShellTest.dll" adapterTypeName="executor://mstestadapter/v2" className="Intersight.PowerShellTest.PSUtilsTest" name="TestCompareListForBootDeviceNegative2" />
    </UnitTest>
    <UnitTest name="TestCompareListString" storage="/home/jenkins/workspace/release-is-powershell-module/src/github.com/cisco-intersight/powershell-generator-intersight/generated/intersight.powershell_1.0.11.2024101709/src/intersight.powershelltest/bin/debug/net6.0/intersight.powershelltest.dll" id="e426d531-6634-4725-b625-a21fab10dc0e">
      <Execution id="d844a852-5373-499a-9ce8-c6174e7a506f" />
      <TestMethod codeBase="/home/jenkins/workspace/Release-IS-Powershell-Module/src/github.com/cisco-intersight/powershell-generator-intersight/generated/Intersight.PowerShell_1.0.11.2024101709/src/Intersight.PowerShellTest/bin/Debug/net6.0/Intersight.PowerShellTest.dll" adapterTypeName="executor://mstestadapter/v2" className="Intersight.PowerShellTest.PSUtilsTest" name="TestCompareListString" />
    </UnitTest>
    <UnitTest name="TestCompareListMorefNegative" storage="/home/jenkins/workspace/release-is-powershell-module/src/github.com/cisco-intersight/powershell-generator-intersight/generated/intersight.powershell_1.0.11.2024101709/src/intersight.powershelltest/bin/debug/net6.0/intersight.powershelltest.dll" id="e6f180d5-1494-438b-9b72-080577f3a30b">
      <Execution id="8899208d-1b13-4294-bfcd-4c09d87a2fcf" />
      <TestMethod codeBase="/home/jenkins/workspace/Release-IS-Powershell-Module/src/github.com/cisco-intersight/powershell-generator-intersight/generated/Intersight.PowerShell_1.0.11.2024101709/src/Intersight.PowerShellTest/bin/Debug/net6.0/Intersight.PowerShellTest.dll" adapterTypeName="executor://mstestadapter/v2" className="Intersight.PowerShellTest.PSUtilsTest" name="TestCompareListMorefNegative" />
    </UnitTest>
    <UnitTest name="TestCompareIntersightObjectNtpPolicy" storage="/home/jenkins/workspace/release-is-powershell-module/src/github.com/cisco-intersight/powershell-generator-intersight/generated/intersight.powershell_1.0.11.2024101709/src/intersight.powershelltest/bin/debug/net6.0/intersight.powershelltest.dll" id="bb1743fc-b0b9-4431-ba47-c0ea111ff6f1">
      <Execution id="6e135924-c8cf-43eb-9216-2a1b838adc60" />
      <TestMethod codeBase="/home/jenkins/workspace/Release-IS-Powershell-Module/src/github.com/cisco-intersight/powershell-generator-intersight/generated/Intersight.PowerShell_1.0.11.2024101709/src/Intersight.PowerShellTest/bin/Debug/net6.0/Intersight.PowerShellTest.dll" adapterTypeName="executor://mstestadapter/v2" className="Intersight.PowerShellTest.PSUtilsTest" name="TestCompareIntersightObjectNtpPolicy" />
    </UnitTest>
    <UnitTest name="TestCompareListMoref" storage="/home/jenkins/workspace/release-is-powershell-module/src/github.com/cisco-intersight/powershell-generator-intersight/generated/intersight.powershell_1.0.11.2024101709/src/intersight.powershelltest/bin/debug/net6.0/intersight.powershelltest.dll" id="6ca1eb57-3fc7-4754-b3a6-79c973b4d1af">
      <Execution id="d986cfbb-8ad9-48a4-a9d7-63466ebcc08e" />
      <TestMethod codeBase="/home/jenkins/workspace/Release-IS-Powershell-Module/src/github.com/cisco-intersight/powershell-generator-intersight/generated/Intersight.PowerShell_1.0.11.2024101709/src/Intersight.PowerShellTest/bin/Debug/net6.0/Intersight.PowerShellTest.dll" adapterTypeName="executor://mstestadapter/v2" className="Intersight.PowerShellTest.PSUtilsTest" name="TestCompareListMoref" />
    </UnitTest>
    <UnitTest name="TestCompareIntersightObjectOrganization" storage="/home/jenkins/workspace/release-is-powershell-module/src/github.com/cisco-intersight/powershell-generator-intersight/generated/intersight.powershell_1.0.11.2024101709/src/intersight.powershelltest/bin/debug/net6.0/intersight.powershelltest.dll" id="93bf09c9-c742-48f5-8b08-8c5fe1b6bb81">
      <Execution id="093950e0-326c-4316-80b4-c3bb0f60acbd" />
      <TestMethod codeBase="/home/jenkins/workspace/Release-IS-Powershell-Module/src/github.com/cisco-intersight/powershell-generator-intersight/generated/Intersight.PowerShell_1.0.11.2024101709/src/Intersight.PowerShellTest/bin/Debug/net6.0/Intersight.PowerShellTest.dll" adapterTypeName="executor://mstestadapter/v2" className="Intersight.PowerShellTest.PSUtilsTest" name="TestCompareIntersightObjectOrganization" />
    </UnitTest>
    <UnitTest name="TestCompareListMoTagNegative" storage="/home/jenkins/workspace/release-is-powershell-module/src/github.com/cisco-intersight/powershell-generator-intersight/generated/intersight.powershell_1.0.11.2024101709/src/intersight.powershelltest/bin/debug/net6.0/intersight.powershelltest.dll" id="6695bff2-3403-44aa-a465-960e712ca3a3">
      <Execution id="84304c50-bac7-46e0-bdd9-c387ccd81e07" />
      <TestMethod codeBase="/home/jenkins/workspace/Release-IS-Powershell-Module/src/github.com/cisco-intersight/powershell-generator-intersight/generated/Intersight.PowerShell_1.0.11.2024101709/src/Intersight.PowerShellTest/bin/Debug/net6.0/Intersight.PowerShellTest.dll" adapterTypeName="executor://mstestadapter/v2" className="Intersight.PowerShellTest.PSUtilsTest" name="TestCompareListMoTagNegative" />
    </UnitTest>
    <UnitTest name="TestCompareIntersightObjectNtpPolicyNegative" storage="/home/jenkins/workspace/release-is-powershell-module/src/github.com/cisco-intersight/powershell-generator-intersight/generated/intersight.powershell_1.0.11.2024101709/src/intersight.powershelltest/bin/debug/net6.0/intersight.powershelltest.dll" id="72fa6a68-be26-4a6b-b1fa-3884e53101de">
      <Execution id="1f9f9489-87c5-4cec-8bb6-f15681d0f245" />
      <TestMethod codeBase="/home/jenkins/workspace/Release-IS-Powershell-Module/src/github.com/cisco-intersight/powershell-generator-intersight/generated/Intersight.PowerShell_1.0.11.2024101709/src/Intersight.PowerShellTest/bin/Debug/net6.0/Intersight.PowerShellTest.dll" adapterTypeName="executor://mstestadapter/v2" className="Intersight.PowerShellTest.PSUtilsTest" name="TestCompareIntersightObjectNtpPolicyNegative" />
    </UnitTest>
    <UnitTest name="TestCompareListStringNegative" storage="/home/jenkins/workspace/release-is-powershell-module/src/github.com/cisco-intersight/powershell-generator-intersight/generated/intersight.powershell_1.0.11.2024101709/src/intersight.powershelltest/bin/debug/net6.0/intersight.powershelltest.dll" id="369691c5-9bc9-4243-b816-2a8a68708012">
      <Execution id="6cbb7d2d-face-493d-acbf-820cb7c2aa0b" />
      <TestMethod codeBase="/home/jenkins/workspace/Release-IS-Powershell-Module/src/github.com/cisco-intersight/powershell-generator-intersight/generated/Intersight.PowerShell_1.0.11.2024101709/src/Intersight.PowerShellTest/bin/Debug/net6.0/Intersight.PowerShellTest.dll" adapterTypeName="executor://mstestadapter/v2" className="Intersight.PowerShellTest.PSUtilsTest" name="TestCompareListStringNegative" />
    </UnitTest>
    <UnitTest name="TestCompareIntersightObjectBootPrecisionPolicyNegative" storage="/home/jenkins/workspace/release-is-powershell-module/src/github.com/cisco-intersight/powershell-generator-intersight/generated/intersight.powershell_1.0.11.2024101709/src/intersight.powershelltest/bin/debug/net6.0/intersight.powershelltest.dll" id="d750ca63-6937-4631-9cb9-778004e9bdbe">
      <Execution id="d860d127-8403-4b4f-a99f-4224e08522a9" />
      <TestMethod codeBase="/home/jenkins/workspace/Release-IS-Powershell-Module/src/github.com/cisco-intersight/powershell-generator-intersight/generated/Intersight.PowerShell_1.0.11.2024101709/src/Intersight.PowerShellTest/bin/Debug/net6.0/Intersight.PowerShellTest.dll" adapterTypeName="executor://mstestadapter/v2" className="Intersight.PowerShellTest.PSUtilsTest" name="TestCompareIntersightObjectBootPrecisionPolicyNegative" />
    </UnitTest>
    <UnitTest name="TestCompareIntersightObjectBootPrecisionPolicy" storage="/home/jenkins/workspace/release-is-powershell-module/src/github.com/cisco-intersight/powershell-generator-intersight/generated/intersight.powershell_1.0.11.2024101709/src/intersight.powershelltest/bin/debug/net6.0/intersight.powershelltest.dll" id="2f64b63c-f7f9-4a35-9566-fb683efcfb3c">
      <Execution id="1b392baa-f96e-432e-96d0-67885fe7702b" />
      <TestMethod codeBase="/home/jenkins/workspace/Release-IS-Powershell-Module/src/github.com/cisco-intersight/powershell-generator-intersight/generated/Intersight.PowerShell_1.0.11.2024101709/src/Intersight.PowerShellTest/bin/Debug/net6.0/Intersight.PowerShellTest.dll" adapterTypeName="executor://mstestadapter/v2" className="Intersight.PowerShellTest.PSUtilsTest" name="TestCompareIntersightObjectBootPrecisionPolicy" />
    </UnitTest>
    <UnitTest name="TestCompareListForBootDevice" storage="/home/jenkins/workspace/release-is-powershell-module/src/github.com/cisco-intersight/powershell-generator-intersight/generated/intersight.powershell_1.0.11.2024101709/src/intersight.powershelltest/bin/debug/net6.0/intersight.powershelltest.dll" id="a09644af-b91f-468c-b96e-d04699741843">
      <Execution id="f7990b2d-e082-45e8-bf4f-883a5bcedede" />
      <TestMethod codeBase="/home/jenkins/workspace/Release-IS-Powershell-Module/src/github.com/cisco-intersight/powershell-generator-intersight/generated/Intersight.PowerShell_1.0.11.2024101709/src/Intersight.PowerShellTest/bin/Debug/net6.0/Intersight.PowerShellTest.dll" adapterTypeName="executor://mstestadapter/v2" className="Intersight.PowerShellTest.PSUtilsTest" name="TestCompareListForBootDevice" />
    </UnitTest>
    <UnitTest name="TestCompareListIntNegative" storage="/home/jenkins/workspace/release-is-powershell-module/src/github.com/cisco-intersight/powershell-generator-intersight/generated/intersight.powershell_1.0.11.2024101709/src/intersight.powershelltest/bin/debug/net6.0/intersight.powershelltest.dll" id="790e63e0-8cfe-41d6-8c80-3124006f0d01">
      <Execution id="7381c1e9-2c55-4497-b9e3-f1435058d2b7" />
      <TestMethod codeBase="/home/jenkins/workspace/Release-IS-Powershell-Module/src/github.com/cisco-intersight/powershell-generator-intersight/generated/Intersight.PowerShell_1.0.11.2024101709/src/Intersight.PowerShellTest/bin/Debug/net6.0/Intersight.PowerShellTest.dll" adapterTypeName="executor://mstestadapter/v2" className="Intersight.PowerShellTest.PSUtilsTest" name="TestCompareListIntNegative" />
    </UnitTest>
    <UnitTest name="TestCompareDictionaryComplexObject" storage="/home/jenkins/workspace/release-is-powershell-module/src/github.com/cisco-intersight/powershell-generator-intersight/generated/intersight.powershell_1.0.11.2024101709/src/intersight.powershelltest/bin/debug/net6.0/intersight.powershelltest.dll" id="fa4aae25-6b4e-4ad9-80a4-e26498b26293">
      <Execution id="a550d032-fe33-4115-aa51-4d71c483e615" />
      <TestMethod codeBase="/home/jenkins/workspace/Release-IS-Powershell-Module/src/github.com/cisco-intersight/powershell-generator-intersight/generated/Intersight.PowerShell_1.0.11.2024101709/src/Intersight.PowerShellTest/bin/Debug/net6.0/Intersight.PowerShellTest.dll" adapterTypeName="executor://mstestadapter/v2" className="Intersight.PowerShellTest.PSUtilsTest" name="TestCompareDictionaryComplexObject" />
    </UnitTest>
    <UnitTest name="TestCompareListInt" storage="/home/jenkins/workspace/release-is-powershell-module/src/github.com/cisco-intersight/powershell-generator-intersight/generated/intersight.powershell_1.0.11.2024101709/src/intersight.powershelltest/bin/debug/net6.0/intersight.powershelltest.dll" id="d68b3685-d7c8-49e3-a36c-c1be6be4f1d4">
      <Execution id="5a3f3852-fae4-4220-a258-688c45499f84" />
      <TestMethod codeBase="/home/jenkins/workspace/Release-IS-Powershell-Module/src/github.com/cisco-intersight/powershell-generator-intersight/generated/Intersight.PowerShell_1.0.11.2024101709/src/Intersight.PowerShellTest/bin/Debug/net6.0/Intersight.PowerShellTest.dll" adapterTypeName="executor://mstestadapter/v2" className="Intersight.PowerShellTest.PSUtilsTest" name="TestCompareListInt" />
    </UnitTest>
    <UnitTest name="TestCompareListMoTag" storage="/home/jenkins/workspace/release-is-powershell-module/src/github.com/cisco-intersight/powershell-generator-intersight/generated/intersight.powershell_1.0.11.2024101709/src/intersight.powershelltest/bin/debug/net6.0/intersight.powershelltest.dll" id="43eae062-a9f5-429a-81ce-93f75f21c206">
      <Execution id="235060dc-789a-4ceb-acbc-eed891eb18b3" />
      <TestMethod codeBase="/home/jenkins/workspace/Release-IS-Powershell-Module/src/github.com/cisco-intersight/powershell-generator-intersight/generated/Intersight.PowerShell_1.0.11.2024101709/src/Intersight.PowerShellTest/bin/Debug/net6.0/Intersight.PowerShellTest.dll" adapterTypeName="executor://mstestadapter/v2" className="Intersight.PowerShellTest.PSUtilsTest" name="TestCompareListMoTag" />
    </UnitTest>
    <UnitTest name="TestCompareIntersightObjectOrganizationNegative" storage="/home/jenkins/workspace/release-is-powershell-module/src/github.com/cisco-intersight/powershell-generator-intersight/generated/intersight.powershell_1.0.11.2024101709/src/intersight.powershelltest/bin/debug/net6.0/intersight.powershelltest.dll" id="49a67497-b482-420d-bc9e-356e40ec3a31">
      <Execution id="d7b3568a-66f8-4248-aac3-50a024257eae" />
      <TestMethod codeBase="/home/jenkins/workspace/Release-IS-Powershell-Module/src/github.com/cisco-intersight/powershell-generator-intersight/generated/Intersight.PowerShell_1.0.11.2024101709/src/Intersight.PowerShellTest/bin/Debug/net6.0/Intersight.PowerShellTest.dll" adapterTypeName="executor://mstestadapter/v2" className="Intersight.PowerShellTest.PSUtilsTest" name="TestCompareIntersightObjectOrganizationNegative" />
    </UnitTest>
    <UnitTest name="TestCompareListForBootDeviceNegative" storage="/home/jenkins/workspace/release-is-powershell-module/src/github.com/cisco-intersight/powershell-generator-intersight/generated/intersight.powershell_1.0.11.2024101709/src/intersight.powershelltest/bin/debug/net6.0/intersight.powershelltest.dll" id="ed133895-1109-479d-96fb-2d7574afbc51">
      <Execution id="4f227db2-b259-4956-b6f8-edbb0a068d47" />
      <TestMethod codeBase="/home/jenkins/workspace/Release-IS-Powershell-Module/src/github.com/cisco-intersight/powershell-generator-intersight/generated/Intersight.PowerShell_1.0.11.2024101709/src/Intersight.PowerShellTest/bin/Debug/net6.0/Intersight.PowerShellTest.dll" adapterTypeName="executor://mstestadapter/v2" className="Intersight.PowerShellTest.PSUtilsTest" name="TestCompareListForBootDeviceNegative" />
    </UnitTest>
    <UnitTest name="TestCompareListBool" storage="/home/jenkins/workspace/release-is-powershell-module/src/github.com/cisco-intersight/powershell-generator-intersight/generated/intersight.powershell_1.0.11.2024101709/src/intersight.powershelltest/bin/debug/net6.0/intersight.powershelltest.dll" id="56476d47-8df4-49ce-9774-a0167bce811b">
      <Execution id="774c367c-210f-4796-9d3f-8d8adfaa6e9b" />
      <TestMethod codeBase="/home/jenkins/workspace/Release-IS-Powershell-Module/src/github.com/cisco-intersight/powershell-generator-intersight/generated/Intersight.PowerShell_1.0.11.2024101709/src/Intersight.PowerShellTest/bin/Debug/net6.0/Intersight.PowerShellTest.dll" adapterTypeName="executor://mstestadapter/v2" className="Intersight.PowerShellTest.PSUtilsTest" name="TestCompareListBool" />
    </UnitTest>
  </TestDefinitions>
  <TestEntries>
    <TestEntry testId="e6f180d5-1494-438b-9b72-080577f3a30b" executionId="8899208d-1b13-4294-bfcd-4c09d87a2fcf" testListId="8c84fa94-04c1-424b-9868-57a2d4851a1d" />
    <TestEntry testId="56476d47-8df4-49ce-9774-a0167bce811b" executionId="774c367c-210f-4796-9d3f-8d8adfaa6e9b" testListId="8c84fa94-04c1-424b-9868-57a2d4851a1d" />
    <TestEntry testId="43eae062-a9f5-429a-81ce-93f75f21c206" executionId="235060dc-789a-4ceb-acbc-eed891eb18b3" testListId="8c84fa94-04c1-424b-9868-57a2d4851a1d" />
    <TestEntry testId="c4b920bd-9690-4c81-bc6c-cb4790048ee4" executionId="98742109-9085-49a6-9d62-f07e5bdeceb0" testListId="8c84fa94-04c1-424b-9868-57a2d4851a1d" />
    <TestEntry testId="a09644af-b91f-468c-b96e-d04699741843" executionId="f7990b2d-e082-45e8-bf4f-883a5bcedede" testListId="8c84fa94-04c1-424b-9868-57a2d4851a1d" />
    <TestEntry testId="790e63e0-8cfe-41d6-8c80-3124006f0d01" executionId="7381c1e9-2c55-4497-b9e3-f1435058d2b7" testListId="8c84fa94-04c1-424b-9868-57a2d4851a1d" />
    <TestEntry testId="ed133895-1109-479d-96fb-2d7574afbc51" executionId="4f227db2-b259-4956-b6f8-edbb0a068d47" testListId="8c84fa94-04c1-424b-9868-57a2d4851a1d" />
    <TestEntry testId="72fa6a68-be26-4a6b-b1fa-3884e53101de" executionId="1f9f9489-87c5-4cec-8bb6-f15681d0f245" testListId="8c84fa94-04c1-424b-9868-57a2d4851a1d" />
    <TestEntry testId="6ca1eb57-3fc7-4754-b3a6-79c973b4d1af" executionId="d986cfbb-8ad9-48a4-a9d7-63466ebcc08e" testListId="8c84fa94-04c1-424b-9868-57a2d4851a1d" />
    <TestEntry testId="369691c5-9bc9-4243-b816-2a8a68708012" executionId="6cbb7d2d-face-493d-acbf-820cb7c2aa0b" testListId="8c84fa94-04c1-424b-9868-57a2d4851a1d" />
    <TestEntry testId="d68b3685-d7c8-49e3-a36c-c1be6be4f1d4" executionId="5a3f3852-fae4-4220-a258-688c45499f84" testListId="8c84fa94-04c1-424b-9868-57a2d4851a1d" />
    <TestEntry testId="e426d531-6634-4725-b625-a21fab10dc0e" executionId="d844a852-5373-499a-9ce8-c6174e7a506f" testListId="8c84fa94-04c1-424b-9868-57a2d4851a1d" />
    <TestEntry testId="fa4aae25-6b4e-4ad9-80a4-e26498b26293" executionId="a550d032-fe33-4115-aa51-4d71c483e615" testListId="8c84fa94-04c1-424b-9868-57a2d4851a1d" />
    <TestEntry testId="49a67497-b482-420d-bc9e-356e40ec3a31" executionId="d7b3568a-66f8-4248-aac3-50a024257eae" testListId="8c84fa94-04c1-424b-9868-57a2d4851a1d" />
    <TestEntry testId="6695bff2-3403-44aa-a465-960e712ca3a3" executionId="84304c50-bac7-46e0-bdd9-c387ccd81e07" testListId="8c84fa94-04c1-424b-9868-57a2d4851a1d" />
    <TestEntry testId="c252275a-5997-45ab-be4f-0482077eda8e" executionId="4e018db1-1108-4fad-b790-ad33bc59e125" testListId="8c84fa94-04c1-424b-9868-57a2d4851a1d" />
    <TestEntry testId="bb1743fc-b0b9-4431-ba47-c0ea111ff6f1" executionId="6e135924-c8cf-43eb-9216-2a1b838adc60" testListId="8c84fa94-04c1-424b-9868-57a2d4851a1d" />
    <TestEntry testId="93bf09c9-c742-48f5-8b08-8c5fe1b6bb81" executionId="093950e0-326c-4316-80b4-c3bb0f60acbd" testListId="8c84fa94-04c1-424b-9868-57a2d4851a1d" />
    <TestEntry testId="a5a48772-f373-4124-98ad-f1f8cdd659d0" executionId="09b33144-7cfd-4ea2-8729-dd2c25f1838b" testListId="8c84fa94-04c1-424b-9868-57a2d4851a1d" />
    <TestEntry testId="2f64b63c-f7f9-4a35-9566-fb683efcfb3c" executionId="1b392baa-f96e-432e-96d0-67885fe7702b" testListId="8c84fa94-04c1-424b-9868-57a2d4851a1d" />
    <TestEntry testId="d750ca63-6937-4631-9cb9-778004e9bdbe" executionId="d860d127-8403-4b4f-a99f-4224e08522a9" testListId="8c84fa94-04c1-424b-9868-57a2d4851a1d" />
  </TestEntries>
  <TestLists>
    <TestList name="Results Not in a List" id="8c84fa94-04c1-424b-9868-57a2d4851a1d" />
    <TestList name="All Loaded Results" id="19431567-8539-422a-85d7-44ee4e166bda" />
  </TestLists>
  <ResultSummary outcome="Completed">
    <Counters total="21" executed="21" passed="21" failed="0" error="0" timeout="0" aborted="0" inconclusive="0" passedButRunAborted="0" notRunnable="0" notExecuted="0" disconnected="0" warning="0" completed="0" inProgress="0" pending="0" />
  </ResultSummary>
</TestRun>